PLINK v2.00a4.6LM 64-bit Intel (29 Aug 2023)
Options in effect:
  --keep dlpfc_brnum
  --make-pgen
  --out dlpfc_gwas
  --pfile /dcs04/lieber/statsgen/shizhong/database/libd/genotype/postmortem/topmed/merge_H650_1M_2.5M_5M/EA_AA/all/plink/all_brnum_all

Hostname: compute-152.cm.cluster
Working directory: /dcs04/lieber/statsgen/shizhong/database/libd/genotype/postmortem/topmed/merge_H650_1M_2.5M_5M/EA_AA/all/pca_wgbs/dlpfc
Start time: Sat Mar  2 14:22:30 2024

Random number seed: 1709407350
386472 MiB RAM detected, ~261600 available; reserving 193236 MiB for main
workspace.
Using up to 2 compute threads.
2189 samples (0 females, 0 males, 2189 ambiguous; 2189 founders) loaded from
/dcs04/lieber/statsgen/shizhong/database/libd/genotype/postmortem/topmed/merge_H650_1M_2.5M_5M/EA_AA/all/plink/all_brnum_all.psam.
6857627 variants loaded from
/dcs04/lieber/statsgen/shizhong/database/libd/genotype/postmortem/topmed/merge_H650_1M_2.5M_5M/EA_AA/all/plink/all_brnum_all.pvar.
Note: No phenotype data present.
--keep: 164 samples remaining.
164 samples (0 females, 0 males, 164 ambiguous; 164 founders) remaining after
main filters.
Writing dlpfc_gwas.psam ... done.
Writing dlpfc_gwas.pvar ... done.
Writing dlpfc_gwas.pgen ... done.

End time: Sat Mar  2 14:26:56 2024
