PLINK v2.00a4.6LM 64-bit Intel (29 Aug 2023)
Options in effect:
  --extract snps.prune.in
  --out pca
  --pca 20
  --pfile dlpfc_gwas
  --remove related_samples.txt

Hostname: compute-103.cm.cluster
Working directory: /dcs04/lieber/statsgen/shizhong/database/libd/genotype/postmortem/topmed/merge_H650_1M_2.5M_5M/EA_AA/all/pca_wgbs/dlpfc
Start time: Sat Mar  2 18:02:08 2024

Random number seed: 1709420528
128474 MiB RAM detected, ~110017 available; reserving 64237 MiB for main
workspace.
Using up to 2 compute threads.
164 samples (0 females, 0 males, 164 ambiguous; 164 founders) loaded from
dlpfc_gwas.psam.
6857627 variants loaded from dlpfc_gwas.pvar.
Note: No phenotype data present.
--extract: 128473 variants remaining.
--remove: 163 samples remaining.
163 samples (0 females, 0 males, 163 ambiguous; 163 founders) remaining after
main filters.
Calculating allele frequencies... done.
128473 variants remaining after main filters.
Constructing GRM: done.
Correcting for missingness... done.
Extracting eigenvalues and eigenvectors... done.
--pca: Eigenvectors written to pca.eigenvec , and eigenvalues written to
pca.eigenval .

End time: Sat Mar  2 18:02:12 2024
