slurmstepd: error: Unable to create TMPDIR [/scratch/naglemi/job_32293851]: Permission denied
slurmstepd: error: Setting TMPDIR to /tmp
Fail to get yarn configuration. /home/naglemi/miniconda3/envs/mwas/lib/python3.11/site-packages/jupyterlab/staging/yarn.js:4
(()=>{var Qge=Object.create;var AS=Object.defineProperty;var bge=Object.getOwnPropertyDescriptor;var Sge=Object.getOwnPropertyNames;var vge=Object.getPrototypeOf,xge=Object.prototype.hasOwnProperty;var J=(r=>typeof require<"u"?require:typeof Proxy<"u"?new Proxy(r,{get:(e,t)=>(typeof require<"u"?require:e)[t]}):r)(function(r){if(typeof require<"u")return require.apply(this,arguments);throw new Error('Dynamic require of "'+r+'" is not supported')});var Pge=(r,e)=>()=>(r&&(e=r(r=0)),e);var w=(r,e)=>()=>(e||r((e={exports:{}}).exports,e),e.exports),ut=(r,e)=>{for(var t in e)AS(r,t,{get:e[t],enumerable:!0})},Dge=(r,e,t,i)=>{if(e&&typeof e=="object"||typeof e=="function")for(let n of Sge(e))!xge.call(r,n)&&n!==t&&AS(r,n,{get:()=>e[n],enumerable:!(i=bge(e,n))||i.enumerable});return r};var Pe=(r,e,t)=>(t=r!=null?Qge(vge(r)):{},Dge(e||!r||!r.__esModule?AS(t,"default",{value:r,enumerable:!0}):t,r));var QK=w((GXe,BK)=>{BK.expor

SyntaxError: Unexpected token {
    at createScript (vm.js:56:10)
    at Object.runInThisContext (vm.js:97:10)
    at Module._compile (module.js:549:28)
    at Object.Module._extensions..js (module.js:586:10)
    at Module.load (module.js:494:32)
    at tryModuleLoad (module.js:453:12)
    at Function.Module._load (module.js:445:3)
    at Module.runMain (module.js:611:10)
    at run (bootstrap_node.js:387:7)
    at startup (bootstrap_node.js:153:9)

[I 2024-07-15 11:33:21.799 ServerApp] Package jupyterlab took 0.0000s to import
[I 2024-07-15 11:33:21.854 ServerApp] Package jupyter_lsp took 0.0548s to import
[W 2024-07-15 11:33:21.854 ServerApp] A `_jupyter_server_extension_points` function was not found in jupyter_lsp. Instead, a `_jupyter_server_extension_paths` function was found and will be used for now. This function name will be deprecated in future releases of Jupyter Server.
[I 2024-07-15 11:33:21.878 ServerApp] Package jupyter_server_terminals took 0.0240s to import
[I 2024-07-15 11:33:21.879 ServerApp] Package notebook took 0.0000s to import
[I 2024-07-15 11:33:21.880 ServerApp] Package notebook_shim took 0.0000s to import
[W 2024-07-15 11:33:21.880 ServerApp] A `_jupyter_server_extension_points` function was not found in notebook_shim. Instead, a `_jupyter_server_extension_paths` function was found and will be used for now. This function name will be deprecated in future releases of Jupyter Server.
[I 2024-07-15 11:33:21.881 ServerApp] jupyter_lsp | extension was successfully linked.
[I 2024-07-15 11:33:21.886 ServerApp] jupyter_server_terminals | extension was successfully linked.
[I 2024-07-15 11:33:21.891 ServerApp] jupyterlab | extension was successfully linked.
[W 2024-07-15 11:33:21.894 JupyterNotebookApp] 'password' has moved from NotebookApp to ServerApp. This config will be passed to ServerApp. Be sure to update your config before our next release.
[W 2024-07-15 11:33:21.896 ServerApp] ServerApp.password config is deprecated in 2.0. Use PasswordIdentityProvider.hashed_password.
[I 2024-07-15 11:33:21.896 ServerApp] notebook | extension was successfully linked.
[I 2024-07-15 11:33:22.588 ServerApp] notebook_shim | extension was successfully linked.
[I 2024-07-15 11:33:22.616 ServerApp] notebook_shim | extension was successfully loaded.
[I 2024-07-15 11:33:22.618 ServerApp] jupyter_lsp | extension was successfully loaded.
[I 2024-07-15 11:33:22.619 ServerApp] jupyter_server_terminals | extension was successfully loaded.
[I 2024-07-15 11:33:22.741 LabApp] JupyterLab extension loaded from /home/naglemi/miniconda3/envs/mwas/lib/python3.11/site-packages/jupyterlab
[I 2024-07-15 11:33:22.741 LabApp] JupyterLab application directory is /home/naglemi/miniconda3/envs/mwas/share/jupyter/lab
[I 2024-07-15 11:33:22.742 LabApp] Extension Manager is 'pypi'.
[I 2024-07-15 11:33:22.743 ServerApp] jupyterlab | extension was successfully loaded.
[I 2024-07-15 11:33:22.747 ServerApp] notebook | extension was successfully loaded.
[I 2024-07-15 11:33:22.747 ServerApp] Serving notebooks from local directory: /expanse/lustre/projects/jhu152/naglemi/mwas/CpGWAS
[I 2024-07-15 11:33:22.747 ServerApp] Jupyter Server 2.10.0 is running at:
[I 2024-07-15 11:33:22.747 ServerApp] http://localhost:8888/lab
[I 2024-07-15 11:33:22.747 ServerApp]     http://127.0.0.1:8888/lab
[I 2024-07-15 11:33:22.747 ServerApp] Use Control-C to stop this server and shut down all kernels (twice to skip confirmation).
[?1049h[22;0;0t[1;24r(B[m[4l[?7h[?1h=[39;49m[39;49m[37m[40m[H[2J[37m[40m[J(B[m[39;49m[37m[40m[39;49m[37m[40m[J[39;49m(B[m[22d[93m[44mGetting file://localhost/home/naglemi/.local/share/jupyter/runtime/jpserver-563[K[39;49m(B[m

[24;1H[?1049l[23;0;0t[?1l>[I 2024-07-15 11:33:24.464 ServerApp] Skipped non-installed server(s): bash-language-server, dockerfile-language-server-nodejs, javascript-typescript-langserver, jedi-language-server, julia-language-server, pyright, python-language-server, python-lsp-server, r-languageserver, sql-language-server, texlab, typescript-language-server, unified-language-server, vscode-css-languageserver-bin, vscode-html-languageserver-bin, vscode-json-languageserver-bin, yaml-language-server
[I 2024-07-15 11:38:24.920 ServerApp] 302 GET / (@127.0.0.1) 0.32ms
0.00s - Debugger warning: It seems that frozen modules are being used, which may
0.00s - make the debugger miss breakpoints. Please pass -Xfrozen_modules=off
0.00s - to python to disable frozen modules.
0.00s - Note: Debugging will proceed. Set PYDEVD_DISABLE_FILE_VALIDATION=1 to disable this validation.
[W 2024-07-15 11:38:29.641 LabApp] Could not determine jupyterlab build status without nodejs
[W 2024-07-15 11:38:31.494 ServerApp] 404 GET /api/contents/CpGWAS/scripts/22_check_extreme_pvals.ipynb?content=0&1721068711445 (127.0.0.1): No such file or directory: CpGWAS/scripts/22_check_extreme_pvals.ipynb
[W 2024-07-15 11:38:31.494 ServerApp] wrote error: 'No such file or directory: CpGWAS/scripts/22_check_extreme_pvals.ipynb'
    Traceback (most recent call last):
      File "/home/naglemi/miniconda3/envs/mwas/lib/python3.11/site-packages/tornado/web.py", line 1786, in _execute
        result = await result
                 ^^^^^^^^^^^^
      File "/home/naglemi/miniconda3/envs/mwas/lib/python3.11/site-packages/jupyter_server/services/contents/handlers.py", line 121, in get
        model = await ensure_async(
                ^^^^^^^^^^^^^^^^^^^
      File "/home/naglemi/miniconda3/envs/mwas/lib/python3.11/site-packages/jupyter_core/utils/__init__.py", line 189, in ensure_async
        result = await obj
                 ^^^^^^^^^
      File "/home/naglemi/miniconda3/envs/mwas/lib/python3.11/site-packages/jupyter_server/services/contents/filemanager.py", line 863, in get
        raise web.HTTPError(404, "No such file or directory: %s" % path)
    tornado.web.HTTPError: HTTP 404: Not Found (No such file or directory: CpGWAS/scripts/22_check_extreme_pvals.ipynb)
[W 2024-07-15 11:38:31.511 ServerApp] 404 GET /api/contents/CpGWAS/scripts/22_check_extreme_pvals.ipynb?content=0&1721068711445 (4639c631d1e7412dad2db633b71303b2@127.0.0.1) 18.40ms referer=http://localhost:8892/lab?
[W 2024-07-15 11:38:31.512 ServerApp] 404 GET /api/contents/CpGWAS/scripts/20a7_re-all_new_data_except_cov_with_shizhongs_code.ipynb?content=0&1721068711446 (127.0.0.1): No such file or directory: CpGWAS/scripts/20a7_re-all_new_data_except_cov_with_shizhongs_code.ipynb
[W 2024-07-15 11:38:31.512 ServerApp] wrote error: 'No such file or directory: CpGWAS/scripts/20a7_re-all_new_data_except_cov_with_shizhongs_code.ipynb'
    Traceback (most recent call last):
      File "/home/naglemi/miniconda3/envs/mwas/lib/python3.11/site-packages/tornado/web.py", line 1786, in _execute
        result = await result
                 ^^^^^^^^^^^^
      File "/home/naglemi/miniconda3/envs/mwas/lib/python3.11/site-packages/jupyter_server/services/contents/handlers.py", line 121, in get
        model = await ensure_async(
                ^^^^^^^^^^^^^^^^^^^
      File "/home/naglemi/miniconda3/envs/mwas/lib/python3.11/site-packages/jupyter_core/utils/__init__.py", line 189, in ensure_async
        result = await obj
                 ^^^^^^^^^
      File "/home/naglemi/miniconda3/envs/mwas/lib/python3.11/site-packages/jupyter_server/services/contents/filemanager.py", line 863, in get
        raise web.HTTPError(404, "No such file or directory: %s" % path)
    tornado.web.HTTPError: HTTP 404: Not Found (No such file or directory: CpGWAS/scripts/20a7_re-all_new_data_except_cov_with_shizhongs_code.ipynb)
[W 2024-07-15 11:38:31.513 ServerApp] 404 GET /api/contents/CpGWAS/scripts/20a7_re-all_new_data_except_cov_with_shizhongs_code.ipynb?content=0&1721068711446 (4639c631d1e7412dad2db633b71303b2@127.0.0.1) 0.93ms referer=http://localhost:8892/lab?
[I 2024-07-15 11:38:31.747 ServerApp] New terminal with automatic name: 1
[W 2024-07-15 11:38:32.628 ServerApp] 404 GET /api/contents/CpGWAS/scripts?1721068712579 (127.0.0.1): No such file or directory: CpGWAS/scripts
[W 2024-07-15 11:38:32.628 ServerApp] wrote error: 'No such file or directory: CpGWAS/scripts'
    Traceback (most recent call last):
      File "/home/naglemi/miniconda3/envs/mwas/lib/python3.11/site-packages/tornado/web.py", line 1786, in _execute
        result = await result
                 ^^^^^^^^^^^^
      File "/home/naglemi/miniconda3/envs/mwas/lib/python3.11/site-packages/jupyter_server/services/contents/handlers.py", line 121, in get
        model = await ensure_async(
                ^^^^^^^^^^^^^^^^^^^
      File "/home/naglemi/miniconda3/envs/mwas/lib/python3.11/site-packages/jupyter_core/utils/__init__.py", line 189, in ensure_async
        result = await obj
                 ^^^^^^^^^
      File "/home/naglemi/miniconda3/envs/mwas/lib/python3.11/site-packages/jupyter_server/services/contents/filemanager.py", line 863, in get
        raise web.HTTPError(404, "No such file or directory: %s" % path)
    tornado.web.HTTPError: HTTP 404: Not Found (No such file or directory: CpGWAS/scripts)
[W 2024-07-15 11:38:32.628 ServerApp] 404 GET /api/contents/CpGWAS/scripts?1721068712579 (4639c631d1e7412dad2db633b71303b2@127.0.0.1) 1.21ms referer=http://localhost:8892/lab?
[I 2024-07-15 11:43:27.086 ServerApp] Kernel started: d92c7e85-d67f-4c87-803f-76e6327bd6b2
[I 2024-07-15 11:43:28.025 ServerApp] Connecting to kernel d92c7e85-d67f-4c87-803f-76e6327bd6b2.
[I 2024-07-15 11:43:28.225 ServerApp] Connecting to kernel d92c7e85-d67f-4c87-803f-76e6327bd6b2.
[I 2024-07-15 11:43:28.439 ServerApp] Connecting to kernel d92c7e85-d67f-4c87-803f-76e6327bd6b2.
[I 2024-07-15 11:44:06.924 ServerApp] Kernel restarted: d92c7e85-d67f-4c87-803f-76e6327bd6b2
[I 2024-07-15 11:44:06.998 ServerApp] Starting buffering for d92c7e85-d67f-4c87-803f-76e6327bd6b2:e697b8ad-26b8-4c3f-a07b-a5ad784ded2d
[I 2024-07-15 11:44:07.126 ServerApp] Connecting to kernel d92c7e85-d67f-4c87-803f-76e6327bd6b2.
[I 2024-07-15 11:44:07.126 ServerApp] Restoring connection for d92c7e85-d67f-4c87-803f-76e6327bd6b2:e697b8ad-26b8-4c3f-a07b-a5ad784ded2d
[I 2024-07-15 11:45:26.796 ServerApp] Saving file at /scripts/22_check_extreme_pvals.ipynb
[I 2024-07-15 11:47:27.383 ServerApp] Saving file at /scripts/22_check_extreme_pvals.ipynb
[I 2024-07-15 11:49:28.755 ServerApp] Saving file at /scripts/22_check_extreme_pvals.ipynb
[I 2024-07-15 11:51:29.353 ServerApp] Saving file at /scripts/22_check_extreme_pvals.ipynb
[I 2024-07-15 11:53:29.888 ServerApp] Saving file at /scripts/22_check_extreme_pvals.ipynb
Warning messages:
1: In .helpForCall(topicExpr, parent.frame()) :
  no method defined for function ‘$’ and signature ‘x = "NULL"’
2: In .helpForCall(topicExpr, parent.frame()) :
  no method defined for function ‘$’ and signature ‘x = "NULL"’
[I 2024-07-15 11:53:41.314 ServerApp] Kernel restarted: d92c7e85-d67f-4c87-803f-76e6327bd6b2
[I 2024-07-15 11:53:41.384 ServerApp] Starting buffering for d92c7e85-d67f-4c87-803f-76e6327bd6b2:e697b8ad-26b8-4c3f-a07b-a5ad784ded2d
[I 2024-07-15 11:53:41.518 ServerApp] Connecting to kernel d92c7e85-d67f-4c87-803f-76e6327bd6b2.
[I 2024-07-15 11:53:41.518 ServerApp] Restoring connection for d92c7e85-d67f-4c87-803f-76e6327bd6b2:e697b8ad-26b8-4c3f-a07b-a5ad784ded2d
[I 2024-07-15 11:54:53.304 ServerApp] Kernel restarted: d92c7e85-d67f-4c87-803f-76e6327bd6b2
[I 2024-07-15 11:54:53.376 ServerApp] Starting buffering for d92c7e85-d67f-4c87-803f-76e6327bd6b2:e697b8ad-26b8-4c3f-a07b-a5ad784ded2d
[I 2024-07-15 11:54:53.510 ServerApp] Connecting to kernel d92c7e85-d67f-4c87-803f-76e6327bd6b2.
[I 2024-07-15 11:54:53.510 ServerApp] Restoring connection for d92c7e85-d67f-4c87-803f-76e6327bd6b2:e697b8ad-26b8-4c3f-a07b-a5ad784ded2d
[E 2024-07-15 11:55:06.403 LabApp] Fail to get yarn configuration. /home/naglemi/miniconda3/envs/mwas/lib/python3.11/site-packages/jupyterlab/staging/yarn.js:4
    (()=>{var Qge=Object.create;var AS=Object.defineProperty;var bge=Object.getOwnPropertyDescriptor;var Sge=Object.getOwnPropertyNames;var vge=Object.getPrototypeOf,xge=Object.prototype.hasOwnProperty;var J=(r=>typeof require<"u"?require:typeof Proxy<"u"?new Proxy(r,{get:(e,t)=>(typeof require<"u"?require:e)[t]}):r)(function(r){if(typeof require<"u")return require.apply(this,arguments);throw new Error('Dynamic require of "'+r+'" is not supported')});var Pge=(r,e)=>()=>(r&&(e=r(r=0)),e);var w=(r,e)=>()=>(e||r((e={exports:{}}).exports,e),e.exports),ut=(r,e)=>{for(var t in e)AS(r,t,{get:e[t],enumerable:!0})},Dge=(r,e,t,i)=>{if(e&&typeof e=="object"||typeof e=="function")for(let n of Sge(e))!xge.call(r,n)&&n!==t&&AS(r,n,{get:()=>e[n],enumerable:!(i=bge(e,n))||i.enumerable});return r};var Pe=(r,e,t)=>(t=r!=null?Qge(vge(r)):{},Dge(e||!r||!r.__esModule?AS(t,"default",{value:r,enumerable:!0}):t,r));var QK=w((GXe,BK)=>{BK.expor
    
    SyntaxError: Unexpected token {
        at createScript (vm.js:56:10)
        at Object.runInThisContext (vm.js:97:10)
        at Module._compile (module.js:549:28)
        at Object.Module._extensions..js (module.js:586:10)
        at Module.load (module.js:494:32)
        at tryModuleLoad (module.js:453:12)
        at Function.Module._load (module.js:445:3)
        at Module.runMain (module.js:611:10)
        at run (bootstrap_node.js:387:7)
        at startup (bootstrap_node.js:153:9)
    
[I 2024-07-15 11:55:36.459 ServerApp] Saving file at /scripts/22_check_extreme_pvals.ipynb
[I 2024-07-15 11:58:13.916 ServerApp] Starting buffering for d92c7e85-d67f-4c87-803f-76e6327bd6b2:e697b8ad-26b8-4c3f-a07b-a5ad784ded2d
[W 2024-07-15 11:58:15.952 LabApp] Could not determine jupyterlab build status without nodejs
[I 2024-07-15 11:58:15.999 ServerApp] Connecting to kernel d92c7e85-d67f-4c87-803f-76e6327bd6b2.
[I 2024-07-15 11:58:16.310 ServerApp] Starting buffering for d92c7e85-d67f-4c87-803f-76e6327bd6b2:5e95d4c8-834b-442d-8b5e-4248eb7301ef
[I 2024-07-15 11:58:16.808 ServerApp] Connecting to kernel d92c7e85-d67f-4c87-803f-76e6327bd6b2.
[I 2024-07-15 12:04:10.894 ServerApp] Kernel restarted: d92c7e85-d67f-4c87-803f-76e6327bd6b2
[I 2024-07-15 12:04:10.968 ServerApp] Starting buffering for d92c7e85-d67f-4c87-803f-76e6327bd6b2:ef4a428f-77cd-4276-b3b8-4ffe4c617171
[I 2024-07-15 12:04:11.096 ServerApp] Connecting to kernel d92c7e85-d67f-4c87-803f-76e6327bd6b2.
[I 2024-07-15 12:04:11.096 ServerApp] Restoring connection for d92c7e85-d67f-4c87-803f-76e6327bd6b2:ef4a428f-77cd-4276-b3b8-4ffe4c617171
[I 2024-07-15 12:04:16.490 ServerApp] Saving file at /scripts/22_check_extreme_pvals.ipynb
[I 2024-07-15 12:05:02.329 ServerApp] Kernel restarted: d92c7e85-d67f-4c87-803f-76e6327bd6b2
[I 2024-07-15 12:05:02.403 ServerApp] Starting buffering for d92c7e85-d67f-4c87-803f-76e6327bd6b2:ef4a428f-77cd-4276-b3b8-4ffe4c617171
[I 2024-07-15 12:05:02.531 ServerApp] Connecting to kernel d92c7e85-d67f-4c87-803f-76e6327bd6b2.
[I 2024-07-15 12:05:02.531 ServerApp] Restoring connection for d92c7e85-d67f-4c87-803f-76e6327bd6b2:ef4a428f-77cd-4276-b3b8-4ffe4c617171
[I 2024-07-15 12:06:17.456 ServerApp] Saving file at /scripts/22_check_extreme_pvals.ipynb
[I 2024-07-15 12:08:17.838 ServerApp] Saving file at /scripts/22_check_extreme_pvals.ipynb
[I 2024-07-15 12:08:45.515 ServerApp] Kernel restarted: d92c7e85-d67f-4c87-803f-76e6327bd6b2
[I 2024-07-15 12:08:45.590 ServerApp] Starting buffering for d92c7e85-d67f-4c87-803f-76e6327bd6b2:ef4a428f-77cd-4276-b3b8-4ffe4c617171
[I 2024-07-15 12:08:45.721 ServerApp] Connecting to kernel d92c7e85-d67f-4c87-803f-76e6327bd6b2.
[I 2024-07-15 12:08:45.721 ServerApp] Restoring connection for d92c7e85-d67f-4c87-803f-76e6327bd6b2:ef4a428f-77cd-4276-b3b8-4ffe4c617171
[I 2024-07-15 12:10:18.233 ServerApp] Saving file at /scripts/22_check_extreme_pvals.ipynb
[I 2024-07-15 12:12:18.935 ServerApp] Saving file at /scripts/22_check_extreme_pvals.ipynb
[I 2024-07-15 12:12:47.930 ServerApp] Kernel restarted: d92c7e85-d67f-4c87-803f-76e6327bd6b2
[I 2024-07-15 12:12:48.004 ServerApp] Starting buffering for d92c7e85-d67f-4c87-803f-76e6327bd6b2:ef4a428f-77cd-4276-b3b8-4ffe4c617171
[I 2024-07-15 12:12:48.137 ServerApp] Connecting to kernel d92c7e85-d67f-4c87-803f-76e6327bd6b2.
[I 2024-07-15 12:12:48.138 ServerApp] Restoring connection for d92c7e85-d67f-4c87-803f-76e6327bd6b2:ef4a428f-77cd-4276-b3b8-4ffe4c617171
[I 2024-07-15 12:13:51.773 ServerApp] Kernel restarted: d92c7e85-d67f-4c87-803f-76e6327bd6b2
[I 2024-07-15 12:13:51.846 ServerApp] Starting buffering for d92c7e85-d67f-4c87-803f-76e6327bd6b2:ef4a428f-77cd-4276-b3b8-4ffe4c617171
[I 2024-07-15 12:13:51.978 ServerApp] Connecting to kernel d92c7e85-d67f-4c87-803f-76e6327bd6b2.
[I 2024-07-15 12:13:51.978 ServerApp] Restoring connection for d92c7e85-d67f-4c87-803f-76e6327bd6b2:ef4a428f-77cd-4276-b3b8-4ffe4c617171
[I 2024-07-15 12:14:19.596 ServerApp] Saving file at /scripts/22_check_extreme_pvals.ipynb
[I 2024-07-15 12:16:20.042 ServerApp] Saving file at /scripts/22_check_extreme_pvals.ipynb
[I 2024-07-15 12:18:20.582 ServerApp] Saving file at /scripts/22_check_extreme_pvals.ipynb
[I 2024-07-15 12:18:37.319 ServerApp] Kernel restarted: d92c7e85-d67f-4c87-803f-76e6327bd6b2
[I 2024-07-15 12:18:37.396 ServerApp] Starting buffering for d92c7e85-d67f-4c87-803f-76e6327bd6b2:ef4a428f-77cd-4276-b3b8-4ffe4c617171
[I 2024-07-15 12:18:37.533 ServerApp] Connecting to kernel d92c7e85-d67f-4c87-803f-76e6327bd6b2.
[I 2024-07-15 12:18:37.534 ServerApp] Restoring connection for d92c7e85-d67f-4c87-803f-76e6327bd6b2:ef4a428f-77cd-4276-b3b8-4ffe4c617171
[I 2024-07-15 12:19:34.267 ServerApp] Kernel restarted: d92c7e85-d67f-4c87-803f-76e6327bd6b2
[I 2024-07-15 12:19:34.342 ServerApp] Starting buffering for d92c7e85-d67f-4c87-803f-76e6327bd6b2:ef4a428f-77cd-4276-b3b8-4ffe4c617171
[I 2024-07-15 12:19:34.474 ServerApp] Connecting to kernel d92c7e85-d67f-4c87-803f-76e6327bd6b2.
[I 2024-07-15 12:19:34.474 ServerApp] Restoring connection for d92c7e85-d67f-4c87-803f-76e6327bd6b2:ef4a428f-77cd-4276-b3b8-4ffe4c617171
[I 2024-07-15 12:19:58.084 ServerApp] Kernel restarted: d92c7e85-d67f-4c87-803f-76e6327bd6b2
[I 2024-07-15 12:19:58.162 ServerApp] Starting buffering for d92c7e85-d67f-4c87-803f-76e6327bd6b2:ef4a428f-77cd-4276-b3b8-4ffe4c617171
[I 2024-07-15 12:19:58.295 ServerApp] Connecting to kernel d92c7e85-d67f-4c87-803f-76e6327bd6b2.
[I 2024-07-15 12:19:58.295 ServerApp] Restoring connection for d92c7e85-d67f-4c87-803f-76e6327bd6b2:ef4a428f-77cd-4276-b3b8-4ffe4c617171
[I 2024-07-15 12:20:21.052 ServerApp] Saving file at /scripts/22_check_extreme_pvals.ipynb
[W 2024-07-15 12:20:46.930 ServerApp] 404 GET /api/contents/scripts/22_check_extreme_pvals_a23.ipynb?1721071246874 (127.0.0.1): No such file or directory: scripts/22_check_extreme_pvals_a23.ipynb
[W 2024-07-15 12:20:46.930 ServerApp] wrote error: 'No such file or directory: scripts/22_check_extreme_pvals_a23.ipynb'
    Traceback (most recent call last):
      File "/home/naglemi/miniconda3/envs/mwas/lib/python3.11/site-packages/tornado/web.py", line 1786, in _execute
        result = await result
                 ^^^^^^^^^^^^
      File "/home/naglemi/miniconda3/envs/mwas/lib/python3.11/site-packages/jupyter_server/services/contents/handlers.py", line 121, in get
        model = await ensure_async(
                ^^^^^^^^^^^^^^^^^^^
      File "/home/naglemi/miniconda3/envs/mwas/lib/python3.11/site-packages/jupyter_core/utils/__init__.py", line 189, in ensure_async
        result = await obj
                 ^^^^^^^^^
      File "/home/naglemi/miniconda3/envs/mwas/lib/python3.11/site-packages/jupyter_server/services/contents/filemanager.py", line 863, in get
        raise web.HTTPError(404, "No such file or directory: %s" % path)
    tornado.web.HTTPError: HTTP 404: Not Found (No such file or directory: scripts/22_check_extreme_pvals_a23.ipynb)
[W 2024-07-15 12:20:46.931 ServerApp] 404 GET /api/contents/scripts/22_check_extreme_pvals_a23.ipynb?1721071246874 (4639c631d1e7412dad2db633b71303b2@127.0.0.1) 2.05ms referer=http://localhost:8892/lab/tree/scripts
[I 2024-07-15 12:20:47.004 ServerApp] Uploading file to /scripts/22_check_extreme_pvals_a23.ipynb
[I 2024-07-15 12:20:48.053 ServerApp] Kernel started: 65faac04-d725-4dde-9069-12948ca09217
[I 2024-07-15 12:20:48.609 ServerApp] Connecting to kernel 65faac04-d725-4dde-9069-12948ca09217.
[I 2024-07-15 12:20:49.959 ServerApp] Saving file at /scripts/22_check_extreme_pvals.ipynb
[I 2024-07-15 12:20:50.446 ServerApp] Starting buffering for d92c7e85-d67f-4c87-803f-76e6327bd6b2:ef4a428f-77cd-4276-b3b8-4ffe4c617171
[I 2024-07-15 12:21:46.284 ServerApp] Kernel restarted: 65faac04-d725-4dde-9069-12948ca09217
[I 2024-07-15 12:21:46.361 ServerApp] Starting buffering for 65faac04-d725-4dde-9069-12948ca09217:1e1d584a-fa11-41ea-ab8e-af5ecfb65128
[I 2024-07-15 12:21:46.496 ServerApp] Connecting to kernel 65faac04-d725-4dde-9069-12948ca09217.
[I 2024-07-15 12:21:46.496 ServerApp] Restoring connection for 65faac04-d725-4dde-9069-12948ca09217:1e1d584a-fa11-41ea-ab8e-af5ecfb65128
[I 2024-07-15 12:22:36.462 ServerApp] Kernel restarted: 65faac04-d725-4dde-9069-12948ca09217
[I 2024-07-15 12:22:36.578 ServerApp] Starting buffering for 65faac04-d725-4dde-9069-12948ca09217:1e1d584a-fa11-41ea-ab8e-af5ecfb65128
[I 2024-07-15 12:22:36.648 ServerApp] Connecting to kernel 65faac04-d725-4dde-9069-12948ca09217.
[I 2024-07-15 12:22:36.648 ServerApp] Restoring connection for 65faac04-d725-4dde-9069-12948ca09217:1e1d584a-fa11-41ea-ab8e-af5ecfb65128
[I 2024-07-15 12:22:45.348 ServerApp] Kernel restarted: 65faac04-d725-4dde-9069-12948ca09217
[I 2024-07-15 12:22:45.424 ServerApp] Starting buffering for 65faac04-d725-4dde-9069-12948ca09217:1e1d584a-fa11-41ea-ab8e-af5ecfb65128
[I 2024-07-15 12:22:45.557 ServerApp] Connecting to kernel 65faac04-d725-4dde-9069-12948ca09217.
[I 2024-07-15 12:22:45.557 ServerApp] Restoring connection for 65faac04-d725-4dde-9069-12948ca09217:1e1d584a-fa11-41ea-ab8e-af5ecfb65128
[I 2024-07-15 12:22:47.882 ServerApp] Saving file at /scripts/22_check_extreme_pvals_a23.ipynb
[I 2024-07-15 12:24:48.322 ServerApp] Saving file at /scripts/22_check_extreme_pvals_a23.ipynb
[I 2024-07-15 12:28:48.653 ServerApp] Saving file at /scripts/22_check_extreme_pvals_a23.ipynb
[I 2024-07-15 12:30:49.060 ServerApp] Saving file at /scripts/22_check_extreme_pvals_a23.ipynb
[I 2024-07-15 12:32:49.480 ServerApp] Saving file at /scripts/22_check_extreme_pvals_a23.ipynb
[I 2024-07-15 12:34:49.872 ServerApp] Saving file at /scripts/22_check_extreme_pvals_a23.ipynb
[I 2024-07-15 12:36:50.465 ServerApp] Saving file at /scripts/22_check_extreme_pvals_a23.ipynb
[I 2024-07-15 12:38:50.819 ServerApp] Saving file at /scripts/22_check_extreme_pvals_a23.ipynb
[I 2024-07-15 12:39:51.293 ServerApp] Kernel restarted: 65faac04-d725-4dde-9069-12948ca09217
[I 2024-07-15 12:39:51.381 ServerApp] Starting buffering for 65faac04-d725-4dde-9069-12948ca09217:1e1d584a-fa11-41ea-ab8e-af5ecfb65128
[I 2024-07-15 12:39:51.512 ServerApp] Connecting to kernel 65faac04-d725-4dde-9069-12948ca09217.
[I 2024-07-15 12:39:51.513 ServerApp] Restoring connection for 65faac04-d725-4dde-9069-12948ca09217:1e1d584a-fa11-41ea-ab8e-af5ecfb65128
[I 2024-07-15 12:40:51.454 ServerApp] Saving file at /scripts/22_check_extreme_pvals_a23.ipynb
[I 2024-07-15 12:41:23.312 ServerApp] Kernel restarted: 65faac04-d725-4dde-9069-12948ca09217
[I 2024-07-15 12:41:23.389 ServerApp] Starting buffering for 65faac04-d725-4dde-9069-12948ca09217:1e1d584a-fa11-41ea-ab8e-af5ecfb65128
[I 2024-07-15 12:41:23.534 ServerApp] Connecting to kernel 65faac04-d725-4dde-9069-12948ca09217.
[I 2024-07-15 12:41:23.534 ServerApp] Restoring connection for 65faac04-d725-4dde-9069-12948ca09217:1e1d584a-fa11-41ea-ab8e-af5ecfb65128
[I 2024-07-15 12:41:34.816 ServerApp] Kernel restarted: 65faac04-d725-4dde-9069-12948ca09217
[I 2024-07-15 12:41:34.893 ServerApp] Starting buffering for 65faac04-d725-4dde-9069-12948ca09217:1e1d584a-fa11-41ea-ab8e-af5ecfb65128
[I 2024-07-15 12:41:35.027 ServerApp] Connecting to kernel 65faac04-d725-4dde-9069-12948ca09217.
[I 2024-07-15 12:41:35.027 ServerApp] Restoring connection for 65faac04-d725-4dde-9069-12948ca09217:1e1d584a-fa11-41ea-ab8e-af5ecfb65128
[I 2024-07-15 12:42:23.183 ServerApp] Kernel restarted: 65faac04-d725-4dde-9069-12948ca09217
[I 2024-07-15 12:42:23.258 ServerApp] Starting buffering for 65faac04-d725-4dde-9069-12948ca09217:1e1d584a-fa11-41ea-ab8e-af5ecfb65128
[I 2024-07-15 12:42:23.390 ServerApp] Connecting to kernel 65faac04-d725-4dde-9069-12948ca09217.
[I 2024-07-15 12:42:23.390 ServerApp] Restoring connection for 65faac04-d725-4dde-9069-12948ca09217:1e1d584a-fa11-41ea-ab8e-af5ecfb65128
[I 2024-07-15 12:42:51.827 ServerApp] Saving file at /scripts/22_check_extreme_pvals_a23.ipynb
[I 2024-07-15 12:43:25.076 ServerApp] Kernel restarted: 65faac04-d725-4dde-9069-12948ca09217
[I 2024-07-15 12:43:25.150 ServerApp] Starting buffering for 65faac04-d725-4dde-9069-12948ca09217:1e1d584a-fa11-41ea-ab8e-af5ecfb65128
[I 2024-07-15 12:43:25.285 ServerApp] Connecting to kernel 65faac04-d725-4dde-9069-12948ca09217.
[I 2024-07-15 12:43:25.285 ServerApp] Restoring connection for 65faac04-d725-4dde-9069-12948ca09217:1e1d584a-fa11-41ea-ab8e-af5ecfb65128
[I 2024-07-15 12:44:52.341 ServerApp] Saving file at /scripts/22_check_extreme_pvals_a23.ipynb
[I 2024-07-15 12:50:22.578 ServerApp] Saving file at /scripts/22_check_extreme_pvals_a23.ipynb
[I 2024-07-15 12:52:22.917 ServerApp] Saving file at /scripts/22_check_extreme_pvals_a23.ipynb
[I 2024-07-15 12:54:23.316 ServerApp] Saving file at /scripts/22_check_extreme_pvals_a23.ipynb
Warning messages:
1: In .helpForCall(topicExpr, parent.frame()) :
  no method defined for function ‘$’ and signature ‘x = "data.table"’
2: In .helpForCall(topicExpr, parent.frame()) :
  no method defined for function ‘$’ and signature ‘x = "data.table"’
[I 2024-07-15 12:55:37.969 ServerApp] Kernel restarted: 65faac04-d725-4dde-9069-12948ca09217
[I 2024-07-15 12:55:38.043 ServerApp] Starting buffering for 65faac04-d725-4dde-9069-12948ca09217:1e1d584a-fa11-41ea-ab8e-af5ecfb65128
[I 2024-07-15 12:55:38.180 ServerApp] Connecting to kernel 65faac04-d725-4dde-9069-12948ca09217.
[I 2024-07-15 12:55:38.180 ServerApp] Restoring connection for 65faac04-d725-4dde-9069-12948ca09217:1e1d584a-fa11-41ea-ab8e-af5ecfb65128
[I 2024-07-15 12:56:23.694 ServerApp] Saving file at /scripts/22_check_extreme_pvals_a23.ipynb
[I 2024-07-15 13:19:42.172 ServerApp] Kernel started: 9ce16d76-b3a3-400b-b052-94bf3685c94e
[I 2024-07-15 13:19:42.810 ServerApp] Connecting to kernel 9ce16d76-b3a3-400b-b052-94bf3685c94e.
[I 2024-07-15 13:20:24.508 ServerApp] Saving file at /scripts/22_check_extreme_pvals_a23.ipynb
[I 2024-07-15 13:22:25.286 ServerApp] Saving file at /scripts/22_check_extreme_pvals_a23.ipynb
[I 2024-07-15 13:23:41.845 ServerApp] Saving file at /scripts/20a7_re-all_new_data_except_cov_with_shizhongs_code.ipynb
[I 2024-07-15 13:24:25.747 ServerApp] Saving file at /scripts/22_check_extreme_pvals_a23.ipynb
[I 2024-07-15 13:28:26.183 ServerApp] Saving file at /scripts/22_check_extreme_pvals_a23.ipynb
[I 2024-07-15 13:30:27.001 ServerApp] Saving file at /scripts/22_check_extreme_pvals_a23.ipynb
[I 2024-07-15 13:32:27.401 ServerApp] Saving file at /scripts/22_check_extreme_pvals_a23.ipynb
[I 2024-07-15 13:34:27.871 ServerApp] Saving file at /scripts/22_check_extreme_pvals_a23.ipynb
[I 2024-07-15 13:36:50.157 ServerApp] Saving file at /scripts/22_check_extreme_pvals_a23.ipynb
Warning message:
In .helpForCall(topicExpr, parent.frame()) :
  no method defined for function ‘$’ and signature ‘x = "list"’
[I 2024-07-15 13:37:34.592 ServerApp] Kernel restarted: 65faac04-d725-4dde-9069-12948ca09217
[I 2024-07-15 13:37:34.732 ServerApp] Starting buffering for 65faac04-d725-4dde-9069-12948ca09217:1e1d584a-fa11-41ea-ab8e-af5ecfb65128
[I 2024-07-15 13:37:34.862 ServerApp] Connecting to kernel 65faac04-d725-4dde-9069-12948ca09217.
[I 2024-07-15 13:37:34.862 ServerApp] Restoring connection for 65faac04-d725-4dde-9069-12948ca09217:1e1d584a-fa11-41ea-ab8e-af5ecfb65128
[I 2024-07-15 13:38:50.722 ServerApp] Saving file at /scripts/22_check_extreme_pvals_a23.ipynb
[I 2024-07-15 13:40:53.243 ServerApp] Saving file at /scripts/22_check_extreme_pvals_a23.ipynb
[I 2024-07-15 13:42:12.864 ServerApp] Starting buffering for 9ce16d76-b3a3-400b-b052-94bf3685c94e:94aee348-a399-47b2-aa4b-3bb970dc92a0
[I 2024-07-15 13:43:39.793 ServerApp] Saving file at /scripts/22_check_extreme_pvals_a23.ipynb
[I 2024-07-15 13:45:40.338 ServerApp] Saving file at /scripts/22_check_extreme_pvals_a23.ipynb
[I 2024-07-15 13:47:41.458 ServerApp] Saving file at /scripts/22_check_extreme_pvals_a23.ipynb
[I 2024-07-15 13:51:41.791 ServerApp] Saving file at /scripts/22_check_extreme_pvals_a23.ipynb
[I 2024-07-15 13:53:42.259 ServerApp] Saving file at /scripts/22_check_extreme_pvals_a23.ipynb
[I 2024-07-15 13:55:42.780 ServerApp] Saving file at /scripts/22_check_extreme_pvals_a23.ipynb
[I 2024-07-15 13:57:44.073 ServerApp] Saving file at /scripts/22_check_extreme_pvals_a23.ipynb
[I 2024-07-15 13:59:44.739 ServerApp] Saving file at /scripts/22_check_extreme_pvals_a23.ipynb
[I 2024-07-15 14:01:45.164 ServerApp] Saving file at /scripts/22_check_extreme_pvals_a23.ipynb
[I 2024-07-15 14:03:45.712 ServerApp] Saving file at /scripts/22_check_extreme_pvals_a23.ipynb
[I 2024-07-15 14:05:46.219 ServerApp] Saving file at /scripts/22_check_extreme_pvals_a23.ipynb
[I 2024-07-15 14:07:46.919 ServerApp] Saving file at /scripts/22_check_extreme_pvals_a23.ipynb
[I 2024-07-15 14:09:47.571 ServerApp] Saving file at /scripts/22_check_extreme_pvals_a23.ipynb
[I 2024-07-15 14:11:47.993 ServerApp] Saving file at /scripts/22_check_extreme_pvals_a23.ipynb
[I 2024-07-15 14:13:48.826 ServerApp] Saving file at /scripts/22_check_extreme_pvals_a23.ipynb
[I 2024-07-15 14:15:49.215 ServerApp] Saving file at /scripts/22_check_extreme_pvals_a23.ipynb
[I 2024-07-15 14:19:07.775 ServerApp] Connecting to kernel 9ce16d76-b3a3-400b-b052-94bf3685c94e.
[I 2024-07-15 14:20:13.142 ServerApp] Copying scripts/20a6_re-all_new_data_with_shizhongs_code.ipynb to /scripts
[I 2024-07-15 14:20:40.029 ServerApp] Kernel started: 7dbf68c4-aff3-4950-b6c3-68746aa4a451
[I 2024-07-15 14:20:40.665 ServerApp] Connecting to kernel 7dbf68c4-aff3-4950-b6c3-68746aa4a451.
[I 2024-07-15 14:20:50.266 ServerApp] Kernel restarted: 7dbf68c4-aff3-4950-b6c3-68746aa4a451
[I 2024-07-15 14:20:50.438 ServerApp] Starting buffering for 7dbf68c4-aff3-4950-b6c3-68746aa4a451:36e60a63-9de9-4a00-bb82-dc776dd83747
[I 2024-07-15 14:20:50.573 ServerApp] Connecting to kernel 7dbf68c4-aff3-4950-b6c3-68746aa4a451.
[I 2024-07-15 14:20:50.573 ServerApp] Restoring connection for 7dbf68c4-aff3-4950-b6c3-68746aa4a451:36e60a63-9de9-4a00-bb82-dc776dd83747
[I 2024-07-15 14:22:10.752 ServerApp] Kernel restarted: 7dbf68c4-aff3-4950-b6c3-68746aa4a451
[I 2024-07-15 14:22:10.821 ServerApp] Starting buffering for 7dbf68c4-aff3-4950-b6c3-68746aa4a451:36e60a63-9de9-4a00-bb82-dc776dd83747
[I 2024-07-15 14:22:10.954 ServerApp] Connecting to kernel 7dbf68c4-aff3-4950-b6c3-68746aa4a451.
[I 2024-07-15 14:22:10.954 ServerApp] Restoring connection for 7dbf68c4-aff3-4950-b6c3-68746aa4a451:36e60a63-9de9-4a00-bb82-dc776dd83747
[I 2024-07-15 14:22:13.320 ServerApp] Kernel restarted: 7dbf68c4-aff3-4950-b6c3-68746aa4a451
[I 2024-07-15 14:22:13.475 ServerApp] Starting buffering for 7dbf68c4-aff3-4950-b6c3-68746aa4a451:36e60a63-9de9-4a00-bb82-dc776dd83747
[I 2024-07-15 14:22:13.610 ServerApp] Connecting to kernel 7dbf68c4-aff3-4950-b6c3-68746aa4a451.
[I 2024-07-15 14:22:13.610 ServerApp] Restoring connection for 7dbf68c4-aff3-4950-b6c3-68746aa4a451:36e60a63-9de9-4a00-bb82-dc776dd83747
[I 2024-07-15 14:22:48.406 ServerApp] Saving file at /scripts/20a8_re-all_new_data_with_shizhongs_code-chr1.ipynb
[I 2024-07-15 14:25:59.405 ServerApp] Saving file at /scripts/20a8_re-all_new_data_with_shizhongs_code-chr1.ipynb
[I 2024-07-15 14:26:45.027 ServerApp] Starting buffering for 65faac04-d725-4dde-9069-12948ca09217:1e1d584a-fa11-41ea-ab8e-af5ecfb65128
[I 2024-07-15 14:26:47.324 ServerApp] Kernel restarted: 7dbf68c4-aff3-4950-b6c3-68746aa4a451
[I 2024-07-15 14:26:47.462 ServerApp] Starting buffering for 7dbf68c4-aff3-4950-b6c3-68746aa4a451:36e60a63-9de9-4a00-bb82-dc776dd83747
[I 2024-07-15 14:26:47.598 ServerApp] Connecting to kernel 7dbf68c4-aff3-4950-b6c3-68746aa4a451.
[I 2024-07-15 14:26:47.598 ServerApp] Restoring connection for 7dbf68c4-aff3-4950-b6c3-68746aa4a451:36e60a63-9de9-4a00-bb82-dc776dd83747
[I 2024-07-15 14:28:00.146 ServerApp] Saving file at /scripts/20a8_re-all_new_data_with_shizhongs_code-chr1.ipynb
[I 2024-07-15 14:30:00.671 ServerApp] Saving file at /scripts/20a8_re-all_new_data_with_shizhongs_code-chr1.ipynb
[I 2024-07-15 14:31:37.859 ServerApp] Kernel restarted: 7dbf68c4-aff3-4950-b6c3-68746aa4a451
[I 2024-07-15 14:31:37.931 ServerApp] Starting buffering for 7dbf68c4-aff3-4950-b6c3-68746aa4a451:36e60a63-9de9-4a00-bb82-dc776dd83747
[I 2024-07-15 14:31:38.067 ServerApp] Connecting to kernel 7dbf68c4-aff3-4950-b6c3-68746aa4a451.
[I 2024-07-15 14:31:38.067 ServerApp] Restoring connection for 7dbf68c4-aff3-4950-b6c3-68746aa4a451:36e60a63-9de9-4a00-bb82-dc776dd83747
[I 2024-07-15 14:32:01.457 ServerApp] Saving file at /scripts/20a8_re-all_new_data_with_shizhongs_code-chr1.ipynb
[I 2024-07-15 14:34:02.454 ServerApp] Saving file at /scripts/20a8_re-all_new_data_with_shizhongs_code-chr1.ipynb
[I 2024-07-15 14:36:02.915 ServerApp] Saving file at /scripts/20a8_re-all_new_data_with_shizhongs_code-chr1.ipynb
[I 2024-07-15 14:37:08.425 ServerApp] Kernel restarted: 7dbf68c4-aff3-4950-b6c3-68746aa4a451
[I 2024-07-15 14:37:08.535 ServerApp] Starting buffering for 7dbf68c4-aff3-4950-b6c3-68746aa4a451:36e60a63-9de9-4a00-bb82-dc776dd83747
[I 2024-07-15 14:37:08.665 ServerApp] Connecting to kernel 7dbf68c4-aff3-4950-b6c3-68746aa4a451.
[I 2024-07-15 14:37:08.665 ServerApp] Restoring connection for 7dbf68c4-aff3-4950-b6c3-68746aa4a451:36e60a63-9de9-4a00-bb82-dc776dd83747
[I 2024-07-15 14:38:05.600 ServerApp] Saving file at /scripts/20a8_re-all_new_data_with_shizhongs_code-chr1.ipynb
[I 2024-07-15 14:39:51.316 ServerApp] Connecting to kernel 65faac04-d725-4dde-9069-12948ca09217.
[I 2024-07-15 14:40:06.087 ServerApp] Saving file at /scripts/20a8_re-all_new_data_with_shizhongs_code-chr1.ipynb
[I 2024-07-15 14:41:50.958 ServerApp] Saving file at /scripts/22_check_extreme_pvals_a23.ipynb
[I 2024-07-15 14:42:06.811 ServerApp] Saving file at /scripts/20a8_re-all_new_data_with_shizhongs_code-chr1.ipynb
[I 2024-07-15 14:44:07.230 ServerApp] Saving file at /scripts/20a8_re-all_new_data_with_shizhongs_code-chr1.ipynb
[I 2024-07-15 14:46:07.856 ServerApp] Saving file at /scripts/20a8_re-all_new_data_with_shizhongs_code-chr1.ipynb
[I 2024-07-15 14:48:08.451 ServerApp] Saving file at /scripts/20a8_re-all_new_data_with_shizhongs_code-chr1.ipynb
[I 2024-07-15 14:50:17.539 ServerApp] Saving file at /scripts/20a8_re-all_new_data_with_shizhongs_code-chr1.ipynb
[I 2024-07-15 14:52:07.581 ServerApp] Kernel restarted: 7dbf68c4-aff3-4950-b6c3-68746aa4a451
[I 2024-07-15 14:52:07.675 ServerApp] Starting buffering for 7dbf68c4-aff3-4950-b6c3-68746aa4a451:36e60a63-9de9-4a00-bb82-dc776dd83747
[I 2024-07-15 14:52:07.807 ServerApp] Connecting to kernel 7dbf68c4-aff3-4950-b6c3-68746aa4a451.
[I 2024-07-15 14:52:07.807 ServerApp] Restoring connection for 7dbf68c4-aff3-4950-b6c3-68746aa4a451:36e60a63-9de9-4a00-bb82-dc776dd83747
[I 2024-07-15 14:52:18.224 ServerApp] Saving file at /scripts/20a8_re-all_new_data_with_shizhongs_code-chr1.ipynb
[I 2024-07-15 14:54:18.603 ServerApp] Saving file at /scripts/20a8_re-all_new_data_with_shizhongs_code-chr1.ipynb
[I 2024-07-15 14:56:18.962 ServerApp] Saving file at /scripts/20a8_re-all_new_data_with_shizhongs_code-chr1.ipynb
[I 2024-07-15 14:57:40.621 ServerApp] Kernel restarted: 7dbf68c4-aff3-4950-b6c3-68746aa4a451
[I 2024-07-15 14:57:40.783 ServerApp] Starting buffering for 7dbf68c4-aff3-4950-b6c3-68746aa4a451:36e60a63-9de9-4a00-bb82-dc776dd83747
[I 2024-07-15 14:57:40.914 ServerApp] Connecting to kernel 7dbf68c4-aff3-4950-b6c3-68746aa4a451.
[I 2024-07-15 14:57:40.914 ServerApp] Restoring connection for 7dbf68c4-aff3-4950-b6c3-68746aa4a451:36e60a63-9de9-4a00-bb82-dc776dd83747
[I 2024-07-15 14:58:19.315 ServerApp] Saving file at /scripts/20a8_re-all_new_data_with_shizhongs_code-chr1.ipynb
[I 2024-07-15 15:00:19.741 ServerApp] Saving file at /scripts/20a8_re-all_new_data_with_shizhongs_code-chr1.ipynb
[I 2024-07-15 15:02:20.370 ServerApp] Saving file at /scripts/20a8_re-all_new_data_with_shizhongs_code-chr1.ipynb
[I 2024-07-15 15:04:17.754 ServerApp] New terminal with automatic name: 2
[I 2024-07-15 15:04:21.373 ServerApp] Saving file at /scripts/20a8_re-all_new_data_with_shizhongs_code-chr1.ipynb
[I 2024-07-15 15:06:21.997 ServerApp] Saving file at /scripts/20a8_re-all_new_data_with_shizhongs_code-chr1.ipynb
[I 2024-07-15 15:07:01.738 ServerApp] Kernel restarted: 7dbf68c4-aff3-4950-b6c3-68746aa4a451
[I 2024-07-15 15:07:01.826 ServerApp] Starting buffering for 7dbf68c4-aff3-4950-b6c3-68746aa4a451:36e60a63-9de9-4a00-bb82-dc776dd83747
[I 2024-07-15 15:07:01.957 ServerApp] Connecting to kernel 7dbf68c4-aff3-4950-b6c3-68746aa4a451.
[I 2024-07-15 15:07:01.957 ServerApp] Restoring connection for 7dbf68c4-aff3-4950-b6c3-68746aa4a451:36e60a63-9de9-4a00-bb82-dc776dd83747
[I 2024-07-15 15:08:22.320 ServerApp] Saving file at /scripts/20a8_re-all_new_data_with_shizhongs_code-chr1.ipynb
[I 2024-07-15 15:10:22.853 ServerApp] Saving file at /scripts/20a8_re-all_new_data_with_shizhongs_code-chr1.ipynb
[I 2024-07-15 15:11:51.501 ServerApp] Saving file at /scripts/22_check_extreme_pvals_a23.ipynb
[I 2024-07-15 15:12:23.361 ServerApp] Saving file at /scripts/20a8_re-all_new_data_with_shizhongs_code-chr1.ipynb
[I 2024-07-15 15:14:23.868 ServerApp] Saving file at /scripts/20a8_re-all_new_data_with_shizhongs_code-chr1.ipynb
[I 2024-07-15 15:14:56.391 ServerApp] Kernel restarted: 7dbf68c4-aff3-4950-b6c3-68746aa4a451
[I 2024-07-15 15:14:56.490 ServerApp] Starting buffering for 7dbf68c4-aff3-4950-b6c3-68746aa4a451:36e60a63-9de9-4a00-bb82-dc776dd83747
[I 2024-07-15 15:14:56.628 ServerApp] Connecting to kernel 7dbf68c4-aff3-4950-b6c3-68746aa4a451.
[I 2024-07-15 15:14:56.628 ServerApp] Restoring connection for 7dbf68c4-aff3-4950-b6c3-68746aa4a451:36e60a63-9de9-4a00-bb82-dc776dd83747
[I 2024-07-15 15:16:24.496 ServerApp] Saving file at /scripts/20a8_re-all_new_data_with_shizhongs_code-chr1.ipynb
[I 2024-07-15 15:18:25.035 ServerApp] Saving file at /scripts/20a8_re-all_new_data_with_shizhongs_code-chr1.ipynb
[I 2024-07-15 15:20:25.402 ServerApp] Saving file at /scripts/20a8_re-all_new_data_with_shizhongs_code-chr1.ipynb
[I 2024-07-15 15:22:26.039 ServerApp] Saving file at /scripts/20a8_re-all_new_data_with_shizhongs_code-chr1.ipynb
[I 2024-07-15 15:24:26.466 ServerApp] Saving file at /scripts/20a8_re-all_new_data_with_shizhongs_code-chr1.ipynb
[I 2024-07-15 15:26:27.020 ServerApp] Saving file at /scripts/20a8_re-all_new_data_with_shizhongs_code-chr1.ipynb
[I 2024-07-15 15:27:47.589 ServerApp] Kernel restarted: 7dbf68c4-aff3-4950-b6c3-68746aa4a451
[I 2024-07-15 15:27:47.746 ServerApp] Starting buffering for 7dbf68c4-aff3-4950-b6c3-68746aa4a451:36e60a63-9de9-4a00-bb82-dc776dd83747
[I 2024-07-15 15:27:47.878 ServerApp] Connecting to kernel 7dbf68c4-aff3-4950-b6c3-68746aa4a451.
[I 2024-07-15 15:27:47.879 ServerApp] Restoring connection for 7dbf68c4-aff3-4950-b6c3-68746aa4a451:36e60a63-9de9-4a00-bb82-dc776dd83747
[I 2024-07-15 15:28:27.478 ServerApp] Saving file at /scripts/20a8_re-all_new_data_with_shizhongs_code-chr1.ipynb
[I 2024-07-15 15:30:28.105 ServerApp] Saving file at /scripts/20a8_re-all_new_data_with_shizhongs_code-chr1.ipynb
[I 2024-07-15 15:34:13.926 ServerApp] Kernel started: 919881ee-aabd-4a75-9ba9-6c6843a9611b
[I 2024-07-15 15:34:14.608 ServerApp] Connecting to kernel 919881ee-aabd-4a75-9ba9-6c6843a9611b.
[I 2024-07-15 15:35:57.379 ServerApp] Kernel shutdown: d92c7e85-d67f-4c87-803f-76e6327bd6b2
[I 2024-07-15 15:35:57.380 ServerApp] Kernel shutdown: 65faac04-d725-4dde-9069-12948ca09217
[I 2024-07-15 15:35:57.380 ServerApp] Kernel shutdown: 9ce16d76-b3a3-400b-b052-94bf3685c94e
Warning message:
In .helpForCall(topicExpr, parent.frame()) :
  no method defined for function ‘$’ and signature ‘x = "data.table"’
[I 2024-07-15 15:35:57.502 ServerApp] EOF on FD 16; stopping reading
[I 2024-07-15 15:35:57.603 ServerApp] Terminal 1 closed
[I 2024-07-15 15:35:57.604 ServerApp] Kernel shutdown: 919881ee-aabd-4a75-9ba9-6c6843a9611b
[I 2024-07-15 15:35:57.605 ServerApp] Kernel shutdown: 7dbf68c4-aff3-4950-b6c3-68746aa4a451
[I 2024-07-15 15:35:57.726 ServerApp] EOF on FD 72; stopping reading
[I 2024-07-15 15:35:57.826 ServerApp] Terminal 2 closed
[I 2024-07-15 15:35:58.071 ServerApp] Shutting down on /api/shutdown request.
[I 2024-07-15 15:35:58.092 ServerApp] Shutting down 5 extensions
