[1] "Starting genome file processing"
[1] "Processing genome file index: 14"
[1] "Loaded SNP data"
[1] "Files for this Chr:"
[1] 369
[1] "File number: 1"
[1] "Loaded RDS file: ..//output_EXPANSE_a2_caud/libd_chr14-chr14_AA-libd_chr14-chr14_AA-1646-21645-dynamic-1corestotal-allcorepera-20240503-182410.rds"
[1] "File number: 2"
[1] "Loaded RDS file: ..//output_EXPANSE_a2_caud/libd_chr14-chr14_AA-libd_chr14-chr14_AA-21646-41645-dynamic-1corestotal-allcorepera-20240503-182511.rds"
[1] "File number: 3"
[1] "Loaded RDS file: ..//output_EXPANSE_a2_caud/libd_chr14-chr14_AA-libd_chr14-chr14_AA-41646-61645-dynamic-1corestotal-allcorepera-20240503-182612.rds"
[1] "File number: 4"
[1] "Loaded RDS file: ..//output_EXPANSE_a2_caud/libd_chr14-chr14_AA-libd_chr14-chr14_AA-61646-81645-dynamic-1corestotal-allcorepera-20240503-182713.rds"
[1] "File number: 5"
[1] "Loaded RDS file: ..//output_EXPANSE_a2_caud/libd_chr14-chr14_AA-libd_chr14-chr14_AA-81646-101645-dynamic-1corestotal-allcorepera-20240503-182814.rds"
[1] "File number: 6"
[1] "Loaded RDS file: ..//output_EXPANSE_a2_caud/libd_chr14-chr14_AA-libd_chr14-chr14_AA-101646-121645-dynamic-1corestotal-allcorepera-20240503-182915.rds"
[1] "File number: 7"
[1] "Loaded RDS file: ..//output_EXPANSE_a2_caud/libd_chr14-chr14_AA-libd_chr14-chr14_AA-121646-141645-dynamic-1corestotal-allcorepera-20240503-183016.rds"
[1] "File number: 8"
[1] "Loaded RDS file: ..//output_EXPANSE_a2_caud/libd_chr14-chr14_AA-libd_chr14-chr14_AA-141646-161645-dynamic-1corestotal-allcorepera-20240503-183118.rds"
[1] "File number: 9"
[1] "Loaded RDS file: ..//output_EXPANSE_a2_caud/libd_chr14-chr14_AA-libd_chr14-chr14_AA-161646-181645-dynamic-1corestotal-allcorepera-20240503-183219.rds"
[1] "File number: 10"
[1] "Loaded RDS file: ..//output_EXPANSE_a2_caud/libd_chr14-chr14_AA-libd_chr14-chr14_AA-181646-201645-dynamic-1corestotal-allcorepera-20240503-183320.rds"
[1] "File number: 11"
[1] "Loaded RDS file: ..//output_EXPANSE_a2_caud/libd_chr14-chr14_AA-libd_chr14-chr14_AA-201646-221645-dynamic-1corestotal-allcorepera-20240503-183421.rds"
[1] "File number: 12"
[1] "Loaded RDS file: ..//output_EXPANSE_a2_caud/libd_chr14-chr14_AA-libd_chr14-chr14_AA-221646-241645-dynamic-1corestotal-allcorepera-20240503-183522.rds"
[1] "File number: 13"
[1] "Loaded RDS file: ..//output_EXPANSE_a2_caud/libd_chr14-chr14_AA-libd_chr14-chr14_AA-241646-261645-dynamic-1corestotal-allcorepera-20240503-183623.rds"
[1] "File number: 14"
[1] "Loaded RDS file: ..//output_EXPANSE_a2_caud/libd_chr14-chr14_AA-libd_chr14-chr14_AA-261646-281645-dynamic-1corestotal-allcorepera-20240503-183724.rds"
[1] "File number: 15"
[1] "Loaded RDS file: ..//output_EXPANSE_a2_caud/libd_chr14-chr14_AA-libd_chr14-chr14_AA-281646-301645-dynamic-1corestotal-allcorepera-20240503-183825.rds"
[1] "File number: 16"
[1] "Loaded RDS file: ..//output_EXPANSE_a2_caud/libd_chr14-chr14_AA-libd_chr14-chr14_AA-301646-321645-dynamic-1corestotal-allcorepera-20240503-183926.rds"
[1] "File number: 17"
[1] "Loaded RDS file: ..//output_EXPANSE_a2_caud/libd_chr14-chr14_AA-libd_chr14-chr14_AA-321646-341645-dynamic-1corestotal-allcorepera-20240503-184028.rds"
[1] "File number: 18"
[1] "Loaded RDS file: ..//output_EXPANSE_a2_caud/libd_chr14-chr14_AA-libd_chr14-chr14_AA-341646-361645-dynamic-1corestotal-allcorepera-20240503-184129.rds"
[1] "File number: 19"
[1] "Loaded RDS file: ..//output_EXPANSE_a2_caud/libd_chr14-chr14_AA-libd_chr14-chr14_AA-361646-381645-dynamic-1corestotal-allcorepera-20240503-184230.rds"
[1] "File number: 20"
[1] "Loaded RDS file: ..//output_EXPANSE_a2_caud/libd_chr14-chr14_AA-libd_chr14-chr14_AA-381646-401645-dynamic-1corestotal-allcorepera-20240503-184331.rds"
[1] "File number: 21"
[1] "Loaded RDS file: ..//output_EXPANSE_a2_caud/libd_chr14-chr14_AA-libd_chr14-chr14_AA-401646-421645-dynamic-1corestotal-allcorepera-20240503-184432.rds"
[1] "File number: 22"
[1] "Loaded RDS file: ..//output_EXPANSE_a2_caud/libd_chr14-chr14_AA-libd_chr14-chr14_AA-421646-441645-dynamic-1corestotal-allcorepera-20240503-184533.rds"
[1] "File number: 23"
[1] "Loaded RDS file: ..//output_EXPANSE_a2_caud/libd_chr14-chr14_AA-libd_chr14-chr14_AA-441646-461645-dynamic-1corestotal-allcorepera-20240503-184634.rds"
[1] "File number: 24"
[1] "Loaded RDS file: ..//output_EXPANSE_a2_caud/libd_chr14-chr14_AA-libd_chr14-chr14_AA-461646-481645-dynamic-1corestotal-allcorepera-20240503-184735.rds"
[1] "File number: 25"
[1] "Loaded RDS file: ..//output_EXPANSE_a2_caud/libd_chr14-chr14_AA-libd_chr14-chr14_AA-481646-501645-dynamic-1corestotal-allcorepera-20240503-184836.rds"
[1] "File number: 26"
[1] "Loaded RDS file: ..//output_EXPANSE_a2_caud/libd_chr14-chr14_AA-libd_chr14-chr14_AA-501646-521645-dynamic-1corestotal-allcorepera-20240503-184937.rds"
[1] "File number: 27"
[1] "Loaded RDS file: ..//output_EXPANSE_a2_caud/libd_chr14-chr14_AA-libd_chr14-chr14_AA-521646-541645-dynamic-1corestotal-allcorepera-20240503-185038.rds"
[1] "File number: 28"
[1] "Loaded RDS file: ..//output_EXPANSE_a2_caud/libd_chr14-chr14_AA-libd_chr14-chr14_AA-541646-561645-dynamic-1corestotal-allcorepera-20240503-185139.rds"
[1] "File number: 29"
[1] "Loaded RDS file: ..//output_EXPANSE_a2_caud/libd_chr14-chr14_AA-libd_chr14-chr14_AA-561646-581645-dynamic-1corestotal-allcorepera-20240503-185241.rds"
[1] "File number: 30"
[1] "Loaded RDS file: ..//output_EXPANSE_a2_caud/libd_chr14-chr14_AA-libd_chr14-chr14_AA-581646-601645-dynamic-1corestotal-allcorepera-20240503-185342.rds"
[1] "File number: 31"
[1] "Loaded RDS file: ..//output_EXPANSE_a2_caud/libd_chr14-chr14_AA-libd_chr14-chr14_AA-601646-621645-dynamic-1corestotal-allcorepera-20240503-185443.rds"
[1] "File number: 32"
[1] "Loaded RDS file: ..//output_EXPANSE_a2_caud/libd_chr14-chr14_AA-libd_chr14-chr14_AA-621646-641645-dynamic-1corestotal-allcorepera-20240503-185544.rds"
[1] "File number: 33"
[1] "Loaded RDS file: ..//output_EXPANSE_a2_caud/libd_chr14-chr14_AA-libd_chr14-chr14_AA-641646-661645-dynamic-1corestotal-allcorepera-20240503-185645.rds"
[1] "File number: 34"
[1] "Loaded RDS file: ..//output_EXPANSE_a2_caud/libd_chr14-chr14_AA-libd_chr14-chr14_AA-661646-681645-dynamic-1corestotal-allcorepera-20240503-185746.rds"
[1] "File number: 35"
[1] "Loaded RDS file: ..//output_EXPANSE_a2_caud/libd_chr14-chr14_AA-libd_chr14-chr14_AA-681646-701645-dynamic-1corestotal-allcorepera-20240503-185847.rds"
[1] "File number: 36"
[1] "Loaded RDS file: ..//output_EXPANSE_a2_caud/libd_chr14-chr14_AA-libd_chr14-chr14_AA-701646-721645-dynamic-1corestotal-allcorepera-20240503-185948.rds"
[1] "File number: 37"
[1] "Loaded RDS file: ..//output_EXPANSE_a2_caud/libd_chr14-chr14_AA-libd_chr14-chr14_AA-721646-741645-dynamic-1corestotal-allcorepera-20240503-190049.rds"
[1] "File number: 38"
[1] "Loaded RDS file: ..//output_EXPANSE_a2_caud/libd_chr14-chr14_AA-libd_chr14-chr14_AA-741646-761645-dynamic-1corestotal-allcorepera-20240503-190150.rds"
[1] "File number: 39"
[1] "Loaded RDS file: ..//output_EXPANSE_a2_caud/libd_chr14-chr14_AA-libd_chr14-chr14_AA-761646-781645-dynamic-1corestotal-allcorepera-20240503-190251.rds"
[1] "File number: 40"
[1] "Loaded RDS file: ..//output_EXPANSE_a2_caud/libd_chr14-chr14_AA-libd_chr14-chr14_AA-781646-801645-dynamic-1corestotal-allcorepera-20240503-190353.rds"
[1] "File number: 41"
[1] "Loaded RDS file: ..//output_EXPANSE_a2_caud/libd_chr14-chr14_AA-libd_chr14-chr14_AA-801646-809631-dynamic-1corestotal-allcorepera-20240503-190454.rds"
[1] "File number: 42"
[1] "Loaded RDS file: ..//output_EXPANSE_a2_dlpfc/libd_chr14-chr14_AA-libd_chr14-chr14_AA-1646-21645-dynamic-1corestotal-allcorepera-20240503-202925.rds"
[1] "File number: 43"
[1] "Loaded RDS file: ..//output_EXPANSE_a2_dlpfc/libd_chr14-chr14_AA-libd_chr14-chr14_AA-21646-41645-dynamic-1corestotal-allcorepera-20240503-203026.rds"
[1] "File number: 44"
[1] "Loaded RDS file: ..//output_EXPANSE_a2_dlpfc/libd_chr14-chr14_AA-libd_chr14-chr14_AA-41646-61645-dynamic-1corestotal-allcorepera-20240503-203127.rds"
[1] "File number: 45"
[1] "Loaded RDS file: ..//output_EXPANSE_a2_dlpfc/libd_chr14-chr14_AA-libd_chr14-chr14_AA-61646-81645-dynamic-1corestotal-allcorepera-20240503-203228.rds"
[1] "File number: 46"
[1] "Loaded RDS file: ..//output_EXPANSE_a2_dlpfc/libd_chr14-chr14_AA-libd_chr14-chr14_AA-81646-101645-dynamic-1corestotal-allcorepera-20240503-203329.rds"
[1] "File number: 47"
[1] "Loaded RDS file: ..//output_EXPANSE_a2_dlpfc/libd_chr14-chr14_AA-libd_chr14-chr14_AA-101646-121645-dynamic-1corestotal-allcorepera-20240503-203430.rds"
[1] "File number: 48"
[1] "Loaded RDS file: ..//output_EXPANSE_a2_dlpfc/libd_chr14-chr14_AA-libd_chr14-chr14_AA-121646-141645-dynamic-1corestotal-allcorepera-20240503-203531.rds"
[1] "File number: 49"
[1] "Loaded RDS file: ..//output_EXPANSE_a2_dlpfc/libd_chr14-chr14_AA-libd_chr14-chr14_AA-141646-161645-dynamic-1corestotal-allcorepera-20240503-203632.rds"
[1] "File number: 50"
[1] "Loaded RDS file: ..//output_EXPANSE_a2_dlpfc/libd_chr14-chr14_AA-libd_chr14-chr14_AA-161646-181645-dynamic-1corestotal-allcorepera-20240503-203733.rds"
[1] "File number: 51"
[1] "Loaded RDS file: ..//output_EXPANSE_a2_dlpfc/libd_chr14-chr14_AA-libd_chr14-chr14_AA-181646-201645-dynamic-1corestotal-allcorepera-20240503-203834.rds"
[1] "File number: 52"
[1] "Loaded RDS file: ..//output_EXPANSE_a2_dlpfc/libd_chr14-chr14_AA-libd_chr14-chr14_AA-201646-221645-dynamic-1corestotal-allcorepera-20240503-203936.rds"
[1] "File number: 53"
[1] "Loaded RDS file: ..//output_EXPANSE_a2_dlpfc/libd_chr14-chr14_AA-libd_chr14-chr14_AA-221646-241645-dynamic-1corestotal-allcorepera-20240503-204037.rds"
[1] "File number: 54"
[1] "Loaded RDS file: ..//output_EXPANSE_a2_dlpfc/libd_chr14-chr14_AA-libd_chr14-chr14_AA-241646-261645-dynamic-1corestotal-allcorepera-20240503-204138.rds"
[1] "File number: 55"
[1] "Loaded RDS file: ..//output_EXPANSE_a2_dlpfc/libd_chr14-chr14_AA-libd_chr14-chr14_AA-261646-281645-dynamic-1corestotal-allcorepera-20240503-204239.rds"
[1] "File number: 56"
[1] "Loaded RDS file: ..//output_EXPANSE_a2_dlpfc/libd_chr14-chr14_AA-libd_chr14-chr14_AA-281646-301645-dynamic-1corestotal-allcorepera-20240503-204340.rds"
[1] "File number: 57"
[1] "Loaded RDS file: ..//output_EXPANSE_a2_dlpfc/libd_chr14-chr14_AA-libd_chr14-chr14_AA-301646-321645-dynamic-1corestotal-allcorepera-20240503-204441.rds"
[1] "File number: 58"
[1] "Loaded RDS file: ..//output_EXPANSE_a2_dlpfc/libd_chr14-chr14_AA-libd_chr14-chr14_AA-321646-341645-dynamic-1corestotal-allcorepera-20240503-204542.rds"
[1] "File number: 59"
[1] "Loaded RDS file: ..//output_EXPANSE_a2_dlpfc/libd_chr14-chr14_AA-libd_chr14-chr14_AA-341646-361645-dynamic-1corestotal-allcorepera-20240503-204643.rds"
[1] "File number: 60"
[1] "Loaded RDS file: ..//output_EXPANSE_a2_dlpfc/libd_chr14-chr14_AA-libd_chr14-chr14_AA-361646-381645-dynamic-1corestotal-allcorepera-20240503-204745.rds"
[1] "File number: 61"
[1] "Loaded RDS file: ..//output_EXPANSE_a2_dlpfc/libd_chr14-chr14_AA-libd_chr14-chr14_AA-381646-401645-dynamic-1corestotal-allcorepera-20240503-204846.rds"
[1] "File number: 62"
[1] "Loaded RDS file: ..//output_EXPANSE_a2_dlpfc/libd_chr14-chr14_AA-libd_chr14-chr14_AA-401646-421645-dynamic-1corestotal-allcorepera-20240503-204947.rds"
[1] "File number: 63"
[1] "Loaded RDS file: ..//output_EXPANSE_a2_dlpfc/libd_chr14-chr14_AA-libd_chr14-chr14_AA-421646-441645-dynamic-1corestotal-allcorepera-20240503-205048.rds"
[1] "File number: 64"
[1] "Loaded RDS file: ..//output_EXPANSE_a2_dlpfc/libd_chr14-chr14_AA-libd_chr14-chr14_AA-441646-461645-dynamic-1corestotal-allcorepera-20240503-205149.rds"
[1] "File number: 65"
[1] "Loaded RDS file: ..//output_EXPANSE_a2_dlpfc/libd_chr14-chr14_AA-libd_chr14-chr14_AA-461646-481645-dynamic-1corestotal-allcorepera-20240503-205250.rds"
[1] "File number: 66"
[1] "Loaded RDS file: ..//output_EXPANSE_a2_dlpfc/libd_chr14-chr14_AA-libd_chr14-chr14_AA-481646-501645-dynamic-1corestotal-allcorepera-20240503-205351.rds"
[1] "File number: 67"
[1] "Loaded RDS file: ..//output_EXPANSE_a2_dlpfc/libd_chr14-chr14_AA-libd_chr14-chr14_AA-501646-521645-dynamic-1corestotal-allcorepera-20240503-205452.rds"
[1] "File number: 68"
[1] "Loaded RDS file: ..//output_EXPANSE_a2_dlpfc/libd_chr14-chr14_AA-libd_chr14-chr14_AA-521646-541645-dynamic-1corestotal-allcorepera-20240503-205553.rds"
[1] "File number: 69"
[1] "Loaded RDS file: ..//output_EXPANSE_a2_dlpfc/libd_chr14-chr14_AA-libd_chr14-chr14_AA-541646-561645-dynamic-1corestotal-allcorepera-20240503-205654.rds"
[1] "File number: 70"
[1] "Loaded RDS file: ..//output_EXPANSE_a2_dlpfc/libd_chr14-chr14_AA-libd_chr14-chr14_AA-561646-581645-dynamic-1corestotal-allcorepera-20240503-205755.rds"
[1] "File number: 71"
[1] "Loaded RDS file: ..//output_EXPANSE_a2_dlpfc/libd_chr14-chr14_AA-libd_chr14-chr14_AA-581646-601645-dynamic-1corestotal-allcorepera-20240503-205857.rds"
[1] "File number: 72"
[1] "Loaded RDS file: ..//output_EXPANSE_a2_dlpfc/libd_chr14-chr14_AA-libd_chr14-chr14_AA-601646-621645-dynamic-1corestotal-allcorepera-20240503-205958.rds"
[1] "File number: 73"
[1] "Loaded RDS file: ..//output_EXPANSE_a2_dlpfc/libd_chr14-chr14_AA-libd_chr14-chr14_AA-621646-641645-dynamic-1corestotal-allcorepera-20240503-210059.rds"
[1] "File number: 74"
[1] "Loaded RDS file: ..//output_EXPANSE_a2_dlpfc/libd_chr14-chr14_AA-libd_chr14-chr14_AA-641646-661645-dynamic-1corestotal-allcorepera-20240503-210200.rds"
[1] "File number: 75"
[1] "Loaded RDS file: ..//output_EXPANSE_a2_dlpfc/libd_chr14-chr14_AA-libd_chr14-chr14_AA-661646-681645-dynamic-1corestotal-allcorepera-20240503-210301.rds"
[1] "File number: 76"
[1] "Loaded RDS file: ..//output_EXPANSE_a2_dlpfc/libd_chr14-chr14_AA-libd_chr14-chr14_AA-681646-701645-dynamic-1corestotal-allcorepera-20240503-210402.rds"
[1] "File number: 77"
[1] "Loaded RDS file: ..//output_EXPANSE_a2_dlpfc/libd_chr14-chr14_AA-libd_chr14-chr14_AA-701646-721645-dynamic-1corestotal-allcorepera-20240503-210503.rds"
[1] "File number: 78"
[1] "Loaded RDS file: ..//output_EXPANSE_a2_dlpfc/libd_chr14-chr14_AA-libd_chr14-chr14_AA-721646-741645-dynamic-1corestotal-allcorepera-20240503-210604.rds"
[1] "File number: 79"
[1] "Loaded RDS file: ..//output_EXPANSE_a2_dlpfc/libd_chr14-chr14_AA-libd_chr14-chr14_AA-741646-761645-dynamic-1corestotal-allcorepera-20240503-210705.rds"
[1] "File number: 80"
[1] "Loaded RDS file: ..//output_EXPANSE_a2_dlpfc/libd_chr14-chr14_AA-libd_chr14-chr14_AA-761646-781645-dynamic-1corestotal-allcorepera-20240503-210806.rds"
[1] "File number: 81"
[1] "Loaded RDS file: ..//output_EXPANSE_a2_dlpfc/libd_chr14-chr14_AA-libd_chr14-chr14_AA-781646-801645-dynamic-1corestotal-allcorepera-20240503-210907.rds"
[1] "File number: 82"
[1] "Loaded RDS file: ..//output_EXPANSE_a2_dlpfc/libd_chr14-chr14_AA-libd_chr14-chr14_AA-801646-809631-dynamic-1corestotal-allcorepera-20240503-211008.rds"
[1] "File number: 83"
[1] "Loaded RDS file: ..//output_EXPANSE_a2_hippo/libd_chr14-chr14_AA-libd_chr14-chr14_AA-1646-21645-dynamic-1corestotal-allcorepera-20240503-223439.rds"
[1] "File number: 84"
[1] "Loaded RDS file: ..//output_EXPANSE_a2_hippo/libd_chr14-chr14_AA-libd_chr14-chr14_AA-21646-41645-dynamic-1corestotal-allcorepera-20240503-223540.rds"
[1] "File number: 85"
[1] "Loaded RDS file: ..//output_EXPANSE_a2_hippo/libd_chr14-chr14_AA-libd_chr14-chr14_AA-41646-61645-dynamic-1corestotal-allcorepera-20240503-223641.rds"
[1] "File number: 86"
[1] "Loaded RDS file: ..//output_EXPANSE_a2_hippo/libd_chr14-chr14_AA-libd_chr14-chr14_AA-61646-81645-dynamic-1corestotal-allcorepera-20240503-223743.rds"
[1] "File number: 87"
[1] "Loaded RDS file: ..//output_EXPANSE_a2_hippo/libd_chr14-chr14_AA-libd_chr14-chr14_AA-81646-101645-dynamic-1corestotal-allcorepera-20240503-223844.rds"
[1] "File number: 88"
[1] "Loaded RDS file: ..//output_EXPANSE_a2_hippo/libd_chr14-chr14_AA-libd_chr14-chr14_AA-101646-121645-dynamic-1corestotal-allcorepera-20240503-223945.rds"
[1] "File number: 89"
[1] "Loaded RDS file: ..//output_EXPANSE_a2_hippo/libd_chr14-chr14_AA-libd_chr14-chr14_AA-121646-141645-dynamic-1corestotal-allcorepera-20240503-224046.rds"
[1] "File number: 90"
[1] "Loaded RDS file: ..//output_EXPANSE_a2_hippo/libd_chr14-chr14_AA-libd_chr14-chr14_AA-141646-161645-dynamic-1corestotal-allcorepera-20240503-224147.rds"
[1] "File number: 91"
[1] "Loaded RDS file: ..//output_EXPANSE_a2_hippo/libd_chr14-chr14_AA-libd_chr14-chr14_AA-161646-181645-dynamic-1corestotal-allcorepera-20240503-224248.rds"
[1] "File number: 92"
[1] "Loaded RDS file: ..//output_EXPANSE_a2_hippo/libd_chr14-chr14_AA-libd_chr14-chr14_AA-181646-201645-dynamic-1corestotal-allcorepera-20240503-224349.rds"
[1] "File number: 93"
[1] "Loaded RDS file: ..//output_EXPANSE_a2_hippo/libd_chr14-chr14_AA-libd_chr14-chr14_AA-201646-221645-dynamic-1corestotal-allcorepera-20240503-224450.rds"
[1] "File number: 94"
[1] "Loaded RDS file: ..//output_EXPANSE_a2_hippo/libd_chr14-chr14_AA-libd_chr14-chr14_AA-221646-241645-dynamic-1corestotal-allcorepera-20240503-224551.rds"
[1] "File number: 95"
[1] "Loaded RDS file: ..//output_EXPANSE_a2_hippo/libd_chr14-chr14_AA-libd_chr14-chr14_AA-241646-261645-dynamic-1corestotal-allcorepera-20240503-224652.rds"
[1] "File number: 96"
[1] "Loaded RDS file: ..//output_EXPANSE_a2_hippo/libd_chr14-chr14_AA-libd_chr14-chr14_AA-261646-281645-dynamic-1corestotal-allcorepera-20240503-224754.rds"
[1] "File number: 97"
[1] "Loaded RDS file: ..//output_EXPANSE_a2_hippo/libd_chr14-chr14_AA-libd_chr14-chr14_AA-281646-301645-dynamic-1corestotal-allcorepera-20240503-224855.rds"
[1] "File number: 98"
[1] "Loaded RDS file: ..//output_EXPANSE_a2_hippo/libd_chr14-chr14_AA-libd_chr14-chr14_AA-301646-321645-dynamic-1corestotal-allcorepera-20240503-224956.rds"
[1] "File number: 99"
[1] "Loaded RDS file: ..//output_EXPANSE_a2_hippo/libd_chr14-chr14_AA-libd_chr14-chr14_AA-321646-341645-dynamic-1corestotal-allcorepera-20240503-225057.rds"
[1] "File number: 100"
[1] "Loaded RDS file: ..//output_EXPANSE_a2_hippo/libd_chr14-chr14_AA-libd_chr14-chr14_AA-341646-361645-dynamic-1corestotal-allcorepera-20240503-225158.rds"
[1] "File number: 101"
[1] "Loaded RDS file: ..//output_EXPANSE_a2_hippo/libd_chr14-chr14_AA-libd_chr14-chr14_AA-361646-381645-dynamic-1corestotal-allcorepera-20240503-225259.rds"
[1] "File number: 102"
[1] "Loaded RDS file: ..//output_EXPANSE_a2_hippo/libd_chr14-chr14_AA-libd_chr14-chr14_AA-381646-401645-dynamic-1corestotal-allcorepera-20240503-225400.rds"
[1] "File number: 103"
[1] "Loaded RDS file: ..//output_EXPANSE_a2_hippo/libd_chr14-chr14_AA-libd_chr14-chr14_AA-401646-421645-dynamic-1corestotal-allcorepera-20240503-225501.rds"
[1] "File number: 104"
[1] "Loaded RDS file: ..//output_EXPANSE_a2_hippo/libd_chr14-chr14_AA-libd_chr14-chr14_AA-421646-441645-dynamic-1corestotal-allcorepera-20240503-225602.rds"
[1] "File number: 105"
[1] "Loaded RDS file: ..//output_EXPANSE_a2_hippo/libd_chr14-chr14_AA-libd_chr14-chr14_AA-441646-461645-dynamic-1corestotal-allcorepera-20240503-225704.rds"
[1] "File number: 106"
[1] "Loaded RDS file: ..//output_EXPANSE_a2_hippo/libd_chr14-chr14_AA-libd_chr14-chr14_AA-461646-481645-dynamic-1corestotal-allcorepera-20240503-225805.rds"
[1] "File number: 107"
[1] "Loaded RDS file: ..//output_EXPANSE_a2_hippo/libd_chr14-chr14_AA-libd_chr14-chr14_AA-481646-501645-dynamic-1corestotal-allcorepera-20240503-225906.rds"
[1] "File number: 108"
[1] "Loaded RDS file: ..//output_EXPANSE_a2_hippo/libd_chr14-chr14_AA-libd_chr14-chr14_AA-501646-521645-dynamic-1corestotal-allcorepera-20240503-230007.rds"
[1] "File number: 109"
[1] "Loaded RDS file: ..//output_EXPANSE_a2_hippo/libd_chr14-chr14_AA-libd_chr14-chr14_AA-521646-541645-dynamic-1corestotal-allcorepera-20240503-230108.rds"
[1] "File number: 110"
[1] "Loaded RDS file: ..//output_EXPANSE_a2_hippo/libd_chr14-chr14_AA-libd_chr14-chr14_AA-541646-561645-dynamic-1corestotal-allcorepera-20240503-230209.rds"
[1] "File number: 111"
[1] "Loaded RDS file: ..//output_EXPANSE_a2_hippo/libd_chr14-chr14_AA-libd_chr14-chr14_AA-561646-581645-dynamic-1corestotal-allcorepera-20240503-230310.rds"
[1] "File number: 112"
[1] "Loaded RDS file: ..//output_EXPANSE_a2_hippo/libd_chr14-chr14_AA-libd_chr14-chr14_AA-581646-601645-dynamic-1corestotal-allcorepera-20240503-230411.rds"
[1] "File number: 113"
[1] "Loaded RDS file: ..//output_EXPANSE_a2_hippo/libd_chr14-chr14_AA-libd_chr14-chr14_AA-601646-621645-dynamic-1corestotal-allcorepera-20240503-230512.rds"
[1] "File number: 114"
[1] "Loaded RDS file: ..//output_EXPANSE_a2_hippo/libd_chr14-chr14_AA-libd_chr14-chr14_AA-621646-641645-dynamic-1corestotal-allcorepera-20240503-230613.rds"
[1] "File number: 115"
[1] "Loaded RDS file: ..//output_EXPANSE_a2_hippo/libd_chr14-chr14_AA-libd_chr14-chr14_AA-641646-661645-dynamic-1corestotal-allcorepera-20240503-230714.rds"
[1] "File number: 116"
[1] "Loaded RDS file: ..//output_EXPANSE_a2_hippo/libd_chr14-chr14_AA-libd_chr14-chr14_AA-661646-681645-dynamic-1corestotal-allcorepera-20240503-230815.rds"
[1] "File number: 117"
[1] "Loaded RDS file: ..//output_EXPANSE_a2_hippo/libd_chr14-chr14_AA-libd_chr14-chr14_AA-681646-701645-dynamic-1corestotal-allcorepera-20240503-230917.rds"
[1] "File number: 118"
[1] "Loaded RDS file: ..//output_EXPANSE_a2_hippo/libd_chr14-chr14_AA-libd_chr14-chr14_AA-701646-721645-dynamic-1corestotal-allcorepera-20240503-231018.rds"
[1] "File number: 119"
[1] "Loaded RDS file: ..//output_EXPANSE_a2_hippo/libd_chr14-chr14_AA-libd_chr14-chr14_AA-721646-741645-dynamic-1corestotal-allcorepera-20240503-231119.rds"
[1] "File number: 120"
[1] "Loaded RDS file: ..//output_EXPANSE_a2_hippo/libd_chr14-chr14_AA-libd_chr14-chr14_AA-741646-761645-dynamic-1corestotal-allcorepera-20240503-231220.rds"
[1] "File number: 121"
[1] "Loaded RDS file: ..//output_EXPANSE_a2_hippo/libd_chr14-chr14_AA-libd_chr14-chr14_AA-761646-781645-dynamic-1corestotal-allcorepera-20240503-231321.rds"
[1] "File number: 122"
[1] "Loaded RDS file: ..//output_EXPANSE_a2_hippo/libd_chr14-chr14_AA-libd_chr14-chr14_AA-781646-801645-dynamic-1corestotal-allcorepera-20240503-231422.rds"
[1] "File number: 123"
[1] "Loaded RDS file: ..//output_EXPANSE_a2_hippo/libd_chr14-chr14_AA-libd_chr14-chr14_AA-801646-809631-dynamic-1corestotal-allcorepera-20240503-231523.rds"
[1] "File number: 124"
[1] "Loaded RDS file: ..//output_EXPANSE_a2_caud/libd_chr14-chr14_EA-libd_chr14-chr14_EA-1646-21645-dynamic-1corestotal-allcorepera-20240503-194740.rds"
[1] "File number: 125"
[1] "Loaded RDS file: ..//output_EXPANSE_a2_caud/libd_chr14-chr14_EA-libd_chr14-chr14_EA-21646-41645-dynamic-1corestotal-allcorepera-20240503-194841.rds"
[1] "File number: 126"
[1] "Loaded RDS file: ..//output_EXPANSE_a2_caud/libd_chr14-chr14_EA-libd_chr14-chr14_EA-41646-61645-dynamic-1corestotal-allcorepera-20240503-194942.rds"
[1] "File number: 127"
[1] "Loaded RDS file: ..//output_EXPANSE_a2_caud/libd_chr14-chr14_EA-libd_chr14-chr14_EA-61646-81645-dynamic-1corestotal-allcorepera-20240503-195043.rds"
[1] "File number: 128"
[1] "Loaded RDS file: ..//output_EXPANSE_a2_caud/libd_chr14-chr14_EA-libd_chr14-chr14_EA-81646-101645-dynamic-1corestotal-allcorepera-20240503-195144.rds"
[1] "File number: 129"
[1] "Loaded RDS file: ..//output_EXPANSE_a2_caud/libd_chr14-chr14_EA-libd_chr14-chr14_EA-101646-121645-dynamic-1corestotal-allcorepera-20240503-195245.rds"
[1] "File number: 130"
[1] "Loaded RDS file: ..//output_EXPANSE_a2_caud/libd_chr14-chr14_EA-libd_chr14-chr14_EA-121646-141645-dynamic-1corestotal-allcorepera-20240503-195346.rds"
[1] "File number: 131"
[1] "Loaded RDS file: ..//output_EXPANSE_a2_caud/libd_chr14-chr14_EA-libd_chr14-chr14_EA-141646-161645-dynamic-1corestotal-allcorepera-20240503-195447.rds"
[1] "File number: 132"
[1] "Loaded RDS file: ..//output_EXPANSE_a2_caud/libd_chr14-chr14_EA-libd_chr14-chr14_EA-161646-181645-dynamic-1corestotal-allcorepera-20240503-195548.rds"
[1] "File number: 133"
[1] "Loaded RDS file: ..//output_EXPANSE_a2_caud/libd_chr14-chr14_EA-libd_chr14-chr14_EA-181646-201645-dynamic-1corestotal-allcorepera-20240503-195649.rds"
[1] "File number: 134"
[1] "Loaded RDS file: ..//output_EXPANSE_a2_caud/libd_chr14-chr14_EA-libd_chr14-chr14_EA-201646-221645-dynamic-1corestotal-allcorepera-20240503-195750.rds"
[1] "File number: 135"
[1] "Loaded RDS file: ..//output_EXPANSE_a2_caud/libd_chr14-chr14_EA-libd_chr14-chr14_EA-221646-241645-dynamic-1corestotal-allcorepera-20240503-195852.rds"
[1] "File number: 136"
[1] "Loaded RDS file: ..//output_EXPANSE_a2_caud/libd_chr14-chr14_EA-libd_chr14-chr14_EA-241646-261645-dynamic-1corestotal-allcorepera-20240503-195953.rds"
[1] "File number: 137"
[1] "Loaded RDS file: ..//output_EXPANSE_a2_caud/libd_chr14-chr14_EA-libd_chr14-chr14_EA-261646-281645-dynamic-1corestotal-allcorepera-20240503-200054.rds"
[1] "File number: 138"
[1] "Loaded RDS file: ..//output_EXPANSE_a2_caud/libd_chr14-chr14_EA-libd_chr14-chr14_EA-281646-301645-dynamic-1corestotal-allcorepera-20240503-200155.rds"
[1] "File number: 139"
[1] "Loaded RDS file: ..//output_EXPANSE_a2_caud/libd_chr14-chr14_EA-libd_chr14-chr14_EA-301646-321645-dynamic-1corestotal-allcorepera-20240503-200256.rds"
[1] "File number: 140"
[1] "Loaded RDS file: ..//output_EXPANSE_a2_caud/libd_chr14-chr14_EA-libd_chr14-chr14_EA-321646-341645-dynamic-1corestotal-allcorepera-20240503-200357.rds"
[1] "File number: 141"
[1] "Loaded RDS file: ..//output_EXPANSE_a2_caud/libd_chr14-chr14_EA-libd_chr14-chr14_EA-341646-361645-dynamic-1corestotal-allcorepera-20240503-200458.rds"
[1] "File number: 142"
[1] "Loaded RDS file: ..//output_EXPANSE_a2_caud/libd_chr14-chr14_EA-libd_chr14-chr14_EA-361646-381645-dynamic-1corestotal-allcorepera-20240503-200559.rds"
[1] "File number: 143"
[1] "Loaded RDS file: ..//output_EXPANSE_a2_caud/libd_chr14-chr14_EA-libd_chr14-chr14_EA-381646-401645-dynamic-1corestotal-allcorepera-20240503-200700.rds"
[1] "File number: 144"
[1] "Loaded RDS file: ..//output_EXPANSE_a2_caud/libd_chr14-chr14_EA-libd_chr14-chr14_EA-401646-421645-dynamic-1corestotal-allcorepera-20240503-200801.rds"
[1] "File number: 145"
[1] "Loaded RDS file: ..//output_EXPANSE_a2_caud/libd_chr14-chr14_EA-libd_chr14-chr14_EA-421646-441645-dynamic-1corestotal-allcorepera-20240503-200902.rds"
[1] "File number: 146"
[1] "Loaded RDS file: ..//output_EXPANSE_a2_caud/libd_chr14-chr14_EA-libd_chr14-chr14_EA-441646-461645-dynamic-1corestotal-allcorepera-20240503-201004.rds"
[1] "File number: 147"
[1] "Loaded RDS file: ..//output_EXPANSE_a2_caud/libd_chr14-chr14_EA-libd_chr14-chr14_EA-461646-481645-dynamic-1corestotal-allcorepera-20240503-201105.rds"
[1] "File number: 148"
[1] "Loaded RDS file: ..//output_EXPANSE_a2_caud/libd_chr14-chr14_EA-libd_chr14-chr14_EA-481646-501645-dynamic-1corestotal-allcorepera-20240503-201206.rds"
[1] "File number: 149"
[1] "Loaded RDS file: ..//output_EXPANSE_a2_caud/libd_chr14-chr14_EA-libd_chr14-chr14_EA-501646-521645-dynamic-1corestotal-allcorepera-20240503-201307.rds"
[1] "File number: 150"
[1] "Loaded RDS file: ..//output_EXPANSE_a2_caud/libd_chr14-chr14_EA-libd_chr14-chr14_EA-521646-541645-dynamic-1corestotal-allcorepera-20240503-201408.rds"
[1] "File number: 151"
[1] "Loaded RDS file: ..//output_EXPANSE_a2_caud/libd_chr14-chr14_EA-libd_chr14-chr14_EA-541646-561645-dynamic-1corestotal-allcorepera-20240503-201509.rds"
[1] "File number: 152"
[1] "Loaded RDS file: ..//output_EXPANSE_a2_caud/libd_chr14-chr14_EA-libd_chr14-chr14_EA-561646-581645-dynamic-1corestotal-allcorepera-20240503-201610.rds"
[1] "File number: 153"
[1] "Loaded RDS file: ..//output_EXPANSE_a2_caud/libd_chr14-chr14_EA-libd_chr14-chr14_EA-581646-601645-dynamic-1corestotal-allcorepera-20240503-201711.rds"
[1] "File number: 154"
[1] "Loaded RDS file: ..//output_EXPANSE_a2_caud/libd_chr14-chr14_EA-libd_chr14-chr14_EA-601646-621645-dynamic-1corestotal-allcorepera-20240503-201812.rds"
[1] "File number: 155"
[1] "Loaded RDS file: ..//output_EXPANSE_a2_caud/libd_chr14-chr14_EA-libd_chr14-chr14_EA-621646-641645-dynamic-1corestotal-allcorepera-20240503-201914.rds"
[1] "File number: 156"
[1] "Loaded RDS file: ..//output_EXPANSE_a2_caud/libd_chr14-chr14_EA-libd_chr14-chr14_EA-641646-661645-dynamic-1corestotal-allcorepera-20240503-202015.rds"
[1] "File number: 157"
[1] "Loaded RDS file: ..//output_EXPANSE_a2_caud/libd_chr14-chr14_EA-libd_chr14-chr14_EA-661646-681645-dynamic-1corestotal-allcorepera-20240503-202116.rds"
[1] "File number: 158"
[1] "Loaded RDS file: ..//output_EXPANSE_a2_caud/libd_chr14-chr14_EA-libd_chr14-chr14_EA-681646-701645-dynamic-1corestotal-allcorepera-20240503-202217.rds"
[1] "File number: 159"
[1] "Loaded RDS file: ..//output_EXPANSE_a2_caud/libd_chr14-chr14_EA-libd_chr14-chr14_EA-701646-721645-dynamic-1corestotal-allcorepera-20240503-202318.rds"
[1] "File number: 160"
[1] "Loaded RDS file: ..//output_EXPANSE_a2_caud/libd_chr14-chr14_EA-libd_chr14-chr14_EA-721646-741645-dynamic-1corestotal-allcorepera-20240503-202419.rds"
[1] "File number: 161"
[1] "Loaded RDS file: ..//output_EXPANSE_a2_caud/libd_chr14-chr14_EA-libd_chr14-chr14_EA-741646-761645-dynamic-1corestotal-allcorepera-20240503-202520.rds"
[1] "File number: 162"
[1] "Loaded RDS file: ..//output_EXPANSE_a2_caud/libd_chr14-chr14_EA-libd_chr14-chr14_EA-761646-781645-dynamic-1corestotal-allcorepera-20240503-202621.rds"
[1] "File number: 163"
[1] "Loaded RDS file: ..//output_EXPANSE_a2_caud/libd_chr14-chr14_EA-libd_chr14-chr14_EA-781646-801645-dynamic-1corestotal-allcorepera-20240503-202722.rds"
[1] "File number: 164"
[1] "Loaded RDS file: ..//output_EXPANSE_a2_caud/libd_chr14-chr14_EA-libd_chr14-chr14_EA-801646-809631-dynamic-1corestotal-allcorepera-20240503-202823.rds"
[1] "File number: 165"
[1] "Loaded RDS file: ..//output_EXPANSE_a2_dlpfc/libd_chr14-chr14_EA-libd_chr14-chr14_EA-1646-21645-dynamic-1corestotal-allcorepera-20240503-215254.rds"
[1] "File number: 166"
[1] "Loaded RDS file: ..//output_EXPANSE_a2_dlpfc/libd_chr14-chr14_EA-libd_chr14-chr14_EA-21646-41645-dynamic-1corestotal-allcorepera-20240503-215355.rds"
[1] "File number: 167"
[1] "Loaded RDS file: ..//output_EXPANSE_a2_dlpfc/libd_chr14-chr14_EA-libd_chr14-chr14_EA-41646-61645-dynamic-1corestotal-allcorepera-20240503-215456.rds"
[1] "File number: 168"
[1] "Loaded RDS file: ..//output_EXPANSE_a2_dlpfc/libd_chr14-chr14_EA-libd_chr14-chr14_EA-61646-81645-dynamic-1corestotal-allcorepera-20240503-215557.rds"
[1] "File number: 169"
[1] "Loaded RDS file: ..//output_EXPANSE_a2_dlpfc/libd_chr14-chr14_EA-libd_chr14-chr14_EA-81646-101645-dynamic-1corestotal-allcorepera-20240503-215658.rds"
[1] "File number: 170"
[1] "Loaded RDS file: ..//output_EXPANSE_a2_dlpfc/libd_chr14-chr14_EA-libd_chr14-chr14_EA-101646-121645-dynamic-1corestotal-allcorepera-20240503-215800.rds"
[1] "File number: 171"
[1] "Loaded RDS file: ..//output_EXPANSE_a2_dlpfc/libd_chr14-chr14_EA-libd_chr14-chr14_EA-121646-141645-dynamic-1corestotal-allcorepera-20240503-215901.rds"
[1] "File number: 172"
[1] "Loaded RDS file: ..//output_EXPANSE_a2_dlpfc/libd_chr14-chr14_EA-libd_chr14-chr14_EA-141646-161645-dynamic-1corestotal-allcorepera-20240503-220002.rds"
[1] "File number: 173"
[1] "Loaded RDS file: ..//output_EXPANSE_a2_dlpfc/libd_chr14-chr14_EA-libd_chr14-chr14_EA-161646-181645-dynamic-1corestotal-allcorepera-20240503-220103.rds"
[1] "File number: 174"
[1] "Loaded RDS file: ..//output_EXPANSE_a2_dlpfc/libd_chr14-chr14_EA-libd_chr14-chr14_EA-181646-201645-dynamic-1corestotal-allcorepera-20240506-213702.rds"
[1] "File number: 175"
[1] "Loaded RDS file: ..//output_EXPANSE_a2_dlpfc/libd_chr14-chr14_EA-libd_chr14-chr14_EA-201646-221645-dynamic-1corestotal-allcorepera-20240503-220305.rds"
[1] "File number: 176"
[1] "Loaded RDS file: ..//output_EXPANSE_a2_dlpfc/libd_chr14-chr14_EA-libd_chr14-chr14_EA-221646-241645-dynamic-1corestotal-allcorepera-20240503-220406.rds"
[1] "File number: 177"
[1] "Loaded RDS file: ..//output_EXPANSE_a2_dlpfc/libd_chr14-chr14_EA-libd_chr14-chr14_EA-241646-261645-dynamic-1corestotal-allcorepera-20240503-220507.rds"
[1] "File number: 178"
[1] "Loaded RDS file: ..//output_EXPANSE_a2_dlpfc/libd_chr14-chr14_EA-libd_chr14-chr14_EA-261646-281645-dynamic-1corestotal-allcorepera-20240503-220608.rds"
[1] "File number: 179"
[1] "Loaded RDS file: ..//output_EXPANSE_a2_dlpfc/libd_chr14-chr14_EA-libd_chr14-chr14_EA-281646-301645-dynamic-1corestotal-allcorepera-20240503-220709.rds"
[1] "File number: 180"
[1] "Loaded RDS file: ..//output_EXPANSE_a2_dlpfc/libd_chr14-chr14_EA-libd_chr14-chr14_EA-301646-321645-dynamic-1corestotal-allcorepera-20240503-220811.rds"
[1] "File number: 181"
[1] "Loaded RDS file: ..//output_EXPANSE_a2_dlpfc/libd_chr14-chr14_EA-libd_chr14-chr14_EA-321646-341645-dynamic-1corestotal-allcorepera-20240503-220912.rds"
[1] "File number: 182"
[1] "Loaded RDS file: ..//output_EXPANSE_a2_dlpfc/libd_chr14-chr14_EA-libd_chr14-chr14_EA-341646-361645-dynamic-1corestotal-allcorepera-20240503-221013.rds"
[1] "File number: 183"
[1] "Loaded RDS file: ..//output_EXPANSE_a2_dlpfc/libd_chr14-chr14_EA-libd_chr14-chr14_EA-361646-381645-dynamic-1corestotal-allcorepera-20240503-221114.rds"
[1] "File number: 184"
[1] "Loaded RDS file: ..//output_EXPANSE_a2_dlpfc/libd_chr14-chr14_EA-libd_chr14-chr14_EA-381646-401645-dynamic-1corestotal-allcorepera-20240503-221215.rds"
[1] "File number: 185"
[1] "Loaded RDS file: ..//output_EXPANSE_a2_dlpfc/libd_chr14-chr14_EA-libd_chr14-chr14_EA-401646-421645-dynamic-1corestotal-allcorepera-20240503-221316.rds"
[1] "File number: 186"
[1] "Loaded RDS file: ..//output_EXPANSE_a2_dlpfc/libd_chr14-chr14_EA-libd_chr14-chr14_EA-421646-441645-dynamic-1corestotal-allcorepera-20240503-221417.rds"
[1] "File number: 187"
[1] "Loaded RDS file: ..//output_EXPANSE_a2_dlpfc/libd_chr14-chr14_EA-libd_chr14-chr14_EA-441646-461645-dynamic-1corestotal-allcorepera-20240503-221518.rds"
[1] "File number: 188"
[1] "Loaded RDS file: ..//output_EXPANSE_a2_dlpfc/libd_chr14-chr14_EA-libd_chr14-chr14_EA-461646-481645-dynamic-1corestotal-allcorepera-20240503-221619.rds"
[1] "File number: 189"
[1] "Loaded RDS file: ..//output_EXPANSE_a2_dlpfc/libd_chr14-chr14_EA-libd_chr14-chr14_EA-481646-501645-dynamic-1corestotal-allcorepera-20240503-221720.rds"
[1] "File number: 190"
[1] "Loaded RDS file: ..//output_EXPANSE_a2_dlpfc/libd_chr14-chr14_EA-libd_chr14-chr14_EA-501646-521645-dynamic-1corestotal-allcorepera-20240503-221821.rds"
[1] "File number: 191"
[1] "Loaded RDS file: ..//output_EXPANSE_a2_dlpfc/libd_chr14-chr14_EA-libd_chr14-chr14_EA-521646-541645-dynamic-1corestotal-allcorepera-20240503-221922.rds"
[1] "File number: 192"
[1] "Loaded RDS file: ..//output_EXPANSE_a2_dlpfc/libd_chr14-chr14_EA-libd_chr14-chr14_EA-541646-561645-dynamic-1corestotal-allcorepera-20240503-222024.rds"
[1] "File number: 193"
[1] "Loaded RDS file: ..//output_EXPANSE_a2_dlpfc/libd_chr14-chr14_EA-libd_chr14-chr14_EA-561646-581645-dynamic-1corestotal-allcorepera-20240503-222125.rds"
[1] "File number: 194"
[1] "Loaded RDS file: ..//output_EXPANSE_a2_dlpfc/libd_chr14-chr14_EA-libd_chr14-chr14_EA-581646-601645-dynamic-1corestotal-allcorepera-20240503-222226.rds"
[1] "File number: 195"
[1] "Loaded RDS file: ..//output_EXPANSE_a2_dlpfc/libd_chr14-chr14_EA-libd_chr14-chr14_EA-601646-621645-dynamic-1corestotal-allcorepera-20240503-222327.rds"
[1] "File number: 196"
[1] "Loaded RDS file: ..//output_EXPANSE_a2_dlpfc/libd_chr14-chr14_EA-libd_chr14-chr14_EA-621646-641645-dynamic-1corestotal-allcorepera-20240503-222428.rds"
[1] "File number: 197"
[1] "Loaded RDS file: ..//output_EXPANSE_a2_dlpfc/libd_chr14-chr14_EA-libd_chr14-chr14_EA-641646-661645-dynamic-1corestotal-allcorepera-20240503-222529.rds"
[1] "File number: 198"
[1] "Loaded RDS file: ..//output_EXPANSE_a2_dlpfc/libd_chr14-chr14_EA-libd_chr14-chr14_EA-661646-681645-dynamic-1corestotal-allcorepera-20240503-222630.rds"
[1] "File number: 199"
[1] "Loaded RDS file: ..//output_EXPANSE_a2_dlpfc/libd_chr14-chr14_EA-libd_chr14-chr14_EA-681646-701645-dynamic-1corestotal-allcorepera-20240503-222731.rds"
[1] "File number: 200"
[1] "Loaded RDS file: ..//output_EXPANSE_a2_dlpfc/libd_chr14-chr14_EA-libd_chr14-chr14_EA-701646-721645-dynamic-1corestotal-allcorepera-20240503-222832.rds"
[1] "File number: 201"
[1] "Loaded RDS file: ..//output_EXPANSE_a2_dlpfc/libd_chr14-chr14_EA-libd_chr14-chr14_EA-721646-741645-dynamic-1corestotal-allcorepera-20240503-222933.rds"
[1] "File number: 202"
[1] "Loaded RDS file: ..//output_EXPANSE_a2_dlpfc/libd_chr14-chr14_EA-libd_chr14-chr14_EA-741646-761645-dynamic-1corestotal-allcorepera-20240503-223035.rds"
[1] "File number: 203"
[1] "Loaded RDS file: ..//output_EXPANSE_a2_dlpfc/libd_chr14-chr14_EA-libd_chr14-chr14_EA-761646-781645-dynamic-1corestotal-allcorepera-20240503-223136.rds"
[1] "File number: 204"
[1] "Loaded RDS file: ..//output_EXPANSE_a2_dlpfc/libd_chr14-chr14_EA-libd_chr14-chr14_EA-781646-801645-dynamic-1corestotal-allcorepera-20240503-223237.rds"
[1] "File number: 205"
[1] "Loaded RDS file: ..//output_EXPANSE_a2_dlpfc/libd_chr14-chr14_EA-libd_chr14-chr14_EA-801646-809631-dynamic-1corestotal-allcorepera-20240503-223338.rds"
[1] "File number: 206"
[1] "Loaded RDS file: ..//output_EXPANSE_a2_hippo/libd_chr14-chr14_EA-libd_chr14-chr14_EA-1646-21645-dynamic-1corestotal-allcorepera-20240503-235809.rds"
[1] "File number: 207"
[1] "Loaded RDS file: ..//output_EXPANSE_a2_hippo/libd_chr14-chr14_EA-libd_chr14-chr14_EA-21646-41645-dynamic-1corestotal-allcorepera-20240503-235910.rds"
[1] "File number: 208"
[1] "Loaded RDS file: ..//output_EXPANSE_a2_hippo/libd_chr14-chr14_EA-libd_chr14-chr14_EA-41646-61645-dynamic-1corestotal-allcorepera-20240504-000011.rds"
[1] "File number: 209"
[1] "Loaded RDS file: ..//output_EXPANSE_a2_hippo/libd_chr14-chr14_EA-libd_chr14-chr14_EA-61646-81645-dynamic-1corestotal-allcorepera-20240504-000113.rds"
[1] "File number: 210"
[1] "Loaded RDS file: ..//output_EXPANSE_a2_hippo/libd_chr14-chr14_EA-libd_chr14-chr14_EA-81646-101645-dynamic-1corestotal-allcorepera-20240504-000214.rds"
[1] "File number: 211"
[1] "Loaded RDS file: ..//output_EXPANSE_a2_hippo/libd_chr14-chr14_EA-libd_chr14-chr14_EA-101646-121645-dynamic-1corestotal-allcorepera-20240504-000315.rds"
[1] "File number: 212"
[1] "Loaded RDS file: ..//output_EXPANSE_a2_hippo/libd_chr14-chr14_EA-libd_chr14-chr14_EA-121646-141645-dynamic-1corestotal-allcorepera-20240504-000416.rds"
[1] "File number: 213"
[1] "Loaded RDS file: ..//output_EXPANSE_a2_hippo/libd_chr14-chr14_EA-libd_chr14-chr14_EA-141646-161645-dynamic-1corestotal-allcorepera-20240504-000517.rds"
[1] "File number: 214"
[1] "Loaded RDS file: ..//output_EXPANSE_a2_hippo/libd_chr14-chr14_EA-libd_chr14-chr14_EA-161646-181645-dynamic-1corestotal-allcorepera-20240504-000618.rds"
[1] "File number: 215"
[1] "Loaded RDS file: ..//output_EXPANSE_a2_hippo/libd_chr14-chr14_EA-libd_chr14-chr14_EA-181646-201645-dynamic-1corestotal-allcorepera-20240504-000719.rds"
[1] "File number: 216"
[1] "Loaded RDS file: ..//output_EXPANSE_a2_hippo/libd_chr14-chr14_EA-libd_chr14-chr14_EA-201646-221645-dynamic-1corestotal-allcorepera-20240504-000820.rds"
[1] "File number: 217"
[1] "Loaded RDS file: ..//output_EXPANSE_a2_hippo/libd_chr14-chr14_EA-libd_chr14-chr14_EA-221646-241645-dynamic-1corestotal-allcorepera-20240504-000921.rds"
[1] "File number: 218"
[1] "Loaded RDS file: ..//output_EXPANSE_a2_hippo/libd_chr14-chr14_EA-libd_chr14-chr14_EA-241646-261645-dynamic-1corestotal-allcorepera-20240504-001022.rds"
[1] "File number: 219"
[1] "Loaded RDS file: ..//output_EXPANSE_a2_hippo/libd_chr14-chr14_EA-libd_chr14-chr14_EA-261646-281645-dynamic-1corestotal-allcorepera-20240504-001123.rds"
[1] "File number: 220"
[1] "Loaded RDS file: ..//output_EXPANSE_a2_hippo/libd_chr14-chr14_EA-libd_chr14-chr14_EA-281646-301645-dynamic-1corestotal-allcorepera-20240504-001224.rds"
[1] "File number: 221"
[1] "Loaded RDS file: ..//output_EXPANSE_a2_hippo/libd_chr14-chr14_EA-libd_chr14-chr14_EA-301646-321645-dynamic-1corestotal-allcorepera-20240504-001326.rds"
[1] "File number: 222"
[1] "Loaded RDS file: ..//output_EXPANSE_a2_hippo/libd_chr14-chr14_EA-libd_chr14-chr14_EA-321646-341645-dynamic-1corestotal-allcorepera-20240504-001427.rds"
[1] "File number: 223"
[1] "Loaded RDS file: ..//output_EXPANSE_a2_hippo/libd_chr14-chr14_EA-libd_chr14-chr14_EA-341646-361645-dynamic-1corestotal-allcorepera-20240504-001528.rds"
[1] "File number: 224"
[1] "Loaded RDS file: ..//output_EXPANSE_a2_hippo/libd_chr14-chr14_EA-libd_chr14-chr14_EA-361646-381645-dynamic-1corestotal-allcorepera-20240504-001629.rds"
[1] "File number: 225"
[1] "Loaded RDS file: ..//output_EXPANSE_a2_hippo/libd_chr14-chr14_EA-libd_chr14-chr14_EA-381646-401645-dynamic-1corestotal-allcorepera-20240504-001730.rds"
[1] "File number: 226"
[1] "Loaded RDS file: ..//output_EXPANSE_a2_hippo/libd_chr14-chr14_EA-libd_chr14-chr14_EA-401646-421645-dynamic-1corestotal-allcorepera-20240504-001831.rds"
[1] "File number: 227"
[1] "Loaded RDS file: ..//output_EXPANSE_a2_hippo/libd_chr14-chr14_EA-libd_chr14-chr14_EA-421646-441645-dynamic-1corestotal-allcorepera-20240504-001932.rds"
[1] "File number: 228"
[1] "Loaded RDS file: ..//output_EXPANSE_a2_hippo/libd_chr14-chr14_EA-libd_chr14-chr14_EA-441646-461645-dynamic-1corestotal-allcorepera-20240504-002033.rds"
[1] "File number: 229"
[1] "Loaded RDS file: ..//output_EXPANSE_a2_hippo/libd_chr14-chr14_EA-libd_chr14-chr14_EA-461646-481645-dynamic-1corestotal-allcorepera-20240504-002134.rds"
[1] "File number: 230"
[1] "Loaded RDS file: ..//output_EXPANSE_a2_hippo/libd_chr14-chr14_EA-libd_chr14-chr14_EA-481646-501645-dynamic-1corestotal-allcorepera-20240504-002236.rds"
[1] "File number: 231"
[1] "Loaded RDS file: ..//output_EXPANSE_a2_hippo/libd_chr14-chr14_EA-libd_chr14-chr14_EA-501646-521645-dynamic-1corestotal-allcorepera-20240504-002337.rds"
[1] "File number: 232"
[1] "Loaded RDS file: ..//output_EXPANSE_a2_hippo/libd_chr14-chr14_EA-libd_chr14-chr14_EA-521646-541645-dynamic-1corestotal-allcorepera-20240504-002438.rds"
[1] "File number: 233"
[1] "Loaded RDS file: ..//output_EXPANSE_a2_hippo/libd_chr14-chr14_EA-libd_chr14-chr14_EA-541646-561645-dynamic-1corestotal-allcorepera-20240504-002539.rds"
[1] "File number: 234"
[1] "Loaded RDS file: ..//output_EXPANSE_a2_hippo/libd_chr14-chr14_EA-libd_chr14-chr14_EA-561646-581645-dynamic-1corestotal-allcorepera-20240504-002640.rds"
[1] "File number: 235"
[1] "Loaded RDS file: ..//output_EXPANSE_a2_hippo/libd_chr14-chr14_EA-libd_chr14-chr14_EA-581646-601645-dynamic-1corestotal-allcorepera-20240504-002741.rds"
[1] "File number: 236"
[1] "Loaded RDS file: ..//output_EXPANSE_a2_hippo/libd_chr14-chr14_EA-libd_chr14-chr14_EA-601646-621645-dynamic-1corestotal-allcorepera-20240504-002842.rds"
[1] "File number: 237"
[1] "Loaded RDS file: ..//output_EXPANSE_a2_hippo/libd_chr14-chr14_EA-libd_chr14-chr14_EA-621646-641645-dynamic-1corestotal-allcorepera-20240504-002943.rds"
[1] "File number: 238"
[1] "Loaded RDS file: ..//output_EXPANSE_a2_hippo/libd_chr14-chr14_EA-libd_chr14-chr14_EA-641646-661645-dynamic-1corestotal-allcorepera-20240504-003044.rds"
[1] "File number: 239"
[1] "Loaded RDS file: ..//output_EXPANSE_a2_hippo/libd_chr14-chr14_EA-libd_chr14-chr14_EA-661646-681645-dynamic-1corestotal-allcorepera-20240504-003146.rds"
[1] "File number: 240"
[1] "Loaded RDS file: ..//output_EXPANSE_a2_hippo/libd_chr14-chr14_EA-libd_chr14-chr14_EA-681646-701645-dynamic-1corestotal-allcorepera-20240504-003247.rds"
[1] "File number: 241"
[1] "Loaded RDS file: ..//output_EXPANSE_a2_hippo/libd_chr14-chr14_EA-libd_chr14-chr14_EA-701646-721645-dynamic-1corestotal-allcorepera-20240504-003348.rds"
[1] "File number: 242"
[1] "Loaded RDS file: ..//output_EXPANSE_a2_hippo/libd_chr14-chr14_EA-libd_chr14-chr14_EA-721646-741645-dynamic-1corestotal-allcorepera-20240504-003449.rds"
[1] "File number: 243"
[1] "Loaded RDS file: ..//output_EXPANSE_a2_hippo/libd_chr14-chr14_EA-libd_chr14-chr14_EA-741646-761645-dynamic-1corestotal-allcorepera-20240504-003550.rds"
[1] "File number: 244"
[1] "Loaded RDS file: ..//output_EXPANSE_a2_hippo/libd_chr14-chr14_EA-libd_chr14-chr14_EA-761646-781645-dynamic-1corestotal-allcorepera-20240504-003651.rds"
[1] "File number: 245"
[1] "Loaded RDS file: ..//output_EXPANSE_a2_hippo/libd_chr14-chr14_EA-libd_chr14-chr14_EA-781646-801645-dynamic-1corestotal-allcorepera-20240504-003752.rds"
[1] "File number: 246"
[1] "Loaded RDS file: ..//output_EXPANSE_a2_hippo/libd_chr14-chr14_EA-libd_chr14-chr14_EA-801646-809631-dynamic-1corestotal-allcorepera-20240504-003853.rds"
[1] "File number: 247"
[1] "Loaded RDS file: ..//output_EXPANSE_a2_caud/libd_chr14-chr14_all-libd_chr14-chr14_all-1646-21645-dynamic-1corestotal-allcorepera-20240503-190555.rds"
[1] "File number: 248"
[1] "Loaded RDS file: ..//output_EXPANSE_a2_caud/libd_chr14-chr14_all-libd_chr14-chr14_all-21646-41645-dynamic-1corestotal-allcorepera-20240503-190656.rds"
[1] "File number: 249"
[1] "Loaded RDS file: ..//output_EXPANSE_a2_caud/libd_chr14-chr14_all-libd_chr14-chr14_all-41646-61645-dynamic-1corestotal-allcorepera-20240503-190757.rds"
[1] "File number: 250"
[1] "Loaded RDS file: ..//output_EXPANSE_a2_caud/libd_chr14-chr14_all-libd_chr14-chr14_all-61646-81645-dynamic-1corestotal-allcorepera-20240503-190858.rds"
[1] "File number: 251"
[1] "Loaded RDS file: ..//output_EXPANSE_a2_caud/libd_chr14-chr14_all-libd_chr14-chr14_all-81646-101645-dynamic-1corestotal-allcorepera-20240503-190959.rds"
[1] "File number: 252"
[1] "Loaded RDS file: ..//output_EXPANSE_a2_caud/libd_chr14-chr14_all-libd_chr14-chr14_all-101646-121645-dynamic-1corestotal-allcorepera-20240503-191100.rds"
[1] "File number: 253"
[1] "Loaded RDS file: ..//output_EXPANSE_a2_caud/libd_chr14-chr14_all-libd_chr14-chr14_all-121646-141645-dynamic-1corestotal-allcorepera-20240503-191201.rds"
[1] "File number: 254"
[1] "Loaded RDS file: ..//output_EXPANSE_a2_caud/libd_chr14-chr14_all-libd_chr14-chr14_all-141646-161645-dynamic-1corestotal-allcorepera-20240503-191302.rds"
[1] "File number: 255"
[1] "Loaded RDS file: ..//output_EXPANSE_a2_caud/libd_chr14-chr14_all-libd_chr14-chr14_all-161646-181645-dynamic-1corestotal-allcorepera-20240503-191403.rds"
[1] "File number: 256"
[1] "Loaded RDS file: ..//output_EXPANSE_a2_caud/libd_chr14-chr14_all-libd_chr14-chr14_all-181646-201645-dynamic-1corestotal-allcorepera-20240503-191505.rds"
[1] "File number: 257"
[1] "Loaded RDS file: ..//output_EXPANSE_a2_caud/libd_chr14-chr14_all-libd_chr14-chr14_all-201646-221645-dynamic-1corestotal-allcorepera-20240503-191606.rds"
[1] "File number: 258"
[1] "Loaded RDS file: ..//output_EXPANSE_a2_caud/libd_chr14-chr14_all-libd_chr14-chr14_all-221646-241645-dynamic-1corestotal-allcorepera-20240503-191707.rds"
[1] "File number: 259"
[1] "Loaded RDS file: ..//output_EXPANSE_a2_caud/libd_chr14-chr14_all-libd_chr14-chr14_all-241646-261645-dynamic-1corestotal-allcorepera-20240503-191808.rds"
[1] "File number: 260"
[1] "Loaded RDS file: ..//output_EXPANSE_a2_caud/libd_chr14-chr14_all-libd_chr14-chr14_all-261646-281645-dynamic-1corestotal-allcorepera-20240503-191909.rds"
[1] "File number: 261"
[1] "Loaded RDS file: ..//output_EXPANSE_a2_caud/libd_chr14-chr14_all-libd_chr14-chr14_all-281646-301645-dynamic-1corestotal-allcorepera-20240503-192010.rds"
[1] "File number: 262"
[1] "Loaded RDS file: ..//output_EXPANSE_a2_caud/libd_chr14-chr14_all-libd_chr14-chr14_all-301646-321645-dynamic-1corestotal-allcorepera-20240503-192111.rds"
[1] "File number: 263"
[1] "Loaded RDS file: ..//output_EXPANSE_a2_caud/libd_chr14-chr14_all-libd_chr14-chr14_all-321646-341645-dynamic-1corestotal-allcorepera-20240503-192212.rds"
[1] "File number: 264"
[1] "Loaded RDS file: ..//output_EXPANSE_a2_caud/libd_chr14-chr14_all-libd_chr14-chr14_all-341646-361645-dynamic-1corestotal-allcorepera-20240503-192313.rds"
[1] "File number: 265"
[1] "Loaded RDS file: ..//output_EXPANSE_a2_caud/libd_chr14-chr14_all-libd_chr14-chr14_all-361646-381645-dynamic-1corestotal-allcorepera-20240503-192414.rds"
[1] "File number: 266"
[1] "Loaded RDS file: ..//output_EXPANSE_a2_caud/libd_chr14-chr14_all-libd_chr14-chr14_all-381646-401645-dynamic-1corestotal-allcorepera-20240503-192516.rds"
[1] "File number: 267"
[1] "Loaded RDS file: ..//output_EXPANSE_a2_caud/libd_chr14-chr14_all-libd_chr14-chr14_all-401646-421645-dynamic-1corestotal-allcorepera-20240503-192617.rds"
[1] "File number: 268"
[1] "Loaded RDS file: ..//output_EXPANSE_a2_caud/libd_chr14-chr14_all-libd_chr14-chr14_all-421646-441645-dynamic-1corestotal-allcorepera-20240503-192718.rds"
[1] "File number: 269"
[1] "Loaded RDS file: ..//output_EXPANSE_a2_caud/libd_chr14-chr14_all-libd_chr14-chr14_all-441646-461645-dynamic-1corestotal-allcorepera-20240503-192819.rds"
[1] "File number: 270"
[1] "Loaded RDS file: ..//output_EXPANSE_a2_caud/libd_chr14-chr14_all-libd_chr14-chr14_all-461646-481645-dynamic-1corestotal-allcorepera-20240503-192920.rds"
[1] "File number: 271"
[1] "Loaded RDS file: ..//output_EXPANSE_a2_caud/libd_chr14-chr14_all-libd_chr14-chr14_all-481646-501645-dynamic-1corestotal-allcorepera-20240503-193021.rds"
[1] "File number: 272"
[1] "Loaded RDS file: ..//output_EXPANSE_a2_caud/libd_chr14-chr14_all-libd_chr14-chr14_all-501646-521645-dynamic-1corestotal-allcorepera-20240503-193122.rds"
[1] "File number: 273"
[1] "Loaded RDS file: ..//output_EXPANSE_a2_caud/libd_chr14-chr14_all-libd_chr14-chr14_all-521646-541645-dynamic-1corestotal-allcorepera-20240503-193223.rds"
[1] "File number: 274"
[1] "Loaded RDS file: ..//output_EXPANSE_a2_caud/libd_chr14-chr14_all-libd_chr14-chr14_all-541646-561645-dynamic-1corestotal-allcorepera-20240503-193324.rds"
[1] "File number: 275"
[1] "Loaded RDS file: ..//output_EXPANSE_a2_caud/libd_chr14-chr14_all-libd_chr14-chr14_all-561646-581645-dynamic-1corestotal-allcorepera-20240503-193425.rds"
[1] "File number: 276"
[1] "Loaded RDS file: ..//output_EXPANSE_a2_caud/libd_chr14-chr14_all-libd_chr14-chr14_all-581646-601645-dynamic-1corestotal-allcorepera-20240503-193526.rds"
[1] "File number: 277"
[1] "Loaded RDS file: ..//output_EXPANSE_a2_caud/libd_chr14-chr14_all-libd_chr14-chr14_all-601646-621645-dynamic-1corestotal-allcorepera-20240503-193628.rds"
[1] "File number: 278"
[1] "Loaded RDS file: ..//output_EXPANSE_a2_caud/libd_chr14-chr14_all-libd_chr14-chr14_all-621646-641645-dynamic-1corestotal-allcorepera-20240503-193729.rds"
[1] "File number: 279"
[1] "Loaded RDS file: ..//output_EXPANSE_a2_caud/libd_chr14-chr14_all-libd_chr14-chr14_all-641646-661645-dynamic-1corestotal-allcorepera-20240503-193830.rds"
[1] "File number: 280"
[1] "Loaded RDS file: ..//output_EXPANSE_a2_caud/libd_chr14-chr14_all-libd_chr14-chr14_all-661646-681645-dynamic-1corestotal-allcorepera-20240503-193931.rds"
[1] "File number: 281"
[1] "Loaded RDS file: ..//output_EXPANSE_a2_caud/libd_chr14-chr14_all-libd_chr14-chr14_all-681646-701645-dynamic-1corestotal-allcorepera-20240503-194032.rds"
[1] "File number: 282"
[1] "Loaded RDS file: ..//output_EXPANSE_a2_caud/libd_chr14-chr14_all-libd_chr14-chr14_all-701646-721645-dynamic-1corestotal-allcorepera-20240503-194133.rds"
[1] "File number: 283"
[1] "Loaded RDS file: ..//output_EXPANSE_a2_caud/libd_chr14-chr14_all-libd_chr14-chr14_all-721646-741645-dynamic-1corestotal-allcorepera-20240503-194234.rds"
[1] "File number: 284"
[1] "Loaded RDS file: ..//output_EXPANSE_a2_caud/libd_chr14-chr14_all-libd_chr14-chr14_all-741646-761645-dynamic-1corestotal-allcorepera-20240503-194335.rds"
[1] "File number: 285"
[1] "Loaded RDS file: ..//output_EXPANSE_a2_caud/libd_chr14-chr14_all-libd_chr14-chr14_all-761646-781645-dynamic-1corestotal-allcorepera-20240503-194436.rds"
[1] "File number: 286"
[1] "Loaded RDS file: ..//output_EXPANSE_a2_caud/libd_chr14-chr14_all-libd_chr14-chr14_all-781646-801645-dynamic-1corestotal-allcorepera-20240503-194537.rds"
[1] "File number: 287"
[1] "Loaded RDS file: ..//output_EXPANSE_a2_caud/libd_chr14-chr14_all-libd_chr14-chr14_all-801646-809631-dynamic-1corestotal-allcorepera-20240503-194638.rds"
[1] "File number: 288"
[1] "Loaded RDS file: ..//output_EXPANSE_a2_dlpfc/libd_chr14-chr14_all-libd_chr14-chr14_all-1646-21645-dynamic-1corestotal-allcorepera-20240503-211110.rds"
[1] "File number: 289"
[1] "Loaded RDS file: ..//output_EXPANSE_a2_dlpfc/libd_chr14-chr14_all-libd_chr14-chr14_all-21646-41645-dynamic-1corestotal-allcorepera-20240503-211211.rds"
[1] "File number: 290"
[1] "Loaded RDS file: ..//output_EXPANSE_a2_dlpfc/libd_chr14-chr14_all-libd_chr14-chr14_all-41646-61645-dynamic-1corestotal-allcorepera-20240503-211312.rds"
[1] "File number: 291"
[1] "Loaded RDS file: ..//output_EXPANSE_a2_dlpfc/libd_chr14-chr14_all-libd_chr14-chr14_all-61646-81645-dynamic-1corestotal-allcorepera-20240503-211413.rds"
[1] "File number: 292"
[1] "Loaded RDS file: ..//output_EXPANSE_a2_dlpfc/libd_chr14-chr14_all-libd_chr14-chr14_all-81646-101645-dynamic-1corestotal-allcorepera-20240503-211514.rds"
[1] "File number: 293"
[1] "Loaded RDS file: ..//output_EXPANSE_a2_dlpfc/libd_chr14-chr14_all-libd_chr14-chr14_all-101646-121645-dynamic-1corestotal-allcorepera-20240503-211615.rds"
[1] "File number: 294"
[1] "Loaded RDS file: ..//output_EXPANSE_a2_dlpfc/libd_chr14-chr14_all-libd_chr14-chr14_all-121646-141645-dynamic-1corestotal-allcorepera-20240503-211716.rds"
[1] "File number: 295"
[1] "Loaded RDS file: ..//output_EXPANSE_a2_dlpfc/libd_chr14-chr14_all-libd_chr14-chr14_all-141646-161645-dynamic-1corestotal-allcorepera-20240503-211817.rds"
[1] "File number: 296"
[1] "Loaded RDS file: ..//output_EXPANSE_a2_dlpfc/libd_chr14-chr14_all-libd_chr14-chr14_all-161646-181645-dynamic-1corestotal-allcorepera-20240503-211918.rds"
[1] "File number: 297"
[1] "Loaded RDS file: ..//output_EXPANSE_a2_dlpfc/libd_chr14-chr14_all-libd_chr14-chr14_all-181646-201645-dynamic-1corestotal-allcorepera-20240503-212019.rds"
[1] "File number: 298"
[1] "Loaded RDS file: ..//output_EXPANSE_a2_dlpfc/libd_chr14-chr14_all-libd_chr14-chr14_all-201646-221645-dynamic-1corestotal-allcorepera-20240503-212120.rds"
[1] "File number: 299"
[1] "Loaded RDS file: ..//output_EXPANSE_a2_dlpfc/libd_chr14-chr14_all-libd_chr14-chr14_all-221646-241645-dynamic-1corestotal-allcorepera-20240503-212222.rds"
[1] "File number: 300"
[1] "Loaded RDS file: ..//output_EXPANSE_a2_dlpfc/libd_chr14-chr14_all-libd_chr14-chr14_all-241646-261645-dynamic-1corestotal-allcorepera-20240503-212323.rds"
[1] "File number: 301"
[1] "Loaded RDS file: ..//output_EXPANSE_a2_dlpfc/libd_chr14-chr14_all-libd_chr14-chr14_all-261646-281645-dynamic-1corestotal-allcorepera-20240503-212424.rds"
[1] "File number: 302"
[1] "Loaded RDS file: ..//output_EXPANSE_a2_dlpfc/libd_chr14-chr14_all-libd_chr14-chr14_all-281646-301645-dynamic-1corestotal-allcorepera-20240503-212525.rds"
[1] "File number: 303"
[1] "Loaded RDS file: ..//output_EXPANSE_a2_dlpfc/libd_chr14-chr14_all-libd_chr14-chr14_all-301646-321645-dynamic-1corestotal-allcorepera-20240503-212626.rds"
[1] "File number: 304"
[1] "Loaded RDS file: ..//output_EXPANSE_a2_dlpfc/libd_chr14-chr14_all-libd_chr14-chr14_all-321646-341645-dynamic-1corestotal-allcorepera-20240503-212727.rds"
[1] "File number: 305"
[1] "Loaded RDS file: ..//output_EXPANSE_a2_dlpfc/libd_chr14-chr14_all-libd_chr14-chr14_all-341646-361645-dynamic-1corestotal-allcorepera-20240503-212828.rds"
[1] "File number: 306"
[1] "Loaded RDS file: ..//output_EXPANSE_a2_dlpfc/libd_chr14-chr14_all-libd_chr14-chr14_all-361646-381645-dynamic-1corestotal-allcorepera-20240503-212929.rds"
[1] "File number: 307"
[1] "Loaded RDS file: ..//output_EXPANSE_a2_dlpfc/libd_chr14-chr14_all-libd_chr14-chr14_all-381646-401645-dynamic-1corestotal-allcorepera-20240503-213030.rds"
[1] "File number: 308"
[1] "Loaded RDS file: ..//output_EXPANSE_a2_dlpfc/libd_chr14-chr14_all-libd_chr14-chr14_all-401646-421645-dynamic-1corestotal-allcorepera-20240503-213131.rds"
[1] "File number: 309"
[1] "Loaded RDS file: ..//output_EXPANSE_a2_dlpfc/libd_chr14-chr14_all-libd_chr14-chr14_all-421646-441645-dynamic-1corestotal-allcorepera-20240503-213232.rds"
[1] "File number: 310"
[1] "Loaded RDS file: ..//output_EXPANSE_a2_dlpfc/libd_chr14-chr14_all-libd_chr14-chr14_all-441646-461645-dynamic-1corestotal-allcorepera-20240503-213333.rds"
[1] "File number: 311"
[1] "Loaded RDS file: ..//output_EXPANSE_a2_dlpfc/libd_chr14-chr14_all-libd_chr14-chr14_all-461646-481645-dynamic-1corestotal-allcorepera-20240503-213435.rds"
[1] "File number: 312"
[1] "Loaded RDS file: ..//output_EXPANSE_a2_dlpfc/libd_chr14-chr14_all-libd_chr14-chr14_all-481646-501645-dynamic-1corestotal-allcorepera-20240503-213536.rds"
[1] "File number: 313"
[1] "Loaded RDS file: ..//output_EXPANSE_a2_dlpfc/libd_chr14-chr14_all-libd_chr14-chr14_all-501646-521645-dynamic-1corestotal-allcorepera-20240503-213637.rds"
[1] "File number: 314"
[1] "Loaded RDS file: ..//output_EXPANSE_a2_dlpfc/libd_chr14-chr14_all-libd_chr14-chr14_all-521646-541645-dynamic-1corestotal-allcorepera-20240503-213738.rds"
[1] "File number: 315"
[1] "Loaded RDS file: ..//output_EXPANSE_a2_dlpfc/libd_chr14-chr14_all-libd_chr14-chr14_all-541646-561645-dynamic-1corestotal-allcorepera-20240503-213839.rds"
[1] "File number: 316"
[1] "Loaded RDS file: ..//output_EXPANSE_a2_dlpfc/libd_chr14-chr14_all-libd_chr14-chr14_all-561646-581645-dynamic-1corestotal-allcorepera-20240503-213940.rds"
[1] "File number: 317"
[1] "Loaded RDS file: ..//output_EXPANSE_a2_dlpfc/libd_chr14-chr14_all-libd_chr14-chr14_all-581646-601645-dynamic-1corestotal-allcorepera-20240503-214041.rds"
[1] "File number: 318"
[1] "Loaded RDS file: ..//output_EXPANSE_a2_dlpfc/libd_chr14-chr14_all-libd_chr14-chr14_all-601646-621645-dynamic-1corestotal-allcorepera-20240503-214142.rds"
[1] "File number: 319"
[1] "Loaded RDS file: ..//output_EXPANSE_a2_dlpfc/libd_chr14-chr14_all-libd_chr14-chr14_all-621646-641645-dynamic-1corestotal-allcorepera-20240503-214243.rds"
[1] "File number: 320"
[1] "Loaded RDS file: ..//output_EXPANSE_a2_dlpfc/libd_chr14-chr14_all-libd_chr14-chr14_all-641646-661645-dynamic-1corestotal-allcorepera-20240503-214344.rds"
[1] "File number: 321"
[1] "Loaded RDS file: ..//output_EXPANSE_a2_dlpfc/libd_chr14-chr14_all-libd_chr14-chr14_all-661646-681645-dynamic-1corestotal-allcorepera-20240503-214446.rds"
[1] "File number: 322"
[1] "Loaded RDS file: ..//output_EXPANSE_a2_dlpfc/libd_chr14-chr14_all-libd_chr14-chr14_all-681646-701645-dynamic-1corestotal-allcorepera-20240503-214547.rds"
[1] "File number: 323"
[1] "Loaded RDS file: ..//output_EXPANSE_a2_dlpfc/libd_chr14-chr14_all-libd_chr14-chr14_all-701646-721645-dynamic-1corestotal-allcorepera-20240503-214648.rds"
[1] "File number: 324"
[1] "Loaded RDS file: ..//output_EXPANSE_a2_dlpfc/libd_chr14-chr14_all-libd_chr14-chr14_all-721646-741645-dynamic-1corestotal-allcorepera-20240503-214749.rds"
[1] "File number: 325"
[1] "Loaded RDS file: ..//output_EXPANSE_a2_dlpfc/libd_chr14-chr14_all-libd_chr14-chr14_all-741646-761645-dynamic-1corestotal-allcorepera-20240503-214850.rds"
[1] "File number: 326"
[1] "Loaded RDS file: ..//output_EXPANSE_a2_dlpfc/libd_chr14-chr14_all-libd_chr14-chr14_all-761646-781645-dynamic-1corestotal-allcorepera-20240503-214951.rds"
[1] "File number: 327"
[1] "Loaded RDS file: ..//output_EXPANSE_a2_dlpfc/libd_chr14-chr14_all-libd_chr14-chr14_all-781646-801645-dynamic-1corestotal-allcorepera-20240503-215052.rds"
[1] "File number: 328"
[1] "Loaded RDS file: ..//output_EXPANSE_a2_dlpfc/libd_chr14-chr14_all-libd_chr14-chr14_all-801646-809631-dynamic-1corestotal-allcorepera-20240503-215153.rds"
[1] "File number: 329"
[1] "Loaded RDS file: ..//output_EXPANSE_a2_hippo/libd_chr14-chr14_all-libd_chr14-chr14_all-1646-21645-dynamic-1corestotal-allcorepera-20240503-231624.rds"
[1] "File number: 330"
[1] "Loaded RDS file: ..//output_EXPANSE_a2_hippo/libd_chr14-chr14_all-libd_chr14-chr14_all-21646-41645-dynamic-1corestotal-allcorepera-20240503-231725.rds"
[1] "File number: 331"
[1] "Loaded RDS file: ..//output_EXPANSE_a2_hippo/libd_chr14-chr14_all-libd_chr14-chr14_all-41646-61645-dynamic-1corestotal-allcorepera-20240503-231826.rds"
[1] "File number: 332"
[1] "Loaded RDS file: ..//output_EXPANSE_a2_hippo/libd_chr14-chr14_all-libd_chr14-chr14_all-61646-81645-dynamic-1corestotal-allcorepera-20240503-231927.rds"
[1] "File number: 333"
[1] "Loaded RDS file: ..//output_EXPANSE_a2_hippo/libd_chr14-chr14_all-libd_chr14-chr14_all-81646-101645-dynamic-1corestotal-allcorepera-20240503-232029.rds"
[1] "File number: 334"
[1] "Loaded RDS file: ..//output_EXPANSE_a2_hippo/libd_chr14-chr14_all-libd_chr14-chr14_all-101646-121645-dynamic-1corestotal-allcorepera-20240503-232130.rds"
[1] "File number: 335"
[1] "Loaded RDS file: ..//output_EXPANSE_a2_hippo/libd_chr14-chr14_all-libd_chr14-chr14_all-121646-141645-dynamic-1corestotal-allcorepera-20240503-232231.rds"
[1] "File number: 336"
[1] "Loaded RDS file: ..//output_EXPANSE_a2_hippo/libd_chr14-chr14_all-libd_chr14-chr14_all-141646-161645-dynamic-1corestotal-allcorepera-20240503-232332.rds"
[1] "File number: 337"
[1] "Loaded RDS file: ..//output_EXPANSE_a2_hippo/libd_chr14-chr14_all-libd_chr14-chr14_all-161646-181645-dynamic-1corestotal-allcorepera-20240503-232433.rds"
[1] "File number: 338"
[1] "Loaded RDS file: ..//output_EXPANSE_a2_hippo/libd_chr14-chr14_all-libd_chr14-chr14_all-181646-201645-dynamic-1corestotal-allcorepera-20240503-232534.rds"
[1] "File number: 339"
[1] "Loaded RDS file: ..//output_EXPANSE_a2_hippo/libd_chr14-chr14_all-libd_chr14-chr14_all-201646-221645-dynamic-1corestotal-allcorepera-20240503-232635.rds"
[1] "File number: 340"
[1] "Loaded RDS file: ..//output_EXPANSE_a2_hippo/libd_chr14-chr14_all-libd_chr14-chr14_all-221646-241645-dynamic-1corestotal-allcorepera-20240503-232736.rds"
[1] "File number: 341"
[1] "Loaded RDS file: ..//output_EXPANSE_a2_hippo/libd_chr14-chr14_all-libd_chr14-chr14_all-241646-261645-dynamic-1corestotal-allcorepera-20240503-232837.rds"
[1] "File number: 342"
[1] "Loaded RDS file: ..//output_EXPANSE_a2_hippo/libd_chr14-chr14_all-libd_chr14-chr14_all-261646-281645-dynamic-1corestotal-allcorepera-20240503-232938.rds"
[1] "File number: 343"
[1] "Loaded RDS file: ..//output_EXPANSE_a2_hippo/libd_chr14-chr14_all-libd_chr14-chr14_all-281646-301645-dynamic-1corestotal-allcorepera-20240503-233040.rds"
[1] "File number: 344"
[1] "Loaded RDS file: ..//output_EXPANSE_a2_hippo/libd_chr14-chr14_all-libd_chr14-chr14_all-301646-321645-dynamic-1corestotal-allcorepera-20240503-233141.rds"
[1] "File number: 345"
[1] "Loaded RDS file: ..//output_EXPANSE_a2_hippo/libd_chr14-chr14_all-libd_chr14-chr14_all-321646-341645-dynamic-1corestotal-allcorepera-20240503-233242.rds"
[1] "File number: 346"
[1] "Loaded RDS file: ..//output_EXPANSE_a2_hippo/libd_chr14-chr14_all-libd_chr14-chr14_all-341646-361645-dynamic-1corestotal-allcorepera-20240503-233343.rds"
[1] "File number: 347"
[1] "Loaded RDS file: ..//output_EXPANSE_a2_hippo/libd_chr14-chr14_all-libd_chr14-chr14_all-361646-381645-dynamic-1corestotal-allcorepera-20240503-233444.rds"
[1] "File number: 348"
[1] "Loaded RDS file: ..//output_EXPANSE_a2_hippo/libd_chr14-chr14_all-libd_chr14-chr14_all-381646-401645-dynamic-1corestotal-allcorepera-20240503-233545.rds"
[1] "File number: 349"
[1] "Loaded RDS file: ..//output_EXPANSE_a2_hippo/libd_chr14-chr14_all-libd_chr14-chr14_all-401646-421645-dynamic-1corestotal-allcorepera-20240503-233646.rds"
[1] "File number: 350"
[1] "Loaded RDS file: ..//output_EXPANSE_a2_hippo/libd_chr14-chr14_all-libd_chr14-chr14_all-421646-441645-dynamic-1corestotal-allcorepera-20240503-233747.rds"
[1] "File number: 351"
[1] "Loaded RDS file: ..//output_EXPANSE_a2_hippo/libd_chr14-chr14_all-libd_chr14-chr14_all-441646-461645-dynamic-1corestotal-allcorepera-20240503-233848.rds"
[1] "File number: 352"
[1] "Loaded RDS file: ..//output_EXPANSE_a2_hippo/libd_chr14-chr14_all-libd_chr14-chr14_all-461646-481645-dynamic-1corestotal-allcorepera-20240503-233950.rds"
[1] "File number: 353"
[1] "Loaded RDS file: ..//output_EXPANSE_a2_hippo/libd_chr14-chr14_all-libd_chr14-chr14_all-481646-501645-dynamic-1corestotal-allcorepera-20240503-234051.rds"
[1] "File number: 354"
[1] "Loaded RDS file: ..//output_EXPANSE_a2_hippo/libd_chr14-chr14_all-libd_chr14-chr14_all-501646-521645-dynamic-1corestotal-allcorepera-20240503-234152.rds"
[1] "File number: 355"
[1] "Loaded RDS file: ..//output_EXPANSE_a2_hippo/libd_chr14-chr14_all-libd_chr14-chr14_all-521646-541645-dynamic-1corestotal-allcorepera-20240503-234253.rds"
[1] "File number: 356"
[1] "Loaded RDS file: ..//output_EXPANSE_a2_hippo/libd_chr14-chr14_all-libd_chr14-chr14_all-541646-561645-dynamic-1corestotal-allcorepera-20240503-234354.rds"
[1] "File number: 357"
[1] "Loaded RDS file: ..//output_EXPANSE_a2_hippo/libd_chr14-chr14_all-libd_chr14-chr14_all-561646-581645-dynamic-1corestotal-allcorepera-20240503-234455.rds"
[1] "File number: 358"
[1] "Loaded RDS file: ..//output_EXPANSE_a2_hippo/libd_chr14-chr14_all-libd_chr14-chr14_all-581646-601645-dynamic-1corestotal-allcorepera-20240503-234556.rds"
[1] "File number: 359"
[1] "Loaded RDS file: ..//output_EXPANSE_a2_hippo/libd_chr14-chr14_all-libd_chr14-chr14_all-601646-621645-dynamic-1corestotal-allcorepera-20240503-234657.rds"
[1] "File number: 360"
[1] "Loaded RDS file: ..//output_EXPANSE_a2_hippo/libd_chr14-chr14_all-libd_chr14-chr14_all-621646-641645-dynamic-1corestotal-allcorepera-20240503-234758.rds"
[1] "File number: 361"
[1] "Loaded RDS file: ..//output_EXPANSE_a2_hippo/libd_chr14-chr14_all-libd_chr14-chr14_all-641646-661645-dynamic-1corestotal-allcorepera-20240503-234859.rds"
[1] "File number: 362"
[1] "Loaded RDS file: ..//output_EXPANSE_a2_hippo/libd_chr14-chr14_all-libd_chr14-chr14_all-661646-681645-dynamic-1corestotal-allcorepera-20240503-235000.rds"
[1] "File number: 363"
[1] "Loaded RDS file: ..//output_EXPANSE_a2_hippo/libd_chr14-chr14_all-libd_chr14-chr14_all-681646-701645-dynamic-1corestotal-allcorepera-20240503-235102.rds"
[1] "File number: 364"
[1] "Loaded RDS file: ..//output_EXPANSE_a2_hippo/libd_chr14-chr14_all-libd_chr14-chr14_all-701646-721645-dynamic-1corestotal-allcorepera-20240503-235203.rds"
[1] "File number: 365"
[1] "Loaded RDS file: ..//output_EXPANSE_a2_hippo/libd_chr14-chr14_all-libd_chr14-chr14_all-721646-741645-dynamic-1corestotal-allcorepera-20240503-235304.rds"
[1] "File number: 366"
[1] "Loaded RDS file: ..//output_EXPANSE_a2_hippo/libd_chr14-chr14_all-libd_chr14-chr14_all-741646-761645-dynamic-1corestotal-allcorepera-20240503-235405.rds"
[1] "File number: 367"
[1] "Loaded RDS file: ..//output_EXPANSE_a2_hippo/libd_chr14-chr14_all-libd_chr14-chr14_all-761646-781645-dynamic-1corestotal-allcorepera-20240503-235506.rds"
[1] "File number: 368"
[1] "Loaded RDS file: ..//output_EXPANSE_a2_hippo/libd_chr14-chr14_all-libd_chr14-chr14_all-781646-801645-dynamic-1corestotal-allcorepera-20240503-235607.rds"
[1] "File number: 369"
[1] "Loaded RDS file: ..//output_EXPANSE_a2_hippo/libd_chr14-chr14_all-libd_chr14-chr14_all-801646-809631-dynamic-1corestotal-allcorepera-20240503-235708.rds"
