[1] "Starting genome file processing"
[1] "Processing genome file index: 13"
[1] "Loaded SNP data"
[1] "Files for this Chr:"
[1] 352
[1] "File number: 1"
[1] "Loaded RDS file: ..//output_EXPANSE_a2_caud/libd_chr13-chr13_AA-libd_chr13-chr13_AA-6198-26197-dynamic-1corestotal-allcorepera-20240503-090329.rds"
[1] "File number: 2"
[1] "Loaded RDS file: ..//output_EXPANSE_a2_caud/libd_chr13-chr13_AA-libd_chr13-chr13_AA-6198-26197-dynamic-1corestotal-allcorepera-20240503-122601.rds"
[1] "File number: 3"
[1] "Loaded RDS file: ..//output_EXPANSE_a2_caud/libd_chr13-chr13_AA-libd_chr13-chr13_AA-26198-46197-dynamic-1corestotal-allcorepera-20240503-122702.rds"
[1] "File number: 4"
[1] "Loaded RDS file: ..//output_EXPANSE_a2_caud/libd_chr13-chr13_AA-libd_chr13-chr13_AA-46198-66197-dynamic-1corestotal-allcorepera-20240503-122803.rds"
[1] "File number: 5"
[1] "Loaded RDS file: ..//output_EXPANSE_a2_caud/libd_chr13-chr13_AA-libd_chr13-chr13_AA-66198-86197-dynamic-1corestotal-allcorepera-20240503-122905.rds"
[1] "File number: 6"
[1] "Loaded RDS file: ..//output_EXPANSE_a2_caud/libd_chr13-chr13_AA-libd_chr13-chr13_AA-86198-106197-dynamic-1corestotal-allcorepera-20240503-123006.rds"
[1] "File number: 7"
[1] "Loaded RDS file: ..//output_EXPANSE_a2_caud/libd_chr13-chr13_AA-libd_chr13-chr13_AA-106198-126197-dynamic-1corestotal-allcorepera-20240503-123107.rds"
[1] "File number: 8"
[1] "Loaded RDS file: ..//output_EXPANSE_a2_caud/libd_chr13-chr13_AA-libd_chr13-chr13_AA-126198-146197-dynamic-1corestotal-allcorepera-20240503-123208.rds"
[1] "File number: 9"
[1] "Loaded RDS file: ..//output_EXPANSE_a2_caud/libd_chr13-chr13_AA-libd_chr13-chr13_AA-146198-166197-dynamic-1corestotal-allcorepera-20240503-123309.rds"
[1] "File number: 10"
[1] "Loaded RDS file: ..//output_EXPANSE_a2_caud/libd_chr13-chr13_AA-libd_chr13-chr13_AA-166198-186197-dynamic-1corestotal-allcorepera-20240503-123410.rds"
[1] "File number: 11"
[1] "Loaded RDS file: ..//output_EXPANSE_a2_caud/libd_chr13-chr13_AA-libd_chr13-chr13_AA-186198-206197-dynamic-1corestotal-allcorepera-20240503-123511.rds"
[1] "File number: 12"
[1] "Loaded RDS file: ..//output_EXPANSE_a2_caud/libd_chr13-chr13_AA-libd_chr13-chr13_AA-206198-226197-dynamic-1corestotal-allcorepera-20240503-123612.rds"
[1] "File number: 13"
[1] "Loaded RDS file: ..//output_EXPANSE_a2_caud/libd_chr13-chr13_AA-libd_chr13-chr13_AA-226198-246197-dynamic-1corestotal-allcorepera-20240503-123713.rds"
[1] "File number: 14"
[1] "Loaded RDS file: ..//output_EXPANSE_a2_caud/libd_chr13-chr13_AA-libd_chr13-chr13_AA-246198-266197-dynamic-1corestotal-allcorepera-20240503-123814.rds"
[1] "File number: 15"
[1] "Loaded RDS file: ..//output_EXPANSE_a2_caud/libd_chr13-chr13_AA-libd_chr13-chr13_AA-266198-286197-dynamic-1corestotal-allcorepera-20240503-123916.rds"
[1] "File number: 16"
[1] "Loaded RDS file: ..//output_EXPANSE_a2_caud/libd_chr13-chr13_AA-libd_chr13-chr13_AA-286198-306197-dynamic-1corestotal-allcorepera-20240503-124017.rds"
[1] "File number: 17"
[1] "Loaded RDS file: ..//output_EXPANSE_a2_caud/libd_chr13-chr13_AA-libd_chr13-chr13_AA-306198-326197-dynamic-1corestotal-allcorepera-20240503-124118.rds"
[1] "File number: 18"
[1] "Loaded RDS file: ..//output_EXPANSE_a2_caud/libd_chr13-chr13_AA-libd_chr13-chr13_AA-326198-346197-dynamic-1corestotal-allcorepera-20240503-124219.rds"
[1] "File number: 19"
[1] "Loaded RDS file: ..//output_EXPANSE_a2_caud/libd_chr13-chr13_AA-libd_chr13-chr13_AA-346198-366197-dynamic-1corestotal-allcorepera-20240503-124320.rds"
[1] "File number: 20"
[1] "Loaded RDS file: ..//output_EXPANSE_a2_caud/libd_chr13-chr13_AA-libd_chr13-chr13_AA-366198-386197-dynamic-1corestotal-allcorepera-20240503-124421.rds"
[1] "File number: 21"
[1] "Loaded RDS file: ..//output_EXPANSE_a2_caud/libd_chr13-chr13_AA-libd_chr13-chr13_AA-386198-406197-dynamic-1corestotal-allcorepera-20240503-124522.rds"
[1] "File number: 22"
[1] "Loaded RDS file: ..//output_EXPANSE_a2_caud/libd_chr13-chr13_AA-libd_chr13-chr13_AA-406198-426197-dynamic-1corestotal-allcorepera-20240503-124623.rds"
[1] "File number: 23"
[1] "Loaded RDS file: ..//output_EXPANSE_a2_caud/libd_chr13-chr13_AA-libd_chr13-chr13_AA-426198-446197-dynamic-1corestotal-allcorepera-20240503-124724.rds"
[1] "File number: 24"
[1] "Loaded RDS file: ..//output_EXPANSE_a2_caud/libd_chr13-chr13_AA-libd_chr13-chr13_AA-446198-466197-dynamic-1corestotal-allcorepera-20240503-124826.rds"
[1] "File number: 25"
[1] "Loaded RDS file: ..//output_EXPANSE_a2_caud/libd_chr13-chr13_AA-libd_chr13-chr13_AA-466198-486197-dynamic-1corestotal-allcorepera-20240503-124927.rds"
[1] "File number: 26"
[1] "Loaded RDS file: ..//output_EXPANSE_a2_caud/libd_chr13-chr13_AA-libd_chr13-chr13_AA-486198-506197-dynamic-1corestotal-allcorepera-20240503-125028.rds"
[1] "File number: 27"
[1] "Loaded RDS file: ..//output_EXPANSE_a2_caud/libd_chr13-chr13_AA-libd_chr13-chr13_AA-506198-526197-dynamic-1corestotal-allcorepera-20240503-125129.rds"
[1] "File number: 28"
[1] "Loaded RDS file: ..//output_EXPANSE_a2_caud/libd_chr13-chr13_AA-libd_chr13-chr13_AA-526198-546197-dynamic-1corestotal-allcorepera-20240503-125230.rds"
[1] "File number: 29"
[1] "Loaded RDS file: ..//output_EXPANSE_a2_caud/libd_chr13-chr13_AA-libd_chr13-chr13_AA-546198-566197-dynamic-1corestotal-allcorepera-20240503-125331.rds"
[1] "File number: 30"
[1] "Loaded RDS file: ..//output_EXPANSE_a2_caud/libd_chr13-chr13_AA-libd_chr13-chr13_AA-566198-586197-dynamic-1corestotal-allcorepera-20240503-125432.rds"
[1] "File number: 31"
[1] "Loaded RDS file: ..//output_EXPANSE_a2_caud/libd_chr13-chr13_AA-libd_chr13-chr13_AA-586198-606197-dynamic-1corestotal-allcorepera-20240503-125533.rds"
[1] "File number: 32"
[1] "Loaded RDS file: ..//output_EXPANSE_a2_caud/libd_chr13-chr13_AA-libd_chr13-chr13_AA-606198-626197-dynamic-1corestotal-allcorepera-20240503-125634.rds"
[1] "File number: 33"
[1] "Loaded RDS file: ..//output_EXPANSE_a2_caud/libd_chr13-chr13_AA-libd_chr13-chr13_AA-626198-646197-dynamic-1corestotal-allcorepera-20240503-125735.rds"
[1] "File number: 34"
[1] "Loaded RDS file: ..//output_EXPANSE_a2_caud/libd_chr13-chr13_AA-libd_chr13-chr13_AA-646198-666197-dynamic-1corestotal-allcorepera-20240503-125837.rds"
[1] "File number: 35"
[1] "Loaded RDS file: ..//output_EXPANSE_a2_caud/libd_chr13-chr13_AA-libd_chr13-chr13_AA-666198-686197-dynamic-1corestotal-allcorepera-20240503-125938.rds"
[1] "File number: 36"
[1] "Loaded RDS file: ..//output_EXPANSE_a2_caud/libd_chr13-chr13_AA-libd_chr13-chr13_AA-686198-706197-dynamic-1corestotal-allcorepera-20240503-130039.rds"
[1] "File number: 37"
[1] "Loaded RDS file: ..//output_EXPANSE_a2_caud/libd_chr13-chr13_AA-libd_chr13-chr13_AA-706198-726197-dynamic-1corestotal-allcorepera-20240503-130140.rds"
[1] "File number: 38"
[1] "Loaded RDS file: ..//output_EXPANSE_a2_caud/libd_chr13-chr13_AA-libd_chr13-chr13_AA-726198-746197-dynamic-1corestotal-allcorepera-20240503-130241.rds"
[1] "File number: 39"
[1] "Loaded RDS file: ..//output_EXPANSE_a2_caud/libd_chr13-chr13_AA-libd_chr13-chr13_AA-746198-766197-dynamic-1corestotal-allcorepera-20240503-130342.rds"
[1] "File number: 40"
[1] "Loaded RDS file: ..//output_EXPANSE_a2_caud/libd_chr13-chr13_AA-libd_chr13-chr13_AA-766198-773488-dynamic-1corestotal-allcorepera-20240503-130444.rds"
[1] "File number: 41"
[1] "Loaded RDS file: ..//output_EXPANSE_a2_dlpfc/libd_chr13-chr13_AA-libd_chr13-chr13_AA-6198-26197-dynamic-1corestotal-allcorepera-20240503-142544.rds"
[1] "File number: 42"
[1] "Loaded RDS file: ..//output_EXPANSE_a2_dlpfc/libd_chr13-chr13_AA-libd_chr13-chr13_AA-26198-46197-dynamic-1corestotal-allcorepera-20240503-142646.rds"
[1] "File number: 43"
[1] "Loaded RDS file: ..//output_EXPANSE_a2_dlpfc/libd_chr13-chr13_AA-libd_chr13-chr13_AA-46198-66197-dynamic-1corestotal-allcorepera-20240503-142747.rds"
[1] "File number: 44"
[1] "Loaded RDS file: ..//output_EXPANSE_a2_dlpfc/libd_chr13-chr13_AA-libd_chr13-chr13_AA-66198-86197-dynamic-1corestotal-allcorepera-20240503-142849.rds"
[1] "File number: 45"
[1] "Loaded RDS file: ..//output_EXPANSE_a2_dlpfc/libd_chr13-chr13_AA-libd_chr13-chr13_AA-86198-106197-dynamic-1corestotal-allcorepera-20240503-142950.rds"
[1] "File number: 46"
[1] "Loaded RDS file: ..//output_EXPANSE_a2_dlpfc/libd_chr13-chr13_AA-libd_chr13-chr13_AA-106198-126197-dynamic-1corestotal-allcorepera-20240503-143051.rds"
[1] "File number: 47"
[1] "Loaded RDS file: ..//output_EXPANSE_a2_dlpfc/libd_chr13-chr13_AA-libd_chr13-chr13_AA-126198-146197-dynamic-1corestotal-allcorepera-20240503-143153.rds"
[1] "File number: 48"
[1] "Loaded RDS file: ..//output_EXPANSE_a2_dlpfc/libd_chr13-chr13_AA-libd_chr13-chr13_AA-146198-166197-dynamic-1corestotal-allcorepera-20240503-143254.rds"
[1] "File number: 49"
[1] "Loaded RDS file: ..//output_EXPANSE_a2_dlpfc/libd_chr13-chr13_AA-libd_chr13-chr13_AA-166198-186197-dynamic-1corestotal-allcorepera-20240503-143355.rds"
[1] "File number: 50"
[1] "Loaded RDS file: ..//output_EXPANSE_a2_dlpfc/libd_chr13-chr13_AA-libd_chr13-chr13_AA-186198-206197-dynamic-1corestotal-allcorepera-20240503-143457.rds"
[1] "File number: 51"
[1] "Loaded RDS file: ..//output_EXPANSE_a2_dlpfc/libd_chr13-chr13_AA-libd_chr13-chr13_AA-206198-226197-dynamic-1corestotal-allcorepera-20240503-143558.rds"
[1] "File number: 52"
[1] "Loaded RDS file: ..//output_EXPANSE_a2_dlpfc/libd_chr13-chr13_AA-libd_chr13-chr13_AA-226198-246197-dynamic-1corestotal-allcorepera-20240503-143700.rds"
[1] "File number: 53"
[1] "Loaded RDS file: ..//output_EXPANSE_a2_dlpfc/libd_chr13-chr13_AA-libd_chr13-chr13_AA-246198-266197-dynamic-1corestotal-allcorepera-20240503-143801.rds"
[1] "File number: 54"
[1] "Loaded RDS file: ..//output_EXPANSE_a2_dlpfc/libd_chr13-chr13_AA-libd_chr13-chr13_AA-266198-286197-dynamic-1corestotal-allcorepera-20240503-143902.rds"
[1] "File number: 55"
[1] "Loaded RDS file: ..//output_EXPANSE_a2_dlpfc/libd_chr13-chr13_AA-libd_chr13-chr13_AA-286198-306197-dynamic-1corestotal-allcorepera-20240503-144004.rds"
[1] "File number: 56"
[1] "Loaded RDS file: ..//output_EXPANSE_a2_dlpfc/libd_chr13-chr13_AA-libd_chr13-chr13_AA-306198-326197-dynamic-1corestotal-allcorepera-20240503-144105.rds"
[1] "File number: 57"
[1] "Loaded RDS file: ..//output_EXPANSE_a2_dlpfc/libd_chr13-chr13_AA-libd_chr13-chr13_AA-326198-346197-dynamic-1corestotal-allcorepera-20240503-144206.rds"
[1] "File number: 58"
[1] "Loaded RDS file: ..//output_EXPANSE_a2_dlpfc/libd_chr13-chr13_AA-libd_chr13-chr13_AA-346198-366197-dynamic-1corestotal-allcorepera-20240503-144307.rds"
[1] "File number: 59"
[1] "Loaded RDS file: ..//output_EXPANSE_a2_dlpfc/libd_chr13-chr13_AA-libd_chr13-chr13_AA-366198-386197-dynamic-1corestotal-allcorepera-20240503-144409.rds"
[1] "File number: 60"
[1] "Loaded RDS file: ..//output_EXPANSE_a2_dlpfc/libd_chr13-chr13_AA-libd_chr13-chr13_AA-386198-406197-dynamic-1corestotal-allcorepera-20240503-144510.rds"
[1] "File number: 61"
[1] "Loaded RDS file: ..//output_EXPANSE_a2_dlpfc/libd_chr13-chr13_AA-libd_chr13-chr13_AA-406198-426197-dynamic-1corestotal-allcorepera-20240503-144611.rds"
[1] "File number: 62"
[1] "Loaded RDS file: ..//output_EXPANSE_a2_dlpfc/libd_chr13-chr13_AA-libd_chr13-chr13_AA-426198-446197-dynamic-1corestotal-allcorepera-20240503-144713.rds"
[1] "File number: 63"
[1] "Loaded RDS file: ..//output_EXPANSE_a2_dlpfc/libd_chr13-chr13_AA-libd_chr13-chr13_AA-446198-466197-dynamic-1corestotal-allcorepera-20240503-144814.rds"
[1] "File number: 64"
[1] "Loaded RDS file: ..//output_EXPANSE_a2_dlpfc/libd_chr13-chr13_AA-libd_chr13-chr13_AA-466198-486197-dynamic-1corestotal-allcorepera-20240503-144915.rds"
[1] "File number: 65"
[1] "Loaded RDS file: ..//output_EXPANSE_a2_dlpfc/libd_chr13-chr13_AA-libd_chr13-chr13_AA-486198-506197-dynamic-1corestotal-allcorepera-20240503-145017.rds"
[1] "File number: 66"
[1] "Loaded RDS file: ..//output_EXPANSE_a2_dlpfc/libd_chr13-chr13_AA-libd_chr13-chr13_AA-506198-526197-dynamic-1corestotal-allcorepera-20240503-145118.rds"
[1] "File number: 67"
[1] "Loaded RDS file: ..//output_EXPANSE_a2_dlpfc/libd_chr13-chr13_AA-libd_chr13-chr13_AA-526198-546197-dynamic-1corestotal-allcorepera-20240503-145220.rds"
[1] "File number: 68"
[1] "Loaded RDS file: ..//output_EXPANSE_a2_dlpfc/libd_chr13-chr13_AA-libd_chr13-chr13_AA-546198-566197-dynamic-1corestotal-allcorepera-20240503-145321.rds"
[1] "File number: 69"
[1] "Loaded RDS file: ..//output_EXPANSE_a2_dlpfc/libd_chr13-chr13_AA-libd_chr13-chr13_AA-566198-586197-dynamic-1corestotal-allcorepera-20240503-145422.rds"
[1] "File number: 70"
[1] "Loaded RDS file: ..//output_EXPANSE_a2_dlpfc/libd_chr13-chr13_AA-libd_chr13-chr13_AA-586198-606197-dynamic-1corestotal-allcorepera-20240503-145524.rds"
[1] "File number: 71"
[1] "Loaded RDS file: ..//output_EXPANSE_a2_dlpfc/libd_chr13-chr13_AA-libd_chr13-chr13_AA-606198-626197-dynamic-1corestotal-allcorepera-20240503-145625.rds"
[1] "File number: 72"
[1] "Loaded RDS file: ..//output_EXPANSE_a2_dlpfc/libd_chr13-chr13_AA-libd_chr13-chr13_AA-626198-646197-dynamic-1corestotal-allcorepera-20240503-145727.rds"
[1] "File number: 73"
[1] "Loaded RDS file: ..//output_EXPANSE_a2_dlpfc/libd_chr13-chr13_AA-libd_chr13-chr13_AA-646198-666197-dynamic-1corestotal-allcorepera-20240503-145828.rds"
[1] "File number: 74"
[1] "Loaded RDS file: ..//output_EXPANSE_a2_dlpfc/libd_chr13-chr13_AA-libd_chr13-chr13_AA-666198-686197-dynamic-1corestotal-allcorepera-20240503-145929.rds"
[1] "File number: 75"
[1] "Loaded RDS file: ..//output_EXPANSE_a2_dlpfc/libd_chr13-chr13_AA-libd_chr13-chr13_AA-686198-706197-dynamic-1corestotal-allcorepera-20240503-150030.rds"
[1] "File number: 76"
[1] "Loaded RDS file: ..//output_EXPANSE_a2_dlpfc/libd_chr13-chr13_AA-libd_chr13-chr13_AA-706198-726197-dynamic-1corestotal-allcorepera-20240503-150131.rds"
[1] "File number: 77"
[1] "Loaded RDS file: ..//output_EXPANSE_a2_dlpfc/libd_chr13-chr13_AA-libd_chr13-chr13_AA-726198-746197-dynamic-1corestotal-allcorepera-20240503-150233.rds"
[1] "File number: 78"
[1] "Loaded RDS file: ..//output_EXPANSE_a2_dlpfc/libd_chr13-chr13_AA-libd_chr13-chr13_AA-746198-766197-dynamic-1corestotal-allcorepera-20240503-150334.rds"
[1] "File number: 79"
[1] "Loaded RDS file: ..//output_EXPANSE_a2_dlpfc/libd_chr13-chr13_AA-libd_chr13-chr13_AA-766198-773488-dynamic-1corestotal-allcorepera-20240503-150435.rds"
[1] "File number: 80"
[1] "Loaded RDS file: ..//output_EXPANSE_a2_hippo/libd_chr13-chr13_AA-libd_chr13-chr13_AA-6198-26197-dynamic-1corestotal-allcorepera-20240503-162502.rds"
[1] "File number: 81"
[1] "Loaded RDS file: ..//output_EXPANSE_a2_hippo/libd_chr13-chr13_AA-libd_chr13-chr13_AA-26198-46197-dynamic-1corestotal-allcorepera-20240503-162603.rds"
[1] "File number: 82"
[1] "Loaded RDS file: ..//output_EXPANSE_a2_hippo/libd_chr13-chr13_AA-libd_chr13-chr13_AA-46198-66197-dynamic-1corestotal-allcorepera-20240503-162704.rds"
[1] "File number: 83"
[1] "Loaded RDS file: ..//output_EXPANSE_a2_hippo/libd_chr13-chr13_AA-libd_chr13-chr13_AA-66198-86197-dynamic-1corestotal-allcorepera-20240503-162805.rds"
[1] "File number: 84"
[1] "Loaded RDS file: ..//output_EXPANSE_a2_hippo/libd_chr13-chr13_AA-libd_chr13-chr13_AA-86198-106197-dynamic-1corestotal-allcorepera-20240503-162906.rds"
[1] "File number: 85"
[1] "Loaded RDS file: ..//output_EXPANSE_a2_hippo/libd_chr13-chr13_AA-libd_chr13-chr13_AA-106198-126197-dynamic-1corestotal-allcorepera-20240503-163007.rds"
[1] "File number: 86"
[1] "Loaded RDS file: ..//output_EXPANSE_a2_hippo/libd_chr13-chr13_AA-libd_chr13-chr13_AA-126198-146197-dynamic-1corestotal-allcorepera-20240503-163108.rds"
[1] "File number: 87"
[1] "Loaded RDS file: ..//output_EXPANSE_a2_hippo/libd_chr13-chr13_AA-libd_chr13-chr13_AA-146198-166197-dynamic-1corestotal-allcorepera-20240503-163210.rds"
[1] "File number: 88"
[1] "Loaded RDS file: ..//output_EXPANSE_a2_hippo/libd_chr13-chr13_AA-libd_chr13-chr13_AA-166198-186197-dynamic-1corestotal-allcorepera-20240503-163311.rds"
[1] "File number: 89"
[1] "Loaded RDS file: ..//output_EXPANSE_a2_hippo/libd_chr13-chr13_AA-libd_chr13-chr13_AA-186198-206197-dynamic-1corestotal-allcorepera-20240503-163412.rds"
[1] "File number: 90"
[1] "Loaded RDS file: ..//output_EXPANSE_a2_hippo/libd_chr13-chr13_AA-libd_chr13-chr13_AA-206198-226197-dynamic-1corestotal-allcorepera-20240503-163513.rds"
[1] "File number: 91"
[1] "Loaded RDS file: ..//output_EXPANSE_a2_hippo/libd_chr13-chr13_AA-libd_chr13-chr13_AA-226198-246197-dynamic-1corestotal-allcorepera-20240503-163614.rds"
[1] "File number: 92"
[1] "Loaded RDS file: ..//output_EXPANSE_a2_hippo/libd_chr13-chr13_AA-libd_chr13-chr13_AA-246198-266197-dynamic-1corestotal-allcorepera-20240503-163715.rds"
[1] "File number: 93"
[1] "Loaded RDS file: ..//output_EXPANSE_a2_hippo/libd_chr13-chr13_AA-libd_chr13-chr13_AA-266198-286197-dynamic-1corestotal-allcorepera-20240503-163816.rds"
[1] "File number: 94"
[1] "Loaded RDS file: ..//output_EXPANSE_a2_hippo/libd_chr13-chr13_AA-libd_chr13-chr13_AA-286198-306197-dynamic-1corestotal-allcorepera-20240503-163917.rds"
[1] "File number: 95"
[1] "Loaded RDS file: ..//output_EXPANSE_a2_hippo/libd_chr13-chr13_AA-libd_chr13-chr13_AA-306198-326197-dynamic-1corestotal-allcorepera-20240503-164018.rds"
[1] "File number: 96"
[1] "Loaded RDS file: ..//output_EXPANSE_a2_hippo/libd_chr13-chr13_AA-libd_chr13-chr13_AA-326198-346197-dynamic-1corestotal-allcorepera-20240503-164120.rds"
[1] "File number: 97"
[1] "Loaded RDS file: ..//output_EXPANSE_a2_hippo/libd_chr13-chr13_AA-libd_chr13-chr13_AA-346198-366197-dynamic-1corestotal-allcorepera-20240503-164221.rds"
[1] "File number: 98"
[1] "Loaded RDS file: ..//output_EXPANSE_a2_hippo/libd_chr13-chr13_AA-libd_chr13-chr13_AA-366198-386197-dynamic-1corestotal-allcorepera-20240503-164322.rds"
[1] "File number: 99"
[1] "Loaded RDS file: ..//output_EXPANSE_a2_hippo/libd_chr13-chr13_AA-libd_chr13-chr13_AA-386198-406197-dynamic-1corestotal-allcorepera-20240503-164423.rds"
[1] "File number: 100"
[1] "Loaded RDS file: ..//output_EXPANSE_a2_hippo/libd_chr13-chr13_AA-libd_chr13-chr13_AA-406198-426197-dynamic-1corestotal-allcorepera-20240503-164524.rds"
[1] "File number: 101"
[1] "Loaded RDS file: ..//output_EXPANSE_a2_hippo/libd_chr13-chr13_AA-libd_chr13-chr13_AA-426198-446197-dynamic-1corestotal-allcorepera-20240503-164625.rds"
[1] "File number: 102"
[1] "Loaded RDS file: ..//output_EXPANSE_a2_hippo/libd_chr13-chr13_AA-libd_chr13-chr13_AA-446198-466197-dynamic-1corestotal-allcorepera-20240503-164726.rds"
[1] "File number: 103"
[1] "Loaded RDS file: ..//output_EXPANSE_a2_hippo/libd_chr13-chr13_AA-libd_chr13-chr13_AA-466198-486197-dynamic-1corestotal-allcorepera-20240503-164827.rds"
[1] "File number: 104"
[1] "Loaded RDS file: ..//output_EXPANSE_a2_hippo/libd_chr13-chr13_AA-libd_chr13-chr13_AA-486198-506197-dynamic-1corestotal-allcorepera-20240503-164928.rds"
[1] "File number: 105"
[1] "Loaded RDS file: ..//output_EXPANSE_a2_hippo/libd_chr13-chr13_AA-libd_chr13-chr13_AA-506198-526197-dynamic-1corestotal-allcorepera-20240503-165029.rds"
[1] "File number: 106"
[1] "Loaded RDS file: ..//output_EXPANSE_a2_hippo/libd_chr13-chr13_AA-libd_chr13-chr13_AA-526198-546197-dynamic-1corestotal-allcorepera-20240503-165130.rds"
[1] "File number: 107"
[1] "Loaded RDS file: ..//output_EXPANSE_a2_hippo/libd_chr13-chr13_AA-libd_chr13-chr13_AA-546198-566197-dynamic-1corestotal-allcorepera-20240503-165232.rds"
[1] "File number: 108"
[1] "Loaded RDS file: ..//output_EXPANSE_a2_hippo/libd_chr13-chr13_AA-libd_chr13-chr13_AA-566198-586197-dynamic-1corestotal-allcorepera-20240503-165333.rds"
[1] "File number: 109"
[1] "Loaded RDS file: ..//output_EXPANSE_a2_hippo/libd_chr13-chr13_AA-libd_chr13-chr13_AA-586198-606197-dynamic-1corestotal-allcorepera-20240503-165434.rds"
[1] "File number: 110"
[1] "Loaded RDS file: ..//output_EXPANSE_a2_hippo/libd_chr13-chr13_AA-libd_chr13-chr13_AA-606198-626197-dynamic-1corestotal-allcorepera-20240503-165535.rds"
[1] "File number: 111"
[1] "Loaded RDS file: ..//output_EXPANSE_a2_hippo/libd_chr13-chr13_AA-libd_chr13-chr13_AA-626198-646197-dynamic-1corestotal-allcorepera-20240503-165636.rds"
[1] "File number: 112"
[1] "Loaded RDS file: ..//output_EXPANSE_a2_hippo/libd_chr13-chr13_AA-libd_chr13-chr13_AA-646198-666197-dynamic-1corestotal-allcorepera-20240503-165737.rds"
[1] "File number: 113"
[1] "Loaded RDS file: ..//output_EXPANSE_a2_hippo/libd_chr13-chr13_AA-libd_chr13-chr13_AA-666198-686197-dynamic-1corestotal-allcorepera-20240503-165838.rds"
[1] "File number: 114"
[1] "Loaded RDS file: ..//output_EXPANSE_a2_hippo/libd_chr13-chr13_AA-libd_chr13-chr13_AA-686198-706197-dynamic-1corestotal-allcorepera-20240503-165939.rds"
[1] "File number: 115"
[1] "Loaded RDS file: ..//output_EXPANSE_a2_hippo/libd_chr13-chr13_AA-libd_chr13-chr13_AA-706198-726197-dynamic-1corestotal-allcorepera-20240503-170040.rds"
[1] "File number: 116"
[1] "Loaded RDS file: ..//output_EXPANSE_a2_hippo/libd_chr13-chr13_AA-libd_chr13-chr13_AA-726198-746197-dynamic-1corestotal-allcorepera-20240503-170141.rds"
[1] "File number: 117"
[1] "Loaded RDS file: ..//output_EXPANSE_a2_hippo/libd_chr13-chr13_AA-libd_chr13-chr13_AA-746198-766197-dynamic-1corestotal-allcorepera-20240503-170242.rds"
[1] "File number: 118"
[1] "Loaded RDS file: ..//output_EXPANSE_a2_hippo/libd_chr13-chr13_AA-libd_chr13-chr13_AA-766198-773488-dynamic-1corestotal-allcorepera-20240503-170344.rds"
[1] "File number: 119"
[1] "Loaded RDS file: ..//output_EXPANSE_a2_caud/libd_chr13-chr13_EA-libd_chr13-chr13_EA-6198-26197-dynamic-1corestotal-allcorepera-20240503-134535.rds"
[1] "File number: 120"
[1] "Loaded RDS file: ..//output_EXPANSE_a2_caud/libd_chr13-chr13_EA-libd_chr13-chr13_EA-26198-46197-dynamic-1corestotal-allcorepera-20240503-134636.rds"
[1] "File number: 121"
[1] "Loaded RDS file: ..//output_EXPANSE_a2_caud/libd_chr13-chr13_EA-libd_chr13-chr13_EA-46198-66197-dynamic-1corestotal-allcorepera-20240503-134737.rds"
[1] "File number: 122"
[1] "Loaded RDS file: ..//output_EXPANSE_a2_caud/libd_chr13-chr13_EA-libd_chr13-chr13_EA-66198-86197-dynamic-1corestotal-allcorepera-20240503-134838.rds"
[1] "File number: 123"
[1] "Loaded RDS file: ..//output_EXPANSE_a2_caud/libd_chr13-chr13_EA-libd_chr13-chr13_EA-86198-106197-dynamic-1corestotal-allcorepera-20240503-134940.rds"
[1] "File number: 124"
[1] "Loaded RDS file: ..//output_EXPANSE_a2_caud/libd_chr13-chr13_EA-libd_chr13-chr13_EA-106198-126197-dynamic-1corestotal-allcorepera-20240503-135041.rds"
[1] "File number: 125"
[1] "Loaded RDS file: ..//output_EXPANSE_a2_caud/libd_chr13-chr13_EA-libd_chr13-chr13_EA-126198-146197-dynamic-1corestotal-allcorepera-20240503-135143.rds"
[1] "File number: 126"
[1] "Loaded RDS file: ..//output_EXPANSE_a2_caud/libd_chr13-chr13_EA-libd_chr13-chr13_EA-146198-166197-dynamic-1corestotal-allcorepera-20240503-135245.rds"
[1] "File number: 127"
[1] "Loaded RDS file: ..//output_EXPANSE_a2_caud/libd_chr13-chr13_EA-libd_chr13-chr13_EA-166198-186197-dynamic-1corestotal-allcorepera-20240503-135347.rds"
[1] "File number: 128"
[1] "Loaded RDS file: ..//output_EXPANSE_a2_caud/libd_chr13-chr13_EA-libd_chr13-chr13_EA-186198-206197-dynamic-1corestotal-allcorepera-20240503-135449.rds"
[1] "File number: 129"
[1] "Loaded RDS file: ..//output_EXPANSE_a2_caud/libd_chr13-chr13_EA-libd_chr13-chr13_EA-206198-226197-dynamic-1corestotal-allcorepera-20240503-135551.rds"
[1] "File number: 130"
[1] "Loaded RDS file: ..//output_EXPANSE_a2_caud/libd_chr13-chr13_EA-libd_chr13-chr13_EA-226198-246197-dynamic-1corestotal-allcorepera-20240503-135653.rds"
[1] "File number: 131"
[1] "Loaded RDS file: ..//output_EXPANSE_a2_caud/libd_chr13-chr13_EA-libd_chr13-chr13_EA-246198-266197-dynamic-1corestotal-allcorepera-20240503-135756.rds"
[1] "File number: 132"
[1] "Loaded RDS file: ..//output_EXPANSE_a2_caud/libd_chr13-chr13_EA-libd_chr13-chr13_EA-266198-286197-dynamic-1corestotal-allcorepera-20240503-135858.rds"
[1] "File number: 133"
[1] "Loaded RDS file: ..//output_EXPANSE_a2_caud/libd_chr13-chr13_EA-libd_chr13-chr13_EA-286198-306197-dynamic-1corestotal-allcorepera-20240503-140000.rds"
[1] "File number: 134"
[1] "Loaded RDS file: ..//output_EXPANSE_a2_caud/libd_chr13-chr13_EA-libd_chr13-chr13_EA-306198-326197-dynamic-1corestotal-allcorepera-20240503-140102.rds"
[1] "File number: 135"
[1] "Loaded RDS file: ..//output_EXPANSE_a2_caud/libd_chr13-chr13_EA-libd_chr13-chr13_EA-326198-346197-dynamic-1corestotal-allcorepera-20240503-140204.rds"
[1] "File number: 136"
[1] "Loaded RDS file: ..//output_EXPANSE_a2_caud/libd_chr13-chr13_EA-libd_chr13-chr13_EA-346198-366197-dynamic-1corestotal-allcorepera-20240503-140306.rds"
[1] "File number: 137"
[1] "Loaded RDS file: ..//output_EXPANSE_a2_caud/libd_chr13-chr13_EA-libd_chr13-chr13_EA-366198-386197-dynamic-1corestotal-allcorepera-20240503-140408.rds"
[1] "File number: 138"
[1] "Loaded RDS file: ..//output_EXPANSE_a2_caud/libd_chr13-chr13_EA-libd_chr13-chr13_EA-386198-406197-dynamic-1corestotal-allcorepera-20240503-140510.rds"
[1] "File number: 139"
[1] "Loaded RDS file: ..//output_EXPANSE_a2_caud/libd_chr13-chr13_EA-libd_chr13-chr13_EA-406198-426197-dynamic-1corestotal-allcorepera-20240503-140612.rds"
[1] "File number: 140"
[1] "Loaded RDS file: ..//output_EXPANSE_a2_caud/libd_chr13-chr13_EA-libd_chr13-chr13_EA-426198-446197-dynamic-1corestotal-allcorepera-20240503-140714.rds"
[1] "File number: 141"
[1] "Loaded RDS file: ..//output_EXPANSE_a2_caud/libd_chr13-chr13_EA-libd_chr13-chr13_EA-446198-466197-dynamic-1corestotal-allcorepera-20240503-140817.rds"
[1] "File number: 142"
[1] "Loaded RDS file: ..//output_EXPANSE_a2_caud/libd_chr13-chr13_EA-libd_chr13-chr13_EA-466198-486197-dynamic-1corestotal-allcorepera-20240503-140919.rds"
[1] "File number: 143"
[1] "Loaded RDS file: ..//output_EXPANSE_a2_caud/libd_chr13-chr13_EA-libd_chr13-chr13_EA-486198-506197-dynamic-1corestotal-allcorepera-20240503-141021.rds"
[1] "File number: 144"
[1] "Loaded RDS file: ..//output_EXPANSE_a2_caud/libd_chr13-chr13_EA-libd_chr13-chr13_EA-506198-526197-dynamic-1corestotal-allcorepera-20240503-141123.rds"
[1] "File number: 145"
[1] "Loaded RDS file: ..//output_EXPANSE_a2_caud/libd_chr13-chr13_EA-libd_chr13-chr13_EA-526198-546197-dynamic-1corestotal-allcorepera-20240503-141225.rds"
[1] "File number: 146"
[1] "Loaded RDS file: ..//output_EXPANSE_a2_caud/libd_chr13-chr13_EA-libd_chr13-chr13_EA-546198-566197-dynamic-1corestotal-allcorepera-20240503-141327.rds"
[1] "File number: 147"
[1] "Loaded RDS file: ..//output_EXPANSE_a2_caud/libd_chr13-chr13_EA-libd_chr13-chr13_EA-566198-586197-dynamic-1corestotal-allcorepera-20240503-141428.rds"
[1] "File number: 148"
[1] "Loaded RDS file: ..//output_EXPANSE_a2_caud/libd_chr13-chr13_EA-libd_chr13-chr13_EA-586198-606197-dynamic-1corestotal-allcorepera-20240503-141530.rds"
[1] "File number: 149"
[1] "Loaded RDS file: ..//output_EXPANSE_a2_caud/libd_chr13-chr13_EA-libd_chr13-chr13_EA-606198-626197-dynamic-1corestotal-allcorepera-20240503-141631.rds"
[1] "File number: 150"
[1] "Loaded RDS file: ..//output_EXPANSE_a2_caud/libd_chr13-chr13_EA-libd_chr13-chr13_EA-626198-646197-dynamic-1corestotal-allcorepera-20240503-141732.rds"
[1] "File number: 151"
[1] "Loaded RDS file: ..//output_EXPANSE_a2_caud/libd_chr13-chr13_EA-libd_chr13-chr13_EA-646198-666197-dynamic-1corestotal-allcorepera-20240503-141833.rds"
[1] "File number: 152"
[1] "Loaded RDS file: ..//output_EXPANSE_a2_caud/libd_chr13-chr13_EA-libd_chr13-chr13_EA-666198-686197-dynamic-1corestotal-allcorepera-20240503-141935.rds"
[1] "File number: 153"
[1] "Loaded RDS file: ..//output_EXPANSE_a2_caud/libd_chr13-chr13_EA-libd_chr13-chr13_EA-686198-706197-dynamic-1corestotal-allcorepera-20240503-142036.rds"
[1] "File number: 154"
[1] "Loaded RDS file: ..//output_EXPANSE_a2_caud/libd_chr13-chr13_EA-libd_chr13-chr13_EA-706198-726197-dynamic-1corestotal-allcorepera-20240503-142138.rds"
[1] "File number: 155"
[1] "Loaded RDS file: ..//output_EXPANSE_a2_caud/libd_chr13-chr13_EA-libd_chr13-chr13_EA-726198-746197-dynamic-1corestotal-allcorepera-20240503-142240.rds"
[1] "File number: 156"
[1] "Loaded RDS file: ..//output_EXPANSE_a2_caud/libd_chr13-chr13_EA-libd_chr13-chr13_EA-746198-766197-dynamic-1corestotal-allcorepera-20240503-142342.rds"
[1] "File number: 157"
[1] "Loaded RDS file: ..//output_EXPANSE_a2_caud/libd_chr13-chr13_EA-libd_chr13-chr13_EA-766198-773488-dynamic-1corestotal-allcorepera-20240503-142443.rds"
[1] "File number: 158"
[1] "Loaded RDS file: ..//output_EXPANSE_a2_dlpfc/libd_chr13-chr13_EA-libd_chr13-chr13_EA-6198-26197-dynamic-1corestotal-allcorepera-20240503-154519.rds"
[1] "File number: 159"
[1] "Loaded RDS file: ..//output_EXPANSE_a2_dlpfc/libd_chr13-chr13_EA-libd_chr13-chr13_EA-26198-46197-dynamic-1corestotal-allcorepera-20240503-154620.rds"
[1] "File number: 160"
[1] "Loaded RDS file: ..//output_EXPANSE_a2_dlpfc/libd_chr13-chr13_EA-libd_chr13-chr13_EA-46198-66197-dynamic-1corestotal-allcorepera-20240503-154721.rds"
[1] "File number: 161"
[1] "Loaded RDS file: ..//output_EXPANSE_a2_dlpfc/libd_chr13-chr13_EA-libd_chr13-chr13_EA-66198-86197-dynamic-1corestotal-allcorepera-20240503-154822.rds"
[1] "File number: 162"
[1] "Loaded RDS file: ..//output_EXPANSE_a2_dlpfc/libd_chr13-chr13_EA-libd_chr13-chr13_EA-86198-106197-dynamic-1corestotal-allcorepera-20240503-154923.rds"
[1] "File number: 163"
[1] "Loaded RDS file: ..//output_EXPANSE_a2_dlpfc/libd_chr13-chr13_EA-libd_chr13-chr13_EA-106198-126197-dynamic-1corestotal-allcorepera-20240503-155024.rds"
[1] "File number: 164"
[1] "Loaded RDS file: ..//output_EXPANSE_a2_dlpfc/libd_chr13-chr13_EA-libd_chr13-chr13_EA-126198-146197-dynamic-1corestotal-allcorepera-20240503-155125.rds"
[1] "File number: 165"
[1] "Loaded RDS file: ..//output_EXPANSE_a2_dlpfc/libd_chr13-chr13_EA-libd_chr13-chr13_EA-146198-166197-dynamic-1corestotal-allcorepera-20240506-213346.rds"
[1] "File number: 166"
[1] "Loaded RDS file: ..//output_EXPANSE_a2_dlpfc/libd_chr13-chr13_EA-libd_chr13-chr13_EA-166198-186197-dynamic-1corestotal-allcorepera-20240503-155327.rds"
[1] "File number: 167"
[1] "Loaded RDS file: ..//output_EXPANSE_a2_dlpfc/libd_chr13-chr13_EA-libd_chr13-chr13_EA-186198-206197-dynamic-1corestotal-allcorepera-20240503-155429.rds"
[1] "File number: 168"
[1] "Loaded RDS file: ..//output_EXPANSE_a2_dlpfc/libd_chr13-chr13_EA-libd_chr13-chr13_EA-206198-226197-dynamic-1corestotal-allcorepera-20240503-155530.rds"
[1] "File number: 169"
[1] "Loaded RDS file: ..//output_EXPANSE_a2_dlpfc/libd_chr13-chr13_EA-libd_chr13-chr13_EA-226198-246197-dynamic-1corestotal-allcorepera-20240503-155631.rds"
[1] "File number: 170"
[1] "Loaded RDS file: ..//output_EXPANSE_a2_dlpfc/libd_chr13-chr13_EA-libd_chr13-chr13_EA-246198-266197-dynamic-1corestotal-allcorepera-20240503-155732.rds"
[1] "File number: 171"
[1] "Loaded RDS file: ..//output_EXPANSE_a2_dlpfc/libd_chr13-chr13_EA-libd_chr13-chr13_EA-266198-286197-dynamic-1corestotal-allcorepera-20240503-155833.rds"
[1] "File number: 172"
[1] "Loaded RDS file: ..//output_EXPANSE_a2_dlpfc/libd_chr13-chr13_EA-libd_chr13-chr13_EA-286198-306197-dynamic-1corestotal-allcorepera-20240503-155934.rds"
[1] "File number: 173"
[1] "Loaded RDS file: ..//output_EXPANSE_a2_dlpfc/libd_chr13-chr13_EA-libd_chr13-chr13_EA-306198-326197-dynamic-1corestotal-allcorepera-20240503-160035.rds"
[1] "File number: 174"
[1] "Loaded RDS file: ..//output_EXPANSE_a2_dlpfc/libd_chr13-chr13_EA-libd_chr13-chr13_EA-326198-346197-dynamic-1corestotal-allcorepera-20240503-160136.rds"
[1] "File number: 175"
[1] "Loaded RDS file: ..//output_EXPANSE_a2_dlpfc/libd_chr13-chr13_EA-libd_chr13-chr13_EA-346198-366197-dynamic-1corestotal-allcorepera-20240503-160237.rds"
[1] "File number: 176"
[1] "Loaded RDS file: ..//output_EXPANSE_a2_dlpfc/libd_chr13-chr13_EA-libd_chr13-chr13_EA-366198-386197-dynamic-1corestotal-allcorepera-20240503-160339.rds"
[1] "File number: 177"
[1] "Loaded RDS file: ..//output_EXPANSE_a2_dlpfc/libd_chr13-chr13_EA-libd_chr13-chr13_EA-386198-406197-dynamic-1corestotal-allcorepera-20240503-160440.rds"
[1] "File number: 178"
[1] "Loaded RDS file: ..//output_EXPANSE_a2_dlpfc/libd_chr13-chr13_EA-libd_chr13-chr13_EA-406198-426197-dynamic-1corestotal-allcorepera-20240506-213447.rds"
[1] "File number: 179"
[1] "Loaded RDS file: ..//output_EXPANSE_a2_dlpfc/libd_chr13-chr13_EA-libd_chr13-chr13_EA-426198-446197-dynamic-1corestotal-allcorepera-20240503-160642.rds"
[1] "File number: 180"
[1] "Loaded RDS file: ..//output_EXPANSE_a2_dlpfc/libd_chr13-chr13_EA-libd_chr13-chr13_EA-446198-466197-dynamic-1corestotal-allcorepera-20240503-160743.rds"
[1] "File number: 181"
[1] "Loaded RDS file: ..//output_EXPANSE_a2_dlpfc/libd_chr13-chr13_EA-libd_chr13-chr13_EA-466198-486197-dynamic-1corestotal-allcorepera-20240503-160844.rds"
[1] "File number: 182"
[1] "Loaded RDS file: ..//output_EXPANSE_a2_dlpfc/libd_chr13-chr13_EA-libd_chr13-chr13_EA-486198-506197-dynamic-1corestotal-allcorepera-20240503-160945.rds"
[1] "File number: 183"
[1] "Loaded RDS file: ..//output_EXPANSE_a2_dlpfc/libd_chr13-chr13_EA-libd_chr13-chr13_EA-506198-526197-dynamic-1corestotal-allcorepera-20240503-161046.rds"
[1] "File number: 184"
[1] "Loaded RDS file: ..//output_EXPANSE_a2_dlpfc/libd_chr13-chr13_EA-libd_chr13-chr13_EA-526198-546197-dynamic-1corestotal-allcorepera-20240503-161147.rds"
[1] "File number: 185"
[1] "Loaded RDS file: ..//output_EXPANSE_a2_dlpfc/libd_chr13-chr13_EA-libd_chr13-chr13_EA-546198-566197-dynamic-1corestotal-allcorepera-20240503-161249.rds"
[1] "File number: 186"
[1] "Loaded RDS file: ..//output_EXPANSE_a2_dlpfc/libd_chr13-chr13_EA-libd_chr13-chr13_EA-566198-586197-dynamic-1corestotal-allcorepera-20240503-161350.rds"
[1] "File number: 187"
[1] "Loaded RDS file: ..//output_EXPANSE_a2_dlpfc/libd_chr13-chr13_EA-libd_chr13-chr13_EA-586198-606197-dynamic-1corestotal-allcorepera-20240503-161451.rds"
[1] "File number: 188"
[1] "Loaded RDS file: ..//output_EXPANSE_a2_dlpfc/libd_chr13-chr13_EA-libd_chr13-chr13_EA-606198-626197-dynamic-1corestotal-allcorepera-20240503-161552.rds"
[1] "File number: 189"
[1] "Loaded RDS file: ..//output_EXPANSE_a2_dlpfc/libd_chr13-chr13_EA-libd_chr13-chr13_EA-626198-646197-dynamic-1corestotal-allcorepera-20240503-161653.rds"
[1] "File number: 190"
[1] "Loaded RDS file: ..//output_EXPANSE_a2_dlpfc/libd_chr13-chr13_EA-libd_chr13-chr13_EA-646198-666197-dynamic-1corestotal-allcorepera-20240503-161754.rds"
[1] "File number: 191"
[1] "Loaded RDS file: ..//output_EXPANSE_a2_dlpfc/libd_chr13-chr13_EA-libd_chr13-chr13_EA-666198-686197-dynamic-1corestotal-allcorepera-20240503-161855.rds"
[1] "File number: 192"
[1] "Loaded RDS file: ..//output_EXPANSE_a2_dlpfc/libd_chr13-chr13_EA-libd_chr13-chr13_EA-686198-706197-dynamic-1corestotal-allcorepera-20240503-161956.rds"
[1] "File number: 193"
[1] "Loaded RDS file: ..//output_EXPANSE_a2_dlpfc/libd_chr13-chr13_EA-libd_chr13-chr13_EA-706198-726197-dynamic-1corestotal-allcorepera-20240503-162057.rds"
[1] "File number: 194"
[1] "Loaded RDS file: ..//output_EXPANSE_a2_dlpfc/libd_chr13-chr13_EA-libd_chr13-chr13_EA-726198-746197-dynamic-1corestotal-allcorepera-20240503-162159.rds"
[1] "File number: 195"
[1] "Loaded RDS file: ..//output_EXPANSE_a2_dlpfc/libd_chr13-chr13_EA-libd_chr13-chr13_EA-746198-766197-dynamic-1corestotal-allcorepera-20240503-162300.rds"
[1] "File number: 196"
[1] "Loaded RDS file: ..//output_EXPANSE_a2_dlpfc/libd_chr13-chr13_EA-libd_chr13-chr13_EA-766198-773488-dynamic-1corestotal-allcorepera-20240503-162401.rds"
[1] "File number: 197"
[1] "Loaded RDS file: ..//output_EXPANSE_a2_hippo/libd_chr13-chr13_EA-libd_chr13-chr13_EA-6198-26197-dynamic-1corestotal-allcorepera-20240503-174428.rds"
[1] "File number: 198"
[1] "Loaded RDS file: ..//output_EXPANSE_a2_hippo/libd_chr13-chr13_EA-libd_chr13-chr13_EA-26198-46197-dynamic-1corestotal-allcorepera-20240503-174529.rds"
[1] "File number: 199"
[1] "Loaded RDS file: ..//output_EXPANSE_a2_hippo/libd_chr13-chr13_EA-libd_chr13-chr13_EA-46198-66197-dynamic-1corestotal-allcorepera-20240503-174630.rds"
[1] "File number: 200"
[1] "Loaded RDS file: ..//output_EXPANSE_a2_hippo/libd_chr13-chr13_EA-libd_chr13-chr13_EA-66198-86197-dynamic-1corestotal-allcorepera-20240503-174731.rds"
[1] "File number: 201"
[1] "Loaded RDS file: ..//output_EXPANSE_a2_hippo/libd_chr13-chr13_EA-libd_chr13-chr13_EA-86198-106197-dynamic-1corestotal-allcorepera-20240503-174832.rds"
[1] "File number: 202"
[1] "Loaded RDS file: ..//output_EXPANSE_a2_hippo/libd_chr13-chr13_EA-libd_chr13-chr13_EA-106198-126197-dynamic-1corestotal-allcorepera-20240503-174933.rds"
[1] "File number: 203"
[1] "Loaded RDS file: ..//output_EXPANSE_a2_hippo/libd_chr13-chr13_EA-libd_chr13-chr13_EA-126198-146197-dynamic-1corestotal-allcorepera-20240503-175034.rds"
[1] "File number: 204"
[1] "Loaded RDS file: ..//output_EXPANSE_a2_hippo/libd_chr13-chr13_EA-libd_chr13-chr13_EA-146198-166197-dynamic-1corestotal-allcorepera-20240503-175135.rds"
[1] "File number: 205"
[1] "Loaded RDS file: ..//output_EXPANSE_a2_hippo/libd_chr13-chr13_EA-libd_chr13-chr13_EA-166198-186197-dynamic-1corestotal-allcorepera-20240503-175236.rds"
[1] "File number: 206"
[1] "Loaded RDS file: ..//output_EXPANSE_a2_hippo/libd_chr13-chr13_EA-libd_chr13-chr13_EA-186198-206197-dynamic-1corestotal-allcorepera-20240503-175337.rds"
[1] "File number: 207"
[1] "Loaded RDS file: ..//output_EXPANSE_a2_hippo/libd_chr13-chr13_EA-libd_chr13-chr13_EA-206198-226197-dynamic-1corestotal-allcorepera-20240503-175438.rds"
[1] "File number: 208"
[1] "Loaded RDS file: ..//output_EXPANSE_a2_hippo/libd_chr13-chr13_EA-libd_chr13-chr13_EA-226198-246197-dynamic-1corestotal-allcorepera-20240503-175540.rds"
[1] "File number: 209"
[1] "Loaded RDS file: ..//output_EXPANSE_a2_hippo/libd_chr13-chr13_EA-libd_chr13-chr13_EA-246198-266197-dynamic-1corestotal-allcorepera-20240503-175641.rds"
[1] "File number: 210"
[1] "Loaded RDS file: ..//output_EXPANSE_a2_hippo/libd_chr13-chr13_EA-libd_chr13-chr13_EA-266198-286197-dynamic-1corestotal-allcorepera-20240503-175742.rds"
[1] "File number: 211"
[1] "Loaded RDS file: ..//output_EXPANSE_a2_hippo/libd_chr13-chr13_EA-libd_chr13-chr13_EA-286198-306197-dynamic-1corestotal-allcorepera-20240503-175843.rds"
[1] "File number: 212"
[1] "Loaded RDS file: ..//output_EXPANSE_a2_hippo/libd_chr13-chr13_EA-libd_chr13-chr13_EA-306198-326197-dynamic-1corestotal-allcorepera-20240503-175944.rds"
[1] "File number: 213"
[1] "Loaded RDS file: ..//output_EXPANSE_a2_hippo/libd_chr13-chr13_EA-libd_chr13-chr13_EA-326198-346197-dynamic-1corestotal-allcorepera-20240503-180045.rds"
[1] "File number: 214"
[1] "Loaded RDS file: ..//output_EXPANSE_a2_hippo/libd_chr13-chr13_EA-libd_chr13-chr13_EA-346198-366197-dynamic-1corestotal-allcorepera-20240503-180146.rds"
[1] "File number: 215"
[1] "Loaded RDS file: ..//output_EXPANSE_a2_hippo/libd_chr13-chr13_EA-libd_chr13-chr13_EA-366198-386197-dynamic-1corestotal-allcorepera-20240503-180247.rds"
[1] "File number: 216"
[1] "Loaded RDS file: ..//output_EXPANSE_a2_hippo/libd_chr13-chr13_EA-libd_chr13-chr13_EA-386198-406197-dynamic-1corestotal-allcorepera-20240503-180348.rds"
[1] "File number: 217"
[1] "Loaded RDS file: ..//output_EXPANSE_a2_hippo/libd_chr13-chr13_EA-libd_chr13-chr13_EA-406198-426197-dynamic-1corestotal-allcorepera-20240506-213553.rds"
[1] "File number: 218"
[1] "Loaded RDS file: ..//output_EXPANSE_a2_hippo/libd_chr13-chr13_EA-libd_chr13-chr13_EA-426198-446197-dynamic-1corestotal-allcorepera-20240503-180550.rds"
[1] "File number: 219"
[1] "Loaded RDS file: ..//output_EXPANSE_a2_hippo/libd_chr13-chr13_EA-libd_chr13-chr13_EA-446198-466197-dynamic-1corestotal-allcorepera-20240503-180652.rds"
[1] "File number: 220"
[1] "Loaded RDS file: ..//output_EXPANSE_a2_hippo/libd_chr13-chr13_EA-libd_chr13-chr13_EA-466198-486197-dynamic-1corestotal-allcorepera-20240503-180753.rds"
[1] "File number: 221"
[1] "Loaded RDS file: ..//output_EXPANSE_a2_hippo/libd_chr13-chr13_EA-libd_chr13-chr13_EA-486198-506197-dynamic-1corestotal-allcorepera-20240503-180854.rds"
[1] "File number: 222"
[1] "Loaded RDS file: ..//output_EXPANSE_a2_hippo/libd_chr13-chr13_EA-libd_chr13-chr13_EA-506198-526197-dynamic-1corestotal-allcorepera-20240503-180955.rds"
[1] "File number: 223"
[1] "Loaded RDS file: ..//output_EXPANSE_a2_hippo/libd_chr13-chr13_EA-libd_chr13-chr13_EA-526198-546197-dynamic-1corestotal-allcorepera-20240503-181056.rds"
[1] "File number: 224"
[1] "Loaded RDS file: ..//output_EXPANSE_a2_hippo/libd_chr13-chr13_EA-libd_chr13-chr13_EA-546198-566197-dynamic-1corestotal-allcorepera-20240503-181157.rds"
[1] "File number: 225"
[1] "Loaded RDS file: ..//output_EXPANSE_a2_hippo/libd_chr13-chr13_EA-libd_chr13-chr13_EA-566198-586197-dynamic-1corestotal-allcorepera-20240503-181258.rds"
[1] "File number: 226"
[1] "Loaded RDS file: ..//output_EXPANSE_a2_hippo/libd_chr13-chr13_EA-libd_chr13-chr13_EA-586198-606197-dynamic-1corestotal-allcorepera-20240503-181359.rds"
[1] "File number: 227"
[1] "Loaded RDS file: ..//output_EXPANSE_a2_hippo/libd_chr13-chr13_EA-libd_chr13-chr13_EA-606198-626197-dynamic-1corestotal-allcorepera-20240503-181500.rds"
[1] "File number: 228"
[1] "Loaded RDS file: ..//output_EXPANSE_a2_hippo/libd_chr13-chr13_EA-libd_chr13-chr13_EA-626198-646197-dynamic-1corestotal-allcorepera-20240503-181601.rds"
[1] "File number: 229"
[1] "Loaded RDS file: ..//output_EXPANSE_a2_hippo/libd_chr13-chr13_EA-libd_chr13-chr13_EA-646198-666197-dynamic-1corestotal-allcorepera-20240503-181702.rds"
[1] "File number: 230"
[1] "Loaded RDS file: ..//output_EXPANSE_a2_hippo/libd_chr13-chr13_EA-libd_chr13-chr13_EA-666198-686197-dynamic-1corestotal-allcorepera-20240503-181803.rds"
[1] "File number: 231"
[1] "Loaded RDS file: ..//output_EXPANSE_a2_hippo/libd_chr13-chr13_EA-libd_chr13-chr13_EA-686198-706197-dynamic-1corestotal-allcorepera-20240503-181904.rds"
[1] "File number: 232"
[1] "Loaded RDS file: ..//output_EXPANSE_a2_hippo/libd_chr13-chr13_EA-libd_chr13-chr13_EA-706198-726197-dynamic-1corestotal-allcorepera-20240503-182006.rds"
[1] "File number: 233"
[1] "Loaded RDS file: ..//output_EXPANSE_a2_hippo/libd_chr13-chr13_EA-libd_chr13-chr13_EA-726198-746197-dynamic-1corestotal-allcorepera-20240503-182107.rds"
[1] "File number: 234"
[1] "Loaded RDS file: ..//output_EXPANSE_a2_hippo/libd_chr13-chr13_EA-libd_chr13-chr13_EA-746198-766197-dynamic-1corestotal-allcorepera-20240503-182208.rds"
[1] "File number: 235"
[1] "Loaded RDS file: ..//output_EXPANSE_a2_hippo/libd_chr13-chr13_EA-libd_chr13-chr13_EA-766198-773488-dynamic-1corestotal-allcorepera-20240503-182309.rds"
[1] "File number: 236"
[1] "Loaded RDS file: ..//output_EXPANSE_a2_caud/libd_chr13-chr13_all-libd_chr13-chr13_all-6198-26197-dynamic-1corestotal-allcorepera-20240503-130546.rds"
[1] "File number: 237"
[1] "Loaded RDS file: ..//output_EXPANSE_a2_caud/libd_chr13-chr13_all-libd_chr13-chr13_all-26198-46197-dynamic-1corestotal-allcorepera-20240503-130649.rds"
[1] "File number: 238"
[1] "Loaded RDS file: ..//output_EXPANSE_a2_caud/libd_chr13-chr13_all-libd_chr13-chr13_all-46198-66197-dynamic-1corestotal-allcorepera-20240503-130751.rds"
[1] "File number: 239"
[1] "Loaded RDS file: ..//output_EXPANSE_a2_caud/libd_chr13-chr13_all-libd_chr13-chr13_all-66198-86197-dynamic-1corestotal-allcorepera-20240503-130853.rds"
[1] "File number: 240"
[1] "Loaded RDS file: ..//output_EXPANSE_a2_caud/libd_chr13-chr13_all-libd_chr13-chr13_all-86198-106197-dynamic-1corestotal-allcorepera-20240503-130955.rds"
[1] "File number: 241"
[1] "Loaded RDS file: ..//output_EXPANSE_a2_caud/libd_chr13-chr13_all-libd_chr13-chr13_all-106198-126197-dynamic-1corestotal-allcorepera-20240503-131057.rds"
[1] "File number: 242"
[1] "Loaded RDS file: ..//output_EXPANSE_a2_caud/libd_chr13-chr13_all-libd_chr13-chr13_all-126198-146197-dynamic-1corestotal-allcorepera-20240503-131159.rds"
[1] "File number: 243"
[1] "Loaded RDS file: ..//output_EXPANSE_a2_caud/libd_chr13-chr13_all-libd_chr13-chr13_all-146198-166197-dynamic-1corestotal-allcorepera-20240503-131300.rds"
[1] "File number: 244"
[1] "Loaded RDS file: ..//output_EXPANSE_a2_caud/libd_chr13-chr13_all-libd_chr13-chr13_all-166198-186197-dynamic-1corestotal-allcorepera-20240503-131401.rds"
[1] "File number: 245"
[1] "Loaded RDS file: ..//output_EXPANSE_a2_caud/libd_chr13-chr13_all-libd_chr13-chr13_all-186198-206197-dynamic-1corestotal-allcorepera-20240503-131502.rds"
[1] "File number: 246"
[1] "Loaded RDS file: ..//output_EXPANSE_a2_caud/libd_chr13-chr13_all-libd_chr13-chr13_all-206198-226197-dynamic-1corestotal-allcorepera-20240503-131603.rds"
[1] "File number: 247"
[1] "Loaded RDS file: ..//output_EXPANSE_a2_caud/libd_chr13-chr13_all-libd_chr13-chr13_all-226198-246197-dynamic-1corestotal-allcorepera-20240503-131704.rds"
[1] "File number: 248"
[1] "Loaded RDS file: ..//output_EXPANSE_a2_caud/libd_chr13-chr13_all-libd_chr13-chr13_all-246198-266197-dynamic-1corestotal-allcorepera-20240503-131805.rds"
[1] "File number: 249"
[1] "Loaded RDS file: ..//output_EXPANSE_a2_caud/libd_chr13-chr13_all-libd_chr13-chr13_all-266198-286197-dynamic-1corestotal-allcorepera-20240503-131906.rds"
[1] "File number: 250"
[1] "Loaded RDS file: ..//output_EXPANSE_a2_caud/libd_chr13-chr13_all-libd_chr13-chr13_all-286198-306197-dynamic-1corestotal-allcorepera-20240503-132008.rds"
[1] "File number: 251"
[1] "Loaded RDS file: ..//output_EXPANSE_a2_caud/libd_chr13-chr13_all-libd_chr13-chr13_all-306198-326197-dynamic-1corestotal-allcorepera-20240503-132109.rds"
[1] "File number: 252"
[1] "Loaded RDS file: ..//output_EXPANSE_a2_caud/libd_chr13-chr13_all-libd_chr13-chr13_all-326198-346197-dynamic-1corestotal-allcorepera-20240503-132210.rds"
[1] "File number: 253"
[1] "Loaded RDS file: ..//output_EXPANSE_a2_caud/libd_chr13-chr13_all-libd_chr13-chr13_all-346198-366197-dynamic-1corestotal-allcorepera-20240503-132311.rds"
[1] "File number: 254"
[1] "Loaded RDS file: ..//output_EXPANSE_a2_caud/libd_chr13-chr13_all-libd_chr13-chr13_all-366198-386197-dynamic-1corestotal-allcorepera-20240503-132412.rds"
[1] "File number: 255"
[1] "Loaded RDS file: ..//output_EXPANSE_a2_caud/libd_chr13-chr13_all-libd_chr13-chr13_all-386198-406197-dynamic-1corestotal-allcorepera-20240503-132513.rds"
[1] "File number: 256"
[1] "Loaded RDS file: ..//output_EXPANSE_a2_caud/libd_chr13-chr13_all-libd_chr13-chr13_all-406198-426197-dynamic-1corestotal-allcorepera-20240503-132614.rds"
[1] "File number: 257"
[1] "Loaded RDS file: ..//output_EXPANSE_a2_caud/libd_chr13-chr13_all-libd_chr13-chr13_all-426198-446197-dynamic-1corestotal-allcorepera-20240503-132715.rds"
[1] "File number: 258"
[1] "Loaded RDS file: ..//output_EXPANSE_a2_caud/libd_chr13-chr13_all-libd_chr13-chr13_all-446198-466197-dynamic-1corestotal-allcorepera-20240503-132817.rds"
[1] "File number: 259"
[1] "Loaded RDS file: ..//output_EXPANSE_a2_caud/libd_chr13-chr13_all-libd_chr13-chr13_all-466198-486197-dynamic-1corestotal-allcorepera-20240503-132918.rds"
[1] "File number: 260"
[1] "Loaded RDS file: ..//output_EXPANSE_a2_caud/libd_chr13-chr13_all-libd_chr13-chr13_all-486198-506197-dynamic-1corestotal-allcorepera-20240503-133019.rds"
[1] "File number: 261"
[1] "Loaded RDS file: ..//output_EXPANSE_a2_caud/libd_chr13-chr13_all-libd_chr13-chr13_all-506198-526197-dynamic-1corestotal-allcorepera-20240503-133120.rds"
[1] "File number: 262"
[1] "Loaded RDS file: ..//output_EXPANSE_a2_caud/libd_chr13-chr13_all-libd_chr13-chr13_all-526198-546197-dynamic-1corestotal-allcorepera-20240503-133221.rds"
[1] "File number: 263"
[1] "Loaded RDS file: ..//output_EXPANSE_a2_caud/libd_chr13-chr13_all-libd_chr13-chr13_all-546198-566197-dynamic-1corestotal-allcorepera-20240503-133322.rds"
[1] "File number: 264"
[1] "Loaded RDS file: ..//output_EXPANSE_a2_caud/libd_chr13-chr13_all-libd_chr13-chr13_all-566198-586197-dynamic-1corestotal-allcorepera-20240503-133423.rds"
[1] "File number: 265"
[1] "Loaded RDS file: ..//output_EXPANSE_a2_caud/libd_chr13-chr13_all-libd_chr13-chr13_all-586198-606197-dynamic-1corestotal-allcorepera-20240503-133524.rds"
[1] "File number: 266"
[1] "Loaded RDS file: ..//output_EXPANSE_a2_caud/libd_chr13-chr13_all-libd_chr13-chr13_all-606198-626197-dynamic-1corestotal-allcorepera-20240503-133625.rds"
[1] "File number: 267"
[1] "Loaded RDS file: ..//output_EXPANSE_a2_caud/libd_chr13-chr13_all-libd_chr13-chr13_all-626198-646197-dynamic-1corestotal-allcorepera-20240503-133726.rds"
[1] "File number: 268"
[1] "Loaded RDS file: ..//output_EXPANSE_a2_caud/libd_chr13-chr13_all-libd_chr13-chr13_all-646198-666197-dynamic-1corestotal-allcorepera-20240503-133827.rds"
[1] "File number: 269"
[1] "Loaded RDS file: ..//output_EXPANSE_a2_caud/libd_chr13-chr13_all-libd_chr13-chr13_all-666198-686197-dynamic-1corestotal-allcorepera-20240503-133929.rds"
[1] "File number: 270"
[1] "Loaded RDS file: ..//output_EXPANSE_a2_caud/libd_chr13-chr13_all-libd_chr13-chr13_all-686198-706197-dynamic-1corestotal-allcorepera-20240503-134030.rds"
[1] "File number: 271"
[1] "Loaded RDS file: ..//output_EXPANSE_a2_caud/libd_chr13-chr13_all-libd_chr13-chr13_all-706198-726197-dynamic-1corestotal-allcorepera-20240503-134131.rds"
[1] "File number: 272"
[1] "Loaded RDS file: ..//output_EXPANSE_a2_caud/libd_chr13-chr13_all-libd_chr13-chr13_all-726198-746197-dynamic-1corestotal-allcorepera-20240503-134232.rds"
[1] "File number: 273"
[1] "Loaded RDS file: ..//output_EXPANSE_a2_caud/libd_chr13-chr13_all-libd_chr13-chr13_all-746198-766197-dynamic-1corestotal-allcorepera-20240503-134333.rds"
[1] "File number: 274"
[1] "Loaded RDS file: ..//output_EXPANSE_a2_caud/libd_chr13-chr13_all-libd_chr13-chr13_all-766198-773488-dynamic-1corestotal-allcorepera-20240503-134434.rds"
[1] "File number: 275"
[1] "Loaded RDS file: ..//output_EXPANSE_a2_dlpfc/libd_chr13-chr13_all-libd_chr13-chr13_all-6198-26197-dynamic-1corestotal-allcorepera-20240503-150536.rds"
[1] "File number: 276"
[1] "Loaded RDS file: ..//output_EXPANSE_a2_dlpfc/libd_chr13-chr13_all-libd_chr13-chr13_all-26198-46197-dynamic-1corestotal-allcorepera-20240503-150637.rds"
[1] "File number: 277"
[1] "Loaded RDS file: ..//output_EXPANSE_a2_dlpfc/libd_chr13-chr13_all-libd_chr13-chr13_all-46198-66197-dynamic-1corestotal-allcorepera-20240503-150738.rds"
[1] "File number: 278"
[1] "Loaded RDS file: ..//output_EXPANSE_a2_dlpfc/libd_chr13-chr13_all-libd_chr13-chr13_all-66198-86197-dynamic-1corestotal-allcorepera-20240503-150839.rds"
[1] "File number: 279"
[1] "Loaded RDS file: ..//output_EXPANSE_a2_dlpfc/libd_chr13-chr13_all-libd_chr13-chr13_all-86198-106197-dynamic-1corestotal-allcorepera-20240503-150940.rds"
[1] "File number: 280"
[1] "Loaded RDS file: ..//output_EXPANSE_a2_dlpfc/libd_chr13-chr13_all-libd_chr13-chr13_all-106198-126197-dynamic-1corestotal-allcorepera-20240503-151041.rds"
[1] "File number: 281"
[1] "Loaded RDS file: ..//output_EXPANSE_a2_dlpfc/libd_chr13-chr13_all-libd_chr13-chr13_all-126198-146197-dynamic-1corestotal-allcorepera-20240503-151142.rds"
[1] "File number: 282"
[1] "Loaded RDS file: ..//output_EXPANSE_a2_dlpfc/libd_chr13-chr13_all-libd_chr13-chr13_all-146198-166197-dynamic-1corestotal-allcorepera-20240503-151244.rds"
[1] "File number: 283"
[1] "Loaded RDS file: ..//output_EXPANSE_a2_dlpfc/libd_chr13-chr13_all-libd_chr13-chr13_all-166198-186197-dynamic-1corestotal-allcorepera-20240503-151345.rds"
[1] "File number: 284"
[1] "Loaded RDS file: ..//output_EXPANSE_a2_dlpfc/libd_chr13-chr13_all-libd_chr13-chr13_all-186198-206197-dynamic-1corestotal-allcorepera-20240503-151446.rds"
[1] "File number: 285"
[1] "Loaded RDS file: ..//output_EXPANSE_a2_dlpfc/libd_chr13-chr13_all-libd_chr13-chr13_all-206198-226197-dynamic-1corestotal-allcorepera-20240503-151547.rds"
[1] "File number: 286"
[1] "Loaded RDS file: ..//output_EXPANSE_a2_dlpfc/libd_chr13-chr13_all-libd_chr13-chr13_all-226198-246197-dynamic-1corestotal-allcorepera-20240503-151648.rds"
[1] "File number: 287"
[1] "Loaded RDS file: ..//output_EXPANSE_a2_dlpfc/libd_chr13-chr13_all-libd_chr13-chr13_all-246198-266197-dynamic-1corestotal-allcorepera-20240503-151749.rds"
[1] "File number: 288"
[1] "Loaded RDS file: ..//output_EXPANSE_a2_dlpfc/libd_chr13-chr13_all-libd_chr13-chr13_all-266198-286197-dynamic-1corestotal-allcorepera-20240503-151850.rds"
[1] "File number: 289"
[1] "Loaded RDS file: ..//output_EXPANSE_a2_dlpfc/libd_chr13-chr13_all-libd_chr13-chr13_all-286198-306197-dynamic-1corestotal-allcorepera-20240503-151951.rds"
[1] "File number: 290"
[1] "Loaded RDS file: ..//output_EXPANSE_a2_dlpfc/libd_chr13-chr13_all-libd_chr13-chr13_all-306198-326197-dynamic-1corestotal-allcorepera-20240503-152052.rds"
[1] "File number: 291"
[1] "Loaded RDS file: ..//output_EXPANSE_a2_dlpfc/libd_chr13-chr13_all-libd_chr13-chr13_all-326198-346197-dynamic-1corestotal-allcorepera-20240503-152153.rds"
[1] "File number: 292"
[1] "Loaded RDS file: ..//output_EXPANSE_a2_dlpfc/libd_chr13-chr13_all-libd_chr13-chr13_all-346198-366197-dynamic-1corestotal-allcorepera-20240503-152255.rds"
[1] "File number: 293"
[1] "Loaded RDS file: ..//output_EXPANSE_a2_dlpfc/libd_chr13-chr13_all-libd_chr13-chr13_all-366198-386197-dynamic-1corestotal-allcorepera-20240503-152356.rds"
[1] "File number: 294"
[1] "Loaded RDS file: ..//output_EXPANSE_a2_dlpfc/libd_chr13-chr13_all-libd_chr13-chr13_all-386198-406197-dynamic-1corestotal-allcorepera-20240503-152457.rds"
[1] "File number: 295"
[1] "Loaded RDS file: ..//output_EXPANSE_a2_dlpfc/libd_chr13-chr13_all-libd_chr13-chr13_all-406198-426197-dynamic-1corestotal-allcorepera-20240503-152558.rds"
[1] "File number: 296"
[1] "Loaded RDS file: ..//output_EXPANSE_a2_dlpfc/libd_chr13-chr13_all-libd_chr13-chr13_all-426198-446197-dynamic-1corestotal-allcorepera-20240503-152659.rds"
[1] "File number: 297"
[1] "Loaded RDS file: ..//output_EXPANSE_a2_dlpfc/libd_chr13-chr13_all-libd_chr13-chr13_all-446198-466197-dynamic-1corestotal-allcorepera-20240503-152800.rds"
[1] "File number: 298"
[1] "Loaded RDS file: ..//output_EXPANSE_a2_dlpfc/libd_chr13-chr13_all-libd_chr13-chr13_all-466198-486197-dynamic-1corestotal-allcorepera-20240503-152901.rds"
[1] "File number: 299"
[1] "Loaded RDS file: ..//output_EXPANSE_a2_dlpfc/libd_chr13-chr13_all-libd_chr13-chr13_all-486198-506197-dynamic-1corestotal-allcorepera-20240503-153002.rds"
[1] "File number: 300"
[1] "Loaded RDS file: ..//output_EXPANSE_a2_dlpfc/libd_chr13-chr13_all-libd_chr13-chr13_all-506198-526197-dynamic-1corestotal-allcorepera-20240503-153103.rds"
[1] "File number: 301"
[1] "Loaded RDS file: ..//output_EXPANSE_a2_dlpfc/libd_chr13-chr13_all-libd_chr13-chr13_all-526198-546197-dynamic-1corestotal-allcorepera-20240503-153205.rds"
[1] "File number: 302"
[1] "Loaded RDS file: ..//output_EXPANSE_a2_dlpfc/libd_chr13-chr13_all-libd_chr13-chr13_all-546198-566197-dynamic-1corestotal-allcorepera-20240503-153306.rds"
[1] "File number: 303"
[1] "Loaded RDS file: ..//output_EXPANSE_a2_dlpfc/libd_chr13-chr13_all-libd_chr13-chr13_all-566198-586197-dynamic-1corestotal-allcorepera-20240503-153407.rds"
[1] "File number: 304"
[1] "Loaded RDS file: ..//output_EXPANSE_a2_dlpfc/libd_chr13-chr13_all-libd_chr13-chr13_all-586198-606197-dynamic-1corestotal-allcorepera-20240503-153508.rds"
[1] "File number: 305"
[1] "Loaded RDS file: ..//output_EXPANSE_a2_dlpfc/libd_chr13-chr13_all-libd_chr13-chr13_all-606198-626197-dynamic-1corestotal-allcorepera-20240503-153609.rds"
[1] "File number: 306"
[1] "Loaded RDS file: ..//output_EXPANSE_a2_dlpfc/libd_chr13-chr13_all-libd_chr13-chr13_all-626198-646197-dynamic-1corestotal-allcorepera-20240503-153710.rds"
[1] "File number: 307"
[1] "Loaded RDS file: ..//output_EXPANSE_a2_dlpfc/libd_chr13-chr13_all-libd_chr13-chr13_all-646198-666197-dynamic-1corestotal-allcorepera-20240503-153811.rds"
[1] "File number: 308"
[1] "Loaded RDS file: ..//output_EXPANSE_a2_dlpfc/libd_chr13-chr13_all-libd_chr13-chr13_all-666198-686197-dynamic-1corestotal-allcorepera-20240503-153912.rds"
[1] "File number: 309"
[1] "Loaded RDS file: ..//output_EXPANSE_a2_dlpfc/libd_chr13-chr13_all-libd_chr13-chr13_all-686198-706197-dynamic-1corestotal-allcorepera-20240503-154013.rds"
[1] "File number: 310"
[1] "Loaded RDS file: ..//output_EXPANSE_a2_dlpfc/libd_chr13-chr13_all-libd_chr13-chr13_all-706198-726197-dynamic-1corestotal-allcorepera-20240503-154114.rds"
[1] "File number: 311"
[1] "Loaded RDS file: ..//output_EXPANSE_a2_dlpfc/libd_chr13-chr13_all-libd_chr13-chr13_all-726198-746197-dynamic-1corestotal-allcorepera-20240503-154215.rds"
[1] "File number: 312"
[1] "Loaded RDS file: ..//output_EXPANSE_a2_dlpfc/libd_chr13-chr13_all-libd_chr13-chr13_all-746198-766197-dynamic-1corestotal-allcorepera-20240503-154316.rds"
[1] "File number: 313"
[1] "Loaded RDS file: ..//output_EXPANSE_a2_dlpfc/libd_chr13-chr13_all-libd_chr13-chr13_all-766198-773488-dynamic-1corestotal-allcorepera-20240503-154418.rds"
[1] "File number: 314"
[1] "Loaded RDS file: ..//output_EXPANSE_a2_hippo/libd_chr13-chr13_all-libd_chr13-chr13_all-6198-26197-dynamic-1corestotal-allcorepera-20240503-170445.rds"
[1] "File number: 315"
[1] "Loaded RDS file: ..//output_EXPANSE_a2_hippo/libd_chr13-chr13_all-libd_chr13-chr13_all-26198-46197-dynamic-1corestotal-allcorepera-20240503-170546.rds"
[1] "File number: 316"
[1] "Loaded RDS file: ..//output_EXPANSE_a2_hippo/libd_chr13-chr13_all-libd_chr13-chr13_all-46198-66197-dynamic-1corestotal-allcorepera-20240503-170647.rds"
[1] "File number: 317"
[1] "Loaded RDS file: ..//output_EXPANSE_a2_hippo/libd_chr13-chr13_all-libd_chr13-chr13_all-66198-86197-dynamic-1corestotal-allcorepera-20240503-170748.rds"
[1] "File number: 318"
[1] "Loaded RDS file: ..//output_EXPANSE_a2_hippo/libd_chr13-chr13_all-libd_chr13-chr13_all-86198-106197-dynamic-1corestotal-allcorepera-20240503-170849.rds"
[1] "File number: 319"
[1] "Loaded RDS file: ..//output_EXPANSE_a2_hippo/libd_chr13-chr13_all-libd_chr13-chr13_all-106198-126197-dynamic-1corestotal-allcorepera-20240503-170950.rds"
[1] "File number: 320"
[1] "Loaded RDS file: ..//output_EXPANSE_a2_hippo/libd_chr13-chr13_all-libd_chr13-chr13_all-126198-146197-dynamic-1corestotal-allcorepera-20240503-171051.rds"
[1] "File number: 321"
[1] "Loaded RDS file: ..//output_EXPANSE_a2_hippo/libd_chr13-chr13_all-libd_chr13-chr13_all-146198-166197-dynamic-1corestotal-allcorepera-20240503-171152.rds"
[1] "File number: 322"
[1] "Loaded RDS file: ..//output_EXPANSE_a2_hippo/libd_chr13-chr13_all-libd_chr13-chr13_all-166198-186197-dynamic-1corestotal-allcorepera-20240503-171253.rds"
[1] "File number: 323"
[1] "Loaded RDS file: ..//output_EXPANSE_a2_hippo/libd_chr13-chr13_all-libd_chr13-chr13_all-186198-206197-dynamic-1corestotal-allcorepera-20240503-171355.rds"
[1] "File number: 324"
[1] "Loaded RDS file: ..//output_EXPANSE_a2_hippo/libd_chr13-chr13_all-libd_chr13-chr13_all-206198-226197-dynamic-1corestotal-allcorepera-20240503-171456.rds"
[1] "File number: 325"
[1] "Loaded RDS file: ..//output_EXPANSE_a2_hippo/libd_chr13-chr13_all-libd_chr13-chr13_all-226198-246197-dynamic-1corestotal-allcorepera-20240503-171557.rds"
[1] "File number: 326"
[1] "Loaded RDS file: ..//output_EXPANSE_a2_hippo/libd_chr13-chr13_all-libd_chr13-chr13_all-246198-266197-dynamic-1corestotal-allcorepera-20240503-171658.rds"
[1] "File number: 327"
[1] "Loaded RDS file: ..//output_EXPANSE_a2_hippo/libd_chr13-chr13_all-libd_chr13-chr13_all-266198-286197-dynamic-1corestotal-allcorepera-20240503-171759.rds"
[1] "File number: 328"
[1] "Loaded RDS file: ..//output_EXPANSE_a2_hippo/libd_chr13-chr13_all-libd_chr13-chr13_all-286198-306197-dynamic-1corestotal-allcorepera-20240503-171900.rds"
[1] "File number: 329"
[1] "Loaded RDS file: ..//output_EXPANSE_a2_hippo/libd_chr13-chr13_all-libd_chr13-chr13_all-306198-326197-dynamic-1corestotal-allcorepera-20240503-172001.rds"
[1] "File number: 330"
[1] "Loaded RDS file: ..//output_EXPANSE_a2_hippo/libd_chr13-chr13_all-libd_chr13-chr13_all-326198-346197-dynamic-1corestotal-allcorepera-20240503-172102.rds"
[1] "File number: 331"
[1] "Loaded RDS file: ..//output_EXPANSE_a2_hippo/libd_chr13-chr13_all-libd_chr13-chr13_all-346198-366197-dynamic-1corestotal-allcorepera-20240503-172203.rds"
[1] "File number: 332"
[1] "Loaded RDS file: ..//output_EXPANSE_a2_hippo/libd_chr13-chr13_all-libd_chr13-chr13_all-366198-386197-dynamic-1corestotal-allcorepera-20240503-172305.rds"
[1] "File number: 333"
[1] "Loaded RDS file: ..//output_EXPANSE_a2_hippo/libd_chr13-chr13_all-libd_chr13-chr13_all-386198-406197-dynamic-1corestotal-allcorepera-20240503-172406.rds"
[1] "File number: 334"
[1] "Loaded RDS file: ..//output_EXPANSE_a2_hippo/libd_chr13-chr13_all-libd_chr13-chr13_all-406198-426197-dynamic-1corestotal-allcorepera-20240503-172507.rds"
[1] "File number: 335"
[1] "Loaded RDS file: ..//output_EXPANSE_a2_hippo/libd_chr13-chr13_all-libd_chr13-chr13_all-426198-446197-dynamic-1corestotal-allcorepera-20240503-172608.rds"
[1] "File number: 336"
[1] "Loaded RDS file: ..//output_EXPANSE_a2_hippo/libd_chr13-chr13_all-libd_chr13-chr13_all-446198-466197-dynamic-1corestotal-allcorepera-20240503-172709.rds"
[1] "File number: 337"
[1] "Loaded RDS file: ..//output_EXPANSE_a2_hippo/libd_chr13-chr13_all-libd_chr13-chr13_all-466198-486197-dynamic-1corestotal-allcorepera-20240503-172810.rds"
[1] "File number: 338"
[1] "Loaded RDS file: ..//output_EXPANSE_a2_hippo/libd_chr13-chr13_all-libd_chr13-chr13_all-486198-506197-dynamic-1corestotal-allcorepera-20240503-172911.rds"
[1] "File number: 339"
[1] "Loaded RDS file: ..//output_EXPANSE_a2_hippo/libd_chr13-chr13_all-libd_chr13-chr13_all-506198-526197-dynamic-1corestotal-allcorepera-20240503-173012.rds"
[1] "File number: 340"
[1] "Loaded RDS file: ..//output_EXPANSE_a2_hippo/libd_chr13-chr13_all-libd_chr13-chr13_all-526198-546197-dynamic-1corestotal-allcorepera-20240503-173113.rds"
[1] "File number: 341"
[1] "Loaded RDS file: ..//output_EXPANSE_a2_hippo/libd_chr13-chr13_all-libd_chr13-chr13_all-546198-566197-dynamic-1corestotal-allcorepera-20240503-173214.rds"
[1] "File number: 342"
[1] "Loaded RDS file: ..//output_EXPANSE_a2_hippo/libd_chr13-chr13_all-libd_chr13-chr13_all-566198-586197-dynamic-1corestotal-allcorepera-20240503-173315.rds"
[1] "File number: 343"
[1] "Loaded RDS file: ..//output_EXPANSE_a2_hippo/libd_chr13-chr13_all-libd_chr13-chr13_all-586198-606197-dynamic-1corestotal-allcorepera-20240503-173417.rds"
[1] "File number: 344"
[1] "Loaded RDS file: ..//output_EXPANSE_a2_hippo/libd_chr13-chr13_all-libd_chr13-chr13_all-606198-626197-dynamic-1corestotal-allcorepera-20240503-173518.rds"
[1] "File number: 345"
[1] "Loaded RDS file: ..//output_EXPANSE_a2_hippo/libd_chr13-chr13_all-libd_chr13-chr13_all-626198-646197-dynamic-1corestotal-allcorepera-20240503-173619.rds"
[1] "File number: 346"
[1] "Loaded RDS file: ..//output_EXPANSE_a2_hippo/libd_chr13-chr13_all-libd_chr13-chr13_all-646198-666197-dynamic-1corestotal-allcorepera-20240503-173720.rds"
[1] "File number: 347"
[1] "Loaded RDS file: ..//output_EXPANSE_a2_hippo/libd_chr13-chr13_all-libd_chr13-chr13_all-666198-686197-dynamic-1corestotal-allcorepera-20240503-173821.rds"
[1] "File number: 348"
[1] "Loaded RDS file: ..//output_EXPANSE_a2_hippo/libd_chr13-chr13_all-libd_chr13-chr13_all-686198-706197-dynamic-1corestotal-allcorepera-20240503-173922.rds"
[1] "File number: 349"
[1] "Loaded RDS file: ..//output_EXPANSE_a2_hippo/libd_chr13-chr13_all-libd_chr13-chr13_all-706198-726197-dynamic-1corestotal-allcorepera-20240503-174023.rds"
[1] "File number: 350"
[1] "Loaded RDS file: ..//output_EXPANSE_a2_hippo/libd_chr13-chr13_all-libd_chr13-chr13_all-726198-746197-dynamic-1corestotal-allcorepera-20240503-174124.rds"
[1] "File number: 351"
[1] "Loaded RDS file: ..//output_EXPANSE_a2_hippo/libd_chr13-chr13_all-libd_chr13-chr13_all-746198-766197-dynamic-1corestotal-allcorepera-20240503-174225.rds"
[1] "File number: 352"
[1] "Loaded RDS file: ..//output_EXPANSE_a2_hippo/libd_chr13-chr13_all-libd_chr13-chr13_all-766198-773488-dynamic-1corestotal-allcorepera-20240503-174326.rds"
