[1] "Starting genome file processing"
[1] "Processing genome file index: 21"
[1] "Loaded SNP data"
[1] "Files for this Chr:"
[1] 278
[1] "File number: 1"
[1] "Loaded RDS file: ..//output_EXPANSE_a2_caud/libd_chr21-chr21_AA-libd_chr21-chr21_AA-11194-31193-dynamic-1corestotal-allcorepera-20240508-061811.rds"
[1] "File number: 2"
[1] "Loaded RDS file: ..//output_EXPANSE_a2_caud/libd_chr21-chr21_AA-libd_chr21-chr21_AA-31194-51193-dynamic-1corestotal-allcorepera-20240508-061912.rds"
[1] "File number: 3"
[1] "Loaded RDS file: ..//output_EXPANSE_a2_caud/libd_chr21-chr21_AA-libd_chr21-chr21_AA-51194-71193-dynamic-1corestotal-allcorepera-20240508-062014.rds"
[1] "File number: 4"
[1] "Loaded RDS file: ..//output_EXPANSE_a2_caud/libd_chr21-chr21_AA-libd_chr21-chr21_AA-71194-91193-dynamic-1corestotal-allcorepera-20240508-062115.rds"
[1] "File number: 5"
[1] "Loaded RDS file: ..//output_EXPANSE_a2_caud/libd_chr21-chr21_AA-libd_chr21-chr21_AA-91194-111193-dynamic-1corestotal-allcorepera-20240508-062216.rds"
[1] "File number: 6"
[1] "Loaded RDS file: ..//output_EXPANSE_a2_caud/libd_chr21-chr21_AA-libd_chr21-chr21_AA-111194-131193-dynamic-1corestotal-allcorepera-20240508-062318.rds"
[1] "File number: 7"
[1] "Loaded RDS file: ..//output_EXPANSE_a2_caud/libd_chr21-chr21_AA-libd_chr21-chr21_AA-131194-151193-dynamic-1corestotal-allcorepera-20240508-062419.rds"
[1] "File number: 8"
[1] "Loaded RDS file: ..//output_EXPANSE_a2_caud/libd_chr21-chr21_AA-libd_chr21-chr21_AA-151194-171193-dynamic-1corestotal-allcorepera-20240508-062520.rds"
[1] "File number: 9"
[1] "Loaded RDS file: ..//output_EXPANSE_a2_caud/libd_chr21-chr21_AA-libd_chr21-chr21_AA-171194-191193-dynamic-1corestotal-allcorepera-20240508-062621.rds"
[1] "File number: 10"
[1] "Loaded RDS file: ..//output_EXPANSE_a2_caud/libd_chr21-chr21_AA-libd_chr21-chr21_AA-191194-211193-dynamic-1corestotal-allcorepera-20240508-062723.rds"
[1] "File number: 11"
[1] "Loaded RDS file: ..//output_EXPANSE_a2_caud/libd_chr21-chr21_AA-libd_chr21-chr21_AA-211194-231193-dynamic-1corestotal-allcorepera-20240508-062824.rds"
[1] "File number: 12"
[1] "Loaded RDS file: ..//output_EXPANSE_a2_caud/libd_chr21-chr21_AA-libd_chr21-chr21_AA-231194-251193-dynamic-1corestotal-allcorepera-20240508-062925.rds"
[1] "File number: 13"
[1] "Loaded RDS file: ..//output_EXPANSE_a2_caud/libd_chr21-chr21_AA-libd_chr21-chr21_AA-251194-271193-dynamic-1corestotal-allcorepera-20240508-063027.rds"
[1] "File number: 14"
[1] "Loaded RDS file: ..//output_EXPANSE_a2_caud/libd_chr21-chr21_AA-libd_chr21-chr21_AA-271194-291193-dynamic-1corestotal-allcorepera-20240508-063128.rds"
[1] "File number: 15"
[1] "Loaded RDS file: ..//output_EXPANSE_a2_caud/libd_chr21-chr21_AA-libd_chr21-chr21_AA-291194-311193-dynamic-1corestotal-allcorepera-20240508-063229.rds"
[1] "File number: 16"
[1] "Loaded RDS file: ..//output_EXPANSE_a2_caud/libd_chr21-chr21_AA-libd_chr21-chr21_AA-311194-331193-dynamic-1corestotal-allcorepera-20240508-063331.rds"
[1] "File number: 17"
[1] "Loaded RDS file: ..//output_EXPANSE_a2_caud/libd_chr21-chr21_AA-libd_chr21-chr21_AA-331194-351193-dynamic-1corestotal-allcorepera-20240508-063432.rds"
[1] "File number: 18"
[1] "Loaded RDS file: ..//output_EXPANSE_a2_caud/libd_chr21-chr21_AA-libd_chr21-chr21_AA-351194-358983-dynamic-1corestotal-allcorepera-20240508-063533.rds"
[1] "File number: 19"
[1] "Loaded RDS file: ..//output_EXPANSE_a2_dlpfc/libd_chr21-chr21_AA-libd_chr21-chr21_AA-11194-31193-dynamic-1corestotal-allcorepera-20240509-183841.rds"
[1] "File number: 20"
[1] "Loaded RDS file: ..//output_EXPANSE_a2_dlpfc/libd_chr21-chr21_AA-libd_chr21-chr21_AA-11194-31193-dynamic-1corestotal-allcorepera-20240514-130619.rds"
[1] "File number: 21"
[1] "Loaded RDS file: ..//output_EXPANSE_a2_dlpfc/libd_chr21-chr21_AA-libd_chr21-chr21_AA-31194-51193-dynamic-1corestotal-allcorepera-20240509-183942.rds"
[1] "File number: 22"
[1] "Loaded RDS file: ..//output_EXPANSE_a2_dlpfc/libd_chr21-chr21_AA-libd_chr21-chr21_AA-31194-51193-dynamic-1corestotal-allcorepera-20240514-130720.rds"
[1] "File number: 23"
[1] "Loaded RDS file: ..//output_EXPANSE_a2_dlpfc/libd_chr21-chr21_AA-libd_chr21-chr21_AA-51194-71193-dynamic-1corestotal-allcorepera-20240509-184043.rds"
[1] "File number: 24"
[1] "Loaded RDS file: ..//output_EXPANSE_a2_dlpfc/libd_chr21-chr21_AA-libd_chr21-chr21_AA-51194-71193-dynamic-1corestotal-allcorepera-20240514-130822.rds"
[1] "File number: 25"
[1] "Loaded RDS file: ..//output_EXPANSE_a2_dlpfc/libd_chr21-chr21_AA-libd_chr21-chr21_AA-71194-91193-dynamic-1corestotal-allcorepera-20240509-184144.rds"
[1] "File number: 26"
[1] "Loaded RDS file: ..//output_EXPANSE_a2_dlpfc/libd_chr21-chr21_AA-libd_chr21-chr21_AA-71194-91193-dynamic-1corestotal-allcorepera-20240514-130927.rds"
[1] "File number: 27"
[1] "Loaded RDS file: ..//output_EXPANSE_a2_dlpfc/libd_chr21-chr21_AA-libd_chr21-chr21_AA-91194-111193-dynamic-1corestotal-allcorepera-20240509-184246.rds"
[1] "File number: 28"
[1] "Loaded RDS file: ..//output_EXPANSE_a2_dlpfc/libd_chr21-chr21_AA-libd_chr21-chr21_AA-91194-111193-dynamic-1corestotal-allcorepera-20240514-131028.rds"
[1] "File number: 29"
[1] "Loaded RDS file: ..//output_EXPANSE_a2_dlpfc/libd_chr21-chr21_AA-libd_chr21-chr21_AA-111194-131193-dynamic-1corestotal-allcorepera-20240509-184347.rds"
[1] "File number: 30"
[1] "Loaded RDS file: ..//output_EXPANSE_a2_dlpfc/libd_chr21-chr21_AA-libd_chr21-chr21_AA-111194-131193-dynamic-1corestotal-allcorepera-20240514-131129.rds"
[1] "File number: 31"
[1] "Loaded RDS file: ..//output_EXPANSE_a2_dlpfc/libd_chr21-chr21_AA-libd_chr21-chr21_AA-131194-151193-dynamic-1corestotal-allcorepera-20240509-184448.rds"
[1] "File number: 32"
[1] "Loaded RDS file: ..//output_EXPANSE_a2_dlpfc/libd_chr21-chr21_AA-libd_chr21-chr21_AA-131194-151193-dynamic-1corestotal-allcorepera-20240514-131231.rds"
[1] "File number: 33"
[1] "Loaded RDS file: ..//output_EXPANSE_a2_dlpfc/libd_chr21-chr21_AA-libd_chr21-chr21_AA-151194-171193-dynamic-1corestotal-allcorepera-20240509-184549.rds"
[1] "File number: 34"
[1] "Loaded RDS file: ..//output_EXPANSE_a2_dlpfc/libd_chr21-chr21_AA-libd_chr21-chr21_AA-151194-171193-dynamic-1corestotal-allcorepera-20240514-131332.rds"
[1] "File number: 35"
[1] "Loaded RDS file: ..//output_EXPANSE_a2_dlpfc/libd_chr21-chr21_AA-libd_chr21-chr21_AA-171194-191193-dynamic-1corestotal-allcorepera-20240509-184650.rds"
[1] "File number: 36"
[1] "Loaded RDS file: ..//output_EXPANSE_a2_dlpfc/libd_chr21-chr21_AA-libd_chr21-chr21_AA-171194-191193-dynamic-1corestotal-allcorepera-20240514-131433.rds"
[1] "File number: 37"
[1] "Loaded RDS file: ..//output_EXPANSE_a2_dlpfc/libd_chr21-chr21_AA-libd_chr21-chr21_AA-191194-211193-dynamic-1corestotal-allcorepera-20240509-184752.rds"
[1] "File number: 38"
[1] "Loaded RDS file: ..//output_EXPANSE_a2_dlpfc/libd_chr21-chr21_AA-libd_chr21-chr21_AA-191194-211193-dynamic-1corestotal-allcorepera-20240514-131534.rds"
[1] "File number: 39"
[1] "Loaded RDS file: ..//output_EXPANSE_a2_dlpfc/libd_chr21-chr21_AA-libd_chr21-chr21_AA-211194-231193-dynamic-1corestotal-allcorepera-20240509-184853.rds"
[1] "File number: 40"
[1] "Loaded RDS file: ..//output_EXPANSE_a2_dlpfc/libd_chr21-chr21_AA-libd_chr21-chr21_AA-211194-231193-dynamic-1corestotal-allcorepera-20240514-131635.rds"
[1] "File number: 41"
[1] "Loaded RDS file: ..//output_EXPANSE_a2_dlpfc/libd_chr21-chr21_AA-libd_chr21-chr21_AA-231194-251193-dynamic-1corestotal-allcorepera-20240509-184954.rds"
[1] "File number: 42"
[1] "Loaded RDS file: ..//output_EXPANSE_a2_dlpfc/libd_chr21-chr21_AA-libd_chr21-chr21_AA-231194-251193-dynamic-1corestotal-allcorepera-20240514-131736.rds"
[1] "File number: 43"
[1] "Loaded RDS file: ..//output_EXPANSE_a2_dlpfc/libd_chr21-chr21_AA-libd_chr21-chr21_AA-251194-271193-dynamic-1corestotal-allcorepera-20240509-185055.rds"
[1] "File number: 44"
[1] "Loaded RDS file: ..//output_EXPANSE_a2_dlpfc/libd_chr21-chr21_AA-libd_chr21-chr21_AA-251194-271193-dynamic-1corestotal-allcorepera-20240514-131837.rds"
[1] "File number: 45"
[1] "Loaded RDS file: ..//output_EXPANSE_a2_dlpfc/libd_chr21-chr21_AA-libd_chr21-chr21_AA-271194-291193-dynamic-1corestotal-allcorepera-20240509-185156.rds"
[1] "File number: 46"
[1] "Loaded RDS file: ..//output_EXPANSE_a2_dlpfc/libd_chr21-chr21_AA-libd_chr21-chr21_AA-271194-291193-dynamic-1corestotal-allcorepera-20240514-131939.rds"
[1] "File number: 47"
[1] "Loaded RDS file: ..//output_EXPANSE_a2_dlpfc/libd_chr21-chr21_AA-libd_chr21-chr21_AA-291194-311193-dynamic-1corestotal-allcorepera-20240509-185258.rds"
[1] "File number: 48"
[1] "Loaded RDS file: ..//output_EXPANSE_a2_dlpfc/libd_chr21-chr21_AA-libd_chr21-chr21_AA-291194-311193-dynamic-1corestotal-allcorepera-20240514-132040.rds"
[1] "File number: 49"
[1] "Loaded RDS file: ..//output_EXPANSE_a2_dlpfc/libd_chr21-chr21_AA-libd_chr21-chr21_AA-311194-331193-dynamic-1corestotal-allcorepera-20240509-185359.rds"
[1] "File number: 50"
[1] "Loaded RDS file: ..//output_EXPANSE_a2_dlpfc/libd_chr21-chr21_AA-libd_chr21-chr21_AA-311194-331193-dynamic-1corestotal-allcorepera-20240514-132141.rds"
[1] "File number: 51"
[1] "Loaded RDS file: ..//output_EXPANSE_a2_dlpfc/libd_chr21-chr21_AA-libd_chr21-chr21_AA-331194-351193-dynamic-1corestotal-allcorepera-20240509-185500.rds"
[1] "File number: 52"
[1] "Loaded RDS file: ..//output_EXPANSE_a2_dlpfc/libd_chr21-chr21_AA-libd_chr21-chr21_AA-331194-351193-dynamic-1corestotal-allcorepera-20240514-132242.rds"
[1] "File number: 53"
[1] "Loaded RDS file: ..//output_EXPANSE_a2_dlpfc/libd_chr21-chr21_AA-libd_chr21-chr21_AA-351194-358983-dynamic-1corestotal-allcorepera-20240509-185601.rds"
[1] "File number: 54"
[1] "Loaded RDS file: ..//output_EXPANSE_a2_dlpfc/libd_chr21-chr21_AA-libd_chr21-chr21_AA-351194-358983-dynamic-1corestotal-allcorepera-20240514-132343.rds"
[1] "File number: 55"
[1] "Loaded RDS file: ..//output_EXPANSE_a2_hippo/libd_chr21-chr21_AA-libd_chr21-chr21_AA-11194-31193-dynamic-1corestotal-allcorepera-20240509-193349.rds"
[1] "File number: 56"
[1] "Loaded RDS file: ..//output_EXPANSE_a2_hippo/libd_chr21-chr21_AA-libd_chr21-chr21_AA-11194-31193-dynamic-1corestotal-allcorepera-20240514-140134.rds"
[1] "File number: 57"
[1] "Loaded RDS file: ..//output_EXPANSE_a2_hippo/libd_chr21-chr21_AA-libd_chr21-chr21_AA-31194-51193-dynamic-1corestotal-allcorepera-20240509-193450.rds"
[1] "File number: 58"
[1] "Loaded RDS file: ..//output_EXPANSE_a2_hippo/libd_chr21-chr21_AA-libd_chr21-chr21_AA-31194-51193-dynamic-1corestotal-allcorepera-20240516-111813.rds"
[1] "File number: 59"
[1] "Loaded RDS file: ..//output_EXPANSE_a2_hippo/libd_chr21-chr21_AA-libd_chr21-chr21_AA-51194-71193-dynamic-1corestotal-allcorepera-20240509-193551.rds"
[1] "File number: 60"
[1] "Loaded RDS file: ..//output_EXPANSE_a2_hippo/libd_chr21-chr21_AA-libd_chr21-chr21_AA-51194-71193-dynamic-1corestotal-allcorepera-20240516-111914.rds"
[1] "File number: 61"
[1] "Loaded RDS file: ..//output_EXPANSE_a2_hippo/libd_chr21-chr21_AA-libd_chr21-chr21_AA-71194-91193-dynamic-1corestotal-allcorepera-20240509-193652.rds"
[1] "File number: 62"
[1] "Loaded RDS file: ..//output_EXPANSE_a2_hippo/libd_chr21-chr21_AA-libd_chr21-chr21_AA-71194-91193-dynamic-1corestotal-allcorepera-20240516-112015.rds"
[1] "File number: 63"
[1] "Loaded RDS file: ..//output_EXPANSE_a2_hippo/libd_chr21-chr21_AA-libd_chr21-chr21_AA-91194-111193-dynamic-1corestotal-allcorepera-20240509-193753.rds"
[1] "File number: 64"
[1] "Loaded RDS file: ..//output_EXPANSE_a2_hippo/libd_chr21-chr21_AA-libd_chr21-chr21_AA-91194-111193-dynamic-1corestotal-allcorepera-20240516-112116.rds"
[1] "File number: 65"
[1] "Loaded RDS file: ..//output_EXPANSE_a2_hippo/libd_chr21-chr21_AA-libd_chr21-chr21_AA-111194-131193-dynamic-1corestotal-allcorepera-20240509-193854.rds"
[1] "File number: 66"
[1] "Loaded RDS file: ..//output_EXPANSE_a2_hippo/libd_chr21-chr21_AA-libd_chr21-chr21_AA-111194-131193-dynamic-1corestotal-allcorepera-20240516-112217.rds"
[1] "File number: 67"
[1] "Loaded RDS file: ..//output_EXPANSE_a2_hippo/libd_chr21-chr21_AA-libd_chr21-chr21_AA-131194-151193-dynamic-1corestotal-allcorepera-20240509-193957.rds"
[1] "File number: 68"
[1] "Loaded RDS file: ..//output_EXPANSE_a2_hippo/libd_chr21-chr21_AA-libd_chr21-chr21_AA-131194-151193-dynamic-1corestotal-allcorepera-20240516-112319.rds"
[1] "File number: 69"
[1] "Loaded RDS file: ..//output_EXPANSE_a2_hippo/libd_chr21-chr21_AA-libd_chr21-chr21_AA-151194-171193-dynamic-1corestotal-allcorepera-20240509-194100.rds"
[1] "File number: 70"
[1] "Loaded RDS file: ..//output_EXPANSE_a2_hippo/libd_chr21-chr21_AA-libd_chr21-chr21_AA-151194-171193-dynamic-1corestotal-allcorepera-20240516-112420.rds"
[1] "File number: 71"
[1] "Loaded RDS file: ..//output_EXPANSE_a2_hippo/libd_chr21-chr21_AA-libd_chr21-chr21_AA-171194-191193-dynamic-1corestotal-allcorepera-20240509-194201.rds"
[1] "File number: 72"
[1] "Loaded RDS file: ..//output_EXPANSE_a2_hippo/libd_chr21-chr21_AA-libd_chr21-chr21_AA-171194-191193-dynamic-1corestotal-allcorepera-20240516-112521.rds"
[1] "File number: 73"
[1] "Loaded RDS file: ..//output_EXPANSE_a2_hippo/libd_chr21-chr21_AA-libd_chr21-chr21_AA-191194-211193-dynamic-1corestotal-allcorepera-20240509-194304.rds"
[1] "File number: 74"
[1] "Loaded RDS file: ..//output_EXPANSE_a2_hippo/libd_chr21-chr21_AA-libd_chr21-chr21_AA-191194-211193-dynamic-1corestotal-allcorepera-20240516-112622.rds"
[1] "File number: 75"
[1] "Loaded RDS file: ..//output_EXPANSE_a2_hippo/libd_chr21-chr21_AA-libd_chr21-chr21_AA-211194-231193-dynamic-1corestotal-allcorepera-20240509-194405.rds"
[1] "File number: 76"
[1] "Loaded RDS file: ..//output_EXPANSE_a2_hippo/libd_chr21-chr21_AA-libd_chr21-chr21_AA-211194-231193-dynamic-1corestotal-allcorepera-20240516-112723.rds"
[1] "File number: 77"
[1] "Loaded RDS file: ..//output_EXPANSE_a2_hippo/libd_chr21-chr21_AA-libd_chr21-chr21_AA-231194-251193-dynamic-1corestotal-allcorepera-20240509-194508.rds"
[1] "File number: 78"
[1] "Loaded RDS file: ..//output_EXPANSE_a2_hippo/libd_chr21-chr21_AA-libd_chr21-chr21_AA-231194-251193-dynamic-1corestotal-allcorepera-20240516-112824.rds"
[1] "File number: 79"
[1] "Loaded RDS file: ..//output_EXPANSE_a2_hippo/libd_chr21-chr21_AA-libd_chr21-chr21_AA-251194-271193-dynamic-1corestotal-allcorepera-20240509-194609.rds"
[1] "File number: 80"
[1] "Loaded RDS file: ..//output_EXPANSE_a2_hippo/libd_chr21-chr21_AA-libd_chr21-chr21_AA-251194-271193-dynamic-1corestotal-allcorepera-20240516-112926.rds"
[1] "File number: 81"
[1] "Loaded RDS file: ..//output_EXPANSE_a2_hippo/libd_chr21-chr21_AA-libd_chr21-chr21_AA-271194-291193-dynamic-1corestotal-allcorepera-20240509-194711.rds"
[1] "File number: 82"
[1] "Loaded RDS file: ..//output_EXPANSE_a2_hippo/libd_chr21-chr21_AA-libd_chr21-chr21_AA-271194-291193-dynamic-1corestotal-allcorepera-20240516-113027.rds"
[1] "File number: 83"
[1] "Loaded RDS file: ..//output_EXPANSE_a2_hippo/libd_chr21-chr21_AA-libd_chr21-chr21_AA-291194-311193-dynamic-1corestotal-allcorepera-20240509-194812.rds"
[1] "File number: 84"
[1] "Loaded RDS file: ..//output_EXPANSE_a2_hippo/libd_chr21-chr21_AA-libd_chr21-chr21_AA-291194-311193-dynamic-1corestotal-allcorepera-20240516-113128.rds"
[1] "File number: 85"
[1] "Loaded RDS file: ..//output_EXPANSE_a2_hippo/libd_chr21-chr21_AA-libd_chr21-chr21_AA-311194-331193-dynamic-1corestotal-allcorepera-20240509-194913.rds"
[1] "File number: 86"
[1] "Loaded RDS file: ..//output_EXPANSE_a2_hippo/libd_chr21-chr21_AA-libd_chr21-chr21_AA-311194-331193-dynamic-1corestotal-allcorepera-20240516-113229.rds"
[1] "File number: 87"
[1] "Loaded RDS file: ..//output_EXPANSE_a2_hippo/libd_chr21-chr21_AA-libd_chr21-chr21_AA-331194-351193-dynamic-1corestotal-allcorepera-20240509-195014.rds"
[1] "File number: 88"
[1] "Loaded RDS file: ..//output_EXPANSE_a2_hippo/libd_chr21-chr21_AA-libd_chr21-chr21_AA-331194-351193-dynamic-1corestotal-allcorepera-20240516-113330.rds"
[1] "File number: 89"
[1] "Loaded RDS file: ..//output_EXPANSE_a2_hippo/libd_chr21-chr21_AA-libd_chr21-chr21_AA-351194-358983-dynamic-1corestotal-allcorepera-20240509-195115.rds"
[1] "File number: 90"
[1] "Loaded RDS file: ..//output_EXPANSE_a2_hippo/libd_chr21-chr21_AA-libd_chr21-chr21_AA-351194-358983-dynamic-1corestotal-allcorepera-20240516-113431.rds"
[1] "File number: 91"
[1] "Loaded RDS file: ..//output_EXPANSE_a2_caud/libd_chr21-chr21_EA-libd_chr21-chr21_EA-11194-31193-dynamic-1corestotal-allcorepera-20240508-065458.rds"
[1] "File number: 92"
[1] "Loaded RDS file: ..//output_EXPANSE_a2_caud/libd_chr21-chr21_EA-libd_chr21-chr21_EA-31194-51193-dynamic-1corestotal-allcorepera-20240508-065559.rds"
[1] "File number: 93"
[1] "Loaded RDS file: ..//output_EXPANSE_a2_caud/libd_chr21-chr21_EA-libd_chr21-chr21_EA-51194-71193-dynamic-1corestotal-allcorepera-20240508-065706.rds"
[1] "File number: 94"
[1] "Loaded RDS file: ..//output_EXPANSE_a2_caud/libd_chr21-chr21_EA-libd_chr21-chr21_EA-71194-91193-dynamic-1corestotal-allcorepera-20240508-065807.rds"
[1] "File number: 95"
[1] "Loaded RDS file: ..//output_EXPANSE_a2_caud/libd_chr21-chr21_EA-libd_chr21-chr21_EA-91194-111193-dynamic-1corestotal-allcorepera-20240508-065908.rds"
[1] "File number: 96"
[1] "Loaded RDS file: ..//output_EXPANSE_a2_caud/libd_chr21-chr21_EA-libd_chr21-chr21_EA-111194-131193-dynamic-1corestotal-allcorepera-20240508-070010.rds"
[1] "File number: 97"
[1] "Loaded RDS file: ..//output_EXPANSE_a2_caud/libd_chr21-chr21_EA-libd_chr21-chr21_EA-131194-151193-dynamic-1corestotal-allcorepera-20240508-070111.rds"
[1] "File number: 98"
[1] "Loaded RDS file: ..//output_EXPANSE_a2_caud/libd_chr21-chr21_EA-libd_chr21-chr21_EA-151194-171193-dynamic-1corestotal-allcorepera-20240508-070212.rds"
[1] "File number: 99"
[1] "Loaded RDS file: ..//output_EXPANSE_a2_caud/libd_chr21-chr21_EA-libd_chr21-chr21_EA-171194-191193-dynamic-1corestotal-allcorepera-20240508-070314.rds"
[1] "File number: 100"
[1] "Loaded RDS file: ..//output_EXPANSE_a2_caud/libd_chr21-chr21_EA-libd_chr21-chr21_EA-191194-211193-dynamic-1corestotal-allcorepera-20240508-070415.rds"
[1] "File number: 101"
[1] "Loaded RDS file: ..//output_EXPANSE_a2_caud/libd_chr21-chr21_EA-libd_chr21-chr21_EA-211194-231193-dynamic-1corestotal-allcorepera-20240508-070516.rds"
[1] "File number: 102"
[1] "Loaded RDS file: ..//output_EXPANSE_a2_caud/libd_chr21-chr21_EA-libd_chr21-chr21_EA-231194-251193-dynamic-1corestotal-allcorepera-20240508-070617.rds"
[1] "File number: 103"
[1] "Loaded RDS file: ..//output_EXPANSE_a2_caud/libd_chr21-chr21_EA-libd_chr21-chr21_EA-251194-271193-dynamic-1corestotal-allcorepera-20240508-070719.rds"
[1] "File number: 104"
[1] "Loaded RDS file: ..//output_EXPANSE_a2_caud/libd_chr21-chr21_EA-libd_chr21-chr21_EA-271194-291193-dynamic-1corestotal-allcorepera-20240508-070820.rds"
[1] "File number: 105"
[1] "Loaded RDS file: ..//output_EXPANSE_a2_caud/libd_chr21-chr21_EA-libd_chr21-chr21_EA-291194-311193-dynamic-1corestotal-allcorepera-20240508-070921.rds"
[1] "File number: 106"
[1] "Loaded RDS file: ..//output_EXPANSE_a2_caud/libd_chr21-chr21_EA-libd_chr21-chr21_EA-311194-331193-dynamic-1corestotal-allcorepera-20240508-071023.rds"
[1] "File number: 107"
[1] "Loaded RDS file: ..//output_EXPANSE_a2_caud/libd_chr21-chr21_EA-libd_chr21-chr21_EA-331194-351193-dynamic-1corestotal-allcorepera-20240508-071124.rds"
[1] "File number: 108"
[1] "Loaded RDS file: ..//output_EXPANSE_a2_caud/libd_chr21-chr21_EA-libd_chr21-chr21_EA-351194-358983-dynamic-1corestotal-allcorepera-20240508-071225.rds"
[1] "File number: 109"
[1] "Loaded RDS file: ..//output_EXPANSE_a2_dlpfc/libd_chr21-chr21_EA-libd_chr21-chr21_EA-11194-31193-dynamic-1corestotal-allcorepera-20240509-191528.rds"
[1] "File number: 110"
[1] "Loaded RDS file: ..//output_EXPANSE_a2_dlpfc/libd_chr21-chr21_EA-libd_chr21-chr21_EA-11194-31193-dynamic-1corestotal-allcorepera-20240514-134309.rds"
[1] "File number: 111"
[1] "Loaded RDS file: ..//output_EXPANSE_a2_dlpfc/libd_chr21-chr21_EA-libd_chr21-chr21_EA-31194-51193-dynamic-1corestotal-allcorepera-20240509-191629.rds"
[1] "File number: 112"
[1] "Loaded RDS file: ..//output_EXPANSE_a2_dlpfc/libd_chr21-chr21_EA-libd_chr21-chr21_EA-31194-51193-dynamic-1corestotal-allcorepera-20240514-134411.rds"
[1] "File number: 113"
[1] "Loaded RDS file: ..//output_EXPANSE_a2_dlpfc/libd_chr21-chr21_EA-libd_chr21-chr21_EA-51194-71193-dynamic-1corestotal-allcorepera-20240509-191730.rds"
[1] "File number: 114"
[1] "Loaded RDS file: ..//output_EXPANSE_a2_dlpfc/libd_chr21-chr21_EA-libd_chr21-chr21_EA-51194-71193-dynamic-1corestotal-allcorepera-20240514-134512.rds"
[1] "File number: 115"
[1] "Loaded RDS file: ..//output_EXPANSE_a2_dlpfc/libd_chr21-chr21_EA-libd_chr21-chr21_EA-71194-91193-dynamic-1corestotal-allcorepera-20240509-191831.rds"
[1] "File number: 116"
[1] "Loaded RDS file: ..//output_EXPANSE_a2_dlpfc/libd_chr21-chr21_EA-libd_chr21-chr21_EA-71194-91193-dynamic-1corestotal-allcorepera-20240514-134613.rds"
[1] "File number: 117"
[1] "Loaded RDS file: ..//output_EXPANSE_a2_dlpfc/libd_chr21-chr21_EA-libd_chr21-chr21_EA-91194-111193-dynamic-1corestotal-allcorepera-20240509-191932.rds"
[1] "File number: 118"
[1] "Loaded RDS file: ..//output_EXPANSE_a2_dlpfc/libd_chr21-chr21_EA-libd_chr21-chr21_EA-91194-111193-dynamic-1corestotal-allcorepera-20240514-134714.rds"
[1] "File number: 119"
[1] "Loaded RDS file: ..//output_EXPANSE_a2_dlpfc/libd_chr21-chr21_EA-libd_chr21-chr21_EA-111194-131193-dynamic-1corestotal-allcorepera-20240509-192033.rds"
[1] "File number: 120"
[1] "Loaded RDS file: ..//output_EXPANSE_a2_dlpfc/libd_chr21-chr21_EA-libd_chr21-chr21_EA-111194-131193-dynamic-1corestotal-allcorepera-20240514-134815.rds"
[1] "File number: 121"
[1] "Loaded RDS file: ..//output_EXPANSE_a2_dlpfc/libd_chr21-chr21_EA-libd_chr21-chr21_EA-131194-151193-dynamic-1corestotal-allcorepera-20240509-192134.rds"
[1] "File number: 122"
[1] "Loaded RDS file: ..//output_EXPANSE_a2_dlpfc/libd_chr21-chr21_EA-libd_chr21-chr21_EA-131194-151193-dynamic-1corestotal-allcorepera-20240514-134916.rds"
[1] "File number: 123"
[1] "Loaded RDS file: ..//output_EXPANSE_a2_dlpfc/libd_chr21-chr21_EA-libd_chr21-chr21_EA-151194-171193-dynamic-1corestotal-allcorepera-20240509-192236.rds"
[1] "File number: 124"
[1] "Loaded RDS file: ..//output_EXPANSE_a2_dlpfc/libd_chr21-chr21_EA-libd_chr21-chr21_EA-151194-171193-dynamic-1corestotal-allcorepera-20240514-135017.rds"
[1] "File number: 125"
[1] "Loaded RDS file: ..//output_EXPANSE_a2_dlpfc/libd_chr21-chr21_EA-libd_chr21-chr21_EA-171194-191193-dynamic-1corestotal-allcorepera-20240509-192337.rds"
[1] "File number: 126"
[1] "Loaded RDS file: ..//output_EXPANSE_a2_dlpfc/libd_chr21-chr21_EA-libd_chr21-chr21_EA-171194-191193-dynamic-1corestotal-allcorepera-20240514-135119.rds"
[1] "File number: 127"
[1] "Loaded RDS file: ..//output_EXPANSE_a2_dlpfc/libd_chr21-chr21_EA-libd_chr21-chr21_EA-191194-211193-dynamic-1corestotal-allcorepera-20240509-192438.rds"
[1] "File number: 128"
[1] "Loaded RDS file: ..//output_EXPANSE_a2_dlpfc/libd_chr21-chr21_EA-libd_chr21-chr21_EA-191194-211193-dynamic-1corestotal-allcorepera-20240514-135220.rds"
[1] "File number: 129"
[1] "Loaded RDS file: ..//output_EXPANSE_a2_dlpfc/libd_chr21-chr21_EA-libd_chr21-chr21_EA-211194-231193-dynamic-1corestotal-allcorepera-20240509-192539.rds"
[1] "File number: 130"
[1] "Loaded RDS file: ..//output_EXPANSE_a2_dlpfc/libd_chr21-chr21_EA-libd_chr21-chr21_EA-211194-231193-dynamic-1corestotal-allcorepera-20240514-135321.rds"
[1] "File number: 131"
[1] "Loaded RDS file: ..//output_EXPANSE_a2_dlpfc/libd_chr21-chr21_EA-libd_chr21-chr21_EA-231194-251193-dynamic-1corestotal-allcorepera-20240509-192640.rds"
[1] "File number: 132"
[1] "Loaded RDS file: ..//output_EXPANSE_a2_dlpfc/libd_chr21-chr21_EA-libd_chr21-chr21_EA-231194-251193-dynamic-1corestotal-allcorepera-20240514-135422.rds"
[1] "File number: 133"
[1] "Loaded RDS file: ..//output_EXPANSE_a2_dlpfc/libd_chr21-chr21_EA-libd_chr21-chr21_EA-251194-271193-dynamic-1corestotal-allcorepera-20240509-192741.rds"
[1] "File number: 134"
[1] "Loaded RDS file: ..//output_EXPANSE_a2_dlpfc/libd_chr21-chr21_EA-libd_chr21-chr21_EA-251194-271193-dynamic-1corestotal-allcorepera-20240514-135523.rds"
[1] "File number: 135"
[1] "Loaded RDS file: ..//output_EXPANSE_a2_dlpfc/libd_chr21-chr21_EA-libd_chr21-chr21_EA-271194-291193-dynamic-1corestotal-allcorepera-20240509-192843.rds"
[1] "File number: 136"
[1] "Loaded RDS file: ..//output_EXPANSE_a2_dlpfc/libd_chr21-chr21_EA-libd_chr21-chr21_EA-271194-291193-dynamic-1corestotal-allcorepera-20240514-135624.rds"
[1] "File number: 137"
[1] "Loaded RDS file: ..//output_EXPANSE_a2_dlpfc/libd_chr21-chr21_EA-libd_chr21-chr21_EA-291194-311193-dynamic-1corestotal-allcorepera-20240509-192944.rds"
[1] "File number: 138"
[1] "Loaded RDS file: ..//output_EXPANSE_a2_dlpfc/libd_chr21-chr21_EA-libd_chr21-chr21_EA-291194-311193-dynamic-1corestotal-allcorepera-20240514-135726.rds"
[1] "File number: 139"
[1] "Loaded RDS file: ..//output_EXPANSE_a2_dlpfc/libd_chr21-chr21_EA-libd_chr21-chr21_EA-311194-331193-dynamic-1corestotal-allcorepera-20240509-193045.rds"
[1] "File number: 140"
[1] "Loaded RDS file: ..//output_EXPANSE_a2_dlpfc/libd_chr21-chr21_EA-libd_chr21-chr21_EA-311194-331193-dynamic-1corestotal-allcorepera-20240514-135827.rds"
[1] "File number: 141"
[1] "Loaded RDS file: ..//output_EXPANSE_a2_dlpfc/libd_chr21-chr21_EA-libd_chr21-chr21_EA-331194-351193-dynamic-1corestotal-allcorepera-20240509-193146.rds"
[1] "File number: 142"
[1] "Loaded RDS file: ..//output_EXPANSE_a2_dlpfc/libd_chr21-chr21_EA-libd_chr21-chr21_EA-331194-351193-dynamic-1corestotal-allcorepera-20240514-135928.rds"
[1] "File number: 143"
[1] "Loaded RDS file: ..//output_EXPANSE_a2_dlpfc/libd_chr21-chr21_EA-libd_chr21-chr21_EA-351194-358983-dynamic-1corestotal-allcorepera-20240509-193247.rds"
[1] "File number: 144"
[1] "Loaded RDS file: ..//output_EXPANSE_a2_dlpfc/libd_chr21-chr21_EA-libd_chr21-chr21_EA-351194-358983-dynamic-1corestotal-allcorepera-20240514-140032.rds"
[1] "File number: 145"
[1] "Loaded RDS file: ..//output_EXPANSE_a2_hippo/libd_chr21-chr21_EA-libd_chr21-chr21_EA-11194-31193-dynamic-1corestotal-allcorepera-20240509-201041.rds"
[1] "File number: 146"
[1] "Loaded RDS file: ..//output_EXPANSE_a2_hippo/libd_chr21-chr21_EA-libd_chr21-chr21_EA-11194-31193-dynamic-1corestotal-allcorepera-20240516-115353.rds"
[1] "File number: 147"
[1] "Loaded RDS file: ..//output_EXPANSE_a2_hippo/libd_chr21-chr21_EA-libd_chr21-chr21_EA-31194-51193-dynamic-1corestotal-allcorepera-20240509-201142.rds"
[1] "File number: 148"
[1] "Loaded RDS file: ..//output_EXPANSE_a2_hippo/libd_chr21-chr21_EA-libd_chr21-chr21_EA-31194-51193-dynamic-1corestotal-allcorepera-20240516-115454.rds"
[1] "File number: 149"
[1] "Loaded RDS file: ..//output_EXPANSE_a2_hippo/libd_chr21-chr21_EA-libd_chr21-chr21_EA-51194-71193-dynamic-1corestotal-allcorepera-20240509-201244.rds"
[1] "File number: 150"
[1] "Loaded RDS file: ..//output_EXPANSE_a2_hippo/libd_chr21-chr21_EA-libd_chr21-chr21_EA-51194-71193-dynamic-1corestotal-allcorepera-20240516-115555.rds"
[1] "File number: 151"
[1] "Loaded RDS file: ..//output_EXPANSE_a2_hippo/libd_chr21-chr21_EA-libd_chr21-chr21_EA-71194-91193-dynamic-1corestotal-allcorepera-20240509-201345.rds"
[1] "File number: 152"
[1] "Loaded RDS file: ..//output_EXPANSE_a2_hippo/libd_chr21-chr21_EA-libd_chr21-chr21_EA-71194-91193-dynamic-1corestotal-allcorepera-20240516-115656.rds"
[1] "File number: 153"
[1] "Loaded RDS file: ..//output_EXPANSE_a2_hippo/libd_chr21-chr21_EA-libd_chr21-chr21_EA-91194-111193-dynamic-1corestotal-allcorepera-20240509-201446.rds"
[1] "File number: 154"
[1] "Loaded RDS file: ..//output_EXPANSE_a2_hippo/libd_chr21-chr21_EA-libd_chr21-chr21_EA-91194-111193-dynamic-1corestotal-allcorepera-20240516-115757.rds"
[1] "File number: 155"
[1] "Loaded RDS file: ..//output_EXPANSE_a2_hippo/libd_chr21-chr21_EA-libd_chr21-chr21_EA-111194-131193-dynamic-1corestotal-allcorepera-20240509-201547.rds"
[1] "File number: 156"
[1] "Loaded RDS file: ..//output_EXPANSE_a2_hippo/libd_chr21-chr21_EA-libd_chr21-chr21_EA-111194-131193-dynamic-1corestotal-allcorepera-20240516-115859.rds"
[1] "File number: 157"
[1] "Loaded RDS file: ..//output_EXPANSE_a2_hippo/libd_chr21-chr21_EA-libd_chr21-chr21_EA-131194-151193-dynamic-1corestotal-allcorepera-20240509-201650.rds"
[1] "File number: 158"
[1] "Loaded RDS file: ..//output_EXPANSE_a2_hippo/libd_chr21-chr21_EA-libd_chr21-chr21_EA-131194-151193-dynamic-1corestotal-allcorepera-20240516-120000.rds"
[1] "File number: 159"
[1] "Loaded RDS file: ..//output_EXPANSE_a2_hippo/libd_chr21-chr21_EA-libd_chr21-chr21_EA-151194-171193-dynamic-1corestotal-allcorepera-20240509-201751.rds"
[1] "File number: 160"
[1] "Loaded RDS file: ..//output_EXPANSE_a2_hippo/libd_chr21-chr21_EA-libd_chr21-chr21_EA-151194-171193-dynamic-1corestotal-allcorepera-20240516-120101.rds"
[1] "File number: 161"
[1] "Loaded RDS file: ..//output_EXPANSE_a2_hippo/libd_chr21-chr21_EA-libd_chr21-chr21_EA-171194-191193-dynamic-1corestotal-allcorepera-20240509-201852.rds"
[1] "File number: 162"
[1] "Loaded RDS file: ..//output_EXPANSE_a2_hippo/libd_chr21-chr21_EA-libd_chr21-chr21_EA-171194-191193-dynamic-1corestotal-allcorepera-20240516-120202.rds"
[1] "File number: 163"
[1] "Loaded RDS file: ..//output_EXPANSE_a2_hippo/libd_chr21-chr21_EA-libd_chr21-chr21_EA-191194-211193-dynamic-1corestotal-allcorepera-20240509-201953.rds"
[1] "File number: 164"
[1] "Loaded RDS file: ..//output_EXPANSE_a2_hippo/libd_chr21-chr21_EA-libd_chr21-chr21_EA-191194-211193-dynamic-1corestotal-allcorepera-20240516-120303.rds"
[1] "File number: 165"
[1] "Loaded RDS file: ..//output_EXPANSE_a2_hippo/libd_chr21-chr21_EA-libd_chr21-chr21_EA-211194-231193-dynamic-1corestotal-allcorepera-20240509-202055.rds"
[1] "File number: 166"
[1] "Loaded RDS file: ..//output_EXPANSE_a2_hippo/libd_chr21-chr21_EA-libd_chr21-chr21_EA-211194-231193-dynamic-1corestotal-allcorepera-20240516-120404.rds"
[1] "File number: 167"
[1] "Loaded RDS file: ..//output_EXPANSE_a2_hippo/libd_chr21-chr21_EA-libd_chr21-chr21_EA-231194-251193-dynamic-1corestotal-allcorepera-20240509-202156.rds"
[1] "File number: 168"
[1] "Loaded RDS file: ..//output_EXPANSE_a2_hippo/libd_chr21-chr21_EA-libd_chr21-chr21_EA-231194-251193-dynamic-1corestotal-allcorepera-20240516-120505.rds"
[1] "File number: 169"
[1] "Loaded RDS file: ..//output_EXPANSE_a2_hippo/libd_chr21-chr21_EA-libd_chr21-chr21_EA-251194-271193-dynamic-1corestotal-allcorepera-20240509-202257.rds"
[1] "File number: 170"
[1] "Loaded RDS file: ..//output_EXPANSE_a2_hippo/libd_chr21-chr21_EA-libd_chr21-chr21_EA-251194-271193-dynamic-1corestotal-allcorepera-20240516-120606.rds"
[1] "File number: 171"
[1] "Loaded RDS file: ..//output_EXPANSE_a2_hippo/libd_chr21-chr21_EA-libd_chr21-chr21_EA-271194-291193-dynamic-1corestotal-allcorepera-20240509-202358.rds"
[1] "File number: 172"
[1] "Loaded RDS file: ..//output_EXPANSE_a2_hippo/libd_chr21-chr21_EA-libd_chr21-chr21_EA-271194-291193-dynamic-1corestotal-allcorepera-20240516-120708.rds"
[1] "File number: 173"
[1] "Loaded RDS file: ..//output_EXPANSE_a2_hippo/libd_chr21-chr21_EA-libd_chr21-chr21_EA-291194-311193-dynamic-1corestotal-allcorepera-20240509-202459.rds"
[1] "File number: 174"
[1] "Loaded RDS file: ..//output_EXPANSE_a2_hippo/libd_chr21-chr21_EA-libd_chr21-chr21_EA-291194-311193-dynamic-1corestotal-allcorepera-20240516-120809.rds"
[1] "File number: 175"
[1] "Loaded RDS file: ..//output_EXPANSE_a2_hippo/libd_chr21-chr21_EA-libd_chr21-chr21_EA-311194-331193-dynamic-1corestotal-allcorepera-20240509-202600.rds"
[1] "File number: 176"
[1] "Loaded RDS file: ..//output_EXPANSE_a2_hippo/libd_chr21-chr21_EA-libd_chr21-chr21_EA-311194-331193-dynamic-1corestotal-allcorepera-20240516-120910.rds"
[1] "File number: 177"
[1] "Loaded RDS file: ..//output_EXPANSE_a2_hippo/libd_chr21-chr21_EA-libd_chr21-chr21_EA-331194-351193-dynamic-1corestotal-allcorepera-20240509-202706.rds"
[1] "File number: 178"
[1] "Loaded RDS file: ..//output_EXPANSE_a2_hippo/libd_chr21-chr21_EA-libd_chr21-chr21_EA-331194-351193-dynamic-1corestotal-allcorepera-20240516-121011.rds"
[1] "File number: 179"
[1] "Loaded RDS file: ..//output_EXPANSE_a2_hippo/libd_chr21-chr21_EA-libd_chr21-chr21_EA-351194-358983-dynamic-1corestotal-allcorepera-20240509-202808.rds"
[1] "File number: 180"
[1] "Loaded RDS file: ..//output_EXPANSE_a2_hippo/libd_chr21-chr21_EA-libd_chr21-chr21_EA-351194-358983-dynamic-1corestotal-allcorepera-20240516-121112.rds"
[1] "File number: 181"
[1] "Loaded RDS file: ..//output_EXPANSE_a2_caud/libd_chr21-chr21_all-libd_chr21-chr21_all-11194-31193-dynamic-1corestotal-allcorepera-20240508-063635.rds"
[1] "File number: 182"
[1] "Loaded RDS file: ..//output_EXPANSE_a2_caud/libd_chr21-chr21_all-libd_chr21-chr21_all-31194-51193-dynamic-1corestotal-allcorepera-20240508-063736.rds"
[1] "File number: 183"
[1] "Loaded RDS file: ..//output_EXPANSE_a2_caud/libd_chr21-chr21_all-libd_chr21-chr21_all-51194-71193-dynamic-1corestotal-allcorepera-20240508-063837.rds"
[1] "File number: 184"
[1] "Loaded RDS file: ..//output_EXPANSE_a2_caud/libd_chr21-chr21_all-libd_chr21-chr21_all-71194-91193-dynamic-1corestotal-allcorepera-20240508-063939.rds"
[1] "File number: 185"
[1] "Loaded RDS file: ..//output_EXPANSE_a2_caud/libd_chr21-chr21_all-libd_chr21-chr21_all-91194-111193-dynamic-1corestotal-allcorepera-20240508-064040.rds"
[1] "File number: 186"
[1] "Loaded RDS file: ..//output_EXPANSE_a2_caud/libd_chr21-chr21_all-libd_chr21-chr21_all-111194-131193-dynamic-1corestotal-allcorepera-20240508-064141.rds"
[1] "File number: 187"
[1] "Loaded RDS file: ..//output_EXPANSE_a2_caud/libd_chr21-chr21_all-libd_chr21-chr21_all-131194-151193-dynamic-1corestotal-allcorepera-20240508-064242.rds"
[1] "File number: 188"
[1] "Loaded RDS file: ..//output_EXPANSE_a2_caud/libd_chr21-chr21_all-libd_chr21-chr21_all-151194-171193-dynamic-1corestotal-allcorepera-20240508-064344.rds"
[1] "File number: 189"
[1] "Loaded RDS file: ..//output_EXPANSE_a2_caud/libd_chr21-chr21_all-libd_chr21-chr21_all-171194-191193-dynamic-1corestotal-allcorepera-20240508-064445.rds"
[1] "File number: 190"
[1] "Loaded RDS file: ..//output_EXPANSE_a2_caud/libd_chr21-chr21_all-libd_chr21-chr21_all-191194-211193-dynamic-1corestotal-allcorepera-20240508-064546.rds"
[1] "File number: 191"
[1] "Loaded RDS file: ..//output_EXPANSE_a2_caud/libd_chr21-chr21_all-libd_chr21-chr21_all-211194-231193-dynamic-1corestotal-allcorepera-20240508-064648.rds"
[1] "File number: 192"
[1] "Loaded RDS file: ..//output_EXPANSE_a2_caud/libd_chr21-chr21_all-libd_chr21-chr21_all-231194-251193-dynamic-1corestotal-allcorepera-20240508-064749.rds"
[1] "File number: 193"
[1] "Loaded RDS file: ..//output_EXPANSE_a2_caud/libd_chr21-chr21_all-libd_chr21-chr21_all-251194-271193-dynamic-1corestotal-allcorepera-20240508-064850.rds"
[1] "File number: 194"
[1] "Loaded RDS file: ..//output_EXPANSE_a2_caud/libd_chr21-chr21_all-libd_chr21-chr21_all-271194-291193-dynamic-1corestotal-allcorepera-20240508-064951.rds"
[1] "File number: 195"
[1] "Loaded RDS file: ..//output_EXPANSE_a2_caud/libd_chr21-chr21_all-libd_chr21-chr21_all-291194-311193-dynamic-1corestotal-allcorepera-20240508-065053.rds"
[1] "File number: 196"
[1] "Loaded RDS file: ..//output_EXPANSE_a2_caud/libd_chr21-chr21_all-libd_chr21-chr21_all-311194-331193-dynamic-1corestotal-allcorepera-20240508-065154.rds"
[1] "File number: 197"
[1] "Loaded RDS file: ..//output_EXPANSE_a2_caud/libd_chr21-chr21_all-libd_chr21-chr21_all-331194-351193-dynamic-1corestotal-allcorepera-20240508-065255.rds"
[1] "File number: 198"
[1] "Loaded RDS file: ..//output_EXPANSE_a2_caud/libd_chr21-chr21_all-libd_chr21-chr21_all-351194-358983-dynamic-1corestotal-allcorepera-20240508-065357.rds"
[1] "File number: 199"
[1] "Loaded RDS file: ..//output_EXPANSE_a2_dlpfc/libd_chr21-chr21_all-libd_chr21-chr21_all-11194-31193-dynamic-1corestotal-allcorepera-20240509-185703.rds"
[1] "File number: 200"
[1] "Loaded RDS file: ..//output_EXPANSE_a2_dlpfc/libd_chr21-chr21_all-libd_chr21-chr21_all-11194-31193-dynamic-1corestotal-allcorepera-20240514-132444.rds"
[1] "File number: 201"
[1] "Loaded RDS file: ..//output_EXPANSE_a2_dlpfc/libd_chr21-chr21_all-libd_chr21-chr21_all-31194-51193-dynamic-1corestotal-allcorepera-20240509-185805.rds"
[1] "File number: 202"
[1] "Loaded RDS file: ..//output_EXPANSE_a2_dlpfc/libd_chr21-chr21_all-libd_chr21-chr21_all-31194-51193-dynamic-1corestotal-allcorepera-20240514-132546.rds"
[1] "File number: 203"
[1] "Loaded RDS file: ..//output_EXPANSE_a2_dlpfc/libd_chr21-chr21_all-libd_chr21-chr21_all-51194-71193-dynamic-1corestotal-allcorepera-20240509-185909.rds"
[1] "File number: 204"
[1] "Loaded RDS file: ..//output_EXPANSE_a2_dlpfc/libd_chr21-chr21_all-libd_chr21-chr21_all-51194-71193-dynamic-1corestotal-allcorepera-20240514-132647.rds"
[1] "File number: 205"
[1] "Loaded RDS file: ..//output_EXPANSE_a2_dlpfc/libd_chr21-chr21_all-libd_chr21-chr21_all-71194-91193-dynamic-1corestotal-allcorepera-20240509-190010.rds"
[1] "File number: 206"
[1] "Loaded RDS file: ..//output_EXPANSE_a2_dlpfc/libd_chr21-chr21_all-libd_chr21-chr21_all-71194-91193-dynamic-1corestotal-allcorepera-20240514-132748.rds"
[1] "File number: 207"
[1] "Loaded RDS file: ..//output_EXPANSE_a2_dlpfc/libd_chr21-chr21_all-libd_chr21-chr21_all-91194-111193-dynamic-1corestotal-allcorepera-20240509-190111.rds"
[1] "File number: 208"
[1] "Loaded RDS file: ..//output_EXPANSE_a2_dlpfc/libd_chr21-chr21_all-libd_chr21-chr21_all-91194-111193-dynamic-1corestotal-allcorepera-20240514-132849.rds"
[1] "File number: 209"
[1] "Loaded RDS file: ..//output_EXPANSE_a2_dlpfc/libd_chr21-chr21_all-libd_chr21-chr21_all-111194-131193-dynamic-1corestotal-allcorepera-20240509-190212.rds"
[1] "File number: 210"
[1] "Loaded RDS file: ..//output_EXPANSE_a2_dlpfc/libd_chr21-chr21_all-libd_chr21-chr21_all-111194-131193-dynamic-1corestotal-allcorepera-20240514-132950.rds"
[1] "File number: 211"
[1] "Loaded RDS file: ..//output_EXPANSE_a2_dlpfc/libd_chr21-chr21_all-libd_chr21-chr21_all-131194-151193-dynamic-1corestotal-allcorepera-20240509-190314.rds"
[1] "File number: 212"
[1] "Loaded RDS file: ..//output_EXPANSE_a2_dlpfc/libd_chr21-chr21_all-libd_chr21-chr21_all-131194-151193-dynamic-1corestotal-allcorepera-20240514-133051.rds"
[1] "File number: 213"
[1] "Loaded RDS file: ..//output_EXPANSE_a2_dlpfc/libd_chr21-chr21_all-libd_chr21-chr21_all-151194-171193-dynamic-1corestotal-allcorepera-20240509-190415.rds"
[1] "File number: 214"
[1] "Loaded RDS file: ..//output_EXPANSE_a2_dlpfc/libd_chr21-chr21_all-libd_chr21-chr21_all-151194-171193-dynamic-1corestotal-allcorepera-20240514-133152.rds"
[1] "File number: 215"
[1] "Loaded RDS file: ..//output_EXPANSE_a2_dlpfc/libd_chr21-chr21_all-libd_chr21-chr21_all-171194-191193-dynamic-1corestotal-allcorepera-20240509-190516.rds"
[1] "File number: 216"
[1] "Loaded RDS file: ..//output_EXPANSE_a2_dlpfc/libd_chr21-chr21_all-libd_chr21-chr21_all-171194-191193-dynamic-1corestotal-allcorepera-20240514-133253.rds"
[1] "File number: 217"
[1] "Loaded RDS file: ..//output_EXPANSE_a2_dlpfc/libd_chr21-chr21_all-libd_chr21-chr21_all-191194-211193-dynamic-1corestotal-allcorepera-20240509-190617.rds"
[1] "File number: 218"
[1] "Loaded RDS file: ..//output_EXPANSE_a2_dlpfc/libd_chr21-chr21_all-libd_chr21-chr21_all-191194-211193-dynamic-1corestotal-allcorepera-20240514-133355.rds"
[1] "File number: 219"
[1] "Loaded RDS file: ..//output_EXPANSE_a2_dlpfc/libd_chr21-chr21_all-libd_chr21-chr21_all-211194-231193-dynamic-1corestotal-allcorepera-20240509-190718.rds"
[1] "File number: 220"
[1] "Loaded RDS file: ..//output_EXPANSE_a2_dlpfc/libd_chr21-chr21_all-libd_chr21-chr21_all-211194-231193-dynamic-1corestotal-allcorepera-20240514-133456.rds"
[1] "File number: 221"
[1] "Loaded RDS file: ..//output_EXPANSE_a2_dlpfc/libd_chr21-chr21_all-libd_chr21-chr21_all-231194-251193-dynamic-1corestotal-allcorepera-20240509-190820.rds"
[1] "File number: 222"
[1] "Loaded RDS file: ..//output_EXPANSE_a2_dlpfc/libd_chr21-chr21_all-libd_chr21-chr21_all-231194-251193-dynamic-1corestotal-allcorepera-20240510-092715.rds"
[1] "File number: 223"
[1] "Loaded RDS file: ..//output_EXPANSE_a2_dlpfc/libd_chr21-chr21_all-libd_chr21-chr21_all-231194-251193-dynamic-1corestotal-allcorepera-20240514-133557.rds"
[1] "File number: 224"
[1] "Loaded RDS file: ..//output_EXPANSE_a2_dlpfc/libd_chr21-chr21_all-libd_chr21-chr21_all-251194-271193-dynamic-1corestotal-allcorepera-20240509-190921.rds"
[1] "File number: 225"
[1] "Loaded RDS file: ..//output_EXPANSE_a2_dlpfc/libd_chr21-chr21_all-libd_chr21-chr21_all-251194-271193-dynamic-1corestotal-allcorepera-20240510-092816.rds"
[1] "File number: 226"
[1] "Loaded RDS file: ..//output_EXPANSE_a2_dlpfc/libd_chr21-chr21_all-libd_chr21-chr21_all-251194-271193-dynamic-1corestotal-allcorepera-20240514-133658.rds"
[1] "File number: 227"
[1] "Loaded RDS file: ..//output_EXPANSE_a2_dlpfc/libd_chr21-chr21_all-libd_chr21-chr21_all-271194-291193-dynamic-1corestotal-allcorepera-20240509-191022.rds"
[1] "File number: 228"
[1] "Loaded RDS file: ..//output_EXPANSE_a2_dlpfc/libd_chr21-chr21_all-libd_chr21-chr21_all-271194-291193-dynamic-1corestotal-allcorepera-20240514-133759.rds"
[1] "File number: 229"
[1] "Loaded RDS file: ..//output_EXPANSE_a2_dlpfc/libd_chr21-chr21_all-libd_chr21-chr21_all-291194-311193-dynamic-1corestotal-allcorepera-20240509-191123.rds"
[1] "File number: 230"
[1] "Loaded RDS file: ..//output_EXPANSE_a2_dlpfc/libd_chr21-chr21_all-libd_chr21-chr21_all-291194-311193-dynamic-1corestotal-allcorepera-20240514-133900.rds"
[1] "File number: 231"
[1] "Loaded RDS file: ..//output_EXPANSE_a2_dlpfc/libd_chr21-chr21_all-libd_chr21-chr21_all-311194-331193-dynamic-1corestotal-allcorepera-20240509-191224.rds"
[1] "File number: 232"
[1] "Loaded RDS file: ..//output_EXPANSE_a2_dlpfc/libd_chr21-chr21_all-libd_chr21-chr21_all-311194-331193-dynamic-1corestotal-allcorepera-20240510-092917.rds"
[1] "File number: 233"
[1] "Loaded RDS file: ..//output_EXPANSE_a2_dlpfc/libd_chr21-chr21_all-libd_chr21-chr21_all-311194-331193-dynamic-1corestotal-allcorepera-20240514-134001.rds"
[1] "File number: 234"
[1] "Loaded RDS file: ..//output_EXPANSE_a2_dlpfc/libd_chr21-chr21_all-libd_chr21-chr21_all-331194-351193-dynamic-1corestotal-allcorepera-20240509-191325.rds"
[1] "File number: 235"
[1] "Loaded RDS file: ..//output_EXPANSE_a2_dlpfc/libd_chr21-chr21_all-libd_chr21-chr21_all-331194-351193-dynamic-1corestotal-allcorepera-20240514-134103.rds"
[1] "File number: 236"
[1] "Loaded RDS file: ..//output_EXPANSE_a2_dlpfc/libd_chr21-chr21_all-libd_chr21-chr21_all-351194-358983-dynamic-1corestotal-allcorepera-20240509-191426.rds"
[1] "File number: 237"
[1] "Loaded RDS file: ..//output_EXPANSE_a2_dlpfc/libd_chr21-chr21_all-libd_chr21-chr21_all-351194-358983-dynamic-1corestotal-allcorepera-20240514-134204.rds"
[1] "File number: 238"
[1] "Loaded RDS file: ..//output_EXPANSE_a2_hippo/libd_chr21-chr21_all-libd_chr21-chr21_all-11194-31193-dynamic-1corestotal-allcorepera-20240509-195216.rds"
[1] "File number: 239"
[1] "Loaded RDS file: ..//output_EXPANSE_a2_hippo/libd_chr21-chr21_all-libd_chr21-chr21_all-11194-31193-dynamic-1corestotal-allcorepera-20240516-113532.rds"
[1] "File number: 240"
[1] "Loaded RDS file: ..//output_EXPANSE_a2_hippo/libd_chr21-chr21_all-libd_chr21-chr21_all-31194-51193-dynamic-1corestotal-allcorepera-20240509-195317.rds"
[1] "File number: 241"
[1] "Loaded RDS file: ..//output_EXPANSE_a2_hippo/libd_chr21-chr21_all-libd_chr21-chr21_all-31194-51193-dynamic-1corestotal-allcorepera-20240516-113634.rds"
[1] "File number: 242"
[1] "Loaded RDS file: ..//output_EXPANSE_a2_hippo/libd_chr21-chr21_all-libd_chr21-chr21_all-51194-71193-dynamic-1corestotal-allcorepera-20240509-195419.rds"
[1] "File number: 243"
[1] "Loaded RDS file: ..//output_EXPANSE_a2_hippo/libd_chr21-chr21_all-libd_chr21-chr21_all-51194-71193-dynamic-1corestotal-allcorepera-20240516-113735.rds"
[1] "File number: 244"
[1] "Loaded RDS file: ..//output_EXPANSE_a2_hippo/libd_chr21-chr21_all-libd_chr21-chr21_all-71194-91193-dynamic-1corestotal-allcorepera-20240509-195522.rds"
[1] "File number: 245"
[1] "Loaded RDS file: ..//output_EXPANSE_a2_hippo/libd_chr21-chr21_all-libd_chr21-chr21_all-71194-91193-dynamic-1corestotal-allcorepera-20240516-113836.rds"
[1] "File number: 246"
[1] "Loaded RDS file: ..//output_EXPANSE_a2_hippo/libd_chr21-chr21_all-libd_chr21-chr21_all-91194-111193-dynamic-1corestotal-allcorepera-20240509-195623.rds"
[1] "File number: 247"
[1] "Loaded RDS file: ..//output_EXPANSE_a2_hippo/libd_chr21-chr21_all-libd_chr21-chr21_all-91194-111193-dynamic-1corestotal-allcorepera-20240516-113937.rds"
[1] "File number: 248"
[1] "Loaded RDS file: ..//output_EXPANSE_a2_hippo/libd_chr21-chr21_all-libd_chr21-chr21_all-111194-131193-dynamic-1corestotal-allcorepera-20240509-195724.rds"
[1] "File number: 249"
[1] "Loaded RDS file: ..//output_EXPANSE_a2_hippo/libd_chr21-chr21_all-libd_chr21-chr21_all-111194-131193-dynamic-1corestotal-allcorepera-20240516-114038.rds"
[1] "File number: 250"
[1] "Loaded RDS file: ..//output_EXPANSE_a2_hippo/libd_chr21-chr21_all-libd_chr21-chr21_all-131194-151193-dynamic-1corestotal-allcorepera-20240509-195825.rds"
[1] "File number: 251"
[1] "Loaded RDS file: ..//output_EXPANSE_a2_hippo/libd_chr21-chr21_all-libd_chr21-chr21_all-131194-151193-dynamic-1corestotal-allcorepera-20240516-114139.rds"
[1] "File number: 252"
[1] "Loaded RDS file: ..//output_EXPANSE_a2_hippo/libd_chr21-chr21_all-libd_chr21-chr21_all-151194-171193-dynamic-1corestotal-allcorepera-20240509-195926.rds"
[1] "File number: 253"
[1] "Loaded RDS file: ..//output_EXPANSE_a2_hippo/libd_chr21-chr21_all-libd_chr21-chr21_all-151194-171193-dynamic-1corestotal-allcorepera-20240516-114240.rds"
[1] "File number: 254"
[1] "Loaded RDS file: ..//output_EXPANSE_a2_hippo/libd_chr21-chr21_all-libd_chr21-chr21_all-171194-191193-dynamic-1corestotal-allcorepera-20240509-200027.rds"
[1] "File number: 255"
[1] "Loaded RDS file: ..//output_EXPANSE_a2_hippo/libd_chr21-chr21_all-libd_chr21-chr21_all-171194-191193-dynamic-1corestotal-allcorepera-20240516-114341.rds"
[1] "File number: 256"
[1] "Loaded RDS file: ..//output_EXPANSE_a2_hippo/libd_chr21-chr21_all-libd_chr21-chr21_all-191194-211193-dynamic-1corestotal-allcorepera-20240509-200128.rds"
[1] "File number: 257"
[1] "Loaded RDS file: ..//output_EXPANSE_a2_hippo/libd_chr21-chr21_all-libd_chr21-chr21_all-191194-211193-dynamic-1corestotal-allcorepera-20240510-093021.rds"
[1] "File number: 258"
[1] "Loaded RDS file: ..//output_EXPANSE_a2_hippo/libd_chr21-chr21_all-libd_chr21-chr21_all-191194-211193-dynamic-1corestotal-allcorepera-20240516-114443.rds"
[1] "File number: 259"
[1] "Loaded RDS file: ..//output_EXPANSE_a2_hippo/libd_chr21-chr21_all-libd_chr21-chr21_all-211194-231193-dynamic-1corestotal-allcorepera-20240509-200230.rds"
[1] "File number: 260"
[1] "Loaded RDS file: ..//output_EXPANSE_a2_hippo/libd_chr21-chr21_all-libd_chr21-chr21_all-211194-231193-dynamic-1corestotal-allcorepera-20240516-114544.rds"
[1] "File number: 261"
[1] "Loaded RDS file: ..//output_EXPANSE_a2_hippo/libd_chr21-chr21_all-libd_chr21-chr21_all-231194-251193-dynamic-1corestotal-allcorepera-20240509-200331.rds"
[1] "File number: 262"
[1] "Loaded RDS file: ..//output_EXPANSE_a2_hippo/libd_chr21-chr21_all-libd_chr21-chr21_all-231194-251193-dynamic-1corestotal-allcorepera-20240510-093122.rds"
[1] "File number: 263"
[1] "Loaded RDS file: ..//output_EXPANSE_a2_hippo/libd_chr21-chr21_all-libd_chr21-chr21_all-231194-251193-dynamic-1corestotal-allcorepera-20240516-114645.rds"
[1] "File number: 264"
[1] "Loaded RDS file: ..//output_EXPANSE_a2_hippo/libd_chr21-chr21_all-libd_chr21-chr21_all-251194-271193-dynamic-1corestotal-allcorepera-20240509-200432.rds"
[1] "File number: 265"
[1] "Loaded RDS file: ..//output_EXPANSE_a2_hippo/libd_chr21-chr21_all-libd_chr21-chr21_all-251194-271193-dynamic-1corestotal-allcorepera-20240510-093223.rds"
[1] "File number: 266"
[1] "Loaded RDS file: ..//output_EXPANSE_a2_hippo/libd_chr21-chr21_all-libd_chr21-chr21_all-251194-271193-dynamic-1corestotal-allcorepera-20240516-114746.rds"
[1] "File number: 267"
[1] "Loaded RDS file: ..//output_EXPANSE_a2_hippo/libd_chr21-chr21_all-libd_chr21-chr21_all-271194-291193-dynamic-1corestotal-allcorepera-20240509-200536.rds"
[1] "File number: 268"
[1] "Loaded RDS file: ..//output_EXPANSE_a2_hippo/libd_chr21-chr21_all-libd_chr21-chr21_all-271194-291193-dynamic-1corestotal-allcorepera-20240516-114847.rds"
[1] "File number: 269"
[1] "Loaded RDS file: ..//output_EXPANSE_a2_hippo/libd_chr21-chr21_all-libd_chr21-chr21_all-291194-311193-dynamic-1corestotal-allcorepera-20240509-200637.rds"
[1] "File number: 270"
[1] "Loaded RDS file: ..//output_EXPANSE_a2_hippo/libd_chr21-chr21_all-libd_chr21-chr21_all-291194-311193-dynamic-1corestotal-allcorepera-20240516-114948.rds"
[1] "File number: 271"
[1] "Loaded RDS file: ..//output_EXPANSE_a2_hippo/libd_chr21-chr21_all-libd_chr21-chr21_all-311194-331193-dynamic-1corestotal-allcorepera-20240509-200738.rds"
[1] "File number: 272"
[1] "Loaded RDS file: ..//output_EXPANSE_a2_hippo/libd_chr21-chr21_all-libd_chr21-chr21_all-311194-331193-dynamic-1corestotal-allcorepera-20240510-093324.rds"
[1] "File number: 273"
[1] "Loaded RDS file: ..//output_EXPANSE_a2_hippo/libd_chr21-chr21_all-libd_chr21-chr21_all-311194-331193-dynamic-1corestotal-allcorepera-20240516-115049.rds"
[1] "File number: 274"
[1] "Loaded RDS file: ..//output_EXPANSE_a2_hippo/libd_chr21-chr21_all-libd_chr21-chr21_all-331194-351193-dynamic-1corestotal-allcorepera-20240509-200839.rds"
[1] "File number: 275"
[1] "Loaded RDS file: ..//output_EXPANSE_a2_hippo/libd_chr21-chr21_all-libd_chr21-chr21_all-331194-351193-dynamic-1corestotal-allcorepera-20240510-093425.rds"
[1] "File number: 276"
[1] "Loaded RDS file: ..//output_EXPANSE_a2_hippo/libd_chr21-chr21_all-libd_chr21-chr21_all-331194-351193-dynamic-1corestotal-allcorepera-20240516-115151.rds"
[1] "File number: 277"
[1] "Loaded RDS file: ..//output_EXPANSE_a2_hippo/libd_chr21-chr21_all-libd_chr21-chr21_all-351194-358983-dynamic-1corestotal-allcorepera-20240509-200940.rds"
[1] "File number: 278"
[1] "Loaded RDS file: ..//output_EXPANSE_a2_hippo/libd_chr21-chr21_all-libd_chr21-chr21_all-351194-358983-dynamic-1corestotal-allcorepera-20240516-115252.rds"
