slurmstepd: error: Unable to create TMPDIR [/scratch/naglemi/job_31905189]: Permission denied
slurmstepd: error: Setting TMPDIR to /tmp
[1] "Starting genome file processing"
[1] "Processing genome file index: 18"
[1] "Loaded SNP data"
[1] "Files for this Chr:"
[1] 297
[1] "File number: 1"
[1] "Loaded RDS file: ..//output_EXPANSE_a2_caud/libd_chr18-chr18_AA-libd_chr18-chr18_AA-386-20385-dynamic-1corestotal-allcorepera-20240507-090125.rds"
[1] "File number: 2"
[1] "Loaded RDS file: ..//output_EXPANSE_a2_caud/libd_chr18-chr18_AA-libd_chr18-chr18_AA-20386-40385-dynamic-1corestotal-allcorepera-20240507-090226.rds"
[1] "File number: 3"
[1] "Loaded RDS file: ..//output_EXPANSE_a2_caud/libd_chr18-chr18_AA-libd_chr18-chr18_AA-40386-60385-dynamic-1corestotal-allcorepera-20240507-090327.rds"
[1] "File number: 4"
[1] "Loaded RDS file: ..//output_EXPANSE_a2_caud/libd_chr18-chr18_AA-libd_chr18-chr18_AA-60386-80385-dynamic-1corestotal-allcorepera-20240507-090428.rds"
[1] "File number: 5"
[1] "Loaded RDS file: ..//output_EXPANSE_a2_caud/libd_chr18-chr18_AA-libd_chr18-chr18_AA-80386-100385-dynamic-1corestotal-allcorepera-20240507-090529.rds"
[1] "File number: 6"
[1] "Loaded RDS file: ..//output_EXPANSE_a2_caud/libd_chr18-chr18_AA-libd_chr18-chr18_AA-100386-120385-dynamic-1corestotal-allcorepera-20240507-090631.rds"
[1] "File number: 7"
[1] "Loaded RDS file: ..//output_EXPANSE_a2_caud/libd_chr18-chr18_AA-libd_chr18-chr18_AA-120386-140385-dynamic-1corestotal-allcorepera-20240507-090732.rds"
[1] "File number: 8"
[1] "Loaded RDS file: ..//output_EXPANSE_a2_caud/libd_chr18-chr18_AA-libd_chr18-chr18_AA-140386-160385-dynamic-1corestotal-allcorepera-20240507-090833.rds"
[1] "File number: 9"
[1] "Loaded RDS file: ..//output_EXPANSE_a2_caud/libd_chr18-chr18_AA-libd_chr18-chr18_AA-160386-180385-dynamic-1corestotal-allcorepera-20240507-090934.rds"
[1] "File number: 10"
[1] "Loaded RDS file: ..//output_EXPANSE_a2_caud/libd_chr18-chr18_AA-libd_chr18-chr18_AA-180386-200385-dynamic-1corestotal-allcorepera-20240507-091035.rds"
[1] "File number: 11"
[1] "Loaded RDS file: ..//output_EXPANSE_a2_caud/libd_chr18-chr18_AA-libd_chr18-chr18_AA-200386-220385-dynamic-1corestotal-allcorepera-20240507-091136.rds"
[1] "File number: 12"
[1] "Loaded RDS file: ..//output_EXPANSE_a2_caud/libd_chr18-chr18_AA-libd_chr18-chr18_AA-220386-240385-dynamic-1corestotal-allcorepera-20240507-091238.rds"
[1] "File number: 13"
[1] "Loaded RDS file: ..//output_EXPANSE_a2_caud/libd_chr18-chr18_AA-libd_chr18-chr18_AA-240386-260385-dynamic-1corestotal-allcorepera-20240507-091339.rds"
[1] "File number: 14"
[1] "Loaded RDS file: ..//output_EXPANSE_a2_caud/libd_chr18-chr18_AA-libd_chr18-chr18_AA-260386-280385-dynamic-1corestotal-allcorepera-20240507-091440.rds"
[1] "File number: 15"
[1] "Loaded RDS file: ..//output_EXPANSE_a2_caud/libd_chr18-chr18_AA-libd_chr18-chr18_AA-280386-300385-dynamic-1corestotal-allcorepera-20240507-091541.rds"
[1] "File number: 16"
[1] "Loaded RDS file: ..//output_EXPANSE_a2_caud/libd_chr18-chr18_AA-libd_chr18-chr18_AA-300386-320385-dynamic-1corestotal-allcorepera-20240507-091642.rds"
[1] "File number: 17"
[1] "Loaded RDS file: ..//output_EXPANSE_a2_caud/libd_chr18-chr18_AA-libd_chr18-chr18_AA-320386-340385-dynamic-1corestotal-allcorepera-20240507-091743.rds"
[1] "File number: 18"
[1] "Loaded RDS file: ..//output_EXPANSE_a2_caud/libd_chr18-chr18_AA-libd_chr18-chr18_AA-340386-360385-dynamic-1corestotal-allcorepera-20240507-091844.rds"
[1] "File number: 19"
[1] "Loaded RDS file: ..//output_EXPANSE_a2_caud/libd_chr18-chr18_AA-libd_chr18-chr18_AA-360386-380385-dynamic-1corestotal-allcorepera-20240507-091947.rds"
[1] "File number: 20"
[1] "Loaded RDS file: ..//output_EXPANSE_a2_caud/libd_chr18-chr18_AA-libd_chr18-chr18_AA-380386-400385-dynamic-1corestotal-allcorepera-20240507-092049.rds"
[1] "File number: 21"
[1] "Loaded RDS file: ..//output_EXPANSE_a2_caud/libd_chr18-chr18_AA-libd_chr18-chr18_AA-400386-420385-dynamic-1corestotal-allcorepera-20240507-092150.rds"
[1] "File number: 22"
[1] "Loaded RDS file: ..//output_EXPANSE_a2_caud/libd_chr18-chr18_AA-libd_chr18-chr18_AA-420386-440385-dynamic-1corestotal-allcorepera-20240507-092251.rds"
[1] "File number: 23"
[1] "Loaded RDS file: ..//output_EXPANSE_a2_caud/libd_chr18-chr18_AA-libd_chr18-chr18_AA-440386-460385-dynamic-1corestotal-allcorepera-20240507-092353.rds"
[1] "File number: 24"
[1] "Loaded RDS file: ..//output_EXPANSE_a2_caud/libd_chr18-chr18_AA-libd_chr18-chr18_AA-460386-480385-dynamic-1corestotal-allcorepera-20240507-092454.rds"
[1] "File number: 25"
[1] "Loaded RDS file: ..//output_EXPANSE_a2_caud/libd_chr18-chr18_AA-libd_chr18-chr18_AA-480386-500385-dynamic-1corestotal-allcorepera-20240507-092555.rds"
[1] "File number: 26"
[1] "Loaded RDS file: ..//output_EXPANSE_a2_caud/libd_chr18-chr18_AA-libd_chr18-chr18_AA-500386-520385-dynamic-1corestotal-allcorepera-20240507-092656.rds"
[1] "File number: 27"
[1] "Loaded RDS file: ..//output_EXPANSE_a2_caud/libd_chr18-chr18_AA-libd_chr18-chr18_AA-520386-540385-dynamic-1corestotal-allcorepera-20240507-092757.rds"
[1] "File number: 28"
[1] "Loaded RDS file: ..//output_EXPANSE_a2_caud/libd_chr18-chr18_AA-libd_chr18-chr18_AA-540386-560385-dynamic-1corestotal-allcorepera-20240507-092858.rds"
[1] "File number: 29"
[1] "Loaded RDS file: ..//output_EXPANSE_a2_caud/libd_chr18-chr18_AA-libd_chr18-chr18_AA-560386-580385-dynamic-1corestotal-allcorepera-20240507-093000.rds"
[1] "File number: 30"
[1] "Loaded RDS file: ..//output_EXPANSE_a2_caud/libd_chr18-chr18_AA-libd_chr18-chr18_AA-580386-600385-dynamic-1corestotal-allcorepera-20240507-093108.rds"
[1] "File number: 31"
[1] "Loaded RDS file: ..//output_EXPANSE_a2_caud/libd_chr18-chr18_AA-libd_chr18-chr18_AA-600386-620385-dynamic-1corestotal-allcorepera-20240507-093209.rds"
[1] "File number: 32"
[1] "Loaded RDS file: ..//output_EXPANSE_a2_caud/libd_chr18-chr18_AA-libd_chr18-chr18_AA-620386-640385-dynamic-1corestotal-allcorepera-20240507-093310.rds"
[1] "File number: 33"
[1] "Loaded RDS file: ..//output_EXPANSE_a2_caud/libd_chr18-chr18_AA-libd_chr18-chr18_AA-640386-644498-dynamic-1corestotal-allcorepera-20240507-093411.rds"
[1] "File number: 34"
[1] "Loaded RDS file: ..//output_EXPANSE_a2_dlpfc/libd_chr18-chr18_AA-libd_chr18-chr18_AA-386-20385-dynamic-1corestotal-allcorepera-20240507-104515.rds"
[1] "File number: 35"
[1] "Loaded RDS file: ..//output_EXPANSE_a2_dlpfc/libd_chr18-chr18_AA-libd_chr18-chr18_AA-20386-40385-dynamic-1corestotal-allcorepera-20240507-104616.rds"
[1] "File number: 36"
[1] "Loaded RDS file: ..//output_EXPANSE_a2_dlpfc/libd_chr18-chr18_AA-libd_chr18-chr18_AA-40386-60385-dynamic-1corestotal-allcorepera-20240507-104722.rds"
[1] "File number: 37"
[1] "Loaded RDS file: ..//output_EXPANSE_a2_dlpfc/libd_chr18-chr18_AA-libd_chr18-chr18_AA-60386-80385-dynamic-1corestotal-allcorepera-20240507-104823.rds"
[1] "File number: 38"
[1] "Loaded RDS file: ..//output_EXPANSE_a2_dlpfc/libd_chr18-chr18_AA-libd_chr18-chr18_AA-80386-100385-dynamic-1corestotal-allcorepera-20240507-104925.rds"
[1] "File number: 39"
[1] "Loaded RDS file: ..//output_EXPANSE_a2_dlpfc/libd_chr18-chr18_AA-libd_chr18-chr18_AA-100386-120385-dynamic-1corestotal-allcorepera-20240507-105026.rds"
[1] "File number: 40"
[1] "Loaded RDS file: ..//output_EXPANSE_a2_dlpfc/libd_chr18-chr18_AA-libd_chr18-chr18_AA-120386-140385-dynamic-1corestotal-allcorepera-20240507-105127.rds"
[1] "File number: 41"
[1] "Loaded RDS file: ..//output_EXPANSE_a2_dlpfc/libd_chr18-chr18_AA-libd_chr18-chr18_AA-140386-160385-dynamic-1corestotal-allcorepera-20240507-105228.rds"
[1] "File number: 42"
[1] "Loaded RDS file: ..//output_EXPANSE_a2_dlpfc/libd_chr18-chr18_AA-libd_chr18-chr18_AA-160386-180385-dynamic-1corestotal-allcorepera-20240507-105331.rds"
[1] "File number: 43"
[1] "Loaded RDS file: ..//output_EXPANSE_a2_dlpfc/libd_chr18-chr18_AA-libd_chr18-chr18_AA-180386-200385-dynamic-1corestotal-allcorepera-20240507-105433.rds"
[1] "File number: 44"
[1] "Loaded RDS file: ..//output_EXPANSE_a2_dlpfc/libd_chr18-chr18_AA-libd_chr18-chr18_AA-200386-220385-dynamic-1corestotal-allcorepera-20240507-105534.rds"
[1] "File number: 45"
[1] "Loaded RDS file: ..//output_EXPANSE_a2_dlpfc/libd_chr18-chr18_AA-libd_chr18-chr18_AA-220386-240385-dynamic-1corestotal-allcorepera-20240507-105635.rds"
[1] "File number: 46"
[1] "Loaded RDS file: ..//output_EXPANSE_a2_dlpfc/libd_chr18-chr18_AA-libd_chr18-chr18_AA-240386-260385-dynamic-1corestotal-allcorepera-20240507-105736.rds"
[1] "File number: 47"
[1] "Loaded RDS file: ..//output_EXPANSE_a2_dlpfc/libd_chr18-chr18_AA-libd_chr18-chr18_AA-260386-280385-dynamic-1corestotal-allcorepera-20240507-105837.rds"
[1] "File number: 48"
[1] "Loaded RDS file: ..//output_EXPANSE_a2_dlpfc/libd_chr18-chr18_AA-libd_chr18-chr18_AA-280386-300385-dynamic-1corestotal-allcorepera-20240507-105938.rds"
[1] "File number: 49"
[1] "Loaded RDS file: ..//output_EXPANSE_a2_dlpfc/libd_chr18-chr18_AA-libd_chr18-chr18_AA-300386-320385-dynamic-1corestotal-allcorepera-20240507-110039.rds"
[1] "File number: 50"
[1] "Loaded RDS file: ..//output_EXPANSE_a2_dlpfc/libd_chr18-chr18_AA-libd_chr18-chr18_AA-320386-340385-dynamic-1corestotal-allcorepera-20240507-110141.rds"
[1] "File number: 51"
[1] "Loaded RDS file: ..//output_EXPANSE_a2_dlpfc/libd_chr18-chr18_AA-libd_chr18-chr18_AA-340386-360385-dynamic-1corestotal-allcorepera-20240507-110242.rds"
[1] "File number: 52"
[1] "Loaded RDS file: ..//output_EXPANSE_a2_dlpfc/libd_chr18-chr18_AA-libd_chr18-chr18_AA-360386-380385-dynamic-1corestotal-allcorepera-20240507-110343.rds"
[1] "File number: 53"
[1] "Loaded RDS file: ..//output_EXPANSE_a2_dlpfc/libd_chr18-chr18_AA-libd_chr18-chr18_AA-380386-400385-dynamic-1corestotal-allcorepera-20240507-110446.rds"
[1] "File number: 54"
[1] "Loaded RDS file: ..//output_EXPANSE_a2_dlpfc/libd_chr18-chr18_AA-libd_chr18-chr18_AA-400386-420385-dynamic-1corestotal-allcorepera-20240507-110547.rds"
[1] "File number: 55"
[1] "Loaded RDS file: ..//output_EXPANSE_a2_dlpfc/libd_chr18-chr18_AA-libd_chr18-chr18_AA-420386-440385-dynamic-1corestotal-allcorepera-20240507-110648.rds"
[1] "File number: 56"
[1] "Loaded RDS file: ..//output_EXPANSE_a2_dlpfc/libd_chr18-chr18_AA-libd_chr18-chr18_AA-440386-460385-dynamic-1corestotal-allcorepera-20240507-110750.rds"
[1] "File number: 57"
[1] "Loaded RDS file: ..//output_EXPANSE_a2_dlpfc/libd_chr18-chr18_AA-libd_chr18-chr18_AA-460386-480385-dynamic-1corestotal-allcorepera-20240507-110851.rds"
[1] "File number: 58"
[1] "Loaded RDS file: ..//output_EXPANSE_a2_dlpfc/libd_chr18-chr18_AA-libd_chr18-chr18_AA-480386-500385-dynamic-1corestotal-allcorepera-20240507-110952.rds"
[1] "File number: 59"
[1] "Loaded RDS file: ..//output_EXPANSE_a2_dlpfc/libd_chr18-chr18_AA-libd_chr18-chr18_AA-500386-520385-dynamic-1corestotal-allcorepera-20240507-111053.rds"
[1] "File number: 60"
[1] "Loaded RDS file: ..//output_EXPANSE_a2_dlpfc/libd_chr18-chr18_AA-libd_chr18-chr18_AA-520386-540385-dynamic-1corestotal-allcorepera-20240507-111154.rds"
[1] "File number: 61"
[1] "Loaded RDS file: ..//output_EXPANSE_a2_dlpfc/libd_chr18-chr18_AA-libd_chr18-chr18_AA-540386-560385-dynamic-1corestotal-allcorepera-20240507-111255.rds"
[1] "File number: 62"
[1] "Loaded RDS file: ..//output_EXPANSE_a2_dlpfc/libd_chr18-chr18_AA-libd_chr18-chr18_AA-560386-580385-dynamic-1corestotal-allcorepera-20240507-111357.rds"
[1] "File number: 63"
[1] "Loaded RDS file: ..//output_EXPANSE_a2_dlpfc/libd_chr18-chr18_AA-libd_chr18-chr18_AA-580386-600385-dynamic-1corestotal-allcorepera-20240507-111458.rds"
[1] "File number: 64"
[1] "Loaded RDS file: ..//output_EXPANSE_a2_dlpfc/libd_chr18-chr18_AA-libd_chr18-chr18_AA-600386-620385-dynamic-1corestotal-allcorepera-20240507-111559.rds"
[1] "File number: 65"
[1] "Loaded RDS file: ..//output_EXPANSE_a2_dlpfc/libd_chr18-chr18_AA-libd_chr18-chr18_AA-620386-640385-dynamic-1corestotal-allcorepera-20240507-111700.rds"
[1] "File number: 66"
[1] "Loaded RDS file: ..//output_EXPANSE_a2_dlpfc/libd_chr18-chr18_AA-libd_chr18-chr18_AA-640386-644498-dynamic-1corestotal-allcorepera-20240507-111801.rds"
[1] "File number: 67"
[1] "Loaded RDS file: ..//output_EXPANSE_a2_hippo/libd_chr18-chr18_AA-libd_chr18-chr18_AA-386-20385-dynamic-1corestotal-allcorepera-20240507-122637.rds"
[1] "File number: 68"
[1] "Loaded RDS file: ..//output_EXPANSE_a2_hippo/libd_chr18-chr18_AA-libd_chr18-chr18_AA-20386-40385-dynamic-1corestotal-allcorepera-20240507-122739.rds"
[1] "File number: 69"
[1] "Loaded RDS file: ..//output_EXPANSE_a2_hippo/libd_chr18-chr18_AA-libd_chr18-chr18_AA-40386-60385-dynamic-1corestotal-allcorepera-20240507-122840.rds"
[1] "File number: 70"
[1] "Loaded RDS file: ..//output_EXPANSE_a2_hippo/libd_chr18-chr18_AA-libd_chr18-chr18_AA-60386-80385-dynamic-1corestotal-allcorepera-20240507-122941.rds"
[1] "File number: 71"
[1] "Loaded RDS file: ..//output_EXPANSE_a2_hippo/libd_chr18-chr18_AA-libd_chr18-chr18_AA-80386-100385-dynamic-1corestotal-allcorepera-20240507-123042.rds"
[1] "File number: 72"
[1] "Loaded RDS file: ..//output_EXPANSE_a2_hippo/libd_chr18-chr18_AA-libd_chr18-chr18_AA-100386-120385-dynamic-1corestotal-allcorepera-20240507-123143.rds"
[1] "File number: 73"
[1] "Loaded RDS file: ..//output_EXPANSE_a2_hippo/libd_chr18-chr18_AA-libd_chr18-chr18_AA-120386-140385-dynamic-1corestotal-allcorepera-20240507-123244.rds"
[1] "File number: 74"
[1] "Loaded RDS file: ..//output_EXPANSE_a2_hippo/libd_chr18-chr18_AA-libd_chr18-chr18_AA-140386-160385-dynamic-1corestotal-allcorepera-20240507-123346.rds"
[1] "File number: 75"
[1] "Loaded RDS file: ..//output_EXPANSE_a2_hippo/libd_chr18-chr18_AA-libd_chr18-chr18_AA-160386-180385-dynamic-1corestotal-allcorepera-20240507-123449.rds"
[1] "File number: 76"
[1] "Loaded RDS file: ..//output_EXPANSE_a2_hippo/libd_chr18-chr18_AA-libd_chr18-chr18_AA-180386-200385-dynamic-1corestotal-allcorepera-20240507-123550.rds"
[1] "File number: 77"
[1] "Loaded RDS file: ..//output_EXPANSE_a2_hippo/libd_chr18-chr18_AA-libd_chr18-chr18_AA-200386-220385-dynamic-1corestotal-allcorepera-20240507-123651.rds"
[1] "File number: 78"
[1] "Loaded RDS file: ..//output_EXPANSE_a2_hippo/libd_chr18-chr18_AA-libd_chr18-chr18_AA-220386-240385-dynamic-1corestotal-allcorepera-20240507-123752.rds"
[1] "File number: 79"
[1] "Loaded RDS file: ..//output_EXPANSE_a2_hippo/libd_chr18-chr18_AA-libd_chr18-chr18_AA-240386-260385-dynamic-1corestotal-allcorepera-20240507-123853.rds"
[1] "File number: 80"
[1] "Loaded RDS file: ..//output_EXPANSE_a2_hippo/libd_chr18-chr18_AA-libd_chr18-chr18_AA-260386-280385-dynamic-1corestotal-allcorepera-20240507-123954.rds"
[1] "File number: 81"
[1] "Loaded RDS file: ..//output_EXPANSE_a2_hippo/libd_chr18-chr18_AA-libd_chr18-chr18_AA-280386-300385-dynamic-1corestotal-allcorepera-20240507-124055.rds"
[1] "File number: 82"
[1] "Loaded RDS file: ..//output_EXPANSE_a2_hippo/libd_chr18-chr18_AA-libd_chr18-chr18_AA-300386-320385-dynamic-1corestotal-allcorepera-20240507-124157.rds"
[1] "File number: 83"
[1] "Loaded RDS file: ..//output_EXPANSE_a2_hippo/libd_chr18-chr18_AA-libd_chr18-chr18_AA-320386-340385-dynamic-1corestotal-allcorepera-20240507-124258.rds"
[1] "File number: 84"
[1] "Loaded RDS file: ..//output_EXPANSE_a2_hippo/libd_chr18-chr18_AA-libd_chr18-chr18_AA-340386-360385-dynamic-1corestotal-allcorepera-20240507-124359.rds"
[1] "File number: 85"
[1] "Loaded RDS file: ..//output_EXPANSE_a2_hippo/libd_chr18-chr18_AA-libd_chr18-chr18_AA-360386-380385-dynamic-1corestotal-allcorepera-20240507-124500.rds"
[1] "File number: 86"
[1] "Loaded RDS file: ..//output_EXPANSE_a2_hippo/libd_chr18-chr18_AA-libd_chr18-chr18_AA-380386-400385-dynamic-1corestotal-allcorepera-20240507-124601.rds"
[1] "File number: 87"
[1] "Loaded RDS file: ..//output_EXPANSE_a2_hippo/libd_chr18-chr18_AA-libd_chr18-chr18_AA-400386-420385-dynamic-1corestotal-allcorepera-20240507-124704.rds"
[1] "File number: 88"
[1] "Loaded RDS file: ..//output_EXPANSE_a2_hippo/libd_chr18-chr18_AA-libd_chr18-chr18_AA-420386-440385-dynamic-1corestotal-allcorepera-20240507-124805.rds"
[1] "File number: 89"
[1] "Loaded RDS file: ..//output_EXPANSE_a2_hippo/libd_chr18-chr18_AA-libd_chr18-chr18_AA-440386-460385-dynamic-1corestotal-allcorepera-20240507-124907.rds"
[1] "File number: 90"
[1] "Loaded RDS file: ..//output_EXPANSE_a2_hippo/libd_chr18-chr18_AA-libd_chr18-chr18_AA-460386-480385-dynamic-1corestotal-allcorepera-20240507-125008.rds"
[1] "File number: 91"
[1] "Loaded RDS file: ..//output_EXPANSE_a2_hippo/libd_chr18-chr18_AA-libd_chr18-chr18_AA-480386-500385-dynamic-1corestotal-allcorepera-20240507-125109.rds"
[1] "File number: 92"
[1] "Loaded RDS file: ..//output_EXPANSE_a2_hippo/libd_chr18-chr18_AA-libd_chr18-chr18_AA-500386-520385-dynamic-1corestotal-allcorepera-20240507-125210.rds"
[1] "File number: 93"
[1] "Loaded RDS file: ..//output_EXPANSE_a2_hippo/libd_chr18-chr18_AA-libd_chr18-chr18_AA-520386-540385-dynamic-1corestotal-allcorepera-20240507-125311.rds"
[1] "File number: 94"
[1] "Loaded RDS file: ..//output_EXPANSE_a2_hippo/libd_chr18-chr18_AA-libd_chr18-chr18_AA-540386-560385-dynamic-1corestotal-allcorepera-20240507-125413.rds"
[1] "File number: 95"
[1] "Loaded RDS file: ..//output_EXPANSE_a2_hippo/libd_chr18-chr18_AA-libd_chr18-chr18_AA-560386-580385-dynamic-1corestotal-allcorepera-20240507-125514.rds"
[1] "File number: 96"
[1] "Loaded RDS file: ..//output_EXPANSE_a2_hippo/libd_chr18-chr18_AA-libd_chr18-chr18_AA-580386-600385-dynamic-1corestotal-allcorepera-20240507-125615.rds"
[1] "File number: 97"
[1] "Loaded RDS file: ..//output_EXPANSE_a2_hippo/libd_chr18-chr18_AA-libd_chr18-chr18_AA-600386-620385-dynamic-1corestotal-allcorepera-20240507-125716.rds"
[1] "File number: 98"
[1] "Loaded RDS file: ..//output_EXPANSE_a2_hippo/libd_chr18-chr18_AA-libd_chr18-chr18_AA-620386-640385-dynamic-1corestotal-allcorepera-20240507-125817.rds"
[1] "File number: 99"
[1] "Loaded RDS file: ..//output_EXPANSE_a2_hippo/libd_chr18-chr18_AA-libd_chr18-chr18_AA-640386-644498-dynamic-1corestotal-allcorepera-20240507-125918.rds"
[1] "File number: 100"
[1] "Loaded RDS file: ..//output_EXPANSE_a2_caud/libd_chr18-chr18_EA-libd_chr18-chr18_EA-386-20385-dynamic-1corestotal-allcorepera-20240507-100855.rds"
[1] "File number: 101"
[1] "Loaded RDS file: ..//output_EXPANSE_a2_caud/libd_chr18-chr18_EA-libd_chr18-chr18_EA-20386-40385-dynamic-1corestotal-allcorepera-20240507-100957.rds"
[1] "File number: 102"
[1] "Loaded RDS file: ..//output_EXPANSE_a2_caud/libd_chr18-chr18_EA-libd_chr18-chr18_EA-40386-60385-dynamic-1corestotal-allcorepera-20240507-101058.rds"
[1] "File number: 103"
[1] "Loaded RDS file: ..//output_EXPANSE_a2_caud/libd_chr18-chr18_EA-libd_chr18-chr18_EA-60386-80385-dynamic-1corestotal-allcorepera-20240507-101159.rds"
[1] "File number: 104"
[1] "Loaded RDS file: ..//output_EXPANSE_a2_caud/libd_chr18-chr18_EA-libd_chr18-chr18_EA-80386-100385-dynamic-1corestotal-allcorepera-20240507-101300.rds"
[1] "File number: 105"
[1] "Loaded RDS file: ..//output_EXPANSE_a2_caud/libd_chr18-chr18_EA-libd_chr18-chr18_EA-100386-120385-dynamic-1corestotal-allcorepera-20240507-101401.rds"
[1] "File number: 106"
[1] "Loaded RDS file: ..//output_EXPANSE_a2_caud/libd_chr18-chr18_EA-libd_chr18-chr18_EA-120386-140385-dynamic-1corestotal-allcorepera-20240507-101734.rds"
[1] "File number: 107"
[1] "Loaded RDS file: ..//output_EXPANSE_a2_caud/libd_chr18-chr18_EA-libd_chr18-chr18_EA-140386-160385-dynamic-1corestotal-allcorepera-20240507-101836.rds"
[1] "File number: 108"
[1] "Loaded RDS file: ..//output_EXPANSE_a2_caud/libd_chr18-chr18_EA-libd_chr18-chr18_EA-160386-180385-dynamic-1corestotal-allcorepera-20240507-101937.rds"
[1] "File number: 109"
[1] "Loaded RDS file: ..//output_EXPANSE_a2_caud/libd_chr18-chr18_EA-libd_chr18-chr18_EA-180386-200385-dynamic-1corestotal-allcorepera-20240507-102038.rds"
[1] "File number: 110"
[1] "Loaded RDS file: ..//output_EXPANSE_a2_caud/libd_chr18-chr18_EA-libd_chr18-chr18_EA-200386-220385-dynamic-1corestotal-allcorepera-20240507-102139.rds"
[1] "File number: 111"
[1] "Loaded RDS file: ..//output_EXPANSE_a2_caud/libd_chr18-chr18_EA-libd_chr18-chr18_EA-220386-240385-dynamic-1corestotal-allcorepera-20240507-102241.rds"
[1] "File number: 112"
[1] "Loaded RDS file: ..//output_EXPANSE_a2_caud/libd_chr18-chr18_EA-libd_chr18-chr18_EA-240386-260385-dynamic-1corestotal-allcorepera-20240507-102342.rds"
[1] "File number: 113"
[1] "Loaded RDS file: ..//output_EXPANSE_a2_caud/libd_chr18-chr18_EA-libd_chr18-chr18_EA-260386-280385-dynamic-1corestotal-allcorepera-20240507-102443.rds"
[1] "File number: 114"
[1] "Loaded RDS file: ..//output_EXPANSE_a2_caud/libd_chr18-chr18_EA-libd_chr18-chr18_EA-280386-300385-dynamic-1corestotal-allcorepera-20240507-102544.rds"
[1] "File number: 115"
[1] "Loaded RDS file: ..//output_EXPANSE_a2_caud/libd_chr18-chr18_EA-libd_chr18-chr18_EA-300386-320385-dynamic-1corestotal-allcorepera-20240507-102646.rds"
[1] "File number: 116"
[1] "Loaded RDS file: ..//output_EXPANSE_a2_caud/libd_chr18-chr18_EA-libd_chr18-chr18_EA-320386-340385-dynamic-1corestotal-allcorepera-20240507-102749.rds"
[1] "File number: 117"
[1] "Loaded RDS file: ..//output_EXPANSE_a2_caud/libd_chr18-chr18_EA-libd_chr18-chr18_EA-340386-360385-dynamic-1corestotal-allcorepera-20240507-102850.rds"
[1] "File number: 118"
[1] "Loaded RDS file: ..//output_EXPANSE_a2_caud/libd_chr18-chr18_EA-libd_chr18-chr18_EA-360386-380385-dynamic-1corestotal-allcorepera-20240507-102951.rds"
[1] "File number: 119"
[1] "Loaded RDS file: ..//output_EXPANSE_a2_caud/libd_chr18-chr18_EA-libd_chr18-chr18_EA-380386-400385-dynamic-1corestotal-allcorepera-20240507-103052.rds"
[1] "File number: 120"
[1] "Loaded RDS file: ..//output_EXPANSE_a2_caud/libd_chr18-chr18_EA-libd_chr18-chr18_EA-400386-420385-dynamic-1corestotal-allcorepera-20240507-103153.rds"
[1] "File number: 121"
[1] "Loaded RDS file: ..//output_EXPANSE_a2_caud/libd_chr18-chr18_EA-libd_chr18-chr18_EA-420386-440385-dynamic-1corestotal-allcorepera-20240507-103255.rds"
[1] "File number: 122"
[1] "Loaded RDS file: ..//output_EXPANSE_a2_caud/libd_chr18-chr18_EA-libd_chr18-chr18_EA-440386-460385-dynamic-1corestotal-allcorepera-20240507-103356.rds"
[1] "File number: 123"
[1] "Loaded RDS file: ..//output_EXPANSE_a2_caud/libd_chr18-chr18_EA-libd_chr18-chr18_EA-460386-480385-dynamic-1corestotal-allcorepera-20240507-103458.rds"
[1] "File number: 124"
[1] "Loaded RDS file: ..//output_EXPANSE_a2_caud/libd_chr18-chr18_EA-libd_chr18-chr18_EA-480386-500385-dynamic-1corestotal-allcorepera-20240507-103559.rds"
[1] "File number: 125"
[1] "Loaded RDS file: ..//output_EXPANSE_a2_caud/libd_chr18-chr18_EA-libd_chr18-chr18_EA-500386-520385-dynamic-1corestotal-allcorepera-20240507-103703.rds"
[1] "File number: 126"
[1] "Loaded RDS file: ..//output_EXPANSE_a2_caud/libd_chr18-chr18_EA-libd_chr18-chr18_EA-520386-540385-dynamic-1corestotal-allcorepera-20240507-103804.rds"
[1] "File number: 127"
[1] "Loaded RDS file: ..//output_EXPANSE_a2_caud/libd_chr18-chr18_EA-libd_chr18-chr18_EA-540386-560385-dynamic-1corestotal-allcorepera-20240507-103907.rds"
[1] "File number: 128"
[1] "Loaded RDS file: ..//output_EXPANSE_a2_caud/libd_chr18-chr18_EA-libd_chr18-chr18_EA-560386-580385-dynamic-1corestotal-allcorepera-20240507-104008.rds"
[1] "File number: 129"
[1] "Loaded RDS file: ..//output_EXPANSE_a2_caud/libd_chr18-chr18_EA-libd_chr18-chr18_EA-580386-600385-dynamic-1corestotal-allcorepera-20240507-104109.rds"
[1] "File number: 130"
[1] "Loaded RDS file: ..//output_EXPANSE_a2_caud/libd_chr18-chr18_EA-libd_chr18-chr18_EA-600386-620385-dynamic-1corestotal-allcorepera-20240507-104210.rds"
[1] "File number: 131"
[1] "Loaded RDS file: ..//output_EXPANSE_a2_caud/libd_chr18-chr18_EA-libd_chr18-chr18_EA-620386-640385-dynamic-1corestotal-allcorepera-20240507-104312.rds"
[1] "File number: 132"
[1] "Loaded RDS file: ..//output_EXPANSE_a2_caud/libd_chr18-chr18_EA-libd_chr18-chr18_EA-640386-644498-dynamic-1corestotal-allcorepera-20240507-104414.rds"
[1] "File number: 133"
[1] "Loaded RDS file: ..//output_EXPANSE_a2_dlpfc/libd_chr18-chr18_EA-libd_chr18-chr18_EA-386-20385-dynamic-1corestotal-allcorepera-20240507-115249.rds"
[1] "File number: 134"
[1] "Loaded RDS file: ..//output_EXPANSE_a2_dlpfc/libd_chr18-chr18_EA-libd_chr18-chr18_EA-20386-40385-dynamic-1corestotal-allcorepera-20240507-115350.rds"
[1] "File number: 135"
[1] "Loaded RDS file: ..//output_EXPANSE_a2_dlpfc/libd_chr18-chr18_EA-libd_chr18-chr18_EA-40386-60385-dynamic-1corestotal-allcorepera-20240507-115452.rds"
[1] "File number: 136"
[1] "Loaded RDS file: ..//output_EXPANSE_a2_dlpfc/libd_chr18-chr18_EA-libd_chr18-chr18_EA-60386-80385-dynamic-1corestotal-allcorepera-20240507-115553.rds"
[1] "File number: 137"
[1] "Loaded RDS file: ..//output_EXPANSE_a2_dlpfc/libd_chr18-chr18_EA-libd_chr18-chr18_EA-80386-100385-dynamic-1corestotal-allcorepera-20240507-115654.rds"
[1] "File number: 138"
[1] "Loaded RDS file: ..//output_EXPANSE_a2_dlpfc/libd_chr18-chr18_EA-libd_chr18-chr18_EA-100386-120385-dynamic-1corestotal-allcorepera-20240507-115755.rds"
[1] "File number: 139"
[1] "Loaded RDS file: ..//output_EXPANSE_a2_dlpfc/libd_chr18-chr18_EA-libd_chr18-chr18_EA-120386-140385-dynamic-1corestotal-allcorepera-20240507-115856.rds"
[1] "File number: 140"
[1] "Loaded RDS file: ..//output_EXPANSE_a2_dlpfc/libd_chr18-chr18_EA-libd_chr18-chr18_EA-140386-160385-dynamic-1corestotal-allcorepera-20240507-115957.rds"
[1] "File number: 141"
[1] "Loaded RDS file: ..//output_EXPANSE_a2_dlpfc/libd_chr18-chr18_EA-libd_chr18-chr18_EA-160386-180385-dynamic-1corestotal-allcorepera-20240507-120059.rds"
[1] "File number: 142"
[1] "Loaded RDS file: ..//output_EXPANSE_a2_dlpfc/libd_chr18-chr18_EA-libd_chr18-chr18_EA-180386-200385-dynamic-1corestotal-allcorepera-20240507-120200.rds"
[1] "File number: 143"
[1] "Loaded RDS file: ..//output_EXPANSE_a2_dlpfc/libd_chr18-chr18_EA-libd_chr18-chr18_EA-200386-220385-dynamic-1corestotal-allcorepera-20240507-120309.rds"
[1] "File number: 144"
[1] "Loaded RDS file: ..//output_EXPANSE_a2_dlpfc/libd_chr18-chr18_EA-libd_chr18-chr18_EA-220386-240385-dynamic-1corestotal-allcorepera-20240507-120410.rds"
[1] "File number: 145"
[1] "Loaded RDS file: ..//output_EXPANSE_a2_dlpfc/libd_chr18-chr18_EA-libd_chr18-chr18_EA-240386-260385-dynamic-1corestotal-allcorepera-20240507-120511.rds"
[1] "File number: 146"
[1] "Loaded RDS file: ..//output_EXPANSE_a2_dlpfc/libd_chr18-chr18_EA-libd_chr18-chr18_EA-260386-280385-dynamic-1corestotal-allcorepera-20240507-120612.rds"
[1] "File number: 147"
[1] "Loaded RDS file: ..//output_EXPANSE_a2_dlpfc/libd_chr18-chr18_EA-libd_chr18-chr18_EA-280386-300385-dynamic-1corestotal-allcorepera-20240507-120714.rds"
[1] "File number: 148"
[1] "Loaded RDS file: ..//output_EXPANSE_a2_dlpfc/libd_chr18-chr18_EA-libd_chr18-chr18_EA-300386-320385-dynamic-1corestotal-allcorepera-20240507-120815.rds"
[1] "File number: 149"
[1] "Loaded RDS file: ..//output_EXPANSE_a2_dlpfc/libd_chr18-chr18_EA-libd_chr18-chr18_EA-320386-340385-dynamic-1corestotal-allcorepera-20240507-120916.rds"
[1] "File number: 150"
[1] "Loaded RDS file: ..//output_EXPANSE_a2_dlpfc/libd_chr18-chr18_EA-libd_chr18-chr18_EA-340386-360385-dynamic-1corestotal-allcorepera-20240507-121017.rds"
[1] "File number: 151"
[1] "Loaded RDS file: ..//output_EXPANSE_a2_dlpfc/libd_chr18-chr18_EA-libd_chr18-chr18_EA-360386-380385-dynamic-1corestotal-allcorepera-20240507-121118.rds"
[1] "File number: 152"
[1] "Loaded RDS file: ..//output_EXPANSE_a2_dlpfc/libd_chr18-chr18_EA-libd_chr18-chr18_EA-380386-400385-dynamic-1corestotal-allcorepera-20240507-121219.rds"
[1] "File number: 153"
[1] "Loaded RDS file: ..//output_EXPANSE_a2_dlpfc/libd_chr18-chr18_EA-libd_chr18-chr18_EA-400386-420385-dynamic-1corestotal-allcorepera-20240507-121320.rds"
[1] "File number: 154"
[1] "Loaded RDS file: ..//output_EXPANSE_a2_dlpfc/libd_chr18-chr18_EA-libd_chr18-chr18_EA-420386-440385-dynamic-1corestotal-allcorepera-20240507-121421.rds"
[1] "File number: 155"
[1] "Loaded RDS file: ..//output_EXPANSE_a2_dlpfc/libd_chr18-chr18_EA-libd_chr18-chr18_EA-440386-460385-dynamic-1corestotal-allcorepera-20240507-121523.rds"
[1] "File number: 156"
[1] "Loaded RDS file: ..//output_EXPANSE_a2_dlpfc/libd_chr18-chr18_EA-libd_chr18-chr18_EA-460386-480385-dynamic-1corestotal-allcorepera-20240507-121624.rds"
[1] "File number: 157"
[1] "Loaded RDS file: ..//output_EXPANSE_a2_dlpfc/libd_chr18-chr18_EA-libd_chr18-chr18_EA-480386-500385-dynamic-1corestotal-allcorepera-20240507-121726.rds"
[1] "File number: 158"
[1] "Loaded RDS file: ..//output_EXPANSE_a2_dlpfc/libd_chr18-chr18_EA-libd_chr18-chr18_EA-500386-520385-dynamic-1corestotal-allcorepera-20240507-121828.rds"
[1] "File number: 159"
[1] "Loaded RDS file: ..//output_EXPANSE_a2_dlpfc/libd_chr18-chr18_EA-libd_chr18-chr18_EA-520386-540385-dynamic-1corestotal-allcorepera-20240507-121929.rds"
[1] "File number: 160"
[1] "Loaded RDS file: ..//output_EXPANSE_a2_dlpfc/libd_chr18-chr18_EA-libd_chr18-chr18_EA-540386-560385-dynamic-1corestotal-allcorepera-20240507-122030.rds"
[1] "File number: 161"
[1] "Loaded RDS file: ..//output_EXPANSE_a2_dlpfc/libd_chr18-chr18_EA-libd_chr18-chr18_EA-560386-580385-dynamic-1corestotal-allcorepera-20240507-122132.rds"
[1] "File number: 162"
[1] "Loaded RDS file: ..//output_EXPANSE_a2_dlpfc/libd_chr18-chr18_EA-libd_chr18-chr18_EA-580386-600385-dynamic-1corestotal-allcorepera-20240507-122233.rds"
[1] "File number: 163"
[1] "Loaded RDS file: ..//output_EXPANSE_a2_dlpfc/libd_chr18-chr18_EA-libd_chr18-chr18_EA-600386-620385-dynamic-1corestotal-allcorepera-20240507-122334.rds"
[1] "File number: 164"
[1] "Loaded RDS file: ..//output_EXPANSE_a2_dlpfc/libd_chr18-chr18_EA-libd_chr18-chr18_EA-620386-640385-dynamic-1corestotal-allcorepera-20240507-122435.rds"
[1] "File number: 165"
[1] "Loaded RDS file: ..//output_EXPANSE_a2_dlpfc/libd_chr18-chr18_EA-libd_chr18-chr18_EA-640386-644498-dynamic-1corestotal-allcorepera-20240507-122536.rds"
[1] "File number: 166"
[1] "Loaded RDS file: ..//output_EXPANSE_a2_hippo/libd_chr18-chr18_EA-libd_chr18-chr18_EA-386-20385-dynamic-1corestotal-allcorepera-20240507-133401.rds"
[1] "File number: 167"
[1] "Loaded RDS file: ..//output_EXPANSE_a2_hippo/libd_chr18-chr18_EA-libd_chr18-chr18_EA-20386-40385-dynamic-1corestotal-allcorepera-20240507-133506.rds"
[1] "File number: 168"
[1] "Loaded RDS file: ..//output_EXPANSE_a2_hippo/libd_chr18-chr18_EA-libd_chr18-chr18_EA-40386-60385-dynamic-1corestotal-allcorepera-20240507-133609.rds"
[1] "File number: 169"
[1] "Loaded RDS file: ..//output_EXPANSE_a2_hippo/libd_chr18-chr18_EA-libd_chr18-chr18_EA-60386-80385-dynamic-1corestotal-allcorepera-20240507-133710.rds"
[1] "File number: 170"
[1] "Loaded RDS file: ..//output_EXPANSE_a2_hippo/libd_chr18-chr18_EA-libd_chr18-chr18_EA-80386-100385-dynamic-1corestotal-allcorepera-20240507-133811.rds"
[1] "File number: 171"
[1] "Loaded RDS file: ..//output_EXPANSE_a2_hippo/libd_chr18-chr18_EA-libd_chr18-chr18_EA-100386-120385-dynamic-1corestotal-allcorepera-20240507-133913.rds"
[1] "File number: 172"
[1] "Loaded RDS file: ..//output_EXPANSE_a2_hippo/libd_chr18-chr18_EA-libd_chr18-chr18_EA-120386-140385-dynamic-1corestotal-allcorepera-20240507-134014.rds"
[1] "File number: 173"
[1] "Loaded RDS file: ..//output_EXPANSE_a2_hippo/libd_chr18-chr18_EA-libd_chr18-chr18_EA-140386-160385-dynamic-1corestotal-allcorepera-20240507-134115.rds"
[1] "File number: 174"
[1] "Loaded RDS file: ..//output_EXPANSE_a2_hippo/libd_chr18-chr18_EA-libd_chr18-chr18_EA-160386-180385-dynamic-1corestotal-allcorepera-20240507-134216.rds"
[1] "File number: 175"
[1] "Loaded RDS file: ..//output_EXPANSE_a2_hippo/libd_chr18-chr18_EA-libd_chr18-chr18_EA-180386-200385-dynamic-1corestotal-allcorepera-20240507-134317.rds"
[1] "File number: 176"
[1] "Loaded RDS file: ..//output_EXPANSE_a2_hippo/libd_chr18-chr18_EA-libd_chr18-chr18_EA-200386-220385-dynamic-1corestotal-allcorepera-20240507-134418.rds"
[1] "File number: 177"
[1] "Loaded RDS file: ..//output_EXPANSE_a2_hippo/libd_chr18-chr18_EA-libd_chr18-chr18_EA-220386-240385-dynamic-1corestotal-allcorepera-20240507-134520.rds"
[1] "File number: 178"
[1] "Loaded RDS file: ..//output_EXPANSE_a2_hippo/libd_chr18-chr18_EA-libd_chr18-chr18_EA-240386-260385-dynamic-1corestotal-allcorepera-20240507-134621.rds"
[1] "File number: 179"
[1] "Loaded RDS file: ..//output_EXPANSE_a2_hippo/libd_chr18-chr18_EA-libd_chr18-chr18_EA-260386-280385-dynamic-1corestotal-allcorepera-20240507-134722.rds"
[1] "File number: 180"
[1] "Loaded RDS file: ..//output_EXPANSE_a2_hippo/libd_chr18-chr18_EA-libd_chr18-chr18_EA-280386-300385-dynamic-1corestotal-allcorepera-20240507-134823.rds"
[1] "File number: 181"
[1] "Loaded RDS file: ..//output_EXPANSE_a2_hippo/libd_chr18-chr18_EA-libd_chr18-chr18_EA-300386-320385-dynamic-1corestotal-allcorepera-20240507-134924.rds"
[1] "File number: 182"
[1] "Loaded RDS file: ..//output_EXPANSE_a2_hippo/libd_chr18-chr18_EA-libd_chr18-chr18_EA-320386-340385-dynamic-1corestotal-allcorepera-20240507-135025.rds"
[1] "File number: 183"
[1] "Loaded RDS file: ..//output_EXPANSE_a2_hippo/libd_chr18-chr18_EA-libd_chr18-chr18_EA-340386-360385-dynamic-1corestotal-allcorepera-20240507-135127.rds"
[1] "File number: 184"
[1] "Loaded RDS file: ..//output_EXPANSE_a2_hippo/libd_chr18-chr18_EA-libd_chr18-chr18_EA-360386-380385-dynamic-1corestotal-allcorepera-20240507-135228.rds"
[1] "File number: 185"
[1] "Loaded RDS file: ..//output_EXPANSE_a2_hippo/libd_chr18-chr18_EA-libd_chr18-chr18_EA-380386-400385-dynamic-1corestotal-allcorepera-20240507-135329.rds"
[1] "File number: 186"
[1] "Loaded RDS file: ..//output_EXPANSE_a2_hippo/libd_chr18-chr18_EA-libd_chr18-chr18_EA-400386-420385-dynamic-1corestotal-allcorepera-20240507-135430.rds"
[1] "File number: 187"
[1] "Loaded RDS file: ..//output_EXPANSE_a2_hippo/libd_chr18-chr18_EA-libd_chr18-chr18_EA-420386-440385-dynamic-1corestotal-allcorepera-20240507-135531.rds"
[1] "File number: 188"
[1] "Loaded RDS file: ..//output_EXPANSE_a2_hippo/libd_chr18-chr18_EA-libd_chr18-chr18_EA-440386-460385-dynamic-1corestotal-allcorepera-20240507-135632.rds"
[1] "File number: 189"
[1] "Loaded RDS file: ..//output_EXPANSE_a2_hippo/libd_chr18-chr18_EA-libd_chr18-chr18_EA-460386-480385-dynamic-1corestotal-allcorepera-20240507-135733.rds"
[1] "File number: 190"
[1] "Loaded RDS file: ..//output_EXPANSE_a2_hippo/libd_chr18-chr18_EA-libd_chr18-chr18_EA-480386-500385-dynamic-1corestotal-allcorepera-20240507-135835.rds"
[1] "File number: 191"
[1] "Loaded RDS file: ..//output_EXPANSE_a2_hippo/libd_chr18-chr18_EA-libd_chr18-chr18_EA-500386-520385-dynamic-1corestotal-allcorepera-20240507-135937.rds"
[1] "File number: 192"
[1] "Loaded RDS file: ..//output_EXPANSE_a2_hippo/libd_chr18-chr18_EA-libd_chr18-chr18_EA-520386-540385-dynamic-1corestotal-allcorepera-20240507-140038.rds"
[1] "File number: 193"
[1] "Loaded RDS file: ..//output_EXPANSE_a2_hippo/libd_chr18-chr18_EA-libd_chr18-chr18_EA-540386-560385-dynamic-1corestotal-allcorepera-20240507-140139.rds"
[1] "File number: 194"
[1] "Loaded RDS file: ..//output_EXPANSE_a2_hippo/libd_chr18-chr18_EA-libd_chr18-chr18_EA-560386-580385-dynamic-1corestotal-allcorepera-20240507-140241.rds"
[1] "File number: 195"
[1] "Loaded RDS file: ..//output_EXPANSE_a2_hippo/libd_chr18-chr18_EA-libd_chr18-chr18_EA-580386-600385-dynamic-1corestotal-allcorepera-20240507-140342.rds"
[1] "File number: 196"
[1] "Loaded RDS file: ..//output_EXPANSE_a2_hippo/libd_chr18-chr18_EA-libd_chr18-chr18_EA-600386-620385-dynamic-1corestotal-allcorepera-20240507-140443.rds"
[1] "File number: 197"
[1] "Loaded RDS file: ..//output_EXPANSE_a2_hippo/libd_chr18-chr18_EA-libd_chr18-chr18_EA-620386-640385-dynamic-1corestotal-allcorepera-20240507-140544.rds"
[1] "File number: 198"
[1] "Loaded RDS file: ..//output_EXPANSE_a2_hippo/libd_chr18-chr18_EA-libd_chr18-chr18_EA-640386-644498-dynamic-1corestotal-allcorepera-20240507-140645.rds"
[1] "File number: 199"
[1] "Loaded RDS file: ..//output_EXPANSE_a2_caud/libd_chr18-chr18_all-libd_chr18-chr18_all-386-20385-dynamic-1corestotal-allcorepera-20240507-093512.rds"
[1] "File number: 200"
[1] "Loaded RDS file: ..//output_EXPANSE_a2_caud/libd_chr18-chr18_all-libd_chr18-chr18_all-20386-40385-dynamic-1corestotal-allcorepera-20240507-093614.rds"
[1] "File number: 201"
[1] "Loaded RDS file: ..//output_EXPANSE_a2_caud/libd_chr18-chr18_all-libd_chr18-chr18_all-40386-60385-dynamic-1corestotal-allcorepera-20240507-093715.rds"
[1] "File number: 202"
[1] "Loaded RDS file: ..//output_EXPANSE_a2_caud/libd_chr18-chr18_all-libd_chr18-chr18_all-60386-80385-dynamic-1corestotal-allcorepera-20240507-093816.rds"
[1] "File number: 203"
[1] "Loaded RDS file: ..//output_EXPANSE_a2_caud/libd_chr18-chr18_all-libd_chr18-chr18_all-80386-100385-dynamic-1corestotal-allcorepera-20240507-093919.rds"
[1] "File number: 204"
[1] "Loaded RDS file: ..//output_EXPANSE_a2_caud/libd_chr18-chr18_all-libd_chr18-chr18_all-100386-120385-dynamic-1corestotal-allcorepera-20240507-094022.rds"
[1] "File number: 205"
[1] "Loaded RDS file: ..//output_EXPANSE_a2_caud/libd_chr18-chr18_all-libd_chr18-chr18_all-120386-140385-dynamic-1corestotal-allcorepera-20240507-094123.rds"
[1] "File number: 206"
[1] "Loaded RDS file: ..//output_EXPANSE_a2_caud/libd_chr18-chr18_all-libd_chr18-chr18_all-140386-160385-dynamic-1corestotal-allcorepera-20240507-094224.rds"
[1] "File number: 207"
[1] "Loaded RDS file: ..//output_EXPANSE_a2_caud/libd_chr18-chr18_all-libd_chr18-chr18_all-160386-180385-dynamic-1corestotal-allcorepera-20240507-094325.rds"
[1] "File number: 208"
[1] "Loaded RDS file: ..//output_EXPANSE_a2_caud/libd_chr18-chr18_all-libd_chr18-chr18_all-180386-200385-dynamic-1corestotal-allcorepera-20240507-094426.rds"
[1] "File number: 209"
[1] "Loaded RDS file: ..//output_EXPANSE_a2_caud/libd_chr18-chr18_all-libd_chr18-chr18_all-200386-220385-dynamic-1corestotal-allcorepera-20240507-094527.rds"
[1] "File number: 210"
[1] "Loaded RDS file: ..//output_EXPANSE_a2_caud/libd_chr18-chr18_all-libd_chr18-chr18_all-220386-240385-dynamic-1corestotal-allcorepera-20240507-094629.rds"
[1] "File number: 211"
[1] "Loaded RDS file: ..//output_EXPANSE_a2_caud/libd_chr18-chr18_all-libd_chr18-chr18_all-240386-260385-dynamic-1corestotal-allcorepera-20240507-094730.rds"
[1] "File number: 212"
[1] "Loaded RDS file: ..//output_EXPANSE_a2_caud/libd_chr18-chr18_all-libd_chr18-chr18_all-260386-280385-dynamic-1corestotal-allcorepera-20240507-094831.rds"
[1] "File number: 213"
[1] "Loaded RDS file: ..//output_EXPANSE_a2_caud/libd_chr18-chr18_all-libd_chr18-chr18_all-280386-300385-dynamic-1corestotal-allcorepera-20240507-094932.rds"
[1] "File number: 214"
[1] "Loaded RDS file: ..//output_EXPANSE_a2_caud/libd_chr18-chr18_all-libd_chr18-chr18_all-300386-320385-dynamic-1corestotal-allcorepera-20240507-095033.rds"
[1] "File number: 215"
[1] "Loaded RDS file: ..//output_EXPANSE_a2_caud/libd_chr18-chr18_all-libd_chr18-chr18_all-320386-340385-dynamic-1corestotal-allcorepera-20240507-095134.rds"
[1] "File number: 216"
[1] "Loaded RDS file: ..//output_EXPANSE_a2_caud/libd_chr18-chr18_all-libd_chr18-chr18_all-340386-360385-dynamic-1corestotal-allcorepera-20240507-095236.rds"
[1] "File number: 217"
[1] "Loaded RDS file: ..//output_EXPANSE_a2_caud/libd_chr18-chr18_all-libd_chr18-chr18_all-360386-380385-dynamic-1corestotal-allcorepera-20240507-095337.rds"
[1] "File number: 218"
[1] "Loaded RDS file: ..//output_EXPANSE_a2_caud/libd_chr18-chr18_all-libd_chr18-chr18_all-380386-400385-dynamic-1corestotal-allcorepera-20240507-095438.rds"
[1] "File number: 219"
[1] "Loaded RDS file: ..//output_EXPANSE_a2_caud/libd_chr18-chr18_all-libd_chr18-chr18_all-400386-420385-dynamic-1corestotal-allcorepera-20240507-095539.rds"
[1] "File number: 220"
[1] "Loaded RDS file: ..//output_EXPANSE_a2_caud/libd_chr18-chr18_all-libd_chr18-chr18_all-420386-440385-dynamic-1corestotal-allcorepera-20240507-095640.rds"
[1] "File number: 221"
[1] "Loaded RDS file: ..//output_EXPANSE_a2_caud/libd_chr18-chr18_all-libd_chr18-chr18_all-440386-460385-dynamic-1corestotal-allcorepera-20240507-095741.rds"
[1] "File number: 222"
[1] "Loaded RDS file: ..//output_EXPANSE_a2_caud/libd_chr18-chr18_all-libd_chr18-chr18_all-460386-480385-dynamic-1corestotal-allcorepera-20240507-095842.rds"
[1] "File number: 223"
[1] "Loaded RDS file: ..//output_EXPANSE_a2_caud/libd_chr18-chr18_all-libd_chr18-chr18_all-480386-500385-dynamic-1corestotal-allcorepera-20240507-095945.rds"
[1] "File number: 224"
[1] "Loaded RDS file: ..//output_EXPANSE_a2_caud/libd_chr18-chr18_all-libd_chr18-chr18_all-500386-520385-dynamic-1corestotal-allcorepera-20240507-100046.rds"
[1] "File number: 225"
[1] "Loaded RDS file: ..//output_EXPANSE_a2_caud/libd_chr18-chr18_all-libd_chr18-chr18_all-520386-540385-dynamic-1corestotal-allcorepera-20240507-100147.rds"
[1] "File number: 226"
[1] "Loaded RDS file: ..//output_EXPANSE_a2_caud/libd_chr18-chr18_all-libd_chr18-chr18_all-540386-560385-dynamic-1corestotal-allcorepera-20240507-100248.rds"
[1] "File number: 227"
[1] "Loaded RDS file: ..//output_EXPANSE_a2_caud/libd_chr18-chr18_all-libd_chr18-chr18_all-560386-580385-dynamic-1corestotal-allcorepera-20240507-100350.rds"
[1] "File number: 228"
[1] "Loaded RDS file: ..//output_EXPANSE_a2_caud/libd_chr18-chr18_all-libd_chr18-chr18_all-580386-600385-dynamic-1corestotal-allcorepera-20240507-100451.rds"
[1] "File number: 229"
[1] "Loaded RDS file: ..//output_EXPANSE_a2_caud/libd_chr18-chr18_all-libd_chr18-chr18_all-600386-620385-dynamic-1corestotal-allcorepera-20240507-100552.rds"
[1] "File number: 230"
[1] "Loaded RDS file: ..//output_EXPANSE_a2_caud/libd_chr18-chr18_all-libd_chr18-chr18_all-620386-640385-dynamic-1corestotal-allcorepera-20240507-100653.rds"
[1] "File number: 231"
[1] "Loaded RDS file: ..//output_EXPANSE_a2_caud/libd_chr18-chr18_all-libd_chr18-chr18_all-640386-644498-dynamic-1corestotal-allcorepera-20240507-100754.rds"
[1] "File number: 232"
[1] "Loaded RDS file: ..//output_EXPANSE_a2_dlpfc/libd_chr18-chr18_all-libd_chr18-chr18_all-386-20385-dynamic-1corestotal-allcorepera-20240507-111906.rds"
[1] "File number: 233"
[1] "Loaded RDS file: ..//output_EXPANSE_a2_dlpfc/libd_chr18-chr18_all-libd_chr18-chr18_all-20386-40385-dynamic-1corestotal-allcorepera-20240507-112007.rds"
[1] "File number: 234"
[1] "Loaded RDS file: ..//output_EXPANSE_a2_dlpfc/libd_chr18-chr18_all-libd_chr18-chr18_all-40386-60385-dynamic-1corestotal-allcorepera-20240507-112108.rds"
[1] "File number: 235"
[1] "Loaded RDS file: ..//output_EXPANSE_a2_dlpfc/libd_chr18-chr18_all-libd_chr18-chr18_all-60386-80385-dynamic-1corestotal-allcorepera-20240507-112209.rds"
[1] "File number: 236"
[1] "Loaded RDS file: ..//output_EXPANSE_a2_dlpfc/libd_chr18-chr18_all-libd_chr18-chr18_all-80386-100385-dynamic-1corestotal-allcorepera-20240507-112310.rds"
[1] "File number: 237"
[1] "Loaded RDS file: ..//output_EXPANSE_a2_dlpfc/libd_chr18-chr18_all-libd_chr18-chr18_all-100386-120385-dynamic-1corestotal-allcorepera-20240507-112411.rds"
[1] "File number: 238"
[1] "Loaded RDS file: ..//output_EXPANSE_a2_dlpfc/libd_chr18-chr18_all-libd_chr18-chr18_all-120386-140385-dynamic-1corestotal-allcorepera-20240507-112513.rds"
[1] "File number: 239"
[1] "Loaded RDS file: ..//output_EXPANSE_a2_dlpfc/libd_chr18-chr18_all-libd_chr18-chr18_all-140386-160385-dynamic-1corestotal-allcorepera-20240507-112614.rds"
[1] "File number: 240"
[1] "Loaded RDS file: ..//output_EXPANSE_a2_dlpfc/libd_chr18-chr18_all-libd_chr18-chr18_all-160386-180385-dynamic-1corestotal-allcorepera-20240507-112715.rds"
[1] "File number: 241"
[1] "Loaded RDS file: ..//output_EXPANSE_a2_dlpfc/libd_chr18-chr18_all-libd_chr18-chr18_all-180386-200385-dynamic-1corestotal-allcorepera-20240507-112816.rds"
[1] "File number: 242"
[1] "Loaded RDS file: ..//output_EXPANSE_a2_dlpfc/libd_chr18-chr18_all-libd_chr18-chr18_all-200386-220385-dynamic-1corestotal-allcorepera-20240507-112917.rds"
[1] "File number: 243"
[1] "Loaded RDS file: ..//output_EXPANSE_a2_dlpfc/libd_chr18-chr18_all-libd_chr18-chr18_all-220386-240385-dynamic-1corestotal-allcorepera-20240507-113018.rds"
[1] "File number: 244"
[1] "Loaded RDS file: ..//output_EXPANSE_a2_dlpfc/libd_chr18-chr18_all-libd_chr18-chr18_all-240386-260385-dynamic-1corestotal-allcorepera-20240507-113120.rds"
[1] "File number: 245"
[1] "Loaded RDS file: ..//output_EXPANSE_a2_dlpfc/libd_chr18-chr18_all-libd_chr18-chr18_all-260386-280385-dynamic-1corestotal-allcorepera-20240507-113223.rds"
[1] "File number: 246"
[1] "Loaded RDS file: ..//output_EXPANSE_a2_dlpfc/libd_chr18-chr18_all-libd_chr18-chr18_all-280386-300385-dynamic-1corestotal-allcorepera-20240507-113325.rds"
[1] "File number: 247"
[1] "Loaded RDS file: ..//output_EXPANSE_a2_dlpfc/libd_chr18-chr18_all-libd_chr18-chr18_all-300386-320385-dynamic-1corestotal-allcorepera-20240507-113426.rds"
[1] "File number: 248"
[1] "Loaded RDS file: ..//output_EXPANSE_a2_dlpfc/libd_chr18-chr18_all-libd_chr18-chr18_all-320386-340385-dynamic-1corestotal-allcorepera-20240507-113528.rds"
[1] "File number: 249"
[1] "Loaded RDS file: ..//output_EXPANSE_a2_dlpfc/libd_chr18-chr18_all-libd_chr18-chr18_all-340386-360385-dynamic-1corestotal-allcorepera-20240507-113629.rds"
[1] "File number: 250"
[1] "Loaded RDS file: ..//output_EXPANSE_a2_dlpfc/libd_chr18-chr18_all-libd_chr18-chr18_all-360386-380385-dynamic-1corestotal-allcorepera-20240507-113730.rds"
[1] "File number: 251"
[1] "Loaded RDS file: ..//output_EXPANSE_a2_dlpfc/libd_chr18-chr18_all-libd_chr18-chr18_all-380386-400385-dynamic-1corestotal-allcorepera-20240507-113831.rds"
[1] "File number: 252"
[1] "Loaded RDS file: ..//output_EXPANSE_a2_dlpfc/libd_chr18-chr18_all-libd_chr18-chr18_all-400386-420385-dynamic-1corestotal-allcorepera-20240507-113932.rds"
[1] "File number: 253"
[1] "Loaded RDS file: ..//output_EXPANSE_a2_dlpfc/libd_chr18-chr18_all-libd_chr18-chr18_all-420386-440385-dynamic-1corestotal-allcorepera-20240507-114033.rds"
[1] "File number: 254"
[1] "Loaded RDS file: ..//output_EXPANSE_a2_dlpfc/libd_chr18-chr18_all-libd_chr18-chr18_all-440386-460385-dynamic-1corestotal-allcorepera-20240507-114135.rds"
[1] "File number: 255"
[1] "Loaded RDS file: ..//output_EXPANSE_a2_dlpfc/libd_chr18-chr18_all-libd_chr18-chr18_all-460386-480385-dynamic-1corestotal-allcorepera-20240507-114236.rds"
[1] "File number: 256"
[1] "Loaded RDS file: ..//output_EXPANSE_a2_dlpfc/libd_chr18-chr18_all-libd_chr18-chr18_all-480386-500385-dynamic-1corestotal-allcorepera-20240507-114337.rds"
[1] "File number: 257"
[1] "Loaded RDS file: ..//output_EXPANSE_a2_dlpfc/libd_chr18-chr18_all-libd_chr18-chr18_all-500386-520385-dynamic-1corestotal-allcorepera-20240507-114438.rds"
[1] "File number: 258"
[1] "Loaded RDS file: ..//output_EXPANSE_a2_dlpfc/libd_chr18-chr18_all-libd_chr18-chr18_all-520386-540385-dynamic-1corestotal-allcorepera-20240507-114539.rds"
[1] "File number: 259"
[1] "Loaded RDS file: ..//output_EXPANSE_a2_dlpfc/libd_chr18-chr18_all-libd_chr18-chr18_all-540386-560385-dynamic-1corestotal-allcorepera-20240507-114640.rds"
[1] "File number: 260"
[1] "Loaded RDS file: ..//output_EXPANSE_a2_dlpfc/libd_chr18-chr18_all-libd_chr18-chr18_all-560386-580385-dynamic-1corestotal-allcorepera-20240507-114743.rds"
[1] "File number: 261"
[1] "Loaded RDS file: ..//output_EXPANSE_a2_dlpfc/libd_chr18-chr18_all-libd_chr18-chr18_all-580386-600385-dynamic-1corestotal-allcorepera-20240507-114845.rds"
[1] "File number: 262"
[1] "Loaded RDS file: ..//output_EXPANSE_a2_dlpfc/libd_chr18-chr18_all-libd_chr18-chr18_all-600386-620385-dynamic-1corestotal-allcorepera-20240507-114946.rds"
[1] "File number: 263"
[1] "Loaded RDS file: ..//output_EXPANSE_a2_dlpfc/libd_chr18-chr18_all-libd_chr18-chr18_all-620386-640385-dynamic-1corestotal-allcorepera-20240507-115047.rds"
[1] "File number: 264"
[1] "Loaded RDS file: ..//output_EXPANSE_a2_dlpfc/libd_chr18-chr18_all-libd_chr18-chr18_all-640386-644498-dynamic-1corestotal-allcorepera-20240507-115148.rds"
[1] "File number: 265"
[1] "Loaded RDS file: ..//output_EXPANSE_a2_hippo/libd_chr18-chr18_all-libd_chr18-chr18_all-386-20385-dynamic-1corestotal-allcorepera-20240507-130020.rds"
[1] "File number: 266"
[1] "Loaded RDS file: ..//output_EXPANSE_a2_hippo/libd_chr18-chr18_all-libd_chr18-chr18_all-20386-40385-dynamic-1corestotal-allcorepera-20240507-130121.rds"
[1] "File number: 267"
[1] "Loaded RDS file: ..//output_EXPANSE_a2_hippo/libd_chr18-chr18_all-libd_chr18-chr18_all-40386-60385-dynamic-1corestotal-allcorepera-20240507-130222.rds"
[1] "File number: 268"
[1] "Loaded RDS file: ..//output_EXPANSE_a2_hippo/libd_chr18-chr18_all-libd_chr18-chr18_all-60386-80385-dynamic-1corestotal-allcorepera-20240507-130323.rds"
[1] "File number: 269"
[1] "Loaded RDS file: ..//output_EXPANSE_a2_hippo/libd_chr18-chr18_all-libd_chr18-chr18_all-80386-100385-dynamic-1corestotal-allcorepera-20240507-130424.rds"
[1] "File number: 270"
[1] "Loaded RDS file: ..//output_EXPANSE_a2_hippo/libd_chr18-chr18_all-libd_chr18-chr18_all-100386-120385-dynamic-1corestotal-allcorepera-20240507-130525.rds"
[1] "File number: 271"
[1] "Loaded RDS file: ..//output_EXPANSE_a2_hippo/libd_chr18-chr18_all-libd_chr18-chr18_all-120386-140385-dynamic-1corestotal-allcorepera-20240507-130626.rds"
[1] "File number: 272"
[1] "Loaded RDS file: ..//output_EXPANSE_a2_hippo/libd_chr18-chr18_all-libd_chr18-chr18_all-140386-160385-dynamic-1corestotal-allcorepera-20240507-130728.rds"
[1] "File number: 273"
[1] "Loaded RDS file: ..//output_EXPANSE_a2_hippo/libd_chr18-chr18_all-libd_chr18-chr18_all-160386-180385-dynamic-1corestotal-allcorepera-20240507-130829.rds"
[1] "File number: 274"
[1] "Loaded RDS file: ..//output_EXPANSE_a2_hippo/libd_chr18-chr18_all-libd_chr18-chr18_all-180386-200385-dynamic-1corestotal-allcorepera-20240507-130930.rds"
[1] "File number: 275"
[1] "Loaded RDS file: ..//output_EXPANSE_a2_hippo/libd_chr18-chr18_all-libd_chr18-chr18_all-200386-220385-dynamic-1corestotal-allcorepera-20240507-131031.rds"
[1] "File number: 276"
[1] "Loaded RDS file: ..//output_EXPANSE_a2_hippo/libd_chr18-chr18_all-libd_chr18-chr18_all-220386-240385-dynamic-1corestotal-allcorepera-20240507-131132.rds"
[1] "File number: 277"
[1] "Loaded RDS file: ..//output_EXPANSE_a2_hippo/libd_chr18-chr18_all-libd_chr18-chr18_all-240386-260385-dynamic-1corestotal-allcorepera-20240507-131234.rds"
[1] "File number: 278"
[1] "Loaded RDS file: ..//output_EXPANSE_a2_hippo/libd_chr18-chr18_all-libd_chr18-chr18_all-260386-280385-dynamic-1corestotal-allcorepera-20240507-131336.rds"
[1] "File number: 279"
[1] "Loaded RDS file: ..//output_EXPANSE_a2_hippo/libd_chr18-chr18_all-libd_chr18-chr18_all-280386-300385-dynamic-1corestotal-allcorepera-20240507-131438.rds"
[1] "File number: 280"
[1] "Loaded RDS file: ..//output_EXPANSE_a2_hippo/libd_chr18-chr18_all-libd_chr18-chr18_all-300386-320385-dynamic-1corestotal-allcorepera-20240507-131540.rds"
[1] "File number: 281"
[1] "Loaded RDS file: ..//output_EXPANSE_a2_hippo/libd_chr18-chr18_all-libd_chr18-chr18_all-320386-340385-dynamic-1corestotal-allcorepera-20240507-131641.rds"
[1] "File number: 282"
[1] "Loaded RDS file: ..//output_EXPANSE_a2_hippo/libd_chr18-chr18_all-libd_chr18-chr18_all-340386-360385-dynamic-1corestotal-allcorepera-20240507-131742.rds"
[1] "File number: 283"
[1] "Loaded RDS file: ..//output_EXPANSE_a2_hippo/libd_chr18-chr18_all-libd_chr18-chr18_all-360386-380385-dynamic-1corestotal-allcorepera-20240507-131843.rds"
[1] "File number: 284"
[1] "Loaded RDS file: ..//output_EXPANSE_a2_hippo/libd_chr18-chr18_all-libd_chr18-chr18_all-380386-400385-dynamic-1corestotal-allcorepera-20240507-131944.rds"
[1] "File number: 285"
[1] "Loaded RDS file: ..//output_EXPANSE_a2_hippo/libd_chr18-chr18_all-libd_chr18-chr18_all-400386-420385-dynamic-1corestotal-allcorepera-20240507-132045.rds"
[1] "File number: 286"
[1] "Loaded RDS file: ..//output_EXPANSE_a2_hippo/libd_chr18-chr18_all-libd_chr18-chr18_all-420386-440385-dynamic-1corestotal-allcorepera-20240507-132147.rds"
[1] "File number: 287"
[1] "Loaded RDS file: ..//output_EXPANSE_a2_hippo/libd_chr18-chr18_all-libd_chr18-chr18_all-440386-460385-dynamic-1corestotal-allcorepera-20240507-132248.rds"
[1] "File number: 288"
[1] "Loaded RDS file: ..//output_EXPANSE_a2_hippo/libd_chr18-chr18_all-libd_chr18-chr18_all-460386-480385-dynamic-1corestotal-allcorepera-20240507-132349.rds"
[1] "File number: 289"
[1] "Loaded RDS file: ..//output_EXPANSE_a2_hippo/libd_chr18-chr18_all-libd_chr18-chr18_all-480386-500385-dynamic-1corestotal-allcorepera-20240507-132450.rds"
[1] "File number: 290"
[1] "Loaded RDS file: ..//output_EXPANSE_a2_hippo/libd_chr18-chr18_all-libd_chr18-chr18_all-500386-520385-dynamic-1corestotal-allcorepera-20240507-132551.rds"
[1] "File number: 291"
[1] "Loaded RDS file: ..//output_EXPANSE_a2_hippo/libd_chr18-chr18_all-libd_chr18-chr18_all-520386-540385-dynamic-1corestotal-allcorepera-20240507-132652.rds"
[1] "File number: 292"
[1] "Loaded RDS file: ..//output_EXPANSE_a2_hippo/libd_chr18-chr18_all-libd_chr18-chr18_all-540386-560385-dynamic-1corestotal-allcorepera-20240507-132754.rds"
[1] "File number: 293"
[1] "Loaded RDS file: ..//output_EXPANSE_a2_hippo/libd_chr18-chr18_all-libd_chr18-chr18_all-560386-580385-dynamic-1corestotal-allcorepera-20240507-132855.rds"
[1] "File number: 294"
[1] "Loaded RDS file: ..//output_EXPANSE_a2_hippo/libd_chr18-chr18_all-libd_chr18-chr18_all-580386-600385-dynamic-1corestotal-allcorepera-20240507-132956.rds"
[1] "File number: 295"
[1] "Loaded RDS file: ..//output_EXPANSE_a2_hippo/libd_chr18-chr18_all-libd_chr18-chr18_all-600386-620385-dynamic-1corestotal-allcorepera-20240507-133057.rds"
[1] "File number: 296"
[1] "Loaded RDS file: ..//output_EXPANSE_a2_hippo/libd_chr18-chr18_all-libd_chr18-chr18_all-620386-640385-dynamic-1corestotal-allcorepera-20240507-133158.rds"
[1] "File number: 297"
[1] "Loaded RDS file: ..//output_EXPANSE_a2_hippo/libd_chr18-chr18_all-libd_chr18-chr18_all-640386-644498-dynamic-1corestotal-allcorepera-20240507-133300.rds"
