[1] "Starting genome file processing"
[1] "Processing genome file index: 16"
[1] "Loaded SNP data"
[1] "Files for this Chr:"
[1] 477
[1] "File number: 1"
[1] "Loaded RDS file: ..//output_EXPANSE_a2_caud/libd_chr16-chr16_AA-libd_chr16-chr16_AA-465-20464-dynamic-1corestotal-allcorepera-20240507-101104.rds"
[1] "File number: 2"
[1] "Loaded RDS file: ..//output_EXPANSE_a2_caud/libd_chr16-chr16_AA-libd_chr16-chr16_AA-20465-40464-dynamic-1corestotal-allcorepera-20240507-101205.rds"
[1] "File number: 3"
[1] "Loaded RDS file: ..//output_EXPANSE_a2_caud/libd_chr16-chr16_AA-libd_chr16-chr16_AA-40465-60464-dynamic-1corestotal-allcorepera-20240507-101307.rds"
[1] "File number: 4"
[1] "Loaded RDS file: ..//output_EXPANSE_a2_caud/libd_chr16-chr16_AA-libd_chr16-chr16_AA-60465-80464-dynamic-1corestotal-allcorepera-20240507-101408.rds"
[1] "File number: 5"
[1] "Loaded RDS file: ..//output_EXPANSE_a2_caud/libd_chr16-chr16_AA-libd_chr16-chr16_AA-80465-100464-dynamic-1corestotal-allcorepera-20240507-101509.rds"
[1] "File number: 6"
[1] "Loaded RDS file: ..//output_EXPANSE_a2_caud/libd_chr16-chr16_AA-libd_chr16-chr16_AA-100465-120464-dynamic-1corestotal-allcorepera-20240507-101610.rds"
[1] "File number: 7"
[1] "Loaded RDS file: ..//output_EXPANSE_a2_caud/libd_chr16-chr16_AA-libd_chr16-chr16_AA-120465-140464-dynamic-1corestotal-allcorepera-20240507-101711.rds"
[1] "File number: 8"
[1] "Loaded RDS file: ..//output_EXPANSE_a2_caud/libd_chr16-chr16_AA-libd_chr16-chr16_AA-140465-160464-dynamic-1corestotal-allcorepera-20240507-101812.rds"
[1] "File number: 9"
[1] "Loaded RDS file: ..//output_EXPANSE_a2_caud/libd_chr16-chr16_AA-libd_chr16-chr16_AA-160465-180464-dynamic-1corestotal-allcorepera-20240507-101913.rds"
[1] "File number: 10"
[1] "Loaded RDS file: ..//output_EXPANSE_a2_caud/libd_chr16-chr16_AA-libd_chr16-chr16_AA-180465-200464-dynamic-1corestotal-allcorepera-20240507-102014.rds"
[1] "File number: 11"
[1] "Loaded RDS file: ..//output_EXPANSE_a2_caud/libd_chr16-chr16_AA-libd_chr16-chr16_AA-200465-220464-dynamic-1corestotal-allcorepera-20240507-102115.rds"
[1] "File number: 12"
[1] "Loaded RDS file: ..//output_EXPANSE_a2_caud/libd_chr16-chr16_AA-libd_chr16-chr16_AA-220465-240464-dynamic-1corestotal-allcorepera-20240507-102217.rds"
[1] "File number: 13"
[1] "Loaded RDS file: ..//output_EXPANSE_a2_caud/libd_chr16-chr16_AA-libd_chr16-chr16_AA-240465-260464-dynamic-1corestotal-allcorepera-20240507-102318.rds"
[1] "File number: 14"
[1] "Loaded RDS file: ..//output_EXPANSE_a2_caud/libd_chr16-chr16_AA-libd_chr16-chr16_AA-260465-280464-dynamic-1corestotal-allcorepera-20240507-102419.rds"
[1] "File number: 15"
[1] "Loaded RDS file: ..//output_EXPANSE_a2_caud/libd_chr16-chr16_AA-libd_chr16-chr16_AA-280465-300464-dynamic-1corestotal-allcorepera-20240507-102520.rds"
[1] "File number: 16"
[1] "Loaded RDS file: ..//output_EXPANSE_a2_caud/libd_chr16-chr16_AA-libd_chr16-chr16_AA-300465-320464-dynamic-1corestotal-allcorepera-20240507-102621.rds"
[1] "File number: 17"
[1] "Loaded RDS file: ..//output_EXPANSE_a2_caud/libd_chr16-chr16_AA-libd_chr16-chr16_AA-320465-340464-dynamic-1corestotal-allcorepera-20240507-102722.rds"
[1] "File number: 18"
[1] "Loaded RDS file: ..//output_EXPANSE_a2_caud/libd_chr16-chr16_AA-libd_chr16-chr16_AA-340465-360464-dynamic-1corestotal-allcorepera-20240507-102823.rds"
[1] "File number: 19"
[1] "Loaded RDS file: ..//output_EXPANSE_a2_caud/libd_chr16-chr16_AA-libd_chr16-chr16_AA-360465-380464-dynamic-1corestotal-allcorepera-20240507-102924.rds"
[1] "File number: 20"
[1] "Loaded RDS file: ..//output_EXPANSE_a2_caud/libd_chr16-chr16_AA-libd_chr16-chr16_AA-380465-400464-dynamic-1corestotal-allcorepera-20240507-103025.rds"
[1] "File number: 21"
[1] "Loaded RDS file: ..//output_EXPANSE_a2_caud/libd_chr16-chr16_AA-libd_chr16-chr16_AA-400465-420464-dynamic-1corestotal-allcorepera-20240507-103127.rds"
[1] "File number: 22"
[1] "Loaded RDS file: ..//output_EXPANSE_a2_caud/libd_chr16-chr16_AA-libd_chr16-chr16_AA-420465-440464-dynamic-1corestotal-allcorepera-20240507-103228.rds"
[1] "File number: 23"
[1] "Loaded RDS file: ..//output_EXPANSE_a2_caud/libd_chr16-chr16_AA-libd_chr16-chr16_AA-440465-460464-dynamic-1corestotal-allcorepera-20240507-103329.rds"
[1] "File number: 24"
[1] "Loaded RDS file: ..//output_EXPANSE_a2_caud/libd_chr16-chr16_AA-libd_chr16-chr16_AA-460465-480464-dynamic-1corestotal-allcorepera-20240507-103430.rds"
[1] "File number: 25"
[1] "Loaded RDS file: ..//output_EXPANSE_a2_caud/libd_chr16-chr16_AA-libd_chr16-chr16_AA-480465-500464-dynamic-1corestotal-allcorepera-20240507-103531.rds"
[1] "File number: 26"
[1] "Loaded RDS file: ..//output_EXPANSE_a2_caud/libd_chr16-chr16_AA-libd_chr16-chr16_AA-500465-520464-dynamic-1corestotal-allcorepera-20240507-103632.rds"
[1] "File number: 27"
[1] "Loaded RDS file: ..//output_EXPANSE_a2_caud/libd_chr16-chr16_AA-libd_chr16-chr16_AA-520465-540464-dynamic-1corestotal-allcorepera-20240507-103733.rds"
[1] "File number: 28"
[1] "Loaded RDS file: ..//output_EXPANSE_a2_caud/libd_chr16-chr16_AA-libd_chr16-chr16_AA-540465-560464-dynamic-1corestotal-allcorepera-20240507-103834.rds"
[1] "File number: 29"
[1] "Loaded RDS file: ..//output_EXPANSE_a2_caud/libd_chr16-chr16_AA-libd_chr16-chr16_AA-560465-580464-dynamic-1corestotal-allcorepera-20240507-103935.rds"
[1] "File number: 30"
[1] "Loaded RDS file: ..//output_EXPANSE_a2_caud/libd_chr16-chr16_AA-libd_chr16-chr16_AA-580465-600464-dynamic-1corestotal-allcorepera-20240507-104037.rds"
[1] "File number: 31"
[1] "Loaded RDS file: ..//output_EXPANSE_a2_caud/libd_chr16-chr16_AA-libd_chr16-chr16_AA-600465-620464-dynamic-1corestotal-allcorepera-20240507-104138.rds"
[1] "File number: 32"
[1] "Loaded RDS file: ..//output_EXPANSE_a2_caud/libd_chr16-chr16_AA-libd_chr16-chr16_AA-620465-640464-dynamic-1corestotal-allcorepera-20240507-104239.rds"
[1] "File number: 33"
[1] "Loaded RDS file: ..//output_EXPANSE_a2_caud/libd_chr16-chr16_AA-libd_chr16-chr16_AA-640465-660464-dynamic-1corestotal-allcorepera-20240507-104340.rds"
[1] "File number: 34"
[1] "Loaded RDS file: ..//output_EXPANSE_a2_caud/libd_chr16-chr16_AA-libd_chr16-chr16_AA-660465-680464-dynamic-1corestotal-allcorepera-20240507-104441.rds"
[1] "File number: 35"
[1] "Loaded RDS file: ..//output_EXPANSE_a2_caud/libd_chr16-chr16_AA-libd_chr16-chr16_AA-680465-700464-dynamic-1corestotal-allcorepera-20240507-104542.rds"
[1] "File number: 36"
[1] "Loaded RDS file: ..//output_EXPANSE_a2_caud/libd_chr16-chr16_AA-libd_chr16-chr16_AA-700465-720464-dynamic-1corestotal-allcorepera-20240507-104643.rds"
[1] "File number: 37"
[1] "Loaded RDS file: ..//output_EXPANSE_a2_caud/libd_chr16-chr16_AA-libd_chr16-chr16_AA-720465-740464-dynamic-1corestotal-allcorepera-20240507-104744.rds"
[1] "File number: 38"
[1] "Loaded RDS file: ..//output_EXPANSE_a2_caud/libd_chr16-chr16_AA-libd_chr16-chr16_AA-740465-760464-dynamic-1corestotal-allcorepera-20240507-104846.rds"
[1] "File number: 39"
[1] "Loaded RDS file: ..//output_EXPANSE_a2_caud/libd_chr16-chr16_AA-libd_chr16-chr16_AA-760465-780464-dynamic-1corestotal-allcorepera-20240507-104947.rds"
[1] "File number: 40"
[1] "Loaded RDS file: ..//output_EXPANSE_a2_caud/libd_chr16-chr16_AA-libd_chr16-chr16_AA-780465-800464-dynamic-1corestotal-allcorepera-20240507-105048.rds"
[1] "File number: 41"
[1] "Loaded RDS file: ..//output_EXPANSE_a2_caud/libd_chr16-chr16_AA-libd_chr16-chr16_AA-800465-820464-dynamic-1corestotal-allcorepera-20240507-105149.rds"
[1] "File number: 42"
[1] "Loaded RDS file: ..//output_EXPANSE_a2_caud/libd_chr16-chr16_AA-libd_chr16-chr16_AA-820465-840464-dynamic-1corestotal-allcorepera-20240507-105250.rds"
[1] "File number: 43"
[1] "Loaded RDS file: ..//output_EXPANSE_a2_caud/libd_chr16-chr16_AA-libd_chr16-chr16_AA-840465-860464-dynamic-1corestotal-allcorepera-20240507-105351.rds"
[1] "File number: 44"
[1] "Loaded RDS file: ..//output_EXPANSE_a2_caud/libd_chr16-chr16_AA-libd_chr16-chr16_AA-860465-880464-dynamic-1corestotal-allcorepera-20240507-105453.rds"
[1] "File number: 45"
[1] "Loaded RDS file: ..//output_EXPANSE_a2_caud/libd_chr16-chr16_AA-libd_chr16-chr16_AA-880465-900464-dynamic-1corestotal-allcorepera-20240509-150303.rds"
[1] "File number: 46"
[1] "Loaded RDS file: ..//output_EXPANSE_a2_caud/libd_chr16-chr16_AA-libd_chr16-chr16_AA-900465-920464-dynamic-1corestotal-allcorepera-20240509-150404.rds"
[1] "File number: 47"
[1] "Loaded RDS file: ..//output_EXPANSE_a2_caud/libd_chr16-chr16_AA-libd_chr16-chr16_AA-920465-940464-dynamic-1corestotal-allcorepera-20240509-150505.rds"
[1] "File number: 48"
[1] "Loaded RDS file: ..//output_EXPANSE_a2_caud/libd_chr16-chr16_AA-libd_chr16-chr16_AA-940465-960464-dynamic-1corestotal-allcorepera-20240509-150606.rds"
[1] "File number: 49"
[1] "Loaded RDS file: ..//output_EXPANSE_a2_caud/libd_chr16-chr16_AA-libd_chr16-chr16_AA-960465-980464-dynamic-1corestotal-allcorepera-20240509-150707.rds"
[1] "File number: 50"
[1] "Loaded RDS file: ..//output_EXPANSE_a2_caud/libd_chr16-chr16_AA-libd_chr16-chr16_AA-980465-1000464-dynamic-1corestotal-allcorepera-20240509-150809.rds"
[1] "File number: 51"
[1] "Loaded RDS file: ..//output_EXPANSE_a2_caud/libd_chr16-chr16_AA-libd_chr16-chr16_AA-1000465-1020464-dynamic-1corestotal-allcorepera-20240507-110201.rds"
[1] "File number: 52"
[1] "Loaded RDS file: ..//output_EXPANSE_a2_caud/libd_chr16-chr16_AA-libd_chr16-chr16_AA-1020465-1040464-dynamic-1corestotal-allcorepera-20240507-110302.rds"
[1] "File number: 53"
[1] "Loaded RDS file: ..//output_EXPANSE_a2_caud/libd_chr16-chr16_AA-libd_chr16-chr16_AA-1040465-1057285-dynamic-1corestotal-allcorepera-20240507-110403.rds"
[1] "File number: 54"
[1] "Loaded RDS file: ..//output_EXPANSE_a2_dlpfc/libd_chr16-chr16_AA-libd_chr16-chr16_AA-465-20464-dynamic-1corestotal-allcorepera-20240507-125304.rds"
[1] "File number: 55"
[1] "Loaded RDS file: ..//output_EXPANSE_a2_dlpfc/libd_chr16-chr16_AA-libd_chr16-chr16_AA-20465-40464-dynamic-1corestotal-allcorepera-20240507-125405.rds"
[1] "File number: 56"
[1] "Loaded RDS file: ..//output_EXPANSE_a2_dlpfc/libd_chr16-chr16_AA-libd_chr16-chr16_AA-40465-60464-dynamic-1corestotal-allcorepera-20240507-125506.rds"
[1] "File number: 57"
[1] "Loaded RDS file: ..//output_EXPANSE_a2_dlpfc/libd_chr16-chr16_AA-libd_chr16-chr16_AA-60465-80464-dynamic-1corestotal-allcorepera-20240507-125608.rds"
[1] "File number: 58"
[1] "Loaded RDS file: ..//output_EXPANSE_a2_dlpfc/libd_chr16-chr16_AA-libd_chr16-chr16_AA-80465-100464-dynamic-1corestotal-allcorepera-20240507-125709.rds"
[1] "File number: 59"
[1] "Loaded RDS file: ..//output_EXPANSE_a2_dlpfc/libd_chr16-chr16_AA-libd_chr16-chr16_AA-100465-120464-dynamic-1corestotal-allcorepera-20240507-125810.rds"
[1] "File number: 60"
[1] "Loaded RDS file: ..//output_EXPANSE_a2_dlpfc/libd_chr16-chr16_AA-libd_chr16-chr16_AA-120465-140464-dynamic-1corestotal-allcorepera-20240507-125911.rds"
[1] "File number: 61"
[1] "Loaded RDS file: ..//output_EXPANSE_a2_dlpfc/libd_chr16-chr16_AA-libd_chr16-chr16_AA-140465-160464-dynamic-1corestotal-allcorepera-20240507-130012.rds"
[1] "File number: 62"
[1] "Loaded RDS file: ..//output_EXPANSE_a2_dlpfc/libd_chr16-chr16_AA-libd_chr16-chr16_AA-160465-180464-dynamic-1corestotal-allcorepera-20240507-130113.rds"
[1] "File number: 63"
[1] "Loaded RDS file: ..//output_EXPANSE_a2_dlpfc/libd_chr16-chr16_AA-libd_chr16-chr16_AA-180465-200464-dynamic-1corestotal-allcorepera-20240507-130214.rds"
[1] "File number: 64"
[1] "Loaded RDS file: ..//output_EXPANSE_a2_dlpfc/libd_chr16-chr16_AA-libd_chr16-chr16_AA-200465-220464-dynamic-1corestotal-allcorepera-20240507-130315.rds"
[1] "File number: 65"
[1] "Loaded RDS file: ..//output_EXPANSE_a2_dlpfc/libd_chr16-chr16_AA-libd_chr16-chr16_AA-220465-240464-dynamic-1corestotal-allcorepera-20240507-130417.rds"
[1] "File number: 66"
[1] "Loaded RDS file: ..//output_EXPANSE_a2_dlpfc/libd_chr16-chr16_AA-libd_chr16-chr16_AA-240465-260464-dynamic-1corestotal-allcorepera-20240507-130518.rds"
[1] "File number: 67"
[1] "Loaded RDS file: ..//output_EXPANSE_a2_dlpfc/libd_chr16-chr16_AA-libd_chr16-chr16_AA-260465-280464-dynamic-1corestotal-allcorepera-20240507-130619.rds"
[1] "File number: 68"
[1] "Loaded RDS file: ..//output_EXPANSE_a2_dlpfc/libd_chr16-chr16_AA-libd_chr16-chr16_AA-280465-300464-dynamic-1corestotal-allcorepera-20240507-130720.rds"
[1] "File number: 69"
[1] "Loaded RDS file: ..//output_EXPANSE_a2_dlpfc/libd_chr16-chr16_AA-libd_chr16-chr16_AA-300465-320464-dynamic-1corestotal-allcorepera-20240507-130821.rds"
[1] "File number: 70"
[1] "Loaded RDS file: ..//output_EXPANSE_a2_dlpfc/libd_chr16-chr16_AA-libd_chr16-chr16_AA-320465-340464-dynamic-1corestotal-allcorepera-20240507-130922.rds"
[1] "File number: 71"
[1] "Loaded RDS file: ..//output_EXPANSE_a2_dlpfc/libd_chr16-chr16_AA-libd_chr16-chr16_AA-340465-360464-dynamic-1corestotal-allcorepera-20240507-131023.rds"
[1] "File number: 72"
[1] "Loaded RDS file: ..//output_EXPANSE_a2_dlpfc/libd_chr16-chr16_AA-libd_chr16-chr16_AA-360465-380464-dynamic-1corestotal-allcorepera-20240507-131124.rds"
[1] "File number: 73"
[1] "Loaded RDS file: ..//output_EXPANSE_a2_dlpfc/libd_chr16-chr16_AA-libd_chr16-chr16_AA-380465-400464-dynamic-1corestotal-allcorepera-20240507-131227.rds"
[1] "File number: 74"
[1] "Loaded RDS file: ..//output_EXPANSE_a2_dlpfc/libd_chr16-chr16_AA-libd_chr16-chr16_AA-400465-420464-dynamic-1corestotal-allcorepera-20240507-131328.rds"
[1] "File number: 75"
[1] "Loaded RDS file: ..//output_EXPANSE_a2_dlpfc/libd_chr16-chr16_AA-libd_chr16-chr16_AA-420465-440464-dynamic-1corestotal-allcorepera-20240507-131429.rds"
[1] "File number: 76"
[1] "Loaded RDS file: ..//output_EXPANSE_a2_dlpfc/libd_chr16-chr16_AA-libd_chr16-chr16_AA-440465-460464-dynamic-1corestotal-allcorepera-20240507-131530.rds"
[1] "File number: 77"
[1] "Loaded RDS file: ..//output_EXPANSE_a2_dlpfc/libd_chr16-chr16_AA-libd_chr16-chr16_AA-460465-480464-dynamic-1corestotal-allcorepera-20240507-131631.rds"
[1] "File number: 78"
[1] "Loaded RDS file: ..//output_EXPANSE_a2_dlpfc/libd_chr16-chr16_AA-libd_chr16-chr16_AA-480465-500464-dynamic-1corestotal-allcorepera-20240507-131732.rds"
[1] "File number: 79"
[1] "Loaded RDS file: ..//output_EXPANSE_a2_dlpfc/libd_chr16-chr16_AA-libd_chr16-chr16_AA-500465-520464-dynamic-1corestotal-allcorepera-20240507-131833.rds"
[1] "File number: 80"
[1] "Loaded RDS file: ..//output_EXPANSE_a2_dlpfc/libd_chr16-chr16_AA-libd_chr16-chr16_AA-520465-540464-dynamic-1corestotal-allcorepera-20240507-131935.rds"
[1] "File number: 81"
[1] "Loaded RDS file: ..//output_EXPANSE_a2_dlpfc/libd_chr16-chr16_AA-libd_chr16-chr16_AA-540465-560464-dynamic-1corestotal-allcorepera-20240507-132036.rds"
[1] "File number: 82"
[1] "Loaded RDS file: ..//output_EXPANSE_a2_dlpfc/libd_chr16-chr16_AA-libd_chr16-chr16_AA-560465-580464-dynamic-1corestotal-allcorepera-20240507-132137.rds"
[1] "File number: 83"
[1] "Loaded RDS file: ..//output_EXPANSE_a2_dlpfc/libd_chr16-chr16_AA-libd_chr16-chr16_AA-580465-600464-dynamic-1corestotal-allcorepera-20240507-132238.rds"
[1] "File number: 84"
[1] "Loaded RDS file: ..//output_EXPANSE_a2_dlpfc/libd_chr16-chr16_AA-libd_chr16-chr16_AA-600465-620464-dynamic-1corestotal-allcorepera-20240507-132339.rds"
[1] "File number: 85"
[1] "Loaded RDS file: ..//output_EXPANSE_a2_dlpfc/libd_chr16-chr16_AA-libd_chr16-chr16_AA-620465-640464-dynamic-1corestotal-allcorepera-20240507-132440.rds"
[1] "File number: 86"
[1] "Loaded RDS file: ..//output_EXPANSE_a2_dlpfc/libd_chr16-chr16_AA-libd_chr16-chr16_AA-640465-660464-dynamic-1corestotal-allcorepera-20240507-132541.rds"
[1] "File number: 87"
[1] "Loaded RDS file: ..//output_EXPANSE_a2_dlpfc/libd_chr16-chr16_AA-libd_chr16-chr16_AA-660465-680464-dynamic-1corestotal-allcorepera-20240507-132642.rds"
[1] "File number: 88"
[1] "Loaded RDS file: ..//output_EXPANSE_a2_dlpfc/libd_chr16-chr16_AA-libd_chr16-chr16_AA-680465-700464-dynamic-1corestotal-allcorepera-20240507-132743.rds"
[1] "File number: 89"
[1] "Loaded RDS file: ..//output_EXPANSE_a2_dlpfc/libd_chr16-chr16_AA-libd_chr16-chr16_AA-700465-720464-dynamic-1corestotal-allcorepera-20240507-132845.rds"
[1] "File number: 90"
[1] "Loaded RDS file: ..//output_EXPANSE_a2_dlpfc/libd_chr16-chr16_AA-libd_chr16-chr16_AA-720465-740464-dynamic-1corestotal-allcorepera-20240507-132946.rds"
[1] "File number: 91"
[1] "Loaded RDS file: ..//output_EXPANSE_a2_dlpfc/libd_chr16-chr16_AA-libd_chr16-chr16_AA-740465-760464-dynamic-1corestotal-allcorepera-20240507-133047.rds"
[1] "File number: 92"
[1] "Loaded RDS file: ..//output_EXPANSE_a2_dlpfc/libd_chr16-chr16_AA-libd_chr16-chr16_AA-760465-780464-dynamic-1corestotal-allcorepera-20240507-133148.rds"
[1] "File number: 93"
[1] "Loaded RDS file: ..//output_EXPANSE_a2_dlpfc/libd_chr16-chr16_AA-libd_chr16-chr16_AA-780465-800464-dynamic-1corestotal-allcorepera-20240507-133249.rds"
[1] "File number: 94"
[1] "Loaded RDS file: ..//output_EXPANSE_a2_dlpfc/libd_chr16-chr16_AA-libd_chr16-chr16_AA-800465-820464-dynamic-1corestotal-allcorepera-20240507-133350.rds"
[1] "File number: 95"
[1] "Loaded RDS file: ..//output_EXPANSE_a2_dlpfc/libd_chr16-chr16_AA-libd_chr16-chr16_AA-820465-840464-dynamic-1corestotal-allcorepera-20240507-133451.rds"
[1] "File number: 96"
[1] "Loaded RDS file: ..//output_EXPANSE_a2_dlpfc/libd_chr16-chr16_AA-libd_chr16-chr16_AA-840465-860464-dynamic-1corestotal-allcorepera-20240507-133552.rds"
[1] "File number: 97"
[1] "Loaded RDS file: ..//output_EXPANSE_a2_dlpfc/libd_chr16-chr16_AA-libd_chr16-chr16_AA-860465-880464-dynamic-1corestotal-allcorepera-20240507-133653.rds"
[1] "File number: 98"
[1] "Loaded RDS file: ..//output_EXPANSE_a2_dlpfc/libd_chr16-chr16_AA-libd_chr16-chr16_AA-880465-900464-dynamic-1corestotal-allcorepera-20240507-133755.rds"
[1] "File number: 99"
[1] "Loaded RDS file: ..//output_EXPANSE_a2_dlpfc/libd_chr16-chr16_AA-libd_chr16-chr16_AA-900465-920464-dynamic-1corestotal-allcorepera-20240507-133856.rds"
[1] "File number: 100"
[1] "Loaded RDS file: ..//output_EXPANSE_a2_dlpfc/libd_chr16-chr16_AA-libd_chr16-chr16_AA-920465-940464-dynamic-1corestotal-allcorepera-20240507-133957.rds"
[1] "File number: 101"
[1] "Loaded RDS file: ..//output_EXPANSE_a2_dlpfc/libd_chr16-chr16_AA-libd_chr16-chr16_AA-940465-960464-dynamic-1corestotal-allcorepera-20240507-134058.rds"
[1] "File number: 102"
[1] "Loaded RDS file: ..//output_EXPANSE_a2_dlpfc/libd_chr16-chr16_AA-libd_chr16-chr16_AA-960465-980464-dynamic-1corestotal-allcorepera-20240507-134159.rds"
[1] "File number: 103"
[1] "Loaded RDS file: ..//output_EXPANSE_a2_dlpfc/libd_chr16-chr16_AA-libd_chr16-chr16_AA-980465-1000464-dynamic-1corestotal-allcorepera-20240507-134300.rds"
[1] "File number: 104"
[1] "Loaded RDS file: ..//output_EXPANSE_a2_dlpfc/libd_chr16-chr16_AA-libd_chr16-chr16_AA-1000465-1020464-dynamic-1corestotal-allcorepera-20240507-134401.rds"
[1] "File number: 105"
[1] "Loaded RDS file: ..//output_EXPANSE_a2_dlpfc/libd_chr16-chr16_AA-libd_chr16-chr16_AA-1020465-1040464-dynamic-1corestotal-allcorepera-20240507-134502.rds"
[1] "File number: 106"
[1] "Loaded RDS file: ..//output_EXPANSE_a2_dlpfc/libd_chr16-chr16_AA-libd_chr16-chr16_AA-1040465-1057285-dynamic-1corestotal-allcorepera-20240507-134604.rds"
[1] "File number: 107"
[1] "Loaded RDS file: ..//output_EXPANSE_a2_hippo/libd_chr16-chr16_AA-libd_chr16-chr16_AA-465-20464-dynamic-1corestotal-allcorepera-20240507-153518.rds"
[1] "File number: 108"
[1] "Loaded RDS file: ..//output_EXPANSE_a2_hippo/libd_chr16-chr16_AA-libd_chr16-chr16_AA-20465-40464-dynamic-1corestotal-allcorepera-20240507-153619.rds"
[1] "File number: 109"
[1] "Loaded RDS file: ..//output_EXPANSE_a2_hippo/libd_chr16-chr16_AA-libd_chr16-chr16_AA-40465-60464-dynamic-1corestotal-allcorepera-20240507-153720.rds"
[1] "File number: 110"
[1] "Loaded RDS file: ..//output_EXPANSE_a2_hippo/libd_chr16-chr16_AA-libd_chr16-chr16_AA-60465-80464-dynamic-1corestotal-allcorepera-20240507-153821.rds"
[1] "File number: 111"
[1] "Loaded RDS file: ..//output_EXPANSE_a2_hippo/libd_chr16-chr16_AA-libd_chr16-chr16_AA-80465-100464-dynamic-1corestotal-allcorepera-20240507-153922.rds"
[1] "File number: 112"
[1] "Loaded RDS file: ..//output_EXPANSE_a2_hippo/libd_chr16-chr16_AA-libd_chr16-chr16_AA-100465-120464-dynamic-1corestotal-allcorepera-20240507-154023.rds"
[1] "File number: 113"
[1] "Loaded RDS file: ..//output_EXPANSE_a2_hippo/libd_chr16-chr16_AA-libd_chr16-chr16_AA-120465-140464-dynamic-1corestotal-allcorepera-20240507-154124.rds"
[1] "File number: 114"
[1] "Loaded RDS file: ..//output_EXPANSE_a2_hippo/libd_chr16-chr16_AA-libd_chr16-chr16_AA-140465-160464-dynamic-1corestotal-allcorepera-20240507-154226.rds"
[1] "File number: 115"
[1] "Loaded RDS file: ..//output_EXPANSE_a2_hippo/libd_chr16-chr16_AA-libd_chr16-chr16_AA-160465-180464-dynamic-1corestotal-allcorepera-20240507-154327.rds"
[1] "File number: 116"
[1] "Loaded RDS file: ..//output_EXPANSE_a2_hippo/libd_chr16-chr16_AA-libd_chr16-chr16_AA-180465-200464-dynamic-1corestotal-allcorepera-20240507-154428.rds"
[1] "File number: 117"
[1] "Loaded RDS file: ..//output_EXPANSE_a2_hippo/libd_chr16-chr16_AA-libd_chr16-chr16_AA-200465-220464-dynamic-1corestotal-allcorepera-20240507-154529.rds"
[1] "File number: 118"
[1] "Loaded RDS file: ..//output_EXPANSE_a2_hippo/libd_chr16-chr16_AA-libd_chr16-chr16_AA-220465-240464-dynamic-1corestotal-allcorepera-20240507-154630.rds"
[1] "File number: 119"
[1] "Loaded RDS file: ..//output_EXPANSE_a2_hippo/libd_chr16-chr16_AA-libd_chr16-chr16_AA-240465-260464-dynamic-1corestotal-allcorepera-20240507-154731.rds"
[1] "File number: 120"
[1] "Loaded RDS file: ..//output_EXPANSE_a2_hippo/libd_chr16-chr16_AA-libd_chr16-chr16_AA-260465-280464-dynamic-1corestotal-allcorepera-20240507-154832.rds"
[1] "File number: 121"
[1] "Loaded RDS file: ..//output_EXPANSE_a2_hippo/libd_chr16-chr16_AA-libd_chr16-chr16_AA-280465-300464-dynamic-1corestotal-allcorepera-20240507-154933.rds"
[1] "File number: 122"
[1] "Loaded RDS file: ..//output_EXPANSE_a2_hippo/libd_chr16-chr16_AA-libd_chr16-chr16_AA-300465-320464-dynamic-1corestotal-allcorepera-20240507-155036.rds"
[1] "File number: 123"
[1] "Loaded RDS file: ..//output_EXPANSE_a2_hippo/libd_chr16-chr16_AA-libd_chr16-chr16_AA-320465-340464-dynamic-1corestotal-allcorepera-20240507-155137.rds"
[1] "File number: 124"
[1] "Loaded RDS file: ..//output_EXPANSE_a2_hippo/libd_chr16-chr16_AA-libd_chr16-chr16_AA-340465-360464-dynamic-1corestotal-allcorepera-20240507-155238.rds"
[1] "File number: 125"
[1] "Loaded RDS file: ..//output_EXPANSE_a2_hippo/libd_chr16-chr16_AA-libd_chr16-chr16_AA-360465-380464-dynamic-1corestotal-allcorepera-20240507-155339.rds"
[1] "File number: 126"
[1] "Loaded RDS file: ..//output_EXPANSE_a2_hippo/libd_chr16-chr16_AA-libd_chr16-chr16_AA-380465-400464-dynamic-1corestotal-allcorepera-20240507-155440.rds"
[1] "File number: 127"
[1] "Loaded RDS file: ..//output_EXPANSE_a2_hippo/libd_chr16-chr16_AA-libd_chr16-chr16_AA-400465-420464-dynamic-1corestotal-allcorepera-20240507-155541.rds"
[1] "File number: 128"
[1] "Loaded RDS file: ..//output_EXPANSE_a2_hippo/libd_chr16-chr16_AA-libd_chr16-chr16_AA-420465-440464-dynamic-1corestotal-allcorepera-20240507-155642.rds"
[1] "File number: 129"
[1] "Loaded RDS file: ..//output_EXPANSE_a2_hippo/libd_chr16-chr16_AA-libd_chr16-chr16_AA-440465-460464-dynamic-1corestotal-allcorepera-20240507-155743.rds"
[1] "File number: 130"
[1] "Loaded RDS file: ..//output_EXPANSE_a2_hippo/libd_chr16-chr16_AA-libd_chr16-chr16_AA-460465-480464-dynamic-1corestotal-allcorepera-20240507-155845.rds"
[1] "File number: 131"
[1] "Loaded RDS file: ..//output_EXPANSE_a2_hippo/libd_chr16-chr16_AA-libd_chr16-chr16_AA-480465-500464-dynamic-1corestotal-allcorepera-20240507-155946.rds"
[1] "File number: 132"
[1] "Loaded RDS file: ..//output_EXPANSE_a2_hippo/libd_chr16-chr16_AA-libd_chr16-chr16_AA-500465-520464-dynamic-1corestotal-allcorepera-20240507-160047.rds"
[1] "File number: 133"
[1] "Loaded RDS file: ..//output_EXPANSE_a2_hippo/libd_chr16-chr16_AA-libd_chr16-chr16_AA-520465-540464-dynamic-1corestotal-allcorepera-20240507-160148.rds"
[1] "File number: 134"
[1] "Loaded RDS file: ..//output_EXPANSE_a2_hippo/libd_chr16-chr16_AA-libd_chr16-chr16_AA-540465-560464-dynamic-1corestotal-allcorepera-20240507-160249.rds"
[1] "File number: 135"
[1] "Loaded RDS file: ..//output_EXPANSE_a2_hippo/libd_chr16-chr16_AA-libd_chr16-chr16_AA-560465-580464-dynamic-1corestotal-allcorepera-20240507-160350.rds"
[1] "File number: 136"
[1] "Loaded RDS file: ..//output_EXPANSE_a2_hippo/libd_chr16-chr16_AA-libd_chr16-chr16_AA-580465-600464-dynamic-1corestotal-allcorepera-20240507-160453.rds"
[1] "File number: 137"
[1] "Loaded RDS file: ..//output_EXPANSE_a2_hippo/libd_chr16-chr16_AA-libd_chr16-chr16_AA-600465-620464-dynamic-1corestotal-allcorepera-20240507-160554.rds"
[1] "File number: 138"
[1] "Loaded RDS file: ..//output_EXPANSE_a2_hippo/libd_chr16-chr16_AA-libd_chr16-chr16_AA-620465-640464-dynamic-1corestotal-allcorepera-20240507-160655.rds"
[1] "File number: 139"
[1] "Loaded RDS file: ..//output_EXPANSE_a2_hippo/libd_chr16-chr16_AA-libd_chr16-chr16_AA-640465-660464-dynamic-1corestotal-allcorepera-20240507-160756.rds"
[1] "File number: 140"
[1] "Loaded RDS file: ..//output_EXPANSE_a2_hippo/libd_chr16-chr16_AA-libd_chr16-chr16_AA-660465-680464-dynamic-1corestotal-allcorepera-20240507-160857.rds"
[1] "File number: 141"
[1] "Loaded RDS file: ..//output_EXPANSE_a2_hippo/libd_chr16-chr16_AA-libd_chr16-chr16_AA-680465-700464-dynamic-1corestotal-allcorepera-20240507-160958.rds"
[1] "File number: 142"
[1] "Loaded RDS file: ..//output_EXPANSE_a2_hippo/libd_chr16-chr16_AA-libd_chr16-chr16_AA-700465-720464-dynamic-1corestotal-allcorepera-20240507-161059.rds"
[1] "File number: 143"
[1] "Loaded RDS file: ..//output_EXPANSE_a2_hippo/libd_chr16-chr16_AA-libd_chr16-chr16_AA-720465-740464-dynamic-1corestotal-allcorepera-20240507-161200.rds"
[1] "File number: 144"
[1] "Loaded RDS file: ..//output_EXPANSE_a2_hippo/libd_chr16-chr16_AA-libd_chr16-chr16_AA-740465-760464-dynamic-1corestotal-allcorepera-20240507-161302.rds"
[1] "File number: 145"
[1] "Loaded RDS file: ..//output_EXPANSE_a2_hippo/libd_chr16-chr16_AA-libd_chr16-chr16_AA-760465-780464-dynamic-1corestotal-allcorepera-20240507-161403.rds"
[1] "File number: 146"
[1] "Loaded RDS file: ..//output_EXPANSE_a2_hippo/libd_chr16-chr16_AA-libd_chr16-chr16_AA-780465-800464-dynamic-1corestotal-allcorepera-20240507-161504.rds"
[1] "File number: 147"
[1] "Loaded RDS file: ..//output_EXPANSE_a2_hippo/libd_chr16-chr16_AA-libd_chr16-chr16_AA-800465-820464-dynamic-1corestotal-allcorepera-20240507-161605.rds"
[1] "File number: 148"
[1] "Loaded RDS file: ..//output_EXPANSE_a2_hippo/libd_chr16-chr16_AA-libd_chr16-chr16_AA-820465-840464-dynamic-1corestotal-allcorepera-20240507-161706.rds"
[1] "File number: 149"
[1] "Loaded RDS file: ..//output_EXPANSE_a2_hippo/libd_chr16-chr16_AA-libd_chr16-chr16_AA-840465-860464-dynamic-1corestotal-allcorepera-20240507-161807.rds"
[1] "File number: 150"
[1] "Loaded RDS file: ..//output_EXPANSE_a2_hippo/libd_chr16-chr16_AA-libd_chr16-chr16_AA-860465-880464-dynamic-1corestotal-allcorepera-20240507-161908.rds"
[1] "File number: 151"
[1] "Loaded RDS file: ..//output_EXPANSE_a2_hippo/libd_chr16-chr16_AA-libd_chr16-chr16_AA-880465-900464-dynamic-1corestotal-allcorepera-20240507-162009.rds"
[1] "File number: 152"
[1] "Loaded RDS file: ..//output_EXPANSE_a2_hippo/libd_chr16-chr16_AA-libd_chr16-chr16_AA-900465-920464-dynamic-1corestotal-allcorepera-20240507-162111.rds"
[1] "File number: 153"
[1] "Loaded RDS file: ..//output_EXPANSE_a2_hippo/libd_chr16-chr16_AA-libd_chr16-chr16_AA-920465-940464-dynamic-1corestotal-allcorepera-20240507-162214.rds"
[1] "File number: 154"
[1] "Loaded RDS file: ..//output_EXPANSE_a2_hippo/libd_chr16-chr16_AA-libd_chr16-chr16_AA-940465-960464-dynamic-1corestotal-allcorepera-20240507-162315.rds"
[1] "File number: 155"
[1] "Loaded RDS file: ..//output_EXPANSE_a2_hippo/libd_chr16-chr16_AA-libd_chr16-chr16_AA-960465-980464-dynamic-1corestotal-allcorepera-20240507-162416.rds"
[1] "File number: 156"
[1] "Loaded RDS file: ..//output_EXPANSE_a2_hippo/libd_chr16-chr16_AA-libd_chr16-chr16_AA-980465-1000464-dynamic-1corestotal-allcorepera-20240507-162517.rds"
[1] "File number: 157"
[1] "Loaded RDS file: ..//output_EXPANSE_a2_hippo/libd_chr16-chr16_AA-libd_chr16-chr16_AA-1000465-1020464-dynamic-1corestotal-allcorepera-20240507-162618.rds"
[1] "File number: 158"
[1] "Loaded RDS file: ..//output_EXPANSE_a2_hippo/libd_chr16-chr16_AA-libd_chr16-chr16_AA-1020465-1040464-dynamic-1corestotal-allcorepera-20240507-162720.rds"
[1] "File number: 159"
[1] "Loaded RDS file: ..//output_EXPANSE_a2_hippo/libd_chr16-chr16_AA-libd_chr16-chr16_AA-1040465-1057285-dynamic-1corestotal-allcorepera-20240507-162821.rds"
[1] "File number: 160"
[1] "Loaded RDS file: ..//output_EXPANSE_a2_caud/libd_chr16-chr16_EA-libd_chr16-chr16_EA-465-20464-dynamic-1corestotal-allcorepera-20240507-115903.rds"
[1] "File number: 161"
[1] "Loaded RDS file: ..//output_EXPANSE_a2_caud/libd_chr16-chr16_EA-libd_chr16-chr16_EA-20465-40464-dynamic-1corestotal-allcorepera-20240507-120004.rds"
[1] "File number: 162"
[1] "Loaded RDS file: ..//output_EXPANSE_a2_caud/libd_chr16-chr16_EA-libd_chr16-chr16_EA-40465-60464-dynamic-1corestotal-allcorepera-20240507-120105.rds"
[1] "File number: 163"
[1] "Loaded RDS file: ..//output_EXPANSE_a2_caud/libd_chr16-chr16_EA-libd_chr16-chr16_EA-60465-80464-dynamic-1corestotal-allcorepera-20240507-120206.rds"
[1] "File number: 164"
[1] "Loaded RDS file: ..//output_EXPANSE_a2_caud/libd_chr16-chr16_EA-libd_chr16-chr16_EA-80465-100464-dynamic-1corestotal-allcorepera-20240507-120308.rds"
[1] "File number: 165"
[1] "Loaded RDS file: ..//output_EXPANSE_a2_caud/libd_chr16-chr16_EA-libd_chr16-chr16_EA-100465-120464-dynamic-1corestotal-allcorepera-20240507-120409.rds"
[1] "File number: 166"
[1] "Loaded RDS file: ..//output_EXPANSE_a2_caud/libd_chr16-chr16_EA-libd_chr16-chr16_EA-120465-140464-dynamic-1corestotal-allcorepera-20240507-120510.rds"
[1] "File number: 167"
[1] "Loaded RDS file: ..//output_EXPANSE_a2_caud/libd_chr16-chr16_EA-libd_chr16-chr16_EA-140465-160464-dynamic-1corestotal-allcorepera-20240507-120611.rds"
[1] "File number: 168"
[1] "Loaded RDS file: ..//output_EXPANSE_a2_caud/libd_chr16-chr16_EA-libd_chr16-chr16_EA-160465-180464-dynamic-1corestotal-allcorepera-20240507-120712.rds"
[1] "File number: 169"
[1] "Loaded RDS file: ..//output_EXPANSE_a2_caud/libd_chr16-chr16_EA-libd_chr16-chr16_EA-180465-200464-dynamic-1corestotal-allcorepera-20240507-120813.rds"
[1] "File number: 170"
[1] "Loaded RDS file: ..//output_EXPANSE_a2_caud/libd_chr16-chr16_EA-libd_chr16-chr16_EA-200465-220464-dynamic-1corestotal-allcorepera-20240507-120914.rds"
[1] "File number: 171"
[1] "Loaded RDS file: ..//output_EXPANSE_a2_caud/libd_chr16-chr16_EA-libd_chr16-chr16_EA-220465-240464-dynamic-1corestotal-allcorepera-20240507-121015.rds"
[1] "File number: 172"
[1] "Loaded RDS file: ..//output_EXPANSE_a2_caud/libd_chr16-chr16_EA-libd_chr16-chr16_EA-240465-260464-dynamic-1corestotal-allcorepera-20240507-121116.rds"
[1] "File number: 173"
[1] "Loaded RDS file: ..//output_EXPANSE_a2_caud/libd_chr16-chr16_EA-libd_chr16-chr16_EA-260465-280464-dynamic-1corestotal-allcorepera-20240507-121219.rds"
[1] "File number: 174"
[1] "Loaded RDS file: ..//output_EXPANSE_a2_caud/libd_chr16-chr16_EA-libd_chr16-chr16_EA-280465-300464-dynamic-1corestotal-allcorepera-20240507-121320.rds"
[1] "File number: 175"
[1] "Loaded RDS file: ..//output_EXPANSE_a2_caud/libd_chr16-chr16_EA-libd_chr16-chr16_EA-300465-320464-dynamic-1corestotal-allcorepera-20240507-121421.rds"
[1] "File number: 176"
[1] "Loaded RDS file: ..//output_EXPANSE_a2_caud/libd_chr16-chr16_EA-libd_chr16-chr16_EA-320465-340464-dynamic-1corestotal-allcorepera-20240507-121522.rds"
[1] "File number: 177"
[1] "Loaded RDS file: ..//output_EXPANSE_a2_caud/libd_chr16-chr16_EA-libd_chr16-chr16_EA-340465-360464-dynamic-1corestotal-allcorepera-20240507-121624.rds"
[1] "File number: 178"
[1] "Loaded RDS file: ..//output_EXPANSE_a2_caud/libd_chr16-chr16_EA-libd_chr16-chr16_EA-360465-380464-dynamic-1corestotal-allcorepera-20240507-121725.rds"
[1] "File number: 179"
[1] "Loaded RDS file: ..//output_EXPANSE_a2_caud/libd_chr16-chr16_EA-libd_chr16-chr16_EA-380465-400464-dynamic-1corestotal-allcorepera-20240507-121826.rds"
[1] "File number: 180"
[1] "Loaded RDS file: ..//output_EXPANSE_a2_caud/libd_chr16-chr16_EA-libd_chr16-chr16_EA-400465-420464-dynamic-1corestotal-allcorepera-20240507-121927.rds"
[1] "File number: 181"
[1] "Loaded RDS file: ..//output_EXPANSE_a2_caud/libd_chr16-chr16_EA-libd_chr16-chr16_EA-420465-440464-dynamic-1corestotal-allcorepera-20240507-122028.rds"
[1] "File number: 182"
[1] "Loaded RDS file: ..//output_EXPANSE_a2_caud/libd_chr16-chr16_EA-libd_chr16-chr16_EA-440465-460464-dynamic-1corestotal-allcorepera-20240507-122129.rds"
[1] "File number: 183"
[1] "Loaded RDS file: ..//output_EXPANSE_a2_caud/libd_chr16-chr16_EA-libd_chr16-chr16_EA-460465-480464-dynamic-1corestotal-allcorepera-20240507-122230.rds"
[1] "File number: 184"
[1] "Loaded RDS file: ..//output_EXPANSE_a2_caud/libd_chr16-chr16_EA-libd_chr16-chr16_EA-480465-500464-dynamic-1corestotal-allcorepera-20240507-122331.rds"
[1] "File number: 185"
[1] "Loaded RDS file: ..//output_EXPANSE_a2_caud/libd_chr16-chr16_EA-libd_chr16-chr16_EA-500465-520464-dynamic-1corestotal-allcorepera-20240507-122432.rds"
[1] "File number: 186"
[1] "Loaded RDS file: ..//output_EXPANSE_a2_caud/libd_chr16-chr16_EA-libd_chr16-chr16_EA-520465-540464-dynamic-1corestotal-allcorepera-20240507-122534.rds"
[1] "File number: 187"
[1] "Loaded RDS file: ..//output_EXPANSE_a2_caud/libd_chr16-chr16_EA-libd_chr16-chr16_EA-540465-560464-dynamic-1corestotal-allcorepera-20240507-122635.rds"
[1] "File number: 188"
[1] "Loaded RDS file: ..//output_EXPANSE_a2_caud/libd_chr16-chr16_EA-libd_chr16-chr16_EA-560465-580464-dynamic-1corestotal-allcorepera-20240507-122736.rds"
[1] "File number: 189"
[1] "Loaded RDS file: ..//output_EXPANSE_a2_caud/libd_chr16-chr16_EA-libd_chr16-chr16_EA-580465-600464-dynamic-1corestotal-allcorepera-20240507-122837.rds"
[1] "File number: 190"
[1] "Loaded RDS file: ..//output_EXPANSE_a2_caud/libd_chr16-chr16_EA-libd_chr16-chr16_EA-600465-620464-dynamic-1corestotal-allcorepera-20240507-122938.rds"
[1] "File number: 191"
[1] "Loaded RDS file: ..//output_EXPANSE_a2_caud/libd_chr16-chr16_EA-libd_chr16-chr16_EA-620465-640464-dynamic-1corestotal-allcorepera-20240507-123039.rds"
[1] "File number: 192"
[1] "Loaded RDS file: ..//output_EXPANSE_a2_caud/libd_chr16-chr16_EA-libd_chr16-chr16_EA-640465-660464-dynamic-1corestotal-allcorepera-20240507-123140.rds"
[1] "File number: 193"
[1] "Loaded RDS file: ..//output_EXPANSE_a2_caud/libd_chr16-chr16_EA-libd_chr16-chr16_EA-660465-680464-dynamic-1corestotal-allcorepera-20240507-123241.rds"
[1] "File number: 194"
[1] "Loaded RDS file: ..//output_EXPANSE_a2_caud/libd_chr16-chr16_EA-libd_chr16-chr16_EA-680465-700464-dynamic-1corestotal-allcorepera-20240507-123343.rds"
[1] "File number: 195"
[1] "Loaded RDS file: ..//output_EXPANSE_a2_caud/libd_chr16-chr16_EA-libd_chr16-chr16_EA-700465-720464-dynamic-1corestotal-allcorepera-20240507-123444.rds"
[1] "File number: 196"
[1] "Loaded RDS file: ..//output_EXPANSE_a2_caud/libd_chr16-chr16_EA-libd_chr16-chr16_EA-720465-740464-dynamic-1corestotal-allcorepera-20240507-123545.rds"
[1] "File number: 197"
[1] "Loaded RDS file: ..//output_EXPANSE_a2_caud/libd_chr16-chr16_EA-libd_chr16-chr16_EA-740465-760464-dynamic-1corestotal-allcorepera-20240507-123646.rds"
[1] "File number: 198"
[1] "Loaded RDS file: ..//output_EXPANSE_a2_caud/libd_chr16-chr16_EA-libd_chr16-chr16_EA-760465-780464-dynamic-1corestotal-allcorepera-20240507-123747.rds"
[1] "File number: 199"
[1] "Loaded RDS file: ..//output_EXPANSE_a2_caud/libd_chr16-chr16_EA-libd_chr16-chr16_EA-780465-800464-dynamic-1corestotal-allcorepera-20240507-123848.rds"
[1] "File number: 200"
[1] "Loaded RDS file: ..//output_EXPANSE_a2_caud/libd_chr16-chr16_EA-libd_chr16-chr16_EA-800465-820464-dynamic-1corestotal-allcorepera-20240507-123949.rds"
[1] "File number: 201"
[1] "Loaded RDS file: ..//output_EXPANSE_a2_caud/libd_chr16-chr16_EA-libd_chr16-chr16_EA-820465-840464-dynamic-1corestotal-allcorepera-20240507-124050.rds"
[1] "File number: 202"
[1] "Loaded RDS file: ..//output_EXPANSE_a2_caud/libd_chr16-chr16_EA-libd_chr16-chr16_EA-840465-860464-dynamic-1corestotal-allcorepera-20240507-124152.rds"
[1] "File number: 203"
[1] "Loaded RDS file: ..//output_EXPANSE_a2_caud/libd_chr16-chr16_EA-libd_chr16-chr16_EA-860465-880464-dynamic-1corestotal-allcorepera-20240507-124253.rds"
[1] "File number: 204"
[1] "Loaded RDS file: ..//output_EXPANSE_a2_caud/libd_chr16-chr16_EA-libd_chr16-chr16_EA-880465-900464-dynamic-1corestotal-allcorepera-20240507-124354.rds"
[1] "File number: 205"
[1] "Loaded RDS file: ..//output_EXPANSE_a2_caud/libd_chr16-chr16_EA-libd_chr16-chr16_EA-900465-920464-dynamic-1corestotal-allcorepera-20240507-124455.rds"
[1] "File number: 206"
[1] "Loaded RDS file: ..//output_EXPANSE_a2_caud/libd_chr16-chr16_EA-libd_chr16-chr16_EA-920465-940464-dynamic-1corestotal-allcorepera-20240507-124556.rds"
[1] "File number: 207"
[1] "Loaded RDS file: ..//output_EXPANSE_a2_caud/libd_chr16-chr16_EA-libd_chr16-chr16_EA-940465-960464-dynamic-1corestotal-allcorepera-20240507-124657.rds"
[1] "File number: 208"
[1] "Loaded RDS file: ..//output_EXPANSE_a2_caud/libd_chr16-chr16_EA-libd_chr16-chr16_EA-960465-980464-dynamic-1corestotal-allcorepera-20240507-124758.rds"
[1] "File number: 209"
[1] "Loaded RDS file: ..//output_EXPANSE_a2_caud/libd_chr16-chr16_EA-libd_chr16-chr16_EA-980465-1000464-dynamic-1corestotal-allcorepera-20240507-124859.rds"
[1] "File number: 210"
[1] "Loaded RDS file: ..//output_EXPANSE_a2_caud/libd_chr16-chr16_EA-libd_chr16-chr16_EA-1000465-1020464-dynamic-1corestotal-allcorepera-20240507-125000.rds"
[1] "File number: 211"
[1] "Loaded RDS file: ..//output_EXPANSE_a2_caud/libd_chr16-chr16_EA-libd_chr16-chr16_EA-1020465-1040464-dynamic-1corestotal-allcorepera-20240507-125102.rds"
[1] "File number: 212"
[1] "Loaded RDS file: ..//output_EXPANSE_a2_caud/libd_chr16-chr16_EA-libd_chr16-chr16_EA-1040465-1057285-dynamic-1corestotal-allcorepera-20240507-125203.rds"
[1] "File number: 213"
[1] "Loaded RDS file: ..//output_EXPANSE_a2_dlpfc/libd_chr16-chr16_EA-libd_chr16-chr16_EA-465-20464-dynamic-1corestotal-allcorepera-20240507-144116.rds"
[1] "File number: 214"
[1] "Loaded RDS file: ..//output_EXPANSE_a2_dlpfc/libd_chr16-chr16_EA-libd_chr16-chr16_EA-20465-40464-dynamic-1corestotal-allcorepera-20240507-144217.rds"
[1] "File number: 215"
[1] "Loaded RDS file: ..//output_EXPANSE_a2_dlpfc/libd_chr16-chr16_EA-libd_chr16-chr16_EA-40465-60464-dynamic-1corestotal-allcorepera-20240507-144318.rds"
[1] "File number: 216"
[1] "Loaded RDS file: ..//output_EXPANSE_a2_dlpfc/libd_chr16-chr16_EA-libd_chr16-chr16_EA-60465-80464-dynamic-1corestotal-allcorepera-20240507-144419.rds"
[1] "File number: 217"
[1] "Loaded RDS file: ..//output_EXPANSE_a2_dlpfc/libd_chr16-chr16_EA-libd_chr16-chr16_EA-80465-100464-dynamic-1corestotal-allcorepera-20240507-144520.rds"
[1] "File number: 218"
[1] "Loaded RDS file: ..//output_EXPANSE_a2_dlpfc/libd_chr16-chr16_EA-libd_chr16-chr16_EA-100465-120464-dynamic-1corestotal-allcorepera-20240507-144621.rds"
[1] "File number: 219"
[1] "Loaded RDS file: ..//output_EXPANSE_a2_dlpfc/libd_chr16-chr16_EA-libd_chr16-chr16_EA-120465-140464-dynamic-1corestotal-allcorepera-20240507-144723.rds"
[1] "File number: 220"
[1] "Loaded RDS file: ..//output_EXPANSE_a2_dlpfc/libd_chr16-chr16_EA-libd_chr16-chr16_EA-140465-160464-dynamic-1corestotal-allcorepera-20240507-144824.rds"
[1] "File number: 221"
[1] "Loaded RDS file: ..//output_EXPANSE_a2_dlpfc/libd_chr16-chr16_EA-libd_chr16-chr16_EA-160465-180464-dynamic-1corestotal-allcorepera-20240507-144925.rds"
[1] "File number: 222"
[1] "Loaded RDS file: ..//output_EXPANSE_a2_dlpfc/libd_chr16-chr16_EA-libd_chr16-chr16_EA-180465-200464-dynamic-1corestotal-allcorepera-20240507-145026.rds"
[1] "File number: 223"
[1] "Loaded RDS file: ..//output_EXPANSE_a2_dlpfc/libd_chr16-chr16_EA-libd_chr16-chr16_EA-200465-220464-dynamic-1corestotal-allcorepera-20240507-145127.rds"
[1] "File number: 224"
[1] "Loaded RDS file: ..//output_EXPANSE_a2_dlpfc/libd_chr16-chr16_EA-libd_chr16-chr16_EA-220465-240464-dynamic-1corestotal-allcorepera-20240507-145228.rds"
[1] "File number: 225"
[1] "Loaded RDS file: ..//output_EXPANSE_a2_dlpfc/libd_chr16-chr16_EA-libd_chr16-chr16_EA-240465-260464-dynamic-1corestotal-allcorepera-20240507-145329.rds"
[1] "File number: 226"
[1] "Loaded RDS file: ..//output_EXPANSE_a2_dlpfc/libd_chr16-chr16_EA-libd_chr16-chr16_EA-260465-280464-dynamic-1corestotal-allcorepera-20240507-145430.rds"
[1] "File number: 227"
[1] "Loaded RDS file: ..//output_EXPANSE_a2_dlpfc/libd_chr16-chr16_EA-libd_chr16-chr16_EA-280465-300464-dynamic-1corestotal-allcorepera-20240507-145532.rds"
[1] "File number: 228"
[1] "Loaded RDS file: ..//output_EXPANSE_a2_dlpfc/libd_chr16-chr16_EA-libd_chr16-chr16_EA-300465-320464-dynamic-1corestotal-allcorepera-20240507-145633.rds"
[1] "File number: 229"
[1] "Loaded RDS file: ..//output_EXPANSE_a2_dlpfc/libd_chr16-chr16_EA-libd_chr16-chr16_EA-320465-340464-dynamic-1corestotal-allcorepera-20240507-145734.rds"
[1] "File number: 230"
[1] "Loaded RDS file: ..//output_EXPANSE_a2_dlpfc/libd_chr16-chr16_EA-libd_chr16-chr16_EA-340465-360464-dynamic-1corestotal-allcorepera-20240507-145835.rds"
[1] "File number: 231"
[1] "Loaded RDS file: ..//output_EXPANSE_a2_dlpfc/libd_chr16-chr16_EA-libd_chr16-chr16_EA-360465-380464-dynamic-1corestotal-allcorepera-20240507-145936.rds"
[1] "File number: 232"
[1] "Loaded RDS file: ..//output_EXPANSE_a2_dlpfc/libd_chr16-chr16_EA-libd_chr16-chr16_EA-380465-400464-dynamic-1corestotal-allcorepera-20240507-150037.rds"
[1] "File number: 233"
[1] "Loaded RDS file: ..//output_EXPANSE_a2_dlpfc/libd_chr16-chr16_EA-libd_chr16-chr16_EA-400465-420464-dynamic-1corestotal-allcorepera-20240507-150138.rds"
[1] "File number: 234"
[1] "Loaded RDS file: ..//output_EXPANSE_a2_dlpfc/libd_chr16-chr16_EA-libd_chr16-chr16_EA-420465-440464-dynamic-1corestotal-allcorepera-20240507-150240.rds"
[1] "File number: 235"
[1] "Loaded RDS file: ..//output_EXPANSE_a2_dlpfc/libd_chr16-chr16_EA-libd_chr16-chr16_EA-440465-460464-dynamic-1corestotal-allcorepera-20240507-150342.rds"
[1] "File number: 236"
[1] "Loaded RDS file: ..//output_EXPANSE_a2_dlpfc/libd_chr16-chr16_EA-libd_chr16-chr16_EA-460465-480464-dynamic-1corestotal-allcorepera-20240507-150443.rds"
[1] "File number: 237"
[1] "Loaded RDS file: ..//output_EXPANSE_a2_dlpfc/libd_chr16-chr16_EA-libd_chr16-chr16_EA-480465-500464-dynamic-1corestotal-allcorepera-20240507-150544.rds"
[1] "File number: 238"
[1] "Loaded RDS file: ..//output_EXPANSE_a2_dlpfc/libd_chr16-chr16_EA-libd_chr16-chr16_EA-500465-520464-dynamic-1corestotal-allcorepera-20240507-150645.rds"
[1] "File number: 239"
[1] "Loaded RDS file: ..//output_EXPANSE_a2_dlpfc/libd_chr16-chr16_EA-libd_chr16-chr16_EA-520465-540464-dynamic-1corestotal-allcorepera-20240507-150746.rds"
[1] "File number: 240"
[1] "Loaded RDS file: ..//output_EXPANSE_a2_dlpfc/libd_chr16-chr16_EA-libd_chr16-chr16_EA-540465-560464-dynamic-1corestotal-allcorepera-20240507-150847.rds"
[1] "File number: 241"
[1] "Loaded RDS file: ..//output_EXPANSE_a2_dlpfc/libd_chr16-chr16_EA-libd_chr16-chr16_EA-560465-580464-dynamic-1corestotal-allcorepera-20240507-150948.rds"
[1] "File number: 242"
[1] "Loaded RDS file: ..//output_EXPANSE_a2_dlpfc/libd_chr16-chr16_EA-libd_chr16-chr16_EA-580465-600464-dynamic-1corestotal-allcorepera-20240507-151049.rds"
[1] "File number: 243"
[1] "Loaded RDS file: ..//output_EXPANSE_a2_dlpfc/libd_chr16-chr16_EA-libd_chr16-chr16_EA-600465-620464-dynamic-1corestotal-allcorepera-20240507-151151.rds"
[1] "File number: 244"
[1] "Loaded RDS file: ..//output_EXPANSE_a2_dlpfc/libd_chr16-chr16_EA-libd_chr16-chr16_EA-620465-640464-dynamic-1corestotal-allcorepera-20240507-151252.rds"
[1] "File number: 245"
[1] "Loaded RDS file: ..//output_EXPANSE_a2_dlpfc/libd_chr16-chr16_EA-libd_chr16-chr16_EA-640465-660464-dynamic-1corestotal-allcorepera-20240507-151353.rds"
[1] "File number: 246"
[1] "Loaded RDS file: ..//output_EXPANSE_a2_dlpfc/libd_chr16-chr16_EA-libd_chr16-chr16_EA-660465-680464-dynamic-1corestotal-allcorepera-20240507-151454.rds"
[1] "File number: 247"
[1] "Loaded RDS file: ..//output_EXPANSE_a2_dlpfc/libd_chr16-chr16_EA-libd_chr16-chr16_EA-680465-700464-dynamic-1corestotal-allcorepera-20240507-151555.rds"
[1] "File number: 248"
[1] "Loaded RDS file: ..//output_EXPANSE_a2_dlpfc/libd_chr16-chr16_EA-libd_chr16-chr16_EA-700465-720464-dynamic-1corestotal-allcorepera-20240507-151656.rds"
[1] "File number: 249"
[1] "Loaded RDS file: ..//output_EXPANSE_a2_dlpfc/libd_chr16-chr16_EA-libd_chr16-chr16_EA-720465-740464-dynamic-1corestotal-allcorepera-20240507-151757.rds"
[1] "File number: 250"
[1] "Loaded RDS file: ..//output_EXPANSE_a2_dlpfc/libd_chr16-chr16_EA-libd_chr16-chr16_EA-740465-760464-dynamic-1corestotal-allcorepera-20240507-151858.rds"
[1] "File number: 251"
[1] "Loaded RDS file: ..//output_EXPANSE_a2_dlpfc/libd_chr16-chr16_EA-libd_chr16-chr16_EA-760465-780464-dynamic-1corestotal-allcorepera-20240507-151959.rds"
[1] "File number: 252"
[1] "Loaded RDS file: ..//output_EXPANSE_a2_dlpfc/libd_chr16-chr16_EA-libd_chr16-chr16_EA-780465-800464-dynamic-1corestotal-allcorepera-20240507-152101.rds"
[1] "File number: 253"
[1] "Loaded RDS file: ..//output_EXPANSE_a2_dlpfc/libd_chr16-chr16_EA-libd_chr16-chr16_EA-800465-820464-dynamic-1corestotal-allcorepera-20240507-152202.rds"
[1] "File number: 254"
[1] "Loaded RDS file: ..//output_EXPANSE_a2_dlpfc/libd_chr16-chr16_EA-libd_chr16-chr16_EA-820465-840464-dynamic-1corestotal-allcorepera-20240507-152303.rds"
[1] "File number: 255"
[1] "Loaded RDS file: ..//output_EXPANSE_a2_dlpfc/libd_chr16-chr16_EA-libd_chr16-chr16_EA-840465-860464-dynamic-1corestotal-allcorepera-20240507-152404.rds"
[1] "File number: 256"
[1] "Loaded RDS file: ..//output_EXPANSE_a2_dlpfc/libd_chr16-chr16_EA-libd_chr16-chr16_EA-860465-880464-dynamic-1corestotal-allcorepera-20240507-152505.rds"
[1] "File number: 257"
[1] "Loaded RDS file: ..//output_EXPANSE_a2_dlpfc/libd_chr16-chr16_EA-libd_chr16-chr16_EA-880465-900464-dynamic-1corestotal-allcorepera-20240507-152606.rds"
[1] "File number: 258"
[1] "Loaded RDS file: ..//output_EXPANSE_a2_dlpfc/libd_chr16-chr16_EA-libd_chr16-chr16_EA-900465-920464-dynamic-1corestotal-allcorepera-20240507-152707.rds"
[1] "File number: 259"
[1] "Loaded RDS file: ..//output_EXPANSE_a2_dlpfc/libd_chr16-chr16_EA-libd_chr16-chr16_EA-920465-940464-dynamic-1corestotal-allcorepera-20240507-152810.rds"
[1] "File number: 260"
[1] "Loaded RDS file: ..//output_EXPANSE_a2_dlpfc/libd_chr16-chr16_EA-libd_chr16-chr16_EA-940465-960464-dynamic-1corestotal-allcorepera-20240507-152911.rds"
[1] "File number: 261"
[1] "Loaded RDS file: ..//output_EXPANSE_a2_dlpfc/libd_chr16-chr16_EA-libd_chr16-chr16_EA-960465-980464-dynamic-1corestotal-allcorepera-20240507-153012.rds"
[1] "File number: 262"
[1] "Loaded RDS file: ..//output_EXPANSE_a2_dlpfc/libd_chr16-chr16_EA-libd_chr16-chr16_EA-980465-1000464-dynamic-1corestotal-allcorepera-20240507-153113.rds"
[1] "File number: 263"
[1] "Loaded RDS file: ..//output_EXPANSE_a2_dlpfc/libd_chr16-chr16_EA-libd_chr16-chr16_EA-1000465-1020464-dynamic-1corestotal-allcorepera-20240507-153214.rds"
[1] "File number: 264"
[1] "Loaded RDS file: ..//output_EXPANSE_a2_dlpfc/libd_chr16-chr16_EA-libd_chr16-chr16_EA-1020465-1040464-dynamic-1corestotal-allcorepera-20240507-153315.rds"
[1] "File number: 265"
[1] "Loaded RDS file: ..//output_EXPANSE_a2_dlpfc/libd_chr16-chr16_EA-libd_chr16-chr16_EA-1040465-1057285-dynamic-1corestotal-allcorepera-20240507-153417.rds"
[1] "File number: 266"
[1] "Loaded RDS file: ..//output_EXPANSE_a2_hippo/libd_chr16-chr16_EA-libd_chr16-chr16_EA-465-20464-dynamic-1corestotal-allcorepera-20240507-172330.rds"
[1] "File number: 267"
[1] "Loaded RDS file: ..//output_EXPANSE_a2_hippo/libd_chr16-chr16_EA-libd_chr16-chr16_EA-20465-40464-dynamic-1corestotal-allcorepera-20240507-172431.rds"
[1] "File number: 268"
[1] "Loaded RDS file: ..//output_EXPANSE_a2_hippo/libd_chr16-chr16_EA-libd_chr16-chr16_EA-40465-60464-dynamic-1corestotal-allcorepera-20240507-172533.rds"
[1] "File number: 269"
[1] "Loaded RDS file: ..//output_EXPANSE_a2_hippo/libd_chr16-chr16_EA-libd_chr16-chr16_EA-60465-80464-dynamic-1corestotal-allcorepera-20240507-172634.rds"
[1] "File number: 270"
[1] "Loaded RDS file: ..//output_EXPANSE_a2_hippo/libd_chr16-chr16_EA-libd_chr16-chr16_EA-80465-100464-dynamic-1corestotal-allcorepera-20240507-172735.rds"
[1] "File number: 271"
[1] "Loaded RDS file: ..//output_EXPANSE_a2_hippo/libd_chr16-chr16_EA-libd_chr16-chr16_EA-100465-120464-dynamic-1corestotal-allcorepera-20240507-172836.rds"
[1] "File number: 272"
[1] "Loaded RDS file: ..//output_EXPANSE_a2_hippo/libd_chr16-chr16_EA-libd_chr16-chr16_EA-120465-140464-dynamic-1corestotal-allcorepera-20240507-172938.rds"
[1] "File number: 273"
[1] "Loaded RDS file: ..//output_EXPANSE_a2_hippo/libd_chr16-chr16_EA-libd_chr16-chr16_EA-140465-160464-dynamic-1corestotal-allcorepera-20240507-173039.rds"
[1] "File number: 274"
[1] "Loaded RDS file: ..//output_EXPANSE_a2_hippo/libd_chr16-chr16_EA-libd_chr16-chr16_EA-160465-180464-dynamic-1corestotal-allcorepera-20240507-173140.rds"
[1] "File number: 275"
[1] "Loaded RDS file: ..//output_EXPANSE_a2_hippo/libd_chr16-chr16_EA-libd_chr16-chr16_EA-180465-200464-dynamic-1corestotal-allcorepera-20240507-173241.rds"
[1] "File number: 276"
[1] "Loaded RDS file: ..//output_EXPANSE_a2_hippo/libd_chr16-chr16_EA-libd_chr16-chr16_EA-200465-220464-dynamic-1corestotal-allcorepera-20240507-173342.rds"
[1] "File number: 277"
[1] "Loaded RDS file: ..//output_EXPANSE_a2_hippo/libd_chr16-chr16_EA-libd_chr16-chr16_EA-220465-240464-dynamic-1corestotal-allcorepera-20240507-173443.rds"
[1] "File number: 278"
[1] "Loaded RDS file: ..//output_EXPANSE_a2_hippo/libd_chr16-chr16_EA-libd_chr16-chr16_EA-240465-260464-dynamic-1corestotal-allcorepera-20240507-173545.rds"
[1] "File number: 279"
[1] "Loaded RDS file: ..//output_EXPANSE_a2_hippo/libd_chr16-chr16_EA-libd_chr16-chr16_EA-260465-280464-dynamic-1corestotal-allcorepera-20240507-173646.rds"
[1] "File number: 280"
[1] "Loaded RDS file: ..//output_EXPANSE_a2_hippo/libd_chr16-chr16_EA-libd_chr16-chr16_EA-280465-300464-dynamic-1corestotal-allcorepera-20240507-173747.rds"
[1] "File number: 281"
[1] "Loaded RDS file: ..//output_EXPANSE_a2_hippo/libd_chr16-chr16_EA-libd_chr16-chr16_EA-300465-320464-dynamic-1corestotal-allcorepera-20240507-173848.rds"
[1] "File number: 282"
[1] "Loaded RDS file: ..//output_EXPANSE_a2_hippo/libd_chr16-chr16_EA-libd_chr16-chr16_EA-320465-340464-dynamic-1corestotal-allcorepera-20240507-173949.rds"
[1] "File number: 283"
[1] "Loaded RDS file: ..//output_EXPANSE_a2_hippo/libd_chr16-chr16_EA-libd_chr16-chr16_EA-340465-360464-dynamic-1corestotal-allcorepera-20240507-174050.rds"
[1] "File number: 284"
[1] "Loaded RDS file: ..//output_EXPANSE_a2_hippo/libd_chr16-chr16_EA-libd_chr16-chr16_EA-360465-380464-dynamic-1corestotal-allcorepera-20240507-174151.rds"
[1] "File number: 285"
[1] "Loaded RDS file: ..//output_EXPANSE_a2_hippo/libd_chr16-chr16_EA-libd_chr16-chr16_EA-380465-400464-dynamic-1corestotal-allcorepera-20240507-174252.rds"
[1] "File number: 286"
[1] "Loaded RDS file: ..//output_EXPANSE_a2_hippo/libd_chr16-chr16_EA-libd_chr16-chr16_EA-400465-420464-dynamic-1corestotal-allcorepera-20240507-174353.rds"
[1] "File number: 287"
[1] "Loaded RDS file: ..//output_EXPANSE_a2_hippo/libd_chr16-chr16_EA-libd_chr16-chr16_EA-420465-440464-dynamic-1corestotal-allcorepera-20240507-174455.rds"
[1] "File number: 288"
[1] "Loaded RDS file: ..//output_EXPANSE_a2_hippo/libd_chr16-chr16_EA-libd_chr16-chr16_EA-440465-460464-dynamic-1corestotal-allcorepera-20240507-174556.rds"
[1] "File number: 289"
[1] "Loaded RDS file: ..//output_EXPANSE_a2_hippo/libd_chr16-chr16_EA-libd_chr16-chr16_EA-460465-480464-dynamic-1corestotal-allcorepera-20240507-174657.rds"
[1] "File number: 290"
[1] "Loaded RDS file: ..//output_EXPANSE_a2_hippo/libd_chr16-chr16_EA-libd_chr16-chr16_EA-480465-500464-dynamic-1corestotal-allcorepera-20240507-174758.rds"
[1] "File number: 291"
[1] "Loaded RDS file: ..//output_EXPANSE_a2_hippo/libd_chr16-chr16_EA-libd_chr16-chr16_EA-500465-520464-dynamic-1corestotal-allcorepera-20240507-174859.rds"
[1] "File number: 292"
[1] "Loaded RDS file: ..//output_EXPANSE_a2_hippo/libd_chr16-chr16_EA-libd_chr16-chr16_EA-520465-540464-dynamic-1corestotal-allcorepera-20240507-175000.rds"
[1] "File number: 293"
[1] "Loaded RDS file: ..//output_EXPANSE_a2_hippo/libd_chr16-chr16_EA-libd_chr16-chr16_EA-540465-560464-dynamic-1corestotal-allcorepera-20240507-175101.rds"
[1] "File number: 294"
[1] "Loaded RDS file: ..//output_EXPANSE_a2_hippo/libd_chr16-chr16_EA-libd_chr16-chr16_EA-560465-580464-dynamic-1corestotal-allcorepera-20240507-175202.rds"
[1] "File number: 295"
[1] "Loaded RDS file: ..//output_EXPANSE_a2_hippo/libd_chr16-chr16_EA-libd_chr16-chr16_EA-580465-600464-dynamic-1corestotal-allcorepera-20240507-175304.rds"
[1] "File number: 296"
[1] "Loaded RDS file: ..//output_EXPANSE_a2_hippo/libd_chr16-chr16_EA-libd_chr16-chr16_EA-600465-620464-dynamic-1corestotal-allcorepera-20240507-175405.rds"
[1] "File number: 297"
[1] "Loaded RDS file: ..//output_EXPANSE_a2_hippo/libd_chr16-chr16_EA-libd_chr16-chr16_EA-620465-640464-dynamic-1corestotal-allcorepera-20240507-175506.rds"
[1] "File number: 298"
[1] "Loaded RDS file: ..//output_EXPANSE_a2_hippo/libd_chr16-chr16_EA-libd_chr16-chr16_EA-640465-660464-dynamic-1corestotal-allcorepera-20240507-175608.rds"
[1] "File number: 299"
[1] "Loaded RDS file: ..//output_EXPANSE_a2_hippo/libd_chr16-chr16_EA-libd_chr16-chr16_EA-660465-680464-dynamic-1corestotal-allcorepera-20240507-175709.rds"
[1] "File number: 300"
[1] "Loaded RDS file: ..//output_EXPANSE_a2_hippo/libd_chr16-chr16_EA-libd_chr16-chr16_EA-680465-700464-dynamic-1corestotal-allcorepera-20240507-175810.rds"
[1] "File number: 301"
[1] "Loaded RDS file: ..//output_EXPANSE_a2_hippo/libd_chr16-chr16_EA-libd_chr16-chr16_EA-700465-720464-dynamic-1corestotal-allcorepera-20240507-175911.rds"
[1] "File number: 302"
[1] "Loaded RDS file: ..//output_EXPANSE_a2_hippo/libd_chr16-chr16_EA-libd_chr16-chr16_EA-720465-740464-dynamic-1corestotal-allcorepera-20240507-180012.rds"
[1] "File number: 303"
[1] "Loaded RDS file: ..//output_EXPANSE_a2_hippo/libd_chr16-chr16_EA-libd_chr16-chr16_EA-740465-760464-dynamic-1corestotal-allcorepera-20240507-180113.rds"
[1] "File number: 304"
[1] "Loaded RDS file: ..//output_EXPANSE_a2_hippo/libd_chr16-chr16_EA-libd_chr16-chr16_EA-760465-780464-dynamic-1corestotal-allcorepera-20240507-180214.rds"
[1] "File number: 305"
[1] "Loaded RDS file: ..//output_EXPANSE_a2_hippo/libd_chr16-chr16_EA-libd_chr16-chr16_EA-780465-800464-dynamic-1corestotal-allcorepera-20240507-180315.rds"
[1] "File number: 306"
[1] "Loaded RDS file: ..//output_EXPANSE_a2_hippo/libd_chr16-chr16_EA-libd_chr16-chr16_EA-800465-820464-dynamic-1corestotal-allcorepera-20240507-180417.rds"
[1] "File number: 307"
[1] "Loaded RDS file: ..//output_EXPANSE_a2_hippo/libd_chr16-chr16_EA-libd_chr16-chr16_EA-820465-840464-dynamic-1corestotal-allcorepera-20240507-180518.rds"
[1] "File number: 308"
[1] "Loaded RDS file: ..//output_EXPANSE_a2_hippo/libd_chr16-chr16_EA-libd_chr16-chr16_EA-840465-860464-dynamic-1corestotal-allcorepera-20240507-180619.rds"
[1] "File number: 309"
[1] "Loaded RDS file: ..//output_EXPANSE_a2_hippo/libd_chr16-chr16_EA-libd_chr16-chr16_EA-860465-880464-dynamic-1corestotal-allcorepera-20240507-180720.rds"
[1] "File number: 310"
[1] "Loaded RDS file: ..//output_EXPANSE_a2_hippo/libd_chr16-chr16_EA-libd_chr16-chr16_EA-880465-900464-dynamic-1corestotal-allcorepera-20240507-180821.rds"
[1] "File number: 311"
[1] "Loaded RDS file: ..//output_EXPANSE_a2_hippo/libd_chr16-chr16_EA-libd_chr16-chr16_EA-900465-920464-dynamic-1corestotal-allcorepera-20240507-180922.rds"
[1] "File number: 312"
[1] "Loaded RDS file: ..//output_EXPANSE_a2_hippo/libd_chr16-chr16_EA-libd_chr16-chr16_EA-920465-940464-dynamic-1corestotal-allcorepera-20240507-181023.rds"
[1] "File number: 313"
[1] "Loaded RDS file: ..//output_EXPANSE_a2_hippo/libd_chr16-chr16_EA-libd_chr16-chr16_EA-940465-960464-dynamic-1corestotal-allcorepera-20240507-181124.rds"
[1] "File number: 314"
[1] "Loaded RDS file: ..//output_EXPANSE_a2_hippo/libd_chr16-chr16_EA-libd_chr16-chr16_EA-960465-980464-dynamic-1corestotal-allcorepera-20240507-181227.rds"
[1] "File number: 315"
[1] "Loaded RDS file: ..//output_EXPANSE_a2_hippo/libd_chr16-chr16_EA-libd_chr16-chr16_EA-980465-1000464-dynamic-1corestotal-allcorepera-20240507-181328.rds"
[1] "File number: 316"
[1] "Loaded RDS file: ..//output_EXPANSE_a2_hippo/libd_chr16-chr16_EA-libd_chr16-chr16_EA-1000465-1020464-dynamic-1corestotal-allcorepera-20240507-181429.rds"
[1] "File number: 317"
[1] "Loaded RDS file: ..//output_EXPANSE_a2_hippo/libd_chr16-chr16_EA-libd_chr16-chr16_EA-1020465-1040464-dynamic-1corestotal-allcorepera-20240507-181530.rds"
[1] "File number: 318"
[1] "Loaded RDS file: ..//output_EXPANSE_a2_hippo/libd_chr16-chr16_EA-libd_chr16-chr16_EA-1040465-1057285-dynamic-1corestotal-allcorepera-20240507-181631.rds"
[1] "File number: 319"
[1] "Loaded RDS file: ..//output_EXPANSE_a2_caud/libd_chr16-chr16_all-libd_chr16-chr16_all-465-20464-dynamic-1corestotal-allcorepera-20240507-110504.rds"
[1] "File number: 320"
[1] "Loaded RDS file: ..//output_EXPANSE_a2_caud/libd_chr16-chr16_all-libd_chr16-chr16_all-20465-40464-dynamic-1corestotal-allcorepera-20240507-110605.rds"
[1] "File number: 321"
[1] "Loaded RDS file: ..//output_EXPANSE_a2_caud/libd_chr16-chr16_all-libd_chr16-chr16_all-40465-60464-dynamic-1corestotal-allcorepera-20240507-110706.rds"
[1] "File number: 322"
[1] "Loaded RDS file: ..//output_EXPANSE_a2_caud/libd_chr16-chr16_all-libd_chr16-chr16_all-60465-80464-dynamic-1corestotal-allcorepera-20240507-110807.rds"
[1] "File number: 323"
[1] "Loaded RDS file: ..//output_EXPANSE_a2_caud/libd_chr16-chr16_all-libd_chr16-chr16_all-80465-100464-dynamic-1corestotal-allcorepera-20240507-110909.rds"
[1] "File number: 324"
[1] "Loaded RDS file: ..//output_EXPANSE_a2_caud/libd_chr16-chr16_all-libd_chr16-chr16_all-100465-120464-dynamic-1corestotal-allcorepera-20240507-111010.rds"
[1] "File number: 325"
[1] "Loaded RDS file: ..//output_EXPANSE_a2_caud/libd_chr16-chr16_all-libd_chr16-chr16_all-120465-140464-dynamic-1corestotal-allcorepera-20240507-111111.rds"
[1] "File number: 326"
[1] "Loaded RDS file: ..//output_EXPANSE_a2_caud/libd_chr16-chr16_all-libd_chr16-chr16_all-140465-160464-dynamic-1corestotal-allcorepera-20240507-111212.rds"
[1] "File number: 327"
[1] "Loaded RDS file: ..//output_EXPANSE_a2_caud/libd_chr16-chr16_all-libd_chr16-chr16_all-160465-180464-dynamic-1corestotal-allcorepera-20240507-111313.rds"
[1] "File number: 328"
[1] "Loaded RDS file: ..//output_EXPANSE_a2_caud/libd_chr16-chr16_all-libd_chr16-chr16_all-180465-200464-dynamic-1corestotal-allcorepera-20240507-111414.rds"
[1] "File number: 329"
[1] "Loaded RDS file: ..//output_EXPANSE_a2_caud/libd_chr16-chr16_all-libd_chr16-chr16_all-200465-220464-dynamic-1corestotal-allcorepera-20240507-111515.rds"
[1] "File number: 330"
[1] "Loaded RDS file: ..//output_EXPANSE_a2_caud/libd_chr16-chr16_all-libd_chr16-chr16_all-220465-240464-dynamic-1corestotal-allcorepera-20240507-111616.rds"
[1] "File number: 331"
[1] "Loaded RDS file: ..//output_EXPANSE_a2_caud/libd_chr16-chr16_all-libd_chr16-chr16_all-240465-260464-dynamic-1corestotal-allcorepera-20240507-111717.rds"
[1] "File number: 332"
[1] "Loaded RDS file: ..//output_EXPANSE_a2_caud/libd_chr16-chr16_all-libd_chr16-chr16_all-260465-280464-dynamic-1corestotal-allcorepera-20240507-111819.rds"
[1] "File number: 333"
[1] "Loaded RDS file: ..//output_EXPANSE_a2_caud/libd_chr16-chr16_all-libd_chr16-chr16_all-280465-300464-dynamic-1corestotal-allcorepera-20240507-111920.rds"
[1] "File number: 334"
[1] "Loaded RDS file: ..//output_EXPANSE_a2_caud/libd_chr16-chr16_all-libd_chr16-chr16_all-300465-320464-dynamic-1corestotal-allcorepera-20240507-112021.rds"
[1] "File number: 335"
[1] "Loaded RDS file: ..//output_EXPANSE_a2_caud/libd_chr16-chr16_all-libd_chr16-chr16_all-320465-340464-dynamic-1corestotal-allcorepera-20240509-150911.rds"
[1] "File number: 336"
[1] "Loaded RDS file: ..//output_EXPANSE_a2_caud/libd_chr16-chr16_all-libd_chr16-chr16_all-340465-360464-dynamic-1corestotal-allcorepera-20240507-112223.rds"
[1] "File number: 337"
[1] "Loaded RDS file: ..//output_EXPANSE_a2_caud/libd_chr16-chr16_all-libd_chr16-chr16_all-360465-380464-dynamic-1corestotal-allcorepera-20240507-112324.rds"
[1] "File number: 338"
[1] "Loaded RDS file: ..//output_EXPANSE_a2_caud/libd_chr16-chr16_all-libd_chr16-chr16_all-380465-400464-dynamic-1corestotal-allcorepera-20240507-112425.rds"
[1] "File number: 339"
[1] "Loaded RDS file: ..//output_EXPANSE_a2_caud/libd_chr16-chr16_all-libd_chr16-chr16_all-400465-420464-dynamic-1corestotal-allcorepera-20240507-112526.rds"
[1] "File number: 340"
[1] "Loaded RDS file: ..//output_EXPANSE_a2_caud/libd_chr16-chr16_all-libd_chr16-chr16_all-420465-440464-dynamic-1corestotal-allcorepera-20240507-112627.rds"
[1] "File number: 341"
[1] "Loaded RDS file: ..//output_EXPANSE_a2_caud/libd_chr16-chr16_all-libd_chr16-chr16_all-440465-460464-dynamic-1corestotal-allcorepera-20240508-092510.rds"
[1] "File number: 342"
[1] "Loaded RDS file: ..//output_EXPANSE_a2_caud/libd_chr16-chr16_all-libd_chr16-chr16_all-460465-480464-dynamic-1corestotal-allcorepera-20240507-112830.rds"
[1] "File number: 343"
[1] "Loaded RDS file: ..//output_EXPANSE_a2_caud/libd_chr16-chr16_all-libd_chr16-chr16_all-480465-500464-dynamic-1corestotal-allcorepera-20240507-112931.rds"
[1] "File number: 344"
[1] "Loaded RDS file: ..//output_EXPANSE_a2_caud/libd_chr16-chr16_all-libd_chr16-chr16_all-500465-520464-dynamic-1corestotal-allcorepera-20240508-092611.rds"
[1] "File number: 345"
[1] "Loaded RDS file: ..//output_EXPANSE_a2_caud/libd_chr16-chr16_all-libd_chr16-chr16_all-520465-540464-dynamic-1corestotal-allcorepera-20240507-113133.rds"
[1] "File number: 346"
[1] "Loaded RDS file: ..//output_EXPANSE_a2_caud/libd_chr16-chr16_all-libd_chr16-chr16_all-540465-560464-dynamic-1corestotal-allcorepera-20240507-113234.rds"
[1] "File number: 347"
[1] "Loaded RDS file: ..//output_EXPANSE_a2_caud/libd_chr16-chr16_all-libd_chr16-chr16_all-560465-580464-dynamic-1corestotal-allcorepera-20240507-113335.rds"
[1] "File number: 348"
[1] "Loaded RDS file: ..//output_EXPANSE_a2_caud/libd_chr16-chr16_all-libd_chr16-chr16_all-580465-600464-dynamic-1corestotal-allcorepera-20240507-113436.rds"
[1] "File number: 349"
[1] "Loaded RDS file: ..//output_EXPANSE_a2_caud/libd_chr16-chr16_all-libd_chr16-chr16_all-600465-620464-dynamic-1corestotal-allcorepera-20240507-113538.rds"
[1] "File number: 350"
[1] "Loaded RDS file: ..//output_EXPANSE_a2_caud/libd_chr16-chr16_all-libd_chr16-chr16_all-620465-640464-dynamic-1corestotal-allcorepera-20240507-113639.rds"
[1] "File number: 351"
[1] "Loaded RDS file: ..//output_EXPANSE_a2_caud/libd_chr16-chr16_all-libd_chr16-chr16_all-640465-660464-dynamic-1corestotal-allcorepera-20240507-113740.rds"
[1] "File number: 352"
[1] "Loaded RDS file: ..//output_EXPANSE_a2_caud/libd_chr16-chr16_all-libd_chr16-chr16_all-660465-680464-dynamic-1corestotal-allcorepera-20240507-113841.rds"
[1] "File number: 353"
[1] "Loaded RDS file: ..//output_EXPANSE_a2_caud/libd_chr16-chr16_all-libd_chr16-chr16_all-680465-700464-dynamic-1corestotal-allcorepera-20240507-113942.rds"
[1] "File number: 354"
[1] "Loaded RDS file: ..//output_EXPANSE_a2_caud/libd_chr16-chr16_all-libd_chr16-chr16_all-700465-720464-dynamic-1corestotal-allcorepera-20240507-114043.rds"
[1] "File number: 355"
[1] "Loaded RDS file: ..//output_EXPANSE_a2_caud/libd_chr16-chr16_all-libd_chr16-chr16_all-720465-740464-dynamic-1corestotal-allcorepera-20240507-114144.rds"
[1] "File number: 356"
[1] "Loaded RDS file: ..//output_EXPANSE_a2_caud/libd_chr16-chr16_all-libd_chr16-chr16_all-740465-760464-dynamic-1corestotal-allcorepera-20240507-114245.rds"
[1] "File number: 357"
[1] "Loaded RDS file: ..//output_EXPANSE_a2_caud/libd_chr16-chr16_all-libd_chr16-chr16_all-760465-780464-dynamic-1corestotal-allcorepera-20240507-114346.rds"
[1] "File number: 358"
[1] "Loaded RDS file: ..//output_EXPANSE_a2_caud/libd_chr16-chr16_all-libd_chr16-chr16_all-780465-800464-dynamic-1corestotal-allcorepera-20240507-114448.rds"
[1] "File number: 359"
[1] "Loaded RDS file: ..//output_EXPANSE_a2_caud/libd_chr16-chr16_all-libd_chr16-chr16_all-800465-820464-dynamic-1corestotal-allcorepera-20240507-114549.rds"
[1] "File number: 360"
[1] "Loaded RDS file: ..//output_EXPANSE_a2_caud/libd_chr16-chr16_all-libd_chr16-chr16_all-820465-840464-dynamic-1corestotal-allcorepera-20240507-114650.rds"
[1] "File number: 361"
[1] "Loaded RDS file: ..//output_EXPANSE_a2_caud/libd_chr16-chr16_all-libd_chr16-chr16_all-840465-860464-dynamic-1corestotal-allcorepera-20240507-114751.rds"
[1] "File number: 362"
[1] "Loaded RDS file: ..//output_EXPANSE_a2_caud/libd_chr16-chr16_all-libd_chr16-chr16_all-860465-880464-dynamic-1corestotal-allcorepera-20240507-114852.rds"
[1] "File number: 363"
[1] "Loaded RDS file: ..//output_EXPANSE_a2_caud/libd_chr16-chr16_all-libd_chr16-chr16_all-880465-900464-dynamic-1corestotal-allcorepera-20240507-114953.rds"
[1] "File number: 364"
[1] "Loaded RDS file: ..//output_EXPANSE_a2_caud/libd_chr16-chr16_all-libd_chr16-chr16_all-900465-920464-dynamic-1corestotal-allcorepera-20240507-115054.rds"
[1] "File number: 365"
[1] "Loaded RDS file: ..//output_EXPANSE_a2_caud/libd_chr16-chr16_all-libd_chr16-chr16_all-920465-940464-dynamic-1corestotal-allcorepera-20240507-115155.rds"
[1] "File number: 366"
[1] "Loaded RDS file: ..//output_EXPANSE_a2_caud/libd_chr16-chr16_all-libd_chr16-chr16_all-940465-960464-dynamic-1corestotal-allcorepera-20240507-115256.rds"
[1] "File number: 367"
[1] "Loaded RDS file: ..//output_EXPANSE_a2_caud/libd_chr16-chr16_all-libd_chr16-chr16_all-960465-980464-dynamic-1corestotal-allcorepera-20240507-115358.rds"
[1] "File number: 368"
[1] "Loaded RDS file: ..//output_EXPANSE_a2_caud/libd_chr16-chr16_all-libd_chr16-chr16_all-980465-1000464-dynamic-1corestotal-allcorepera-20240507-115459.rds"
[1] "File number: 369"
[1] "Loaded RDS file: ..//output_EXPANSE_a2_caud/libd_chr16-chr16_all-libd_chr16-chr16_all-1000465-1020464-dynamic-1corestotal-allcorepera-20240507-115600.rds"
[1] "File number: 370"
[1] "Loaded RDS file: ..//output_EXPANSE_a2_caud/libd_chr16-chr16_all-libd_chr16-chr16_all-1020465-1040464-dynamic-1corestotal-allcorepera-20240507-115701.rds"
[1] "File number: 371"
[1] "Loaded RDS file: ..//output_EXPANSE_a2_caud/libd_chr16-chr16_all-libd_chr16-chr16_all-1040465-1057285-dynamic-1corestotal-allcorepera-20240507-115802.rds"
[1] "File number: 372"
[1] "Loaded RDS file: ..//output_EXPANSE_a2_dlpfc/libd_chr16-chr16_all-libd_chr16-chr16_all-465-20464-dynamic-1corestotal-allcorepera-20240507-134705.rds"
[1] "File number: 373"
[1] "Loaded RDS file: ..//output_EXPANSE_a2_dlpfc/libd_chr16-chr16_all-libd_chr16-chr16_all-20465-40464-dynamic-1corestotal-allcorepera-20240507-134806.rds"
[1] "File number: 374"
[1] "Loaded RDS file: ..//output_EXPANSE_a2_dlpfc/libd_chr16-chr16_all-libd_chr16-chr16_all-40465-60464-dynamic-1corestotal-allcorepera-20240507-134907.rds"
[1] "File number: 375"
[1] "Loaded RDS file: ..//output_EXPANSE_a2_dlpfc/libd_chr16-chr16_all-libd_chr16-chr16_all-60465-80464-dynamic-1corestotal-allcorepera-20240507-135008.rds"
[1] "File number: 376"
[1] "Loaded RDS file: ..//output_EXPANSE_a2_dlpfc/libd_chr16-chr16_all-libd_chr16-chr16_all-80465-100464-dynamic-1corestotal-allcorepera-20240507-135109.rds"
[1] "File number: 377"
[1] "Loaded RDS file: ..//output_EXPANSE_a2_dlpfc/libd_chr16-chr16_all-libd_chr16-chr16_all-100465-120464-dynamic-1corestotal-allcorepera-20240507-135210.rds"
[1] "File number: 378"
[1] "Loaded RDS file: ..//output_EXPANSE_a2_dlpfc/libd_chr16-chr16_all-libd_chr16-chr16_all-120465-140464-dynamic-1corestotal-allcorepera-20240507-135311.rds"
[1] "File number: 379"
[1] "Loaded RDS file: ..//output_EXPANSE_a2_dlpfc/libd_chr16-chr16_all-libd_chr16-chr16_all-140465-160464-dynamic-1corestotal-allcorepera-20240507-135413.rds"
[1] "File number: 380"
[1] "Loaded RDS file: ..//output_EXPANSE_a2_dlpfc/libd_chr16-chr16_all-libd_chr16-chr16_all-160465-180464-dynamic-1corestotal-allcorepera-20240507-135514.rds"
[1] "File number: 381"
[1] "Loaded RDS file: ..//output_EXPANSE_a2_dlpfc/libd_chr16-chr16_all-libd_chr16-chr16_all-180465-200464-dynamic-1corestotal-allcorepera-20240507-135616.rds"
[1] "File number: 382"
[1] "Loaded RDS file: ..//output_EXPANSE_a2_dlpfc/libd_chr16-chr16_all-libd_chr16-chr16_all-200465-220464-dynamic-1corestotal-allcorepera-20240507-135718.rds"
[1] "File number: 383"
[1] "Loaded RDS file: ..//output_EXPANSE_a2_dlpfc/libd_chr16-chr16_all-libd_chr16-chr16_all-220465-240464-dynamic-1corestotal-allcorepera-20240507-135820.rds"
[1] "File number: 384"
[1] "Loaded RDS file: ..//output_EXPANSE_a2_dlpfc/libd_chr16-chr16_all-libd_chr16-chr16_all-240465-260464-dynamic-1corestotal-allcorepera-20240507-135923.rds"
[1] "File number: 385"
[1] "Loaded RDS file: ..//output_EXPANSE_a2_dlpfc/libd_chr16-chr16_all-libd_chr16-chr16_all-260465-280464-dynamic-1corestotal-allcorepera-20240507-140024.rds"
[1] "File number: 386"
[1] "Loaded RDS file: ..//output_EXPANSE_a2_dlpfc/libd_chr16-chr16_all-libd_chr16-chr16_all-280465-300464-dynamic-1corestotal-allcorepera-20240507-140125.rds"
[1] "File number: 387"
[1] "Loaded RDS file: ..//output_EXPANSE_a2_dlpfc/libd_chr16-chr16_all-libd_chr16-chr16_all-300465-320464-dynamic-1corestotal-allcorepera-20240507-140226.rds"
[1] "File number: 388"
[1] "Loaded RDS file: ..//output_EXPANSE_a2_dlpfc/libd_chr16-chr16_all-libd_chr16-chr16_all-320465-340464-dynamic-1corestotal-allcorepera-20240507-140327.rds"
[1] "File number: 389"
[1] "Loaded RDS file: ..//output_EXPANSE_a2_dlpfc/libd_chr16-chr16_all-libd_chr16-chr16_all-340465-360464-dynamic-1corestotal-allcorepera-20240507-140428.rds"
[1] "File number: 390"
[1] "Loaded RDS file: ..//output_EXPANSE_a2_dlpfc/libd_chr16-chr16_all-libd_chr16-chr16_all-360465-380464-dynamic-1corestotal-allcorepera-20240507-140529.rds"
[1] "File number: 391"
[1] "Loaded RDS file: ..//output_EXPANSE_a2_dlpfc/libd_chr16-chr16_all-libd_chr16-chr16_all-380465-400464-dynamic-1corestotal-allcorepera-20240507-140631.rds"
[1] "File number: 392"
[1] "Loaded RDS file: ..//output_EXPANSE_a2_dlpfc/libd_chr16-chr16_all-libd_chr16-chr16_all-400465-420464-dynamic-1corestotal-allcorepera-20240507-140732.rds"
[1] "File number: 393"
[1] "Loaded RDS file: ..//output_EXPANSE_a2_dlpfc/libd_chr16-chr16_all-libd_chr16-chr16_all-420465-440464-dynamic-1corestotal-allcorepera-20240507-140833.rds"
[1] "File number: 394"
[1] "Loaded RDS file: ..//output_EXPANSE_a2_dlpfc/libd_chr16-chr16_all-libd_chr16-chr16_all-440465-460464-dynamic-1corestotal-allcorepera-20240507-140934.rds"
[1] "File number: 395"
[1] "Loaded RDS file: ..//output_EXPANSE_a2_dlpfc/libd_chr16-chr16_all-libd_chr16-chr16_all-460465-480464-dynamic-1corestotal-allcorepera-20240507-141035.rds"
[1] "File number: 396"
[1] "Loaded RDS file: ..//output_EXPANSE_a2_dlpfc/libd_chr16-chr16_all-libd_chr16-chr16_all-480465-500464-dynamic-1corestotal-allcorepera-20240507-141139.rds"
[1] "File number: 397"
[1] "Loaded RDS file: ..//output_EXPANSE_a2_dlpfc/libd_chr16-chr16_all-libd_chr16-chr16_all-500465-520464-dynamic-1corestotal-allcorepera-20240507-141240.rds"
[1] "File number: 398"
[1] "Loaded RDS file: ..//output_EXPANSE_a2_dlpfc/libd_chr16-chr16_all-libd_chr16-chr16_all-520465-540464-dynamic-1corestotal-allcorepera-20240507-141341.rds"
[1] "File number: 399"
[1] "Loaded RDS file: ..//output_EXPANSE_a2_dlpfc/libd_chr16-chr16_all-libd_chr16-chr16_all-540465-560464-dynamic-1corestotal-allcorepera-20240507-141442.rds"
[1] "File number: 400"
[1] "Loaded RDS file: ..//output_EXPANSE_a2_dlpfc/libd_chr16-chr16_all-libd_chr16-chr16_all-560465-580464-dynamic-1corestotal-allcorepera-20240507-141543.rds"
[1] "File number: 401"
[1] "Loaded RDS file: ..//output_EXPANSE_a2_dlpfc/libd_chr16-chr16_all-libd_chr16-chr16_all-580465-600464-dynamic-1corestotal-allcorepera-20240507-141644.rds"
[1] "File number: 402"
[1] "Loaded RDS file: ..//output_EXPANSE_a2_dlpfc/libd_chr16-chr16_all-libd_chr16-chr16_all-600465-620464-dynamic-1corestotal-allcorepera-20240507-141745.rds"
[1] "File number: 403"
[1] "Loaded RDS file: ..//output_EXPANSE_a2_dlpfc/libd_chr16-chr16_all-libd_chr16-chr16_all-620465-640464-dynamic-1corestotal-allcorepera-20240507-141847.rds"
[1] "File number: 404"
[1] "Loaded RDS file: ..//output_EXPANSE_a2_dlpfc/libd_chr16-chr16_all-libd_chr16-chr16_all-640465-660464-dynamic-1corestotal-allcorepera-20240507-141948.rds"
[1] "File number: 405"
[1] "Loaded RDS file: ..//output_EXPANSE_a2_dlpfc/libd_chr16-chr16_all-libd_chr16-chr16_all-660465-680464-dynamic-1corestotal-allcorepera-20240507-142049.rds"
[1] "File number: 406"
[1] "Loaded RDS file: ..//output_EXPANSE_a2_dlpfc/libd_chr16-chr16_all-libd_chr16-chr16_all-680465-700464-dynamic-1corestotal-allcorepera-20240507-142150.rds"
[1] "File number: 407"
[1] "Loaded RDS file: ..//output_EXPANSE_a2_dlpfc/libd_chr16-chr16_all-libd_chr16-chr16_all-700465-720464-dynamic-1corestotal-allcorepera-20240507-142251.rds"
[1] "File number: 408"
[1] "Loaded RDS file: ..//output_EXPANSE_a2_dlpfc/libd_chr16-chr16_all-libd_chr16-chr16_all-720465-740464-dynamic-1corestotal-allcorepera-20240507-142352.rds"
[1] "File number: 409"
[1] "Loaded RDS file: ..//output_EXPANSE_a2_dlpfc/libd_chr16-chr16_all-libd_chr16-chr16_all-740465-760464-dynamic-1corestotal-allcorepera-20240507-142454.rds"
[1] "File number: 410"
[1] "Loaded RDS file: ..//output_EXPANSE_a2_dlpfc/libd_chr16-chr16_all-libd_chr16-chr16_all-760465-780464-dynamic-1corestotal-allcorepera-20240507-142555.rds"
[1] "File number: 411"
[1] "Loaded RDS file: ..//output_EXPANSE_a2_dlpfc/libd_chr16-chr16_all-libd_chr16-chr16_all-780465-800464-dynamic-1corestotal-allcorepera-20240507-142656.rds"
[1] "File number: 412"
[1] "Loaded RDS file: ..//output_EXPANSE_a2_dlpfc/libd_chr16-chr16_all-libd_chr16-chr16_all-800465-820464-dynamic-1corestotal-allcorepera-20240507-142757.rds"
[1] "File number: 413"
[1] "Loaded RDS file: ..//output_EXPANSE_a2_dlpfc/libd_chr16-chr16_all-libd_chr16-chr16_all-820465-840464-dynamic-1corestotal-allcorepera-20240507-142858.rds"
[1] "File number: 414"
[1] "Loaded RDS file: ..//output_EXPANSE_a2_dlpfc/libd_chr16-chr16_all-libd_chr16-chr16_all-840465-860464-dynamic-1corestotal-allcorepera-20240507-143001.rds"
[1] "File number: 415"
[1] "Loaded RDS file: ..//output_EXPANSE_a2_dlpfc/libd_chr16-chr16_all-libd_chr16-chr16_all-860465-880464-dynamic-1corestotal-allcorepera-20240507-143102.rds"
[1] "File number: 416"
[1] "Loaded RDS file: ..//output_EXPANSE_a2_dlpfc/libd_chr16-chr16_all-libd_chr16-chr16_all-880465-900464-dynamic-1corestotal-allcorepera-20240507-143203.rds"
[1] "File number: 417"
[1] "Loaded RDS file: ..//output_EXPANSE_a2_dlpfc/libd_chr16-chr16_all-libd_chr16-chr16_all-900465-920464-dynamic-1corestotal-allcorepera-20240507-143304.rds"
[1] "File number: 418"
[1] "Loaded RDS file: ..//output_EXPANSE_a2_dlpfc/libd_chr16-chr16_all-libd_chr16-chr16_all-920465-940464-dynamic-1corestotal-allcorepera-20240507-143406.rds"
[1] "File number: 419"
[1] "Loaded RDS file: ..//output_EXPANSE_a2_dlpfc/libd_chr16-chr16_all-libd_chr16-chr16_all-940465-960464-dynamic-1corestotal-allcorepera-20240507-143507.rds"
[1] "File number: 420"
[1] "Loaded RDS file: ..//output_EXPANSE_a2_dlpfc/libd_chr16-chr16_all-libd_chr16-chr16_all-960465-980464-dynamic-1corestotal-allcorepera-20240507-143608.rds"
[1] "File number: 421"
[1] "Loaded RDS file: ..//output_EXPANSE_a2_dlpfc/libd_chr16-chr16_all-libd_chr16-chr16_all-980465-1000464-dynamic-1corestotal-allcorepera-20240507-143710.rds"
[1] "File number: 422"
[1] "Loaded RDS file: ..//output_EXPANSE_a2_dlpfc/libd_chr16-chr16_all-libd_chr16-chr16_all-1000465-1020464-dynamic-1corestotal-allcorepera-20240507-143811.rds"
[1] "File number: 423"
[1] "Loaded RDS file: ..//output_EXPANSE_a2_dlpfc/libd_chr16-chr16_all-libd_chr16-chr16_all-1020465-1040464-dynamic-1corestotal-allcorepera-20240507-143912.rds"
[1] "File number: 424"
[1] "Loaded RDS file: ..//output_EXPANSE_a2_dlpfc/libd_chr16-chr16_all-libd_chr16-chr16_all-1040465-1057285-dynamic-1corestotal-allcorepera-20240507-144013.rds"
[1] "File number: 425"
[1] "Loaded RDS file: ..//output_EXPANSE_a2_hippo/libd_chr16-chr16_all-libd_chr16-chr16_all-465-20464-dynamic-1corestotal-allcorepera-20240507-162922.rds"
[1] "File number: 426"
[1] "Loaded RDS file: ..//output_EXPANSE_a2_hippo/libd_chr16-chr16_all-libd_chr16-chr16_all-20465-40464-dynamic-1corestotal-allcorepera-20240507-163023.rds"
[1] "File number: 427"
[1] "Loaded RDS file: ..//output_EXPANSE_a2_hippo/libd_chr16-chr16_all-libd_chr16-chr16_all-40465-60464-dynamic-1corestotal-allcorepera-20240507-163124.rds"
[1] "File number: 428"
[1] "Loaded RDS file: ..//output_EXPANSE_a2_hippo/libd_chr16-chr16_all-libd_chr16-chr16_all-60465-80464-dynamic-1corestotal-allcorepera-20240507-163225.rds"
[1] "File number: 429"
[1] "Loaded RDS file: ..//output_EXPANSE_a2_hippo/libd_chr16-chr16_all-libd_chr16-chr16_all-80465-100464-dynamic-1corestotal-allcorepera-20240507-163326.rds"
[1] "File number: 430"
[1] "Loaded RDS file: ..//output_EXPANSE_a2_hippo/libd_chr16-chr16_all-libd_chr16-chr16_all-100465-120464-dynamic-1corestotal-allcorepera-20240507-163427.rds"
[1] "File number: 431"
[1] "Loaded RDS file: ..//output_EXPANSE_a2_hippo/libd_chr16-chr16_all-libd_chr16-chr16_all-120465-140464-dynamic-1corestotal-allcorepera-20240507-163529.rds"
[1] "File number: 432"
[1] "Loaded RDS file: ..//output_EXPANSE_a2_hippo/libd_chr16-chr16_all-libd_chr16-chr16_all-140465-160464-dynamic-1corestotal-allcorepera-20240507-163630.rds"
[1] "File number: 433"
[1] "Loaded RDS file: ..//output_EXPANSE_a2_hippo/libd_chr16-chr16_all-libd_chr16-chr16_all-160465-180464-dynamic-1corestotal-allcorepera-20240507-163732.rds"
[1] "File number: 434"
[1] "Loaded RDS file: ..//output_EXPANSE_a2_hippo/libd_chr16-chr16_all-libd_chr16-chr16_all-180465-200464-dynamic-1corestotal-allcorepera-20240507-163834.rds"
[1] "File number: 435"
[1] "Loaded RDS file: ..//output_EXPANSE_a2_hippo/libd_chr16-chr16_all-libd_chr16-chr16_all-200465-220464-dynamic-1corestotal-allcorepera-20240507-163935.rds"
[1] "File number: 436"
[1] "Loaded RDS file: ..//output_EXPANSE_a2_hippo/libd_chr16-chr16_all-libd_chr16-chr16_all-220465-240464-dynamic-1corestotal-allcorepera-20240507-164036.rds"
[1] "File number: 437"
[1] "Loaded RDS file: ..//output_EXPANSE_a2_hippo/libd_chr16-chr16_all-libd_chr16-chr16_all-240465-260464-dynamic-1corestotal-allcorepera-20240507-164137.rds"
[1] "File number: 438"
[1] "Loaded RDS file: ..//output_EXPANSE_a2_hippo/libd_chr16-chr16_all-libd_chr16-chr16_all-260465-280464-dynamic-1corestotal-allcorepera-20240507-164238.rds"
[1] "File number: 439"
[1] "Loaded RDS file: ..//output_EXPANSE_a2_hippo/libd_chr16-chr16_all-libd_chr16-chr16_all-280465-300464-dynamic-1corestotal-allcorepera-20240507-164339.rds"
[1] "File number: 440"
[1] "Loaded RDS file: ..//output_EXPANSE_a2_hippo/libd_chr16-chr16_all-libd_chr16-chr16_all-300465-320464-dynamic-1corestotal-allcorepera-20240507-164440.rds"
[1] "File number: 441"
[1] "Loaded RDS file: ..//output_EXPANSE_a2_hippo/libd_chr16-chr16_all-libd_chr16-chr16_all-320465-340464-dynamic-1corestotal-allcorepera-20240507-164541.rds"
[1] "File number: 442"
[1] "Loaded RDS file: ..//output_EXPANSE_a2_hippo/libd_chr16-chr16_all-libd_chr16-chr16_all-340465-360464-dynamic-1corestotal-allcorepera-20240507-164644.rds"
[1] "File number: 443"
[1] "Loaded RDS file: ..//output_EXPANSE_a2_hippo/libd_chr16-chr16_all-libd_chr16-chr16_all-360465-380464-dynamic-1corestotal-allcorepera-20240507-164745.rds"
[1] "File number: 444"
[1] "Loaded RDS file: ..//output_EXPANSE_a2_hippo/libd_chr16-chr16_all-libd_chr16-chr16_all-380465-400464-dynamic-1corestotal-allcorepera-20240507-164846.rds"
[1] "File number: 445"
[1] "Loaded RDS file: ..//output_EXPANSE_a2_hippo/libd_chr16-chr16_all-libd_chr16-chr16_all-400465-420464-dynamic-1corestotal-allcorepera-20240507-164947.rds"
[1] "File number: 446"
[1] "Loaded RDS file: ..//output_EXPANSE_a2_hippo/libd_chr16-chr16_all-libd_chr16-chr16_all-420465-440464-dynamic-1corestotal-allcorepera-20240507-165049.rds"
[1] "File number: 447"
[1] "Loaded RDS file: ..//output_EXPANSE_a2_hippo/libd_chr16-chr16_all-libd_chr16-chr16_all-440465-460464-dynamic-1corestotal-allcorepera-20240507-165150.rds"
[1] "File number: 448"
[1] "Loaded RDS file: ..//output_EXPANSE_a2_hippo/libd_chr16-chr16_all-libd_chr16-chr16_all-460465-480464-dynamic-1corestotal-allcorepera-20240507-165251.rds"
[1] "File number: 449"
[1] "Loaded RDS file: ..//output_EXPANSE_a2_hippo/libd_chr16-chr16_all-libd_chr16-chr16_all-480465-500464-dynamic-1corestotal-allcorepera-20240507-165352.rds"
[1] "File number: 450"
[1] "Loaded RDS file: ..//output_EXPANSE_a2_hippo/libd_chr16-chr16_all-libd_chr16-chr16_all-500465-520464-dynamic-1corestotal-allcorepera-20240507-165453.rds"
[1] "File number: 451"
[1] "Loaded RDS file: ..//output_EXPANSE_a2_hippo/libd_chr16-chr16_all-libd_chr16-chr16_all-520465-540464-dynamic-1corestotal-allcorepera-20240507-165554.rds"
[1] "File number: 452"
[1] "Loaded RDS file: ..//output_EXPANSE_a2_hippo/libd_chr16-chr16_all-libd_chr16-chr16_all-540465-560464-dynamic-1corestotal-allcorepera-20240507-165655.rds"
[1] "File number: 453"
[1] "Loaded RDS file: ..//output_EXPANSE_a2_hippo/libd_chr16-chr16_all-libd_chr16-chr16_all-560465-580464-dynamic-1corestotal-allcorepera-20240507-165756.rds"
[1] "File number: 454"
[1] "Loaded RDS file: ..//output_EXPANSE_a2_hippo/libd_chr16-chr16_all-libd_chr16-chr16_all-580465-600464-dynamic-1corestotal-allcorepera-20240507-165858.rds"
[1] "File number: 455"
[1] "Loaded RDS file: ..//output_EXPANSE_a2_hippo/libd_chr16-chr16_all-libd_chr16-chr16_all-600465-620464-dynamic-1corestotal-allcorepera-20240507-165959.rds"
[1] "File number: 456"
[1] "Loaded RDS file: ..//output_EXPANSE_a2_hippo/libd_chr16-chr16_all-libd_chr16-chr16_all-620465-640464-dynamic-1corestotal-allcorepera-20240507-170100.rds"
[1] "File number: 457"
[1] "Loaded RDS file: ..//output_EXPANSE_a2_hippo/libd_chr16-chr16_all-libd_chr16-chr16_all-640465-660464-dynamic-1corestotal-allcorepera-20240507-170201.rds"
[1] "File number: 458"
[1] "Loaded RDS file: ..//output_EXPANSE_a2_hippo/libd_chr16-chr16_all-libd_chr16-chr16_all-660465-680464-dynamic-1corestotal-allcorepera-20240507-170302.rds"
[1] "File number: 459"
[1] "Loaded RDS file: ..//output_EXPANSE_a2_hippo/libd_chr16-chr16_all-libd_chr16-chr16_all-680465-700464-dynamic-1corestotal-allcorepera-20240507-170403.rds"
[1] "File number: 460"
[1] "Loaded RDS file: ..//output_EXPANSE_a2_hippo/libd_chr16-chr16_all-libd_chr16-chr16_all-700465-720464-dynamic-1corestotal-allcorepera-20240507-170507.rds"
[1] "File number: 461"
[1] "Loaded RDS file: ..//output_EXPANSE_a2_hippo/libd_chr16-chr16_all-libd_chr16-chr16_all-720465-740464-dynamic-1corestotal-allcorepera-20240507-170608.rds"
[1] "File number: 462"
[1] "Loaded RDS file: ..//output_EXPANSE_a2_hippo/libd_chr16-chr16_all-libd_chr16-chr16_all-740465-760464-dynamic-1corestotal-allcorepera-20240507-170709.rds"
[1] "File number: 463"
[1] "Loaded RDS file: ..//output_EXPANSE_a2_hippo/libd_chr16-chr16_all-libd_chr16-chr16_all-760465-780464-dynamic-1corestotal-allcorepera-20240507-170810.rds"
[1] "File number: 464"
[1] "Loaded RDS file: ..//output_EXPANSE_a2_hippo/libd_chr16-chr16_all-libd_chr16-chr16_all-780465-800464-dynamic-1corestotal-allcorepera-20240507-170911.rds"
[1] "File number: 465"
[1] "Loaded RDS file: ..//output_EXPANSE_a2_hippo/libd_chr16-chr16_all-libd_chr16-chr16_all-800465-820464-dynamic-1corestotal-allcorepera-20240507-171012.rds"
[1] "File number: 466"
[1] "Loaded RDS file: ..//output_EXPANSE_a2_hippo/libd_chr16-chr16_all-libd_chr16-chr16_all-820465-840464-dynamic-1corestotal-allcorepera-20240507-171113.rds"
[1] "File number: 467"
[1] "Loaded RDS file: ..//output_EXPANSE_a2_hippo/libd_chr16-chr16_all-libd_chr16-chr16_all-840465-860464-dynamic-1corestotal-allcorepera-20240507-171214.rds"
[1] "File number: 468"
[1] "Loaded RDS file: ..//output_EXPANSE_a2_hippo/libd_chr16-chr16_all-libd_chr16-chr16_all-860465-880464-dynamic-1corestotal-allcorepera-20240507-171316.rds"
[1] "File number: 469"
[1] "Loaded RDS file: ..//output_EXPANSE_a2_hippo/libd_chr16-chr16_all-libd_chr16-chr16_all-880465-900464-dynamic-1corestotal-allcorepera-20240507-171419.rds"
[1] "File number: 470"
[1] "Loaded RDS file: ..//output_EXPANSE_a2_hippo/libd_chr16-chr16_all-libd_chr16-chr16_all-900465-920464-dynamic-1corestotal-allcorepera-20240507-171520.rds"
[1] "File number: 471"
[1] "Loaded RDS file: ..//output_EXPANSE_a2_hippo/libd_chr16-chr16_all-libd_chr16-chr16_all-920465-940464-dynamic-1corestotal-allcorepera-20240507-171621.rds"
[1] "File number: 472"
[1] "Loaded RDS file: ..//output_EXPANSE_a2_hippo/libd_chr16-chr16_all-libd_chr16-chr16_all-940465-960464-dynamic-1corestotal-allcorepera-20240507-171722.rds"
[1] "File number: 473"
[1] "Loaded RDS file: ..//output_EXPANSE_a2_hippo/libd_chr16-chr16_all-libd_chr16-chr16_all-960465-980464-dynamic-1corestotal-allcorepera-20240507-171823.rds"
[1] "File number: 474"
[1] "Loaded RDS file: ..//output_EXPANSE_a2_hippo/libd_chr16-chr16_all-libd_chr16-chr16_all-980465-1000464-dynamic-1corestotal-allcorepera-20240507-171926.rds"
[1] "File number: 475"
[1] "Loaded RDS file: ..//output_EXPANSE_a2_hippo/libd_chr16-chr16_all-libd_chr16-chr16_all-1000465-1020464-dynamic-1corestotal-allcorepera-20240507-172027.rds"
[1] "File number: 476"
[1] "Loaded RDS file: ..//output_EXPANSE_a2_hippo/libd_chr16-chr16_all-libd_chr16-chr16_all-1020465-1040464-dynamic-1corestotal-allcorepera-20240507-172128.rds"
[1] "File number: 477"
[1] "Loaded RDS file: ..//output_EXPANSE_a2_hippo/libd_chr16-chr16_all-libd_chr16-chr16_all-1040465-1057285-dynamic-1corestotal-allcorepera-20240507-172229.rds"
