slurmstepd: error: Unable to create TMPDIR [/scratch/naglemi/job_31905189]: Permission denied
slurmstepd: error: Setting TMPDIR to /tmp
[1] "Starting genome file processing"
[1] "Processing genome file index: 19"
[1] "Loaded SNP data"
[1] "Files for this Chr:"
[1] 459
[1] "File number: 1"
[1] "Loaded RDS file: ..//output_EXPANSE_a2_caud/libd_chr19-chr19_AA-libd_chr19-chr19_AA-1-20000-dynamic-1corestotal-allcorepera-20240507-140746.rds"
[1] "File number: 2"
[1] "Loaded RDS file: ..//output_EXPANSE_a2_caud/libd_chr19-chr19_AA-libd_chr19-chr19_AA-20001-40000-dynamic-1corestotal-allcorepera-20240507-140847.rds"
[1] "File number: 3"
[1] "Loaded RDS file: ..//output_EXPANSE_a2_caud/libd_chr19-chr19_AA-libd_chr19-chr19_AA-40001-60000-dynamic-1corestotal-allcorepera-20240507-140949.rds"
[1] "File number: 4"
[1] "Loaded RDS file: ..//output_EXPANSE_a2_caud/libd_chr19-chr19_AA-libd_chr19-chr19_AA-60001-80000-dynamic-1corestotal-allcorepera-20240507-141050.rds"
[1] "File number: 5"
[1] "Loaded RDS file: ..//output_EXPANSE_a2_caud/libd_chr19-chr19_AA-libd_chr19-chr19_AA-80001-100000-dynamic-1corestotal-allcorepera-20240507-141151.rds"
[1] "File number: 6"
[1] "Loaded RDS file: ..//output_EXPANSE_a2_caud/libd_chr19-chr19_AA-libd_chr19-chr19_AA-100001-120000-dynamic-1corestotal-allcorepera-20240507-141252.rds"
[1] "File number: 7"
[1] "Loaded RDS file: ..//output_EXPANSE_a2_caud/libd_chr19-chr19_AA-libd_chr19-chr19_AA-120001-140000-dynamic-1corestotal-allcorepera-20240507-141353.rds"
[1] "File number: 8"
[1] "Loaded RDS file: ..//output_EXPANSE_a2_caud/libd_chr19-chr19_AA-libd_chr19-chr19_AA-140001-160000-dynamic-1corestotal-allcorepera-20240507-141455.rds"
[1] "File number: 9"
[1] "Loaded RDS file: ..//output_EXPANSE_a2_caud/libd_chr19-chr19_AA-libd_chr19-chr19_AA-160001-180000-dynamic-1corestotal-allcorepera-20240507-141556.rds"
[1] "File number: 10"
[1] "Loaded RDS file: ..//output_EXPANSE_a2_caud/libd_chr19-chr19_AA-libd_chr19-chr19_AA-180001-200000-dynamic-1corestotal-allcorepera-20240507-141657.rds"
[1] "File number: 11"
[1] "Loaded RDS file: ..//output_EXPANSE_a2_caud/libd_chr19-chr19_AA-libd_chr19-chr19_AA-200001-220000-dynamic-1corestotal-allcorepera-20240507-141758.rds"
[1] "File number: 12"
[1] "Loaded RDS file: ..//output_EXPANSE_a2_caud/libd_chr19-chr19_AA-libd_chr19-chr19_AA-220001-240000-dynamic-1corestotal-allcorepera-20240507-141859.rds"
[1] "File number: 13"
[1] "Loaded RDS file: ..//output_EXPANSE_a2_caud/libd_chr19-chr19_AA-libd_chr19-chr19_AA-240001-260000-dynamic-1corestotal-allcorepera-20240507-142000.rds"
[1] "File number: 14"
[1] "Loaded RDS file: ..//output_EXPANSE_a2_caud/libd_chr19-chr19_AA-libd_chr19-chr19_AA-260001-280000-dynamic-1corestotal-allcorepera-20240507-142104.rds"
[1] "File number: 15"
[1] "Loaded RDS file: ..//output_EXPANSE_a2_caud/libd_chr19-chr19_AA-libd_chr19-chr19_AA-280001-300000-dynamic-1corestotal-allcorepera-20240507-142205.rds"
[1] "File number: 16"
[1] "Loaded RDS file: ..//output_EXPANSE_a2_caud/libd_chr19-chr19_AA-libd_chr19-chr19_AA-300001-320000-dynamic-1corestotal-allcorepera-20240507-142307.rds"
[1] "File number: 17"
[1] "Loaded RDS file: ..//output_EXPANSE_a2_caud/libd_chr19-chr19_AA-libd_chr19-chr19_AA-320001-340000-dynamic-1corestotal-allcorepera-20240507-142408.rds"
[1] "File number: 18"
[1] "Loaded RDS file: ..//output_EXPANSE_a2_caud/libd_chr19-chr19_AA-libd_chr19-chr19_AA-340001-360000-dynamic-1corestotal-allcorepera-20240507-142509.rds"
[1] "File number: 19"
[1] "Loaded RDS file: ..//output_EXPANSE_a2_caud/libd_chr19-chr19_AA-libd_chr19-chr19_AA-360001-380000-dynamic-1corestotal-allcorepera-20240507-142610.rds"
[1] "File number: 20"
[1] "Loaded RDS file: ..//output_EXPANSE_a2_caud/libd_chr19-chr19_AA-libd_chr19-chr19_AA-380001-400000-dynamic-1corestotal-allcorepera-20240507-142712.rds"
[1] "File number: 21"
[1] "Loaded RDS file: ..//output_EXPANSE_a2_caud/libd_chr19-chr19_AA-libd_chr19-chr19_AA-400001-420000-dynamic-1corestotal-allcorepera-20240507-142815.rds"
[1] "File number: 22"
[1] "Loaded RDS file: ..//output_EXPANSE_a2_caud/libd_chr19-chr19_AA-libd_chr19-chr19_AA-420001-440000-dynamic-1corestotal-allcorepera-20240507-142918.rds"
[1] "File number: 23"
[1] "Loaded RDS file: ..//output_EXPANSE_a2_caud/libd_chr19-chr19_AA-libd_chr19-chr19_AA-440001-460000-dynamic-1corestotal-allcorepera-20240507-143021.rds"
[1] "File number: 24"
[1] "Loaded RDS file: ..//output_EXPANSE_a2_caud/libd_chr19-chr19_AA-libd_chr19-chr19_AA-460001-480000-dynamic-1corestotal-allcorepera-20240507-143122.rds"
[1] "File number: 25"
[1] "Loaded RDS file: ..//output_EXPANSE_a2_caud/libd_chr19-chr19_AA-libd_chr19-chr19_AA-480001-500000-dynamic-1corestotal-allcorepera-20240507-143223.rds"
[1] "File number: 26"
[1] "Loaded RDS file: ..//output_EXPANSE_a2_caud/libd_chr19-chr19_AA-libd_chr19-chr19_AA-500001-520000-dynamic-1corestotal-allcorepera-20240507-143324.rds"
[1] "File number: 27"
[1] "Loaded RDS file: ..//output_EXPANSE_a2_caud/libd_chr19-chr19_AA-libd_chr19-chr19_AA-520001-540000-dynamic-1corestotal-allcorepera-20240507-143425.rds"
[1] "File number: 28"
[1] "Loaded RDS file: ..//output_EXPANSE_a2_caud/libd_chr19-chr19_AA-libd_chr19-chr19_AA-540001-560000-dynamic-1corestotal-allcorepera-20240507-143526.rds"
[1] "File number: 29"
[1] "Loaded RDS file: ..//output_EXPANSE_a2_caud/libd_chr19-chr19_AA-libd_chr19-chr19_AA-560001-580000-dynamic-1corestotal-allcorepera-20240507-143628.rds"
[1] "File number: 30"
[1] "Loaded RDS file: ..//output_EXPANSE_a2_caud/libd_chr19-chr19_AA-libd_chr19-chr19_AA-580001-600000-dynamic-1corestotal-allcorepera-20240507-143729.rds"
[1] "File number: 31"
[1] "Loaded RDS file: ..//output_EXPANSE_a2_caud/libd_chr19-chr19_AA-libd_chr19-chr19_AA-600001-620000-dynamic-1corestotal-allcorepera-20240507-143830.rds"
[1] "File number: 32"
[1] "Loaded RDS file: ..//output_EXPANSE_a2_caud/libd_chr19-chr19_AA-libd_chr19-chr19_AA-620001-640000-dynamic-1corestotal-allcorepera-20240507-143931.rds"
[1] "File number: 33"
[1] "Loaded RDS file: ..//output_EXPANSE_a2_caud/libd_chr19-chr19_AA-libd_chr19-chr19_AA-640001-660000-dynamic-1corestotal-allcorepera-20240507-144032.rds"
[1] "File number: 34"
[1] "Loaded RDS file: ..//output_EXPANSE_a2_caud/libd_chr19-chr19_AA-libd_chr19-chr19_AA-660001-680000-dynamic-1corestotal-allcorepera-20240507-144133.rds"
[1] "File number: 35"
[1] "Loaded RDS file: ..//output_EXPANSE_a2_caud/libd_chr19-chr19_AA-libd_chr19-chr19_AA-680001-700000-dynamic-1corestotal-allcorepera-20240507-144234.rds"
[1] "File number: 36"
[1] "Loaded RDS file: ..//output_EXPANSE_a2_caud/libd_chr19-chr19_AA-libd_chr19-chr19_AA-700001-720000-dynamic-1corestotal-allcorepera-20240507-144336.rds"
[1] "File number: 37"
[1] "Loaded RDS file: ..//output_EXPANSE_a2_caud/libd_chr19-chr19_AA-libd_chr19-chr19_AA-720001-740000-dynamic-1corestotal-allcorepera-20240507-144437.rds"
[1] "File number: 38"
[1] "Loaded RDS file: ..//output_EXPANSE_a2_caud/libd_chr19-chr19_AA-libd_chr19-chr19_AA-740001-760000-dynamic-1corestotal-allcorepera-20240507-144538.rds"
[1] "File number: 39"
[1] "Loaded RDS file: ..//output_EXPANSE_a2_caud/libd_chr19-chr19_AA-libd_chr19-chr19_AA-760001-780000-dynamic-1corestotal-allcorepera-20240507-144639.rds"
[1] "File number: 40"
[1] "Loaded RDS file: ..//output_EXPANSE_a2_caud/libd_chr19-chr19_AA-libd_chr19-chr19_AA-780001-800000-dynamic-1corestotal-allcorepera-20240507-144740.rds"
[1] "File number: 41"
[1] "Loaded RDS file: ..//output_EXPANSE_a2_caud/libd_chr19-chr19_AA-libd_chr19-chr19_AA-800001-820000-dynamic-1corestotal-allcorepera-20240507-144841.rds"
[1] "File number: 42"
[1] "Loaded RDS file: ..//output_EXPANSE_a2_caud/libd_chr19-chr19_AA-libd_chr19-chr19_AA-820001-840000-dynamic-1corestotal-allcorepera-20240507-144943.rds"
[1] "File number: 43"
[1] "Loaded RDS file: ..//output_EXPANSE_a2_caud/libd_chr19-chr19_AA-libd_chr19-chr19_AA-840001-860000-dynamic-1corestotal-allcorepera-20240507-145044.rds"
[1] "File number: 44"
[1] "Loaded RDS file: ..//output_EXPANSE_a2_caud/libd_chr19-chr19_AA-libd_chr19-chr19_AA-860001-880000-dynamic-1corestotal-allcorepera-20240507-145145.rds"
[1] "File number: 45"
[1] "Loaded RDS file: ..//output_EXPANSE_a2_caud/libd_chr19-chr19_AA-libd_chr19-chr19_AA-880001-900000-dynamic-1corestotal-allcorepera-20240507-145246.rds"
[1] "File number: 46"
[1] "Loaded RDS file: ..//output_EXPANSE_a2_caud/libd_chr19-chr19_AA-libd_chr19-chr19_AA-900001-920000-dynamic-1corestotal-allcorepera-20240507-145347.rds"
[1] "File number: 47"
[1] "Loaded RDS file: ..//output_EXPANSE_a2_caud/libd_chr19-chr19_AA-libd_chr19-chr19_AA-920001-940000-dynamic-1corestotal-allcorepera-20240507-145448.rds"
[1] "File number: 48"
[1] "Loaded RDS file: ..//output_EXPANSE_a2_caud/libd_chr19-chr19_AA-libd_chr19-chr19_AA-940001-960000-dynamic-1corestotal-allcorepera-20240507-145550.rds"
[1] "File number: 49"
[1] "Loaded RDS file: ..//output_EXPANSE_a2_caud/libd_chr19-chr19_AA-libd_chr19-chr19_AA-960001-980000-dynamic-1corestotal-allcorepera-20240507-145651.rds"
[1] "File number: 50"
[1] "Loaded RDS file: ..//output_EXPANSE_a2_caud/libd_chr19-chr19_AA-libd_chr19-chr19_AA-980001-1000000-dynamic-1corestotal-allcorepera-20240507-145752.rds"
[1] "File number: 51"
[1] "Loaded RDS file: ..//output_EXPANSE_a2_caud/libd_chr19-chr19_AA-libd_chr19-chr19_AA-1000001-1007230-dynamic-1corestotal-allcorepera-20240507-145853.rds"
[1] "File number: 52"
[1] "Loaded RDS file: ..//output_EXPANSE_a2_dlpfc/libd_chr19-chr19_AA-libd_chr19-chr19_AA-1-20000-dynamic-1corestotal-allcorepera-20240507-164408.rds"
[1] "File number: 53"
[1] "Loaded RDS file: ..//output_EXPANSE_a2_dlpfc/libd_chr19-chr19_AA-libd_chr19-chr19_AA-20001-40000-dynamic-1corestotal-allcorepera-20240507-164510.rds"
[1] "File number: 54"
[1] "Loaded RDS file: ..//output_EXPANSE_a2_dlpfc/libd_chr19-chr19_AA-libd_chr19-chr19_AA-40001-60000-dynamic-1corestotal-allcorepera-20240507-164611.rds"
[1] "File number: 55"
[1] "Loaded RDS file: ..//output_EXPANSE_a2_dlpfc/libd_chr19-chr19_AA-libd_chr19-chr19_AA-60001-80000-dynamic-1corestotal-allcorepera-20240507-164712.rds"
[1] "File number: 56"
[1] "Loaded RDS file: ..//output_EXPANSE_a2_dlpfc/libd_chr19-chr19_AA-libd_chr19-chr19_AA-80001-100000-dynamic-1corestotal-allcorepera-20240507-164813.rds"
[1] "File number: 57"
[1] "Loaded RDS file: ..//output_EXPANSE_a2_dlpfc/libd_chr19-chr19_AA-libd_chr19-chr19_AA-100001-120000-dynamic-1corestotal-allcorepera-20240507-164915.rds"
[1] "File number: 58"
[1] "Loaded RDS file: ..//output_EXPANSE_a2_dlpfc/libd_chr19-chr19_AA-libd_chr19-chr19_AA-120001-140000-dynamic-1corestotal-allcorepera-20240507-165016.rds"
[1] "File number: 59"
[1] "Loaded RDS file: ..//output_EXPANSE_a2_dlpfc/libd_chr19-chr19_AA-libd_chr19-chr19_AA-140001-160000-dynamic-1corestotal-allcorepera-20240507-165117.rds"
[1] "File number: 60"
[1] "Loaded RDS file: ..//output_EXPANSE_a2_dlpfc/libd_chr19-chr19_AA-libd_chr19-chr19_AA-160001-180000-dynamic-1corestotal-allcorepera-20240507-165218.rds"
[1] "File number: 61"
[1] "Loaded RDS file: ..//output_EXPANSE_a2_dlpfc/libd_chr19-chr19_AA-libd_chr19-chr19_AA-180001-200000-dynamic-1corestotal-allcorepera-20240507-165319.rds"
[1] "File number: 62"
[1] "Loaded RDS file: ..//output_EXPANSE_a2_dlpfc/libd_chr19-chr19_AA-libd_chr19-chr19_AA-200001-220000-dynamic-1corestotal-allcorepera-20240507-165420.rds"
[1] "File number: 63"
[1] "Loaded RDS file: ..//output_EXPANSE_a2_dlpfc/libd_chr19-chr19_AA-libd_chr19-chr19_AA-220001-240000-dynamic-1corestotal-allcorepera-20240507-165522.rds"
[1] "File number: 64"
[1] "Loaded RDS file: ..//output_EXPANSE_a2_dlpfc/libd_chr19-chr19_AA-libd_chr19-chr19_AA-240001-260000-dynamic-1corestotal-allcorepera-20240507-165623.rds"
[1] "File number: 65"
[1] "Loaded RDS file: ..//output_EXPANSE_a2_dlpfc/libd_chr19-chr19_AA-libd_chr19-chr19_AA-260001-280000-dynamic-1corestotal-allcorepera-20240507-165724.rds"
[1] "File number: 66"
[1] "Loaded RDS file: ..//output_EXPANSE_a2_dlpfc/libd_chr19-chr19_AA-libd_chr19-chr19_AA-280001-300000-dynamic-1corestotal-allcorepera-20240507-165825.rds"
[1] "File number: 67"
[1] "Loaded RDS file: ..//output_EXPANSE_a2_dlpfc/libd_chr19-chr19_AA-libd_chr19-chr19_AA-300001-320000-dynamic-1corestotal-allcorepera-20240507-165926.rds"
[1] "File number: 68"
[1] "Loaded RDS file: ..//output_EXPANSE_a2_dlpfc/libd_chr19-chr19_AA-libd_chr19-chr19_AA-320001-340000-dynamic-1corestotal-allcorepera-20240507-170028.rds"
[1] "File number: 69"
[1] "Loaded RDS file: ..//output_EXPANSE_a2_dlpfc/libd_chr19-chr19_AA-libd_chr19-chr19_AA-340001-360000-dynamic-1corestotal-allcorepera-20240507-170129.rds"
[1] "File number: 70"
[1] "Loaded RDS file: ..//output_EXPANSE_a2_dlpfc/libd_chr19-chr19_AA-libd_chr19-chr19_AA-360001-380000-dynamic-1corestotal-allcorepera-20240507-170230.rds"
[1] "File number: 71"
[1] "Loaded RDS file: ..//output_EXPANSE_a2_dlpfc/libd_chr19-chr19_AA-libd_chr19-chr19_AA-380001-400000-dynamic-1corestotal-allcorepera-20240507-170331.rds"
[1] "File number: 72"
[1] "Loaded RDS file: ..//output_EXPANSE_a2_dlpfc/libd_chr19-chr19_AA-libd_chr19-chr19_AA-400001-420000-dynamic-1corestotal-allcorepera-20240507-170432.rds"
[1] "File number: 73"
[1] "Loaded RDS file: ..//output_EXPANSE_a2_dlpfc/libd_chr19-chr19_AA-libd_chr19-chr19_AA-420001-440000-dynamic-1corestotal-allcorepera-20240507-170533.rds"
[1] "File number: 74"
[1] "Loaded RDS file: ..//output_EXPANSE_a2_dlpfc/libd_chr19-chr19_AA-libd_chr19-chr19_AA-440001-460000-dynamic-1corestotal-allcorepera-20240507-170634.rds"
[1] "File number: 75"
[1] "Loaded RDS file: ..//output_EXPANSE_a2_dlpfc/libd_chr19-chr19_AA-libd_chr19-chr19_AA-460001-480000-dynamic-1corestotal-allcorepera-20240507-170736.rds"
[1] "File number: 76"
[1] "Loaded RDS file: ..//output_EXPANSE_a2_dlpfc/libd_chr19-chr19_AA-libd_chr19-chr19_AA-480001-500000-dynamic-1corestotal-allcorepera-20240507-170837.rds"
[1] "File number: 77"
[1] "Loaded RDS file: ..//output_EXPANSE_a2_dlpfc/libd_chr19-chr19_AA-libd_chr19-chr19_AA-500001-520000-dynamic-1corestotal-allcorepera-20240507-170938.rds"
[1] "File number: 78"
[1] "Loaded RDS file: ..//output_EXPANSE_a2_dlpfc/libd_chr19-chr19_AA-libd_chr19-chr19_AA-520001-540000-dynamic-1corestotal-allcorepera-20240507-171041.rds"
[1] "File number: 79"
[1] "Loaded RDS file: ..//output_EXPANSE_a2_dlpfc/libd_chr19-chr19_AA-libd_chr19-chr19_AA-540001-560000-dynamic-1corestotal-allcorepera-20240507-171144.rds"
[1] "File number: 80"
[1] "Loaded RDS file: ..//output_EXPANSE_a2_dlpfc/libd_chr19-chr19_AA-libd_chr19-chr19_AA-560001-580000-dynamic-1corestotal-allcorepera-20240507-171245.rds"
[1] "File number: 81"
[1] "Loaded RDS file: ..//output_EXPANSE_a2_dlpfc/libd_chr19-chr19_AA-libd_chr19-chr19_AA-580001-600000-dynamic-1corestotal-allcorepera-20240507-171346.rds"
[1] "File number: 82"
[1] "Loaded RDS file: ..//output_EXPANSE_a2_dlpfc/libd_chr19-chr19_AA-libd_chr19-chr19_AA-600001-620000-dynamic-1corestotal-allcorepera-20240507-171447.rds"
[1] "File number: 83"
[1] "Loaded RDS file: ..//output_EXPANSE_a2_dlpfc/libd_chr19-chr19_AA-libd_chr19-chr19_AA-620001-640000-dynamic-1corestotal-allcorepera-20240507-171548.rds"
[1] "File number: 84"
[1] "Loaded RDS file: ..//output_EXPANSE_a2_dlpfc/libd_chr19-chr19_AA-libd_chr19-chr19_AA-640001-660000-dynamic-1corestotal-allcorepera-20240507-171650.rds"
[1] "File number: 85"
[1] "Loaded RDS file: ..//output_EXPANSE_a2_dlpfc/libd_chr19-chr19_AA-libd_chr19-chr19_AA-660001-680000-dynamic-1corestotal-allcorepera-20240507-171751.rds"
[1] "File number: 86"
[1] "Loaded RDS file: ..//output_EXPANSE_a2_dlpfc/libd_chr19-chr19_AA-libd_chr19-chr19_AA-680001-700000-dynamic-1corestotal-allcorepera-20240507-171852.rds"
[1] "File number: 87"
[1] "Loaded RDS file: ..//output_EXPANSE_a2_dlpfc/libd_chr19-chr19_AA-libd_chr19-chr19_AA-700001-720000-dynamic-1corestotal-allcorepera-20240507-171953.rds"
[1] "File number: 88"
[1] "Loaded RDS file: ..//output_EXPANSE_a2_dlpfc/libd_chr19-chr19_AA-libd_chr19-chr19_AA-720001-740000-dynamic-1corestotal-allcorepera-20240507-172054.rds"
[1] "File number: 89"
[1] "Loaded RDS file: ..//output_EXPANSE_a2_dlpfc/libd_chr19-chr19_AA-libd_chr19-chr19_AA-740001-760000-dynamic-1corestotal-allcorepera-20240507-172155.rds"
[1] "File number: 90"
[1] "Loaded RDS file: ..//output_EXPANSE_a2_dlpfc/libd_chr19-chr19_AA-libd_chr19-chr19_AA-760001-780000-dynamic-1corestotal-allcorepera-20240507-172257.rds"
[1] "File number: 91"
[1] "Loaded RDS file: ..//output_EXPANSE_a2_dlpfc/libd_chr19-chr19_AA-libd_chr19-chr19_AA-780001-800000-dynamic-1corestotal-allcorepera-20240507-172358.rds"
[1] "File number: 92"
[1] "Loaded RDS file: ..//output_EXPANSE_a2_dlpfc/libd_chr19-chr19_AA-libd_chr19-chr19_AA-800001-820000-dynamic-1corestotal-allcorepera-20240507-172459.rds"
[1] "File number: 93"
[1] "Loaded RDS file: ..//output_EXPANSE_a2_dlpfc/libd_chr19-chr19_AA-libd_chr19-chr19_AA-820001-840000-dynamic-1corestotal-allcorepera-20240507-172600.rds"
[1] "File number: 94"
[1] "Loaded RDS file: ..//output_EXPANSE_a2_dlpfc/libd_chr19-chr19_AA-libd_chr19-chr19_AA-840001-860000-dynamic-1corestotal-allcorepera-20240507-172704.rds"
[1] "File number: 95"
[1] "Loaded RDS file: ..//output_EXPANSE_a2_dlpfc/libd_chr19-chr19_AA-libd_chr19-chr19_AA-860001-880000-dynamic-1corestotal-allcorepera-20240507-172805.rds"
[1] "File number: 96"
[1] "Loaded RDS file: ..//output_EXPANSE_a2_dlpfc/libd_chr19-chr19_AA-libd_chr19-chr19_AA-880001-900000-dynamic-1corestotal-allcorepera-20240507-172909.rds"
[1] "File number: 97"
[1] "Loaded RDS file: ..//output_EXPANSE_a2_dlpfc/libd_chr19-chr19_AA-libd_chr19-chr19_AA-900001-920000-dynamic-1corestotal-allcorepera-20240507-173010.rds"
[1] "File number: 98"
[1] "Loaded RDS file: ..//output_EXPANSE_a2_dlpfc/libd_chr19-chr19_AA-libd_chr19-chr19_AA-920001-940000-dynamic-1corestotal-allcorepera-20240507-173111.rds"
[1] "File number: 99"
[1] "Loaded RDS file: ..//output_EXPANSE_a2_dlpfc/libd_chr19-chr19_AA-libd_chr19-chr19_AA-940001-960000-dynamic-1corestotal-allcorepera-20240507-173212.rds"
[1] "File number: 100"
[1] "Loaded RDS file: ..//output_EXPANSE_a2_dlpfc/libd_chr19-chr19_AA-libd_chr19-chr19_AA-960001-980000-dynamic-1corestotal-allcorepera-20240507-173313.rds"
[1] "File number: 101"
[1] "Loaded RDS file: ..//output_EXPANSE_a2_dlpfc/libd_chr19-chr19_AA-libd_chr19-chr19_AA-980001-1000000-dynamic-1corestotal-allcorepera-20240507-173414.rds"
[1] "File number: 102"
[1] "Loaded RDS file: ..//output_EXPANSE_a2_dlpfc/libd_chr19-chr19_AA-libd_chr19-chr19_AA-1000001-1007230-dynamic-1corestotal-allcorepera-20240507-173515.rds"
[1] "File number: 103"
[1] "Loaded RDS file: ..//output_EXPANSE_a2_hippo/libd_chr19-chr19_AA-libd_chr19-chr19_AA-1-20000-dynamic-1corestotal-allcorepera-20240507-192031.rds"
[1] "File number: 104"
[1] "Loaded RDS file: ..//output_EXPANSE_a2_hippo/libd_chr19-chr19_AA-libd_chr19-chr19_AA-20001-40000-dynamic-1corestotal-allcorepera-20240507-192132.rds"
[1] "File number: 105"
[1] "Loaded RDS file: ..//output_EXPANSE_a2_hippo/libd_chr19-chr19_AA-libd_chr19-chr19_AA-40001-60000-dynamic-1corestotal-allcorepera-20240507-192233.rds"
[1] "File number: 106"
[1] "Loaded RDS file: ..//output_EXPANSE_a2_hippo/libd_chr19-chr19_AA-libd_chr19-chr19_AA-60001-80000-dynamic-1corestotal-allcorepera-20240507-192334.rds"
[1] "File number: 107"
[1] "Loaded RDS file: ..//output_EXPANSE_a2_hippo/libd_chr19-chr19_AA-libd_chr19-chr19_AA-80001-100000-dynamic-1corestotal-allcorepera-20240507-192436.rds"
[1] "File number: 108"
[1] "Loaded RDS file: ..//output_EXPANSE_a2_hippo/libd_chr19-chr19_AA-libd_chr19-chr19_AA-100001-120000-dynamic-1corestotal-allcorepera-20240507-192537.rds"
[1] "File number: 109"
[1] "Loaded RDS file: ..//output_EXPANSE_a2_hippo/libd_chr19-chr19_AA-libd_chr19-chr19_AA-120001-140000-dynamic-1corestotal-allcorepera-20240507-192638.rds"
[1] "File number: 110"
[1] "Loaded RDS file: ..//output_EXPANSE_a2_hippo/libd_chr19-chr19_AA-libd_chr19-chr19_AA-140001-160000-dynamic-1corestotal-allcorepera-20240507-192739.rds"
[1] "File number: 111"
[1] "Loaded RDS file: ..//output_EXPANSE_a2_hippo/libd_chr19-chr19_AA-libd_chr19-chr19_AA-160001-180000-dynamic-1corestotal-allcorepera-20240507-192840.rds"
[1] "File number: 112"
[1] "Loaded RDS file: ..//output_EXPANSE_a2_hippo/libd_chr19-chr19_AA-libd_chr19-chr19_AA-180001-200000-dynamic-1corestotal-allcorepera-20240507-192941.rds"
[1] "File number: 113"
[1] "Loaded RDS file: ..//output_EXPANSE_a2_hippo/libd_chr19-chr19_AA-libd_chr19-chr19_AA-200001-220000-dynamic-1corestotal-allcorepera-20240507-193044.rds"
[1] "File number: 114"
[1] "Loaded RDS file: ..//output_EXPANSE_a2_hippo/libd_chr19-chr19_AA-libd_chr19-chr19_AA-220001-240000-dynamic-1corestotal-allcorepera-20240507-193145.rds"
[1] "File number: 115"
[1] "Loaded RDS file: ..//output_EXPANSE_a2_hippo/libd_chr19-chr19_AA-libd_chr19-chr19_AA-240001-260000-dynamic-1corestotal-allcorepera-20240507-193246.rds"
[1] "File number: 116"
[1] "Loaded RDS file: ..//output_EXPANSE_a2_hippo/libd_chr19-chr19_AA-libd_chr19-chr19_AA-260001-280000-dynamic-1corestotal-allcorepera-20240507-193348.rds"
[1] "File number: 117"
[1] "Loaded RDS file: ..//output_EXPANSE_a2_hippo/libd_chr19-chr19_AA-libd_chr19-chr19_AA-280001-300000-dynamic-1corestotal-allcorepera-20240507-193449.rds"
[1] "File number: 118"
[1] "Loaded RDS file: ..//output_EXPANSE_a2_hippo/libd_chr19-chr19_AA-libd_chr19-chr19_AA-300001-320000-dynamic-1corestotal-allcorepera-20240507-193550.rds"
[1] "File number: 119"
[1] "Loaded RDS file: ..//output_EXPANSE_a2_hippo/libd_chr19-chr19_AA-libd_chr19-chr19_AA-320001-340000-dynamic-1corestotal-allcorepera-20240507-193651.rds"
[1] "File number: 120"
[1] "Loaded RDS file: ..//output_EXPANSE_a2_hippo/libd_chr19-chr19_AA-libd_chr19-chr19_AA-340001-360000-dynamic-1corestotal-allcorepera-20240507-193752.rds"
[1] "File number: 121"
[1] "Loaded RDS file: ..//output_EXPANSE_a2_hippo/libd_chr19-chr19_AA-libd_chr19-chr19_AA-360001-380000-dynamic-1corestotal-allcorepera-20240507-193853.rds"
[1] "File number: 122"
[1] "Loaded RDS file: ..//output_EXPANSE_a2_hippo/libd_chr19-chr19_AA-libd_chr19-chr19_AA-380001-400000-dynamic-1corestotal-allcorepera-20240507-193954.rds"
[1] "File number: 123"
[1] "Loaded RDS file: ..//output_EXPANSE_a2_hippo/libd_chr19-chr19_AA-libd_chr19-chr19_AA-400001-420000-dynamic-1corestotal-allcorepera-20240507-194056.rds"
[1] "File number: 124"
[1] "Loaded RDS file: ..//output_EXPANSE_a2_hippo/libd_chr19-chr19_AA-libd_chr19-chr19_AA-420001-440000-dynamic-1corestotal-allcorepera-20240507-194157.rds"
[1] "File number: 125"
[1] "Loaded RDS file: ..//output_EXPANSE_a2_hippo/libd_chr19-chr19_AA-libd_chr19-chr19_AA-440001-460000-dynamic-1corestotal-allcorepera-20240507-194258.rds"
[1] "File number: 126"
[1] "Loaded RDS file: ..//output_EXPANSE_a2_hippo/libd_chr19-chr19_AA-libd_chr19-chr19_AA-460001-480000-dynamic-1corestotal-allcorepera-20240507-194359.rds"
[1] "File number: 127"
[1] "Loaded RDS file: ..//output_EXPANSE_a2_hippo/libd_chr19-chr19_AA-libd_chr19-chr19_AA-480001-500000-dynamic-1corestotal-allcorepera-20240507-194500.rds"
[1] "File number: 128"
[1] "Loaded RDS file: ..//output_EXPANSE_a2_hippo/libd_chr19-chr19_AA-libd_chr19-chr19_AA-500001-520000-dynamic-1corestotal-allcorepera-20240507-194602.rds"
[1] "File number: 129"
[1] "Loaded RDS file: ..//output_EXPANSE_a2_hippo/libd_chr19-chr19_AA-libd_chr19-chr19_AA-520001-540000-dynamic-1corestotal-allcorepera-20240507-194704.rds"
[1] "File number: 130"
[1] "Loaded RDS file: ..//output_EXPANSE_a2_hippo/libd_chr19-chr19_AA-libd_chr19-chr19_AA-540001-560000-dynamic-1corestotal-allcorepera-20240507-194806.rds"
[1] "File number: 131"
[1] "Loaded RDS file: ..//output_EXPANSE_a2_hippo/libd_chr19-chr19_AA-libd_chr19-chr19_AA-560001-580000-dynamic-1corestotal-allcorepera-20240507-194907.rds"
[1] "File number: 132"
[1] "Loaded RDS file: ..//output_EXPANSE_a2_hippo/libd_chr19-chr19_AA-libd_chr19-chr19_AA-580001-600000-dynamic-1corestotal-allcorepera-20240507-195008.rds"
[1] "File number: 133"
[1] "Loaded RDS file: ..//output_EXPANSE_a2_hippo/libd_chr19-chr19_AA-libd_chr19-chr19_AA-600001-620000-dynamic-1corestotal-allcorepera-20240507-195109.rds"
[1] "File number: 134"
[1] "Loaded RDS file: ..//output_EXPANSE_a2_hippo/libd_chr19-chr19_AA-libd_chr19-chr19_AA-620001-640000-dynamic-1corestotal-allcorepera-20240507-195210.rds"
[1] "File number: 135"
[1] "Loaded RDS file: ..//output_EXPANSE_a2_hippo/libd_chr19-chr19_AA-libd_chr19-chr19_AA-640001-660000-dynamic-1corestotal-allcorepera-20240507-195311.rds"
[1] "File number: 136"
[1] "Loaded RDS file: ..//output_EXPANSE_a2_hippo/libd_chr19-chr19_AA-libd_chr19-chr19_AA-660001-680000-dynamic-1corestotal-allcorepera-20240507-195413.rds"
[1] "File number: 137"
[1] "Loaded RDS file: ..//output_EXPANSE_a2_hippo/libd_chr19-chr19_AA-libd_chr19-chr19_AA-680001-700000-dynamic-1corestotal-allcorepera-20240507-195514.rds"
[1] "File number: 138"
[1] "Loaded RDS file: ..//output_EXPANSE_a2_hippo/libd_chr19-chr19_AA-libd_chr19-chr19_AA-700001-720000-dynamic-1corestotal-allcorepera-20240507-195615.rds"
[1] "File number: 139"
[1] "Loaded RDS file: ..//output_EXPANSE_a2_hippo/libd_chr19-chr19_AA-libd_chr19-chr19_AA-720001-740000-dynamic-1corestotal-allcorepera-20240507-195716.rds"
[1] "File number: 140"
[1] "Loaded RDS file: ..//output_EXPANSE_a2_hippo/libd_chr19-chr19_AA-libd_chr19-chr19_AA-740001-760000-dynamic-1corestotal-allcorepera-20240507-195817.rds"
[1] "File number: 141"
[1] "Loaded RDS file: ..//output_EXPANSE_a2_hippo/libd_chr19-chr19_AA-libd_chr19-chr19_AA-760001-780000-dynamic-1corestotal-allcorepera-20240507-195918.rds"
[1] "File number: 142"
[1] "Loaded RDS file: ..//output_EXPANSE_a2_hippo/libd_chr19-chr19_AA-libd_chr19-chr19_AA-780001-800000-dynamic-1corestotal-allcorepera-20240507-200020.rds"
[1] "File number: 143"
[1] "Loaded RDS file: ..//output_EXPANSE_a2_hippo/libd_chr19-chr19_AA-libd_chr19-chr19_AA-800001-820000-dynamic-1corestotal-allcorepera-20240507-200121.rds"
[1] "File number: 144"
[1] "Loaded RDS file: ..//output_EXPANSE_a2_hippo/libd_chr19-chr19_AA-libd_chr19-chr19_AA-820001-840000-dynamic-1corestotal-allcorepera-20240507-200222.rds"
[1] "File number: 145"
[1] "Loaded RDS file: ..//output_EXPANSE_a2_hippo/libd_chr19-chr19_AA-libd_chr19-chr19_AA-840001-860000-dynamic-1corestotal-allcorepera-20240507-200323.rds"
[1] "File number: 146"
[1] "Loaded RDS file: ..//output_EXPANSE_a2_hippo/libd_chr19-chr19_AA-libd_chr19-chr19_AA-860001-880000-dynamic-1corestotal-allcorepera-20240507-200424.rds"
[1] "File number: 147"
[1] "Loaded RDS file: ..//output_EXPANSE_a2_hippo/libd_chr19-chr19_AA-libd_chr19-chr19_AA-880001-900000-dynamic-1corestotal-allcorepera-20240507-200525.rds"
[1] "File number: 148"
[1] "Loaded RDS file: ..//output_EXPANSE_a2_hippo/libd_chr19-chr19_AA-libd_chr19-chr19_AA-900001-920000-dynamic-1corestotal-allcorepera-20240507-200626.rds"
[1] "File number: 149"
[1] "Loaded RDS file: ..//output_EXPANSE_a2_hippo/libd_chr19-chr19_AA-libd_chr19-chr19_AA-920001-940000-dynamic-1corestotal-allcorepera-20240507-200728.rds"
[1] "File number: 150"
[1] "Loaded RDS file: ..//output_EXPANSE_a2_hippo/libd_chr19-chr19_AA-libd_chr19-chr19_AA-940001-960000-dynamic-1corestotal-allcorepera-20240507-200829.rds"
[1] "File number: 151"
[1] "Loaded RDS file: ..//output_EXPANSE_a2_hippo/libd_chr19-chr19_AA-libd_chr19-chr19_AA-960001-980000-dynamic-1corestotal-allcorepera-20240507-200930.rds"
[1] "File number: 152"
[1] "Loaded RDS file: ..//output_EXPANSE_a2_hippo/libd_chr19-chr19_AA-libd_chr19-chr19_AA-980001-1000000-dynamic-1corestotal-allcorepera-20240507-201031.rds"
[1] "File number: 153"
[1] "Loaded RDS file: ..//output_EXPANSE_a2_hippo/libd_chr19-chr19_AA-libd_chr19-chr19_AA-1000001-1007230-dynamic-1corestotal-allcorepera-20240507-201132.rds"
[1] "File number: 154"
[1] "Loaded RDS file: ..//output_EXPANSE_a2_caud/libd_chr19-chr19_EA-libd_chr19-chr19_EA-1-20000-dynamic-1corestotal-allcorepera-20240507-155158.rds"
[1] "File number: 155"
[1] "Loaded RDS file: ..//output_EXPANSE_a2_caud/libd_chr19-chr19_EA-libd_chr19-chr19_EA-20001-40000-dynamic-1corestotal-allcorepera-20240507-155300.rds"
[1] "File number: 156"
[1] "Loaded RDS file: ..//output_EXPANSE_a2_caud/libd_chr19-chr19_EA-libd_chr19-chr19_EA-40001-60000-dynamic-1corestotal-allcorepera-20240507-155401.rds"
[1] "File number: 157"
[1] "Loaded RDS file: ..//output_EXPANSE_a2_caud/libd_chr19-chr19_EA-libd_chr19-chr19_EA-60001-80000-dynamic-1corestotal-allcorepera-20240507-155507.rds"
[1] "File number: 158"
[1] "Loaded RDS file: ..//output_EXPANSE_a2_caud/libd_chr19-chr19_EA-libd_chr19-chr19_EA-80001-100000-dynamic-1corestotal-allcorepera-20240507-155608.rds"
[1] "File number: 159"
[1] "Loaded RDS file: ..//output_EXPANSE_a2_caud/libd_chr19-chr19_EA-libd_chr19-chr19_EA-100001-120000-dynamic-1corestotal-allcorepera-20240507-155710.rds"
[1] "File number: 160"
[1] "Loaded RDS file: ..//output_EXPANSE_a2_caud/libd_chr19-chr19_EA-libd_chr19-chr19_EA-120001-140000-dynamic-1corestotal-allcorepera-20240507-155811.rds"
[1] "File number: 161"
[1] "Loaded RDS file: ..//output_EXPANSE_a2_caud/libd_chr19-chr19_EA-libd_chr19-chr19_EA-140001-160000-dynamic-1corestotal-allcorepera-20240507-155912.rds"
[1] "File number: 162"
[1] "Loaded RDS file: ..//output_EXPANSE_a2_caud/libd_chr19-chr19_EA-libd_chr19-chr19_EA-160001-180000-dynamic-1corestotal-allcorepera-20240507-160013.rds"
[1] "File number: 163"
[1] "Loaded RDS file: ..//output_EXPANSE_a2_caud/libd_chr19-chr19_EA-libd_chr19-chr19_EA-180001-200000-dynamic-1corestotal-allcorepera-20240507-160114.rds"
[1] "File number: 164"
[1] "Loaded RDS file: ..//output_EXPANSE_a2_caud/libd_chr19-chr19_EA-libd_chr19-chr19_EA-200001-220000-dynamic-1corestotal-allcorepera-20240507-160215.rds"
[1] "File number: 165"
[1] "Loaded RDS file: ..//output_EXPANSE_a2_caud/libd_chr19-chr19_EA-libd_chr19-chr19_EA-220001-240000-dynamic-1corestotal-allcorepera-20240507-160316.rds"
[1] "File number: 166"
[1] "Loaded RDS file: ..//output_EXPANSE_a2_caud/libd_chr19-chr19_EA-libd_chr19-chr19_EA-240001-260000-dynamic-1corestotal-allcorepera-20240507-160418.rds"
[1] "File number: 167"
[1] "Loaded RDS file: ..//output_EXPANSE_a2_caud/libd_chr19-chr19_EA-libd_chr19-chr19_EA-260001-280000-dynamic-1corestotal-allcorepera-20240507-160520.rds"
[1] "File number: 168"
[1] "Loaded RDS file: ..//output_EXPANSE_a2_caud/libd_chr19-chr19_EA-libd_chr19-chr19_EA-280001-300000-dynamic-1corestotal-allcorepera-20240507-160621.rds"
[1] "File number: 169"
[1] "Loaded RDS file: ..//output_EXPANSE_a2_caud/libd_chr19-chr19_EA-libd_chr19-chr19_EA-300001-320000-dynamic-1corestotal-allcorepera-20240507-160722.rds"
[1] "File number: 170"
[1] "Loaded RDS file: ..//output_EXPANSE_a2_caud/libd_chr19-chr19_EA-libd_chr19-chr19_EA-320001-340000-dynamic-1corestotal-allcorepera-20240507-160823.rds"
[1] "File number: 171"
[1] "Loaded RDS file: ..//output_EXPANSE_a2_caud/libd_chr19-chr19_EA-libd_chr19-chr19_EA-340001-360000-dynamic-1corestotal-allcorepera-20240507-160924.rds"
[1] "File number: 172"
[1] "Loaded RDS file: ..//output_EXPANSE_a2_caud/libd_chr19-chr19_EA-libd_chr19-chr19_EA-360001-380000-dynamic-1corestotal-allcorepera-20240507-161026.rds"
[1] "File number: 173"
[1] "Loaded RDS file: ..//output_EXPANSE_a2_caud/libd_chr19-chr19_EA-libd_chr19-chr19_EA-380001-400000-dynamic-1corestotal-allcorepera-20240507-161127.rds"
[1] "File number: 174"
[1] "Loaded RDS file: ..//output_EXPANSE_a2_caud/libd_chr19-chr19_EA-libd_chr19-chr19_EA-400001-420000-dynamic-1corestotal-allcorepera-20240507-161228.rds"
[1] "File number: 175"
[1] "Loaded RDS file: ..//output_EXPANSE_a2_caud/libd_chr19-chr19_EA-libd_chr19-chr19_EA-420001-440000-dynamic-1corestotal-allcorepera-20240507-161329.rds"
[1] "File number: 176"
[1] "Loaded RDS file: ..//output_EXPANSE_a2_caud/libd_chr19-chr19_EA-libd_chr19-chr19_EA-440001-460000-dynamic-1corestotal-allcorepera-20240507-161430.rds"
[1] "File number: 177"
[1] "Loaded RDS file: ..//output_EXPANSE_a2_caud/libd_chr19-chr19_EA-libd_chr19-chr19_EA-460001-480000-dynamic-1corestotal-allcorepera-20240507-161531.rds"
[1] "File number: 178"
[1] "Loaded RDS file: ..//output_EXPANSE_a2_caud/libd_chr19-chr19_EA-libd_chr19-chr19_EA-480001-500000-dynamic-1corestotal-allcorepera-20240507-161633.rds"
[1] "File number: 179"
[1] "Loaded RDS file: ..//output_EXPANSE_a2_caud/libd_chr19-chr19_EA-libd_chr19-chr19_EA-500001-520000-dynamic-1corestotal-allcorepera-20240507-161734.rds"
[1] "File number: 180"
[1] "Loaded RDS file: ..//output_EXPANSE_a2_caud/libd_chr19-chr19_EA-libd_chr19-chr19_EA-520001-540000-dynamic-1corestotal-allcorepera-20240507-161835.rds"
[1] "File number: 181"
[1] "Loaded RDS file: ..//output_EXPANSE_a2_caud/libd_chr19-chr19_EA-libd_chr19-chr19_EA-540001-560000-dynamic-1corestotal-allcorepera-20240507-161936.rds"
[1] "File number: 182"
[1] "Loaded RDS file: ..//output_EXPANSE_a2_caud/libd_chr19-chr19_EA-libd_chr19-chr19_EA-560001-580000-dynamic-1corestotal-allcorepera-20240507-162037.rds"
[1] "File number: 183"
[1] "Loaded RDS file: ..//output_EXPANSE_a2_caud/libd_chr19-chr19_EA-libd_chr19-chr19_EA-580001-600000-dynamic-1corestotal-allcorepera-20240507-162138.rds"
[1] "File number: 184"
[1] "Loaded RDS file: ..//output_EXPANSE_a2_caud/libd_chr19-chr19_EA-libd_chr19-chr19_EA-600001-620000-dynamic-1corestotal-allcorepera-20240507-162240.rds"
[1] "File number: 185"
[1] "Loaded RDS file: ..//output_EXPANSE_a2_caud/libd_chr19-chr19_EA-libd_chr19-chr19_EA-620001-640000-dynamic-1corestotal-allcorepera-20240507-162341.rds"
[1] "File number: 186"
[1] "Loaded RDS file: ..//output_EXPANSE_a2_caud/libd_chr19-chr19_EA-libd_chr19-chr19_EA-640001-660000-dynamic-1corestotal-allcorepera-20240507-162442.rds"
[1] "File number: 187"
[1] "Loaded RDS file: ..//output_EXPANSE_a2_caud/libd_chr19-chr19_EA-libd_chr19-chr19_EA-660001-680000-dynamic-1corestotal-allcorepera-20240507-162543.rds"
[1] "File number: 188"
[1] "Loaded RDS file: ..//output_EXPANSE_a2_caud/libd_chr19-chr19_EA-libd_chr19-chr19_EA-680001-700000-dynamic-1corestotal-allcorepera-20240507-162644.rds"
[1] "File number: 189"
[1] "Loaded RDS file: ..//output_EXPANSE_a2_caud/libd_chr19-chr19_EA-libd_chr19-chr19_EA-700001-720000-dynamic-1corestotal-allcorepera-20240507-162745.rds"
[1] "File number: 190"
[1] "Loaded RDS file: ..//output_EXPANSE_a2_caud/libd_chr19-chr19_EA-libd_chr19-chr19_EA-720001-740000-dynamic-1corestotal-allcorepera-20240507-162846.rds"
[1] "File number: 191"
[1] "Loaded RDS file: ..//output_EXPANSE_a2_caud/libd_chr19-chr19_EA-libd_chr19-chr19_EA-740001-760000-dynamic-1corestotal-allcorepera-20240507-162948.rds"
[1] "File number: 192"
[1] "Loaded RDS file: ..//output_EXPANSE_a2_caud/libd_chr19-chr19_EA-libd_chr19-chr19_EA-760001-780000-dynamic-1corestotal-allcorepera-20240507-163049.rds"
[1] "File number: 193"
[1] "Loaded RDS file: ..//output_EXPANSE_a2_caud/libd_chr19-chr19_EA-libd_chr19-chr19_EA-780001-800000-dynamic-1corestotal-allcorepera-20240507-163151.rds"
[1] "File number: 194"
[1] "Loaded RDS file: ..//output_EXPANSE_a2_caud/libd_chr19-chr19_EA-libd_chr19-chr19_EA-800001-820000-dynamic-1corestotal-allcorepera-20240507-163253.rds"
[1] "File number: 195"
[1] "Loaded RDS file: ..//output_EXPANSE_a2_caud/libd_chr19-chr19_EA-libd_chr19-chr19_EA-820001-840000-dynamic-1corestotal-allcorepera-20240507-163354.rds"
[1] "File number: 196"
[1] "Loaded RDS file: ..//output_EXPANSE_a2_caud/libd_chr19-chr19_EA-libd_chr19-chr19_EA-840001-860000-dynamic-1corestotal-allcorepera-20240507-163455.rds"
[1] "File number: 197"
[1] "Loaded RDS file: ..//output_EXPANSE_a2_caud/libd_chr19-chr19_EA-libd_chr19-chr19_EA-860001-880000-dynamic-1corestotal-allcorepera-20240507-163556.rds"
[1] "File number: 198"
[1] "Loaded RDS file: ..//output_EXPANSE_a2_caud/libd_chr19-chr19_EA-libd_chr19-chr19_EA-880001-900000-dynamic-1corestotal-allcorepera-20240507-163658.rds"
[1] "File number: 199"
[1] "Loaded RDS file: ..//output_EXPANSE_a2_caud/libd_chr19-chr19_EA-libd_chr19-chr19_EA-900001-920000-dynamic-1corestotal-allcorepera-20240507-163759.rds"
[1] "File number: 200"
[1] "Loaded RDS file: ..//output_EXPANSE_a2_caud/libd_chr19-chr19_EA-libd_chr19-chr19_EA-920001-940000-dynamic-1corestotal-allcorepera-20240507-163900.rds"
[1] "File number: 201"
[1] "Loaded RDS file: ..//output_EXPANSE_a2_caud/libd_chr19-chr19_EA-libd_chr19-chr19_EA-940001-960000-dynamic-1corestotal-allcorepera-20240507-164001.rds"
[1] "File number: 202"
[1] "Loaded RDS file: ..//output_EXPANSE_a2_caud/libd_chr19-chr19_EA-libd_chr19-chr19_EA-960001-980000-dynamic-1corestotal-allcorepera-20240507-164104.rds"
[1] "File number: 203"
[1] "Loaded RDS file: ..//output_EXPANSE_a2_caud/libd_chr19-chr19_EA-libd_chr19-chr19_EA-980001-1000000-dynamic-1corestotal-allcorepera-20240507-164205.rds"
[1] "File number: 204"
[1] "Loaded RDS file: ..//output_EXPANSE_a2_caud/libd_chr19-chr19_EA-libd_chr19-chr19_EA-1000001-1007230-dynamic-1corestotal-allcorepera-20240507-164307.rds"
[1] "File number: 205"
[1] "Loaded RDS file: ..//output_EXPANSE_a2_dlpfc/libd_chr19-chr19_EA-libd_chr19-chr19_EA-1-20000-dynamic-1corestotal-allcorepera-20240507-182824.rds"
[1] "File number: 206"
[1] "Loaded RDS file: ..//output_EXPANSE_a2_dlpfc/libd_chr19-chr19_EA-libd_chr19-chr19_EA-20001-40000-dynamic-1corestotal-allcorepera-20240507-182925.rds"
[1] "File number: 207"
[1] "Loaded RDS file: ..//output_EXPANSE_a2_dlpfc/libd_chr19-chr19_EA-libd_chr19-chr19_EA-40001-60000-dynamic-1corestotal-allcorepera-20240507-183026.rds"
[1] "File number: 208"
[1] "Loaded RDS file: ..//output_EXPANSE_a2_dlpfc/libd_chr19-chr19_EA-libd_chr19-chr19_EA-60001-80000-dynamic-1corestotal-allcorepera-20240507-183127.rds"
[1] "File number: 209"
[1] "Loaded RDS file: ..//output_EXPANSE_a2_dlpfc/libd_chr19-chr19_EA-libd_chr19-chr19_EA-80001-100000-dynamic-1corestotal-allcorepera-20240507-183229.rds"
[1] "File number: 210"
[1] "Loaded RDS file: ..//output_EXPANSE_a2_dlpfc/libd_chr19-chr19_EA-libd_chr19-chr19_EA-100001-120000-dynamic-1corestotal-allcorepera-20240507-183330.rds"
[1] "File number: 211"
[1] "Loaded RDS file: ..//output_EXPANSE_a2_dlpfc/libd_chr19-chr19_EA-libd_chr19-chr19_EA-120001-140000-dynamic-1corestotal-allcorepera-20240507-183431.rds"
[1] "File number: 212"
[1] "Loaded RDS file: ..//output_EXPANSE_a2_dlpfc/libd_chr19-chr19_EA-libd_chr19-chr19_EA-140001-160000-dynamic-1corestotal-allcorepera-20240507-183532.rds"
[1] "File number: 213"
[1] "Loaded RDS file: ..//output_EXPANSE_a2_dlpfc/libd_chr19-chr19_EA-libd_chr19-chr19_EA-160001-180000-dynamic-1corestotal-allcorepera-20240507-183633.rds"
[1] "File number: 214"
[1] "Loaded RDS file: ..//output_EXPANSE_a2_dlpfc/libd_chr19-chr19_EA-libd_chr19-chr19_EA-180001-200000-dynamic-1corestotal-allcorepera-20240507-183734.rds"
[1] "File number: 215"
[1] "Loaded RDS file: ..//output_EXPANSE_a2_dlpfc/libd_chr19-chr19_EA-libd_chr19-chr19_EA-200001-220000-dynamic-1corestotal-allcorepera-20240507-183835.rds"
[1] "File number: 216"
[1] "Loaded RDS file: ..//output_EXPANSE_a2_dlpfc/libd_chr19-chr19_EA-libd_chr19-chr19_EA-220001-240000-dynamic-1corestotal-allcorepera-20240507-183937.rds"
[1] "File number: 217"
[1] "Loaded RDS file: ..//output_EXPANSE_a2_dlpfc/libd_chr19-chr19_EA-libd_chr19-chr19_EA-240001-260000-dynamic-1corestotal-allcorepera-20240507-184038.rds"
[1] "File number: 218"
[1] "Loaded RDS file: ..//output_EXPANSE_a2_dlpfc/libd_chr19-chr19_EA-libd_chr19-chr19_EA-260001-280000-dynamic-1corestotal-allcorepera-20240507-184139.rds"
[1] "File number: 219"
[1] "Loaded RDS file: ..//output_EXPANSE_a2_dlpfc/libd_chr19-chr19_EA-libd_chr19-chr19_EA-280001-300000-dynamic-1corestotal-allcorepera-20240507-184241.rds"
[1] "File number: 220"
[1] "Loaded RDS file: ..//output_EXPANSE_a2_dlpfc/libd_chr19-chr19_EA-libd_chr19-chr19_EA-300001-320000-dynamic-1corestotal-allcorepera-20240507-184342.rds"
[1] "File number: 221"
[1] "Loaded RDS file: ..//output_EXPANSE_a2_dlpfc/libd_chr19-chr19_EA-libd_chr19-chr19_EA-320001-340000-dynamic-1corestotal-allcorepera-20240507-184443.rds"
[1] "File number: 222"
[1] "Loaded RDS file: ..//output_EXPANSE_a2_dlpfc/libd_chr19-chr19_EA-libd_chr19-chr19_EA-340001-360000-dynamic-1corestotal-allcorepera-20240507-184544.rds"
[1] "File number: 223"
[1] "Loaded RDS file: ..//output_EXPANSE_a2_dlpfc/libd_chr19-chr19_EA-libd_chr19-chr19_EA-360001-380000-dynamic-1corestotal-allcorepera-20240507-184645.rds"
[1] "File number: 224"
[1] "Loaded RDS file: ..//output_EXPANSE_a2_dlpfc/libd_chr19-chr19_EA-libd_chr19-chr19_EA-380001-400000-dynamic-1corestotal-allcorepera-20240507-184746.rds"
[1] "File number: 225"
[1] "Loaded RDS file: ..//output_EXPANSE_a2_dlpfc/libd_chr19-chr19_EA-libd_chr19-chr19_EA-400001-420000-dynamic-1corestotal-allcorepera-20240507-184848.rds"
[1] "File number: 226"
[1] "Loaded RDS file: ..//output_EXPANSE_a2_dlpfc/libd_chr19-chr19_EA-libd_chr19-chr19_EA-420001-440000-dynamic-1corestotal-allcorepera-20240507-184949.rds"
[1] "File number: 227"
[1] "Loaded RDS file: ..//output_EXPANSE_a2_dlpfc/libd_chr19-chr19_EA-libd_chr19-chr19_EA-440001-460000-dynamic-1corestotal-allcorepera-20240507-185050.rds"
[1] "File number: 228"
[1] "Loaded RDS file: ..//output_EXPANSE_a2_dlpfc/libd_chr19-chr19_EA-libd_chr19-chr19_EA-460001-480000-dynamic-1corestotal-allcorepera-20240507-185151.rds"
[1] "File number: 229"
[1] "Loaded RDS file: ..//output_EXPANSE_a2_dlpfc/libd_chr19-chr19_EA-libd_chr19-chr19_EA-480001-500000-dynamic-1corestotal-allcorepera-20240507-185252.rds"
[1] "File number: 230"
[1] "Loaded RDS file: ..//output_EXPANSE_a2_dlpfc/libd_chr19-chr19_EA-libd_chr19-chr19_EA-500001-520000-dynamic-1corestotal-allcorepera-20240507-185353.rds"
[1] "File number: 231"
[1] "Loaded RDS file: ..//output_EXPANSE_a2_dlpfc/libd_chr19-chr19_EA-libd_chr19-chr19_EA-520001-540000-dynamic-1corestotal-allcorepera-20240507-185454.rds"
[1] "File number: 232"
[1] "Loaded RDS file: ..//output_EXPANSE_a2_dlpfc/libd_chr19-chr19_EA-libd_chr19-chr19_EA-540001-560000-dynamic-1corestotal-allcorepera-20240507-185556.rds"
[1] "File number: 233"
[1] "Loaded RDS file: ..//output_EXPANSE_a2_dlpfc/libd_chr19-chr19_EA-libd_chr19-chr19_EA-560001-580000-dynamic-1corestotal-allcorepera-20240507-185657.rds"
[1] "File number: 234"
[1] "Loaded RDS file: ..//output_EXPANSE_a2_dlpfc/libd_chr19-chr19_EA-libd_chr19-chr19_EA-580001-600000-dynamic-1corestotal-allcorepera-20240507-185758.rds"
[1] "File number: 235"
[1] "Loaded RDS file: ..//output_EXPANSE_a2_dlpfc/libd_chr19-chr19_EA-libd_chr19-chr19_EA-600001-620000-dynamic-1corestotal-allcorepera-20240507-185859.rds"
[1] "File number: 236"
[1] "Loaded RDS file: ..//output_EXPANSE_a2_dlpfc/libd_chr19-chr19_EA-libd_chr19-chr19_EA-620001-640000-dynamic-1corestotal-allcorepera-20240507-190000.rds"
[1] "File number: 237"
[1] "Loaded RDS file: ..//output_EXPANSE_a2_dlpfc/libd_chr19-chr19_EA-libd_chr19-chr19_EA-640001-660000-dynamic-1corestotal-allcorepera-20240507-190104.rds"
[1] "File number: 238"
[1] "Loaded RDS file: ..//output_EXPANSE_a2_dlpfc/libd_chr19-chr19_EA-libd_chr19-chr19_EA-660001-680000-dynamic-1corestotal-allcorepera-20240507-190205.rds"
[1] "File number: 239"
[1] "Loaded RDS file: ..//output_EXPANSE_a2_dlpfc/libd_chr19-chr19_EA-libd_chr19-chr19_EA-680001-700000-dynamic-1corestotal-allcorepera-20240507-190310.rds"
[1] "File number: 240"
[1] "Loaded RDS file: ..//output_EXPANSE_a2_dlpfc/libd_chr19-chr19_EA-libd_chr19-chr19_EA-700001-720000-dynamic-1corestotal-allcorepera-20240507-190411.rds"
[1] "File number: 241"
[1] "Loaded RDS file: ..//output_EXPANSE_a2_dlpfc/libd_chr19-chr19_EA-libd_chr19-chr19_EA-720001-740000-dynamic-1corestotal-allcorepera-20240507-190513.rds"
[1] "File number: 242"
[1] "Loaded RDS file: ..//output_EXPANSE_a2_dlpfc/libd_chr19-chr19_EA-libd_chr19-chr19_EA-740001-760000-dynamic-1corestotal-allcorepera-20240507-190614.rds"
[1] "File number: 243"
[1] "Loaded RDS file: ..//output_EXPANSE_a2_dlpfc/libd_chr19-chr19_EA-libd_chr19-chr19_EA-760001-780000-dynamic-1corestotal-allcorepera-20240507-190715.rds"
[1] "File number: 244"
[1] "Loaded RDS file: ..//output_EXPANSE_a2_dlpfc/libd_chr19-chr19_EA-libd_chr19-chr19_EA-780001-800000-dynamic-1corestotal-allcorepera-20240507-190816.rds"
[1] "File number: 245"
[1] "Loaded RDS file: ..//output_EXPANSE_a2_dlpfc/libd_chr19-chr19_EA-libd_chr19-chr19_EA-800001-820000-dynamic-1corestotal-allcorepera-20240507-190917.rds"
[1] "File number: 246"
[1] "Loaded RDS file: ..//output_EXPANSE_a2_dlpfc/libd_chr19-chr19_EA-libd_chr19-chr19_EA-820001-840000-dynamic-1corestotal-allcorepera-20240507-191018.rds"
[1] "File number: 247"
[1] "Loaded RDS file: ..//output_EXPANSE_a2_dlpfc/libd_chr19-chr19_EA-libd_chr19-chr19_EA-840001-860000-dynamic-1corestotal-allcorepera-20240507-191120.rds"
[1] "File number: 248"
[1] "Loaded RDS file: ..//output_EXPANSE_a2_dlpfc/libd_chr19-chr19_EA-libd_chr19-chr19_EA-860001-880000-dynamic-1corestotal-allcorepera-20240507-191221.rds"
[1] "File number: 249"
[1] "Loaded RDS file: ..//output_EXPANSE_a2_dlpfc/libd_chr19-chr19_EA-libd_chr19-chr19_EA-880001-900000-dynamic-1corestotal-allcorepera-20240507-191322.rds"
[1] "File number: 250"
[1] "Loaded RDS file: ..//output_EXPANSE_a2_dlpfc/libd_chr19-chr19_EA-libd_chr19-chr19_EA-900001-920000-dynamic-1corestotal-allcorepera-20240507-191423.rds"
[1] "File number: 251"
[1] "Loaded RDS file: ..//output_EXPANSE_a2_dlpfc/libd_chr19-chr19_EA-libd_chr19-chr19_EA-920001-940000-dynamic-1corestotal-allcorepera-20240507-191524.rds"
[1] "File number: 252"
[1] "Loaded RDS file: ..//output_EXPANSE_a2_dlpfc/libd_chr19-chr19_EA-libd_chr19-chr19_EA-940001-960000-dynamic-1corestotal-allcorepera-20240507-191626.rds"
[1] "File number: 253"
[1] "Loaded RDS file: ..//output_EXPANSE_a2_dlpfc/libd_chr19-chr19_EA-libd_chr19-chr19_EA-960001-980000-dynamic-1corestotal-allcorepera-20240507-191727.rds"
[1] "File number: 254"
[1] "Loaded RDS file: ..//output_EXPANSE_a2_dlpfc/libd_chr19-chr19_EA-libd_chr19-chr19_EA-980001-1000000-dynamic-1corestotal-allcorepera-20240507-191828.rds"
[1] "File number: 255"
[1] "Loaded RDS file: ..//output_EXPANSE_a2_dlpfc/libd_chr19-chr19_EA-libd_chr19-chr19_EA-1000001-1007230-dynamic-1corestotal-allcorepera-20240507-191930.rds"
[1] "File number: 256"
[1] "Loaded RDS file: ..//output_EXPANSE_a2_hippo/libd_chr19-chr19_EA-libd_chr19-chr19_EA-1-20000-dynamic-1corestotal-allcorepera-20240507-210445.rds"
[1] "File number: 257"
[1] "Loaded RDS file: ..//output_EXPANSE_a2_hippo/libd_chr19-chr19_EA-libd_chr19-chr19_EA-20001-40000-dynamic-1corestotal-allcorepera-20240507-210546.rds"
[1] "File number: 258"
[1] "Loaded RDS file: ..//output_EXPANSE_a2_hippo/libd_chr19-chr19_EA-libd_chr19-chr19_EA-40001-60000-dynamic-1corestotal-allcorepera-20240507-210647.rds"
[1] "File number: 259"
[1] "Loaded RDS file: ..//output_EXPANSE_a2_hippo/libd_chr19-chr19_EA-libd_chr19-chr19_EA-60001-80000-dynamic-1corestotal-allcorepera-20240507-210748.rds"
[1] "File number: 260"
[1] "Loaded RDS file: ..//output_EXPANSE_a2_hippo/libd_chr19-chr19_EA-libd_chr19-chr19_EA-80001-100000-dynamic-1corestotal-allcorepera-20240507-210849.rds"
[1] "File number: 261"
[1] "Loaded RDS file: ..//output_EXPANSE_a2_hippo/libd_chr19-chr19_EA-libd_chr19-chr19_EA-100001-120000-dynamic-1corestotal-allcorepera-20240507-210950.rds"
[1] "File number: 262"
[1] "Loaded RDS file: ..//output_EXPANSE_a2_hippo/libd_chr19-chr19_EA-libd_chr19-chr19_EA-120001-140000-dynamic-1corestotal-allcorepera-20240507-211051.rds"
[1] "File number: 263"
[1] "Loaded RDS file: ..//output_EXPANSE_a2_hippo/libd_chr19-chr19_EA-libd_chr19-chr19_EA-140001-160000-dynamic-1corestotal-allcorepera-20240507-211153.rds"
[1] "File number: 264"
[1] "Loaded RDS file: ..//output_EXPANSE_a2_hippo/libd_chr19-chr19_EA-libd_chr19-chr19_EA-160001-180000-dynamic-1corestotal-allcorepera-20240507-211254.rds"
[1] "File number: 265"
[1] "Loaded RDS file: ..//output_EXPANSE_a2_hippo/libd_chr19-chr19_EA-libd_chr19-chr19_EA-180001-200000-dynamic-1corestotal-allcorepera-20240507-211355.rds"
[1] "File number: 266"
[1] "Loaded RDS file: ..//output_EXPANSE_a2_hippo/libd_chr19-chr19_EA-libd_chr19-chr19_EA-200001-220000-dynamic-1corestotal-allcorepera-20240507-211456.rds"
[1] "File number: 267"
[1] "Loaded RDS file: ..//output_EXPANSE_a2_hippo/libd_chr19-chr19_EA-libd_chr19-chr19_EA-220001-240000-dynamic-1corestotal-allcorepera-20240507-211557.rds"
[1] "File number: 268"
[1] "Loaded RDS file: ..//output_EXPANSE_a2_hippo/libd_chr19-chr19_EA-libd_chr19-chr19_EA-240001-260000-dynamic-1corestotal-allcorepera-20240507-211658.rds"
[1] "File number: 269"
[1] "Loaded RDS file: ..//output_EXPANSE_a2_hippo/libd_chr19-chr19_EA-libd_chr19-chr19_EA-260001-280000-dynamic-1corestotal-allcorepera-20240507-211801.rds"
[1] "File number: 270"
[1] "Loaded RDS file: ..//output_EXPANSE_a2_hippo/libd_chr19-chr19_EA-libd_chr19-chr19_EA-280001-300000-dynamic-1corestotal-allcorepera-20240507-211908.rds"
[1] "File number: 271"
[1] "Loaded RDS file: ..//output_EXPANSE_a2_hippo/libd_chr19-chr19_EA-libd_chr19-chr19_EA-300001-320000-dynamic-1corestotal-allcorepera-20240507-212010.rds"
[1] "File number: 272"
[1] "Loaded RDS file: ..//output_EXPANSE_a2_hippo/libd_chr19-chr19_EA-libd_chr19-chr19_EA-320001-340000-dynamic-1corestotal-allcorepera-20240507-212111.rds"
[1] "File number: 273"
[1] "Loaded RDS file: ..//output_EXPANSE_a2_hippo/libd_chr19-chr19_EA-libd_chr19-chr19_EA-340001-360000-dynamic-1corestotal-allcorepera-20240507-212212.rds"
[1] "File number: 274"
[1] "Loaded RDS file: ..//output_EXPANSE_a2_hippo/libd_chr19-chr19_EA-libd_chr19-chr19_EA-360001-380000-dynamic-1corestotal-allcorepera-20240507-212313.rds"
[1] "File number: 275"
[1] "Loaded RDS file: ..//output_EXPANSE_a2_hippo/libd_chr19-chr19_EA-libd_chr19-chr19_EA-380001-400000-dynamic-1corestotal-allcorepera-20240507-212414.rds"
[1] "File number: 276"
[1] "Loaded RDS file: ..//output_EXPANSE_a2_hippo/libd_chr19-chr19_EA-libd_chr19-chr19_EA-400001-420000-dynamic-1corestotal-allcorepera-20240507-212515.rds"
[1] "File number: 277"
[1] "Loaded RDS file: ..//output_EXPANSE_a2_hippo/libd_chr19-chr19_EA-libd_chr19-chr19_EA-420001-440000-dynamic-1corestotal-allcorepera-20240507-212616.rds"
[1] "File number: 278"
[1] "Loaded RDS file: ..//output_EXPANSE_a2_hippo/libd_chr19-chr19_EA-libd_chr19-chr19_EA-440001-460000-dynamic-1corestotal-allcorepera-20240507-212717.rds"
[1] "File number: 279"
[1] "Loaded RDS file: ..//output_EXPANSE_a2_hippo/libd_chr19-chr19_EA-libd_chr19-chr19_EA-460001-480000-dynamic-1corestotal-allcorepera-20240507-212819.rds"
[1] "File number: 280"
[1] "Loaded RDS file: ..//output_EXPANSE_a2_hippo/libd_chr19-chr19_EA-libd_chr19-chr19_EA-480001-500000-dynamic-1corestotal-allcorepera-20240507-212920.rds"
[1] "File number: 281"
[1] "Loaded RDS file: ..//output_EXPANSE_a2_hippo/libd_chr19-chr19_EA-libd_chr19-chr19_EA-500001-520000-dynamic-1corestotal-allcorepera-20240507-213021.rds"
[1] "File number: 282"
[1] "Loaded RDS file: ..//output_EXPANSE_a2_hippo/libd_chr19-chr19_EA-libd_chr19-chr19_EA-520001-540000-dynamic-1corestotal-allcorepera-20240507-213122.rds"
[1] "File number: 283"
[1] "Loaded RDS file: ..//output_EXPANSE_a2_hippo/libd_chr19-chr19_EA-libd_chr19-chr19_EA-540001-560000-dynamic-1corestotal-allcorepera-20240507-213223.rds"
[1] "File number: 284"
[1] "Loaded RDS file: ..//output_EXPANSE_a2_hippo/libd_chr19-chr19_EA-libd_chr19-chr19_EA-560001-580000-dynamic-1corestotal-allcorepera-20240507-213324.rds"
[1] "File number: 285"
[1] "Loaded RDS file: ..//output_EXPANSE_a2_hippo/libd_chr19-chr19_EA-libd_chr19-chr19_EA-580001-600000-dynamic-1corestotal-allcorepera-20240507-213426.rds"
[1] "File number: 286"
[1] "Loaded RDS file: ..//output_EXPANSE_a2_hippo/libd_chr19-chr19_EA-libd_chr19-chr19_EA-600001-620000-dynamic-1corestotal-allcorepera-20240507-213527.rds"
[1] "File number: 287"
[1] "Loaded RDS file: ..//output_EXPANSE_a2_hippo/libd_chr19-chr19_EA-libd_chr19-chr19_EA-620001-640000-dynamic-1corestotal-allcorepera-20240507-213628.rds"
[1] "File number: 288"
[1] "Loaded RDS file: ..//output_EXPANSE_a2_hippo/libd_chr19-chr19_EA-libd_chr19-chr19_EA-640001-660000-dynamic-1corestotal-allcorepera-20240507-213729.rds"
[1] "File number: 289"
[1] "Loaded RDS file: ..//output_EXPANSE_a2_hippo/libd_chr19-chr19_EA-libd_chr19-chr19_EA-660001-680000-dynamic-1corestotal-allcorepera-20240507-213830.rds"
[1] "File number: 290"
[1] "Loaded RDS file: ..//output_EXPANSE_a2_hippo/libd_chr19-chr19_EA-libd_chr19-chr19_EA-680001-700000-dynamic-1corestotal-allcorepera-20240507-213931.rds"
[1] "File number: 291"
[1] "Loaded RDS file: ..//output_EXPANSE_a2_hippo/libd_chr19-chr19_EA-libd_chr19-chr19_EA-700001-720000-dynamic-1corestotal-allcorepera-20240507-214032.rds"
[1] "File number: 292"
[1] "Loaded RDS file: ..//output_EXPANSE_a2_hippo/libd_chr19-chr19_EA-libd_chr19-chr19_EA-720001-740000-dynamic-1corestotal-allcorepera-20240507-214133.rds"
[1] "File number: 293"
[1] "Loaded RDS file: ..//output_EXPANSE_a2_hippo/libd_chr19-chr19_EA-libd_chr19-chr19_EA-740001-760000-dynamic-1corestotal-allcorepera-20240507-214235.rds"
[1] "File number: 294"
[1] "Loaded RDS file: ..//output_EXPANSE_a2_hippo/libd_chr19-chr19_EA-libd_chr19-chr19_EA-760001-780000-dynamic-1corestotal-allcorepera-20240507-214336.rds"
[1] "File number: 295"
[1] "Loaded RDS file: ..//output_EXPANSE_a2_hippo/libd_chr19-chr19_EA-libd_chr19-chr19_EA-780001-800000-dynamic-1corestotal-allcorepera-20240507-214439.rds"
[1] "File number: 296"
[1] "Loaded RDS file: ..//output_EXPANSE_a2_hippo/libd_chr19-chr19_EA-libd_chr19-chr19_EA-800001-820000-dynamic-1corestotal-allcorepera-20240507-214540.rds"
[1] "File number: 297"
[1] "Loaded RDS file: ..//output_EXPANSE_a2_hippo/libd_chr19-chr19_EA-libd_chr19-chr19_EA-820001-840000-dynamic-1corestotal-allcorepera-20240507-214641.rds"
[1] "File number: 298"
[1] "Loaded RDS file: ..//output_EXPANSE_a2_hippo/libd_chr19-chr19_EA-libd_chr19-chr19_EA-840001-860000-dynamic-1corestotal-allcorepera-20240507-214742.rds"
[1] "File number: 299"
[1] "Loaded RDS file: ..//output_EXPANSE_a2_hippo/libd_chr19-chr19_EA-libd_chr19-chr19_EA-860001-880000-dynamic-1corestotal-allcorepera-20240507-214843.rds"
[1] "File number: 300"
[1] "Loaded RDS file: ..//output_EXPANSE_a2_hippo/libd_chr19-chr19_EA-libd_chr19-chr19_EA-880001-900000-dynamic-1corestotal-allcorepera-20240507-214944.rds"
[1] "File number: 301"
[1] "Loaded RDS file: ..//output_EXPANSE_a2_hippo/libd_chr19-chr19_EA-libd_chr19-chr19_EA-900001-920000-dynamic-1corestotal-allcorepera-20240507-215046.rds"
[1] "File number: 302"
[1] "Loaded RDS file: ..//output_EXPANSE_a2_hippo/libd_chr19-chr19_EA-libd_chr19-chr19_EA-920001-940000-dynamic-1corestotal-allcorepera-20240507-215147.rds"
[1] "File number: 303"
[1] "Loaded RDS file: ..//output_EXPANSE_a2_hippo/libd_chr19-chr19_EA-libd_chr19-chr19_EA-940001-960000-dynamic-1corestotal-allcorepera-20240507-215306.rds"
[1] "File number: 304"
[1] "Loaded RDS file: ..//output_EXPANSE_a2_hippo/libd_chr19-chr19_EA-libd_chr19-chr19_EA-960001-980000-dynamic-1corestotal-allcorepera-20240507-215407.rds"
[1] "File number: 305"
[1] "Loaded RDS file: ..//output_EXPANSE_a2_hippo/libd_chr19-chr19_EA-libd_chr19-chr19_EA-980001-1000000-dynamic-1corestotal-allcorepera-20240507-215508.rds"
[1] "File number: 306"
[1] "Loaded RDS file: ..//output_EXPANSE_a2_hippo/libd_chr19-chr19_EA-libd_chr19-chr19_EA-1000001-1007230-dynamic-1corestotal-allcorepera-20240507-215609.rds"
[1] "File number: 307"
[1] "Loaded RDS file: ..//output_EXPANSE_a2_caud/libd_chr19-chr19_all-libd_chr19-chr19_all-1-20000-dynamic-1corestotal-allcorepera-20240507-145954.rds"
[1] "File number: 308"
[1] "Loaded RDS file: ..//output_EXPANSE_a2_caud/libd_chr19-chr19_all-libd_chr19-chr19_all-20001-40000-dynamic-1corestotal-allcorepera-20240507-150055.rds"
[1] "File number: 309"
[1] "Loaded RDS file: ..//output_EXPANSE_a2_caud/libd_chr19-chr19_all-libd_chr19-chr19_all-40001-60000-dynamic-1corestotal-allcorepera-20240507-150157.rds"
[1] "File number: 310"
[1] "Loaded RDS file: ..//output_EXPANSE_a2_caud/libd_chr19-chr19_all-libd_chr19-chr19_all-60001-80000-dynamic-1corestotal-allcorepera-20240507-150258.rds"
[1] "File number: 311"
[1] "Loaded RDS file: ..//output_EXPANSE_a2_caud/libd_chr19-chr19_all-libd_chr19-chr19_all-80001-100000-dynamic-1corestotal-allcorepera-20240507-150359.rds"
[1] "File number: 312"
[1] "Loaded RDS file: ..//output_EXPANSE_a2_caud/libd_chr19-chr19_all-libd_chr19-chr19_all-100001-120000-dynamic-1corestotal-allcorepera-20240507-150500.rds"
[1] "File number: 313"
[1] "Loaded RDS file: ..//output_EXPANSE_a2_caud/libd_chr19-chr19_all-libd_chr19-chr19_all-120001-140000-dynamic-1corestotal-allcorepera-20240507-150601.rds"
[1] "File number: 314"
[1] "Loaded RDS file: ..//output_EXPANSE_a2_caud/libd_chr19-chr19_all-libd_chr19-chr19_all-140001-160000-dynamic-1corestotal-allcorepera-20240507-150705.rds"
[1] "File number: 315"
[1] "Loaded RDS file: ..//output_EXPANSE_a2_caud/libd_chr19-chr19_all-libd_chr19-chr19_all-160001-180000-dynamic-1corestotal-allcorepera-20240507-150806.rds"
[1] "File number: 316"
[1] "Loaded RDS file: ..//output_EXPANSE_a2_caud/libd_chr19-chr19_all-libd_chr19-chr19_all-180001-200000-dynamic-1corestotal-allcorepera-20240507-150907.rds"
[1] "File number: 317"
[1] "Loaded RDS file: ..//output_EXPANSE_a2_caud/libd_chr19-chr19_all-libd_chr19-chr19_all-200001-220000-dynamic-1corestotal-allcorepera-20240507-151009.rds"
[1] "File number: 318"
[1] "Loaded RDS file: ..//output_EXPANSE_a2_caud/libd_chr19-chr19_all-libd_chr19-chr19_all-220001-240000-dynamic-1corestotal-allcorepera-20240507-151110.rds"
[1] "File number: 319"
[1] "Loaded RDS file: ..//output_EXPANSE_a2_caud/libd_chr19-chr19_all-libd_chr19-chr19_all-240001-260000-dynamic-1corestotal-allcorepera-20240507-151211.rds"
[1] "File number: 320"
[1] "Loaded RDS file: ..//output_EXPANSE_a2_caud/libd_chr19-chr19_all-libd_chr19-chr19_all-260001-280000-dynamic-1corestotal-allcorepera-20240507-151312.rds"
[1] "File number: 321"
[1] "Loaded RDS file: ..//output_EXPANSE_a2_caud/libd_chr19-chr19_all-libd_chr19-chr19_all-280001-300000-dynamic-1corestotal-allcorepera-20240507-151413.rds"
[1] "File number: 322"
[1] "Loaded RDS file: ..//output_EXPANSE_a2_caud/libd_chr19-chr19_all-libd_chr19-chr19_all-300001-320000-dynamic-1corestotal-allcorepera-20240507-151514.rds"
[1] "File number: 323"
[1] "Loaded RDS file: ..//output_EXPANSE_a2_caud/libd_chr19-chr19_all-libd_chr19-chr19_all-320001-340000-dynamic-1corestotal-allcorepera-20240507-151615.rds"
[1] "File number: 324"
[1] "Loaded RDS file: ..//output_EXPANSE_a2_caud/libd_chr19-chr19_all-libd_chr19-chr19_all-340001-360000-dynamic-1corestotal-allcorepera-20240507-151717.rds"
[1] "File number: 325"
[1] "Loaded RDS file: ..//output_EXPANSE_a2_caud/libd_chr19-chr19_all-libd_chr19-chr19_all-360001-380000-dynamic-1corestotal-allcorepera-20240507-151818.rds"
[1] "File number: 326"
[1] "Loaded RDS file: ..//output_EXPANSE_a2_caud/libd_chr19-chr19_all-libd_chr19-chr19_all-380001-400000-dynamic-1corestotal-allcorepera-20240507-151919.rds"
[1] "File number: 327"
[1] "Loaded RDS file: ..//output_EXPANSE_a2_caud/libd_chr19-chr19_all-libd_chr19-chr19_all-400001-420000-dynamic-1corestotal-allcorepera-20240507-152020.rds"
[1] "File number: 328"
[1] "Loaded RDS file: ..//output_EXPANSE_a2_caud/libd_chr19-chr19_all-libd_chr19-chr19_all-420001-440000-dynamic-1corestotal-allcorepera-20240507-152121.rds"
[1] "File number: 329"
[1] "Loaded RDS file: ..//output_EXPANSE_a2_caud/libd_chr19-chr19_all-libd_chr19-chr19_all-440001-460000-dynamic-1corestotal-allcorepera-20240507-152222.rds"
[1] "File number: 330"
[1] "Loaded RDS file: ..//output_EXPANSE_a2_caud/libd_chr19-chr19_all-libd_chr19-chr19_all-460001-480000-dynamic-1corestotal-allcorepera-20240507-152323.rds"
[1] "File number: 331"
[1] "Loaded RDS file: ..//output_EXPANSE_a2_caud/libd_chr19-chr19_all-libd_chr19-chr19_all-480001-500000-dynamic-1corestotal-allcorepera-20240507-152425.rds"
[1] "File number: 332"
[1] "Loaded RDS file: ..//output_EXPANSE_a2_caud/libd_chr19-chr19_all-libd_chr19-chr19_all-500001-520000-dynamic-1corestotal-allcorepera-20240507-152526.rds"
[1] "File number: 333"
[1] "Loaded RDS file: ..//output_EXPANSE_a2_caud/libd_chr19-chr19_all-libd_chr19-chr19_all-520001-540000-dynamic-1corestotal-allcorepera-20240507-152627.rds"
[1] "File number: 334"
[1] "Loaded RDS file: ..//output_EXPANSE_a2_caud/libd_chr19-chr19_all-libd_chr19-chr19_all-540001-560000-dynamic-1corestotal-allcorepera-20240507-152728.rds"
[1] "File number: 335"
[1] "Loaded RDS file: ..//output_EXPANSE_a2_caud/libd_chr19-chr19_all-libd_chr19-chr19_all-560001-580000-dynamic-1corestotal-allcorepera-20240507-152829.rds"
[1] "File number: 336"
[1] "Loaded RDS file: ..//output_EXPANSE_a2_caud/libd_chr19-chr19_all-libd_chr19-chr19_all-580001-600000-dynamic-1corestotal-allcorepera-20240507-152930.rds"
[1] "File number: 337"
[1] "Loaded RDS file: ..//output_EXPANSE_a2_caud/libd_chr19-chr19_all-libd_chr19-chr19_all-600001-620000-dynamic-1corestotal-allcorepera-20240507-153031.rds"
[1] "File number: 338"
[1] "Loaded RDS file: ..//output_EXPANSE_a2_caud/libd_chr19-chr19_all-libd_chr19-chr19_all-620001-640000-dynamic-1corestotal-allcorepera-20240507-153133.rds"
[1] "File number: 339"
[1] "Loaded RDS file: ..//output_EXPANSE_a2_caud/libd_chr19-chr19_all-libd_chr19-chr19_all-640001-660000-dynamic-1corestotal-allcorepera-20240507-153235.rds"
[1] "File number: 340"
[1] "Loaded RDS file: ..//output_EXPANSE_a2_caud/libd_chr19-chr19_all-libd_chr19-chr19_all-660001-680000-dynamic-1corestotal-allcorepera-20240507-153337.rds"
[1] "File number: 341"
[1] "Loaded RDS file: ..//output_EXPANSE_a2_caud/libd_chr19-chr19_all-libd_chr19-chr19_all-680001-700000-dynamic-1corestotal-allcorepera-20240507-153438.rds"
[1] "File number: 342"
[1] "Loaded RDS file: ..//output_EXPANSE_a2_caud/libd_chr19-chr19_all-libd_chr19-chr19_all-700001-720000-dynamic-1corestotal-allcorepera-20240507-153539.rds"
[1] "File number: 343"
[1] "Loaded RDS file: ..//output_EXPANSE_a2_caud/libd_chr19-chr19_all-libd_chr19-chr19_all-720001-740000-dynamic-1corestotal-allcorepera-20240507-153640.rds"
[1] "File number: 344"
[1] "Loaded RDS file: ..//output_EXPANSE_a2_caud/libd_chr19-chr19_all-libd_chr19-chr19_all-740001-760000-dynamic-1corestotal-allcorepera-20240507-153742.rds"
[1] "File number: 345"
[1] "Loaded RDS file: ..//output_EXPANSE_a2_caud/libd_chr19-chr19_all-libd_chr19-chr19_all-760001-780000-dynamic-1corestotal-allcorepera-20240507-153843.rds"
[1] "File number: 346"
[1] "Loaded RDS file: ..//output_EXPANSE_a2_caud/libd_chr19-chr19_all-libd_chr19-chr19_all-780001-800000-dynamic-1corestotal-allcorepera-20240507-153944.rds"
[1] "File number: 347"
[1] "Loaded RDS file: ..//output_EXPANSE_a2_caud/libd_chr19-chr19_all-libd_chr19-chr19_all-800001-820000-dynamic-1corestotal-allcorepera-20240507-154045.rds"
[1] "File number: 348"
[1] "Loaded RDS file: ..//output_EXPANSE_a2_caud/libd_chr19-chr19_all-libd_chr19-chr19_all-820001-840000-dynamic-1corestotal-allcorepera-20240507-154146.rds"
[1] "File number: 349"
[1] "Loaded RDS file: ..//output_EXPANSE_a2_caud/libd_chr19-chr19_all-libd_chr19-chr19_all-840001-860000-dynamic-1corestotal-allcorepera-20240507-154247.rds"
[1] "File number: 350"
[1] "Loaded RDS file: ..//output_EXPANSE_a2_caud/libd_chr19-chr19_all-libd_chr19-chr19_all-860001-880000-dynamic-1corestotal-allcorepera-20240507-154348.rds"
[1] "File number: 351"
[1] "Loaded RDS file: ..//output_EXPANSE_a2_caud/libd_chr19-chr19_all-libd_chr19-chr19_all-880001-900000-dynamic-1corestotal-allcorepera-20240507-154450.rds"
[1] "File number: 352"
[1] "Loaded RDS file: ..//output_EXPANSE_a2_caud/libd_chr19-chr19_all-libd_chr19-chr19_all-900001-920000-dynamic-1corestotal-allcorepera-20240507-154551.rds"
[1] "File number: 353"
[1] "Loaded RDS file: ..//output_EXPANSE_a2_caud/libd_chr19-chr19_all-libd_chr19-chr19_all-920001-940000-dynamic-1corestotal-allcorepera-20240507-154652.rds"
[1] "File number: 354"
[1] "Loaded RDS file: ..//output_EXPANSE_a2_caud/libd_chr19-chr19_all-libd_chr19-chr19_all-940001-960000-dynamic-1corestotal-allcorepera-20240507-154753.rds"
[1] "File number: 355"
[1] "Loaded RDS file: ..//output_EXPANSE_a2_caud/libd_chr19-chr19_all-libd_chr19-chr19_all-960001-980000-dynamic-1corestotal-allcorepera-20240507-154855.rds"
[1] "File number: 356"
[1] "Loaded RDS file: ..//output_EXPANSE_a2_caud/libd_chr19-chr19_all-libd_chr19-chr19_all-980001-1000000-dynamic-1corestotal-allcorepera-20240507-154956.rds"
[1] "File number: 357"
[1] "Loaded RDS file: ..//output_EXPANSE_a2_caud/libd_chr19-chr19_all-libd_chr19-chr19_all-1000001-1007230-dynamic-1corestotal-allcorepera-20240507-155057.rds"
[1] "File number: 358"
[1] "Loaded RDS file: ..//output_EXPANSE_a2_dlpfc/libd_chr19-chr19_all-libd_chr19-chr19_all-1-20000-dynamic-1corestotal-allcorepera-20240507-173617.rds"
[1] "File number: 359"
[1] "Loaded RDS file: ..//output_EXPANSE_a2_dlpfc/libd_chr19-chr19_all-libd_chr19-chr19_all-20001-40000-dynamic-1corestotal-allcorepera-20240507-173718.rds"
[1] "File number: 360"
[1] "Loaded RDS file: ..//output_EXPANSE_a2_dlpfc/libd_chr19-chr19_all-libd_chr19-chr19_all-40001-60000-dynamic-1corestotal-allcorepera-20240507-173819.rds"
[1] "File number: 361"
[1] "Loaded RDS file: ..//output_EXPANSE_a2_dlpfc/libd_chr19-chr19_all-libd_chr19-chr19_all-60001-80000-dynamic-1corestotal-allcorepera-20240507-173920.rds"
[1] "File number: 362"
[1] "Loaded RDS file: ..//output_EXPANSE_a2_dlpfc/libd_chr19-chr19_all-libd_chr19-chr19_all-80001-100000-dynamic-1corestotal-allcorepera-20240507-174021.rds"
[1] "File number: 363"
[1] "Loaded RDS file: ..//output_EXPANSE_a2_dlpfc/libd_chr19-chr19_all-libd_chr19-chr19_all-100001-120000-dynamic-1corestotal-allcorepera-20240507-174122.rds"
[1] "File number: 364"
[1] "Loaded RDS file: ..//output_EXPANSE_a2_dlpfc/libd_chr19-chr19_all-libd_chr19-chr19_all-120001-140000-dynamic-1corestotal-allcorepera-20240507-174223.rds"
[1] "File number: 365"
[1] "Loaded RDS file: ..//output_EXPANSE_a2_dlpfc/libd_chr19-chr19_all-libd_chr19-chr19_all-140001-160000-dynamic-1corestotal-allcorepera-20240507-174325.rds"
[1] "File number: 366"
[1] "Loaded RDS file: ..//output_EXPANSE_a2_dlpfc/libd_chr19-chr19_all-libd_chr19-chr19_all-160001-180000-dynamic-1corestotal-allcorepera-20240507-174426.rds"
[1] "File number: 367"
[1] "Loaded RDS file: ..//output_EXPANSE_a2_dlpfc/libd_chr19-chr19_all-libd_chr19-chr19_all-180001-200000-dynamic-1corestotal-allcorepera-20240507-174527.rds"
[1] "File number: 368"
[1] "Loaded RDS file: ..//output_EXPANSE_a2_dlpfc/libd_chr19-chr19_all-libd_chr19-chr19_all-200001-220000-dynamic-1corestotal-allcorepera-20240507-174628.rds"
[1] "File number: 369"
[1] "Loaded RDS file: ..//output_EXPANSE_a2_dlpfc/libd_chr19-chr19_all-libd_chr19-chr19_all-220001-240000-dynamic-1corestotal-allcorepera-20240507-174729.rds"
[1] "File number: 370"
[1] "Loaded RDS file: ..//output_EXPANSE_a2_dlpfc/libd_chr19-chr19_all-libd_chr19-chr19_all-240001-260000-dynamic-1corestotal-allcorepera-20240507-174830.rds"
[1] "File number: 371"
[1] "Loaded RDS file: ..//output_EXPANSE_a2_dlpfc/libd_chr19-chr19_all-libd_chr19-chr19_all-260001-280000-dynamic-1corestotal-allcorepera-20240507-174931.rds"
[1] "File number: 372"
[1] "Loaded RDS file: ..//output_EXPANSE_a2_dlpfc/libd_chr19-chr19_all-libd_chr19-chr19_all-280001-300000-dynamic-1corestotal-allcorepera-20240507-175033.rds"
[1] "File number: 373"
[1] "Loaded RDS file: ..//output_EXPANSE_a2_dlpfc/libd_chr19-chr19_all-libd_chr19-chr19_all-300001-320000-dynamic-1corestotal-allcorepera-20240507-175134.rds"
[1] "File number: 374"
[1] "Loaded RDS file: ..//output_EXPANSE_a2_dlpfc/libd_chr19-chr19_all-libd_chr19-chr19_all-320001-340000-dynamic-1corestotal-allcorepera-20240507-175235.rds"
[1] "File number: 375"
[1] "Loaded RDS file: ..//output_EXPANSE_a2_dlpfc/libd_chr19-chr19_all-libd_chr19-chr19_all-340001-360000-dynamic-1corestotal-allcorepera-20240507-175336.rds"
[1] "File number: 376"
[1] "Loaded RDS file: ..//output_EXPANSE_a2_dlpfc/libd_chr19-chr19_all-libd_chr19-chr19_all-360001-380000-dynamic-1corestotal-allcorepera-20240507-175437.rds"
[1] "File number: 377"
[1] "Loaded RDS file: ..//output_EXPANSE_a2_dlpfc/libd_chr19-chr19_all-libd_chr19-chr19_all-380001-400000-dynamic-1corestotal-allcorepera-20240507-175538.rds"
[1] "File number: 378"
[1] "Loaded RDS file: ..//output_EXPANSE_a2_dlpfc/libd_chr19-chr19_all-libd_chr19-chr19_all-400001-420000-dynamic-1corestotal-allcorepera-20240507-175640.rds"
[1] "File number: 379"
[1] "Loaded RDS file: ..//output_EXPANSE_a2_dlpfc/libd_chr19-chr19_all-libd_chr19-chr19_all-420001-440000-dynamic-1corestotal-allcorepera-20240507-175742.rds"
[1] "File number: 380"
[1] "Loaded RDS file: ..//output_EXPANSE_a2_dlpfc/libd_chr19-chr19_all-libd_chr19-chr19_all-440001-460000-dynamic-1corestotal-allcorepera-20240507-175843.rds"
[1] "File number: 381"
[1] "Loaded RDS file: ..//output_EXPANSE_a2_dlpfc/libd_chr19-chr19_all-libd_chr19-chr19_all-460001-480000-dynamic-1corestotal-allcorepera-20240507-175944.rds"
[1] "File number: 382"
[1] "Loaded RDS file: ..//output_EXPANSE_a2_dlpfc/libd_chr19-chr19_all-libd_chr19-chr19_all-480001-500000-dynamic-1corestotal-allcorepera-20240507-180046.rds"
[1] "File number: 383"
[1] "Loaded RDS file: ..//output_EXPANSE_a2_dlpfc/libd_chr19-chr19_all-libd_chr19-chr19_all-500001-520000-dynamic-1corestotal-allcorepera-20240507-180147.rds"
[1] "File number: 384"
[1] "Loaded RDS file: ..//output_EXPANSE_a2_dlpfc/libd_chr19-chr19_all-libd_chr19-chr19_all-520001-540000-dynamic-1corestotal-allcorepera-20240507-180248.rds"
[1] "File number: 385"
[1] "Loaded RDS file: ..//output_EXPANSE_a2_dlpfc/libd_chr19-chr19_all-libd_chr19-chr19_all-540001-560000-dynamic-1corestotal-allcorepera-20240507-180349.rds"
[1] "File number: 386"
[1] "Loaded RDS file: ..//output_EXPANSE_a2_dlpfc/libd_chr19-chr19_all-libd_chr19-chr19_all-560001-580000-dynamic-1corestotal-allcorepera-20240507-180450.rds"
[1] "File number: 387"
[1] "Loaded RDS file: ..//output_EXPANSE_a2_dlpfc/libd_chr19-chr19_all-libd_chr19-chr19_all-580001-600000-dynamic-1corestotal-allcorepera-20240507-180551.rds"
[1] "File number: 388"
[1] "Loaded RDS file: ..//output_EXPANSE_a2_dlpfc/libd_chr19-chr19_all-libd_chr19-chr19_all-600001-620000-dynamic-1corestotal-allcorepera-20240507-180652.rds"
[1] "File number: 389"
[1] "Loaded RDS file: ..//output_EXPANSE_a2_dlpfc/libd_chr19-chr19_all-libd_chr19-chr19_all-620001-640000-dynamic-1corestotal-allcorepera-20240507-180754.rds"
[1] "File number: 390"
[1] "Loaded RDS file: ..//output_EXPANSE_a2_dlpfc/libd_chr19-chr19_all-libd_chr19-chr19_all-640001-660000-dynamic-1corestotal-allcorepera-20240507-180855.rds"
[1] "File number: 391"
[1] "Loaded RDS file: ..//output_EXPANSE_a2_dlpfc/libd_chr19-chr19_all-libd_chr19-chr19_all-660001-680000-dynamic-1corestotal-allcorepera-20240507-180956.rds"
[1] "File number: 392"
[1] "Loaded RDS file: ..//output_EXPANSE_a2_dlpfc/libd_chr19-chr19_all-libd_chr19-chr19_all-680001-700000-dynamic-1corestotal-allcorepera-20240507-181058.rds"
[1] "File number: 393"
[1] "Loaded RDS file: ..//output_EXPANSE_a2_dlpfc/libd_chr19-chr19_all-libd_chr19-chr19_all-700001-720000-dynamic-1corestotal-allcorepera-20240507-181201.rds"
[1] "File number: 394"
[1] "Loaded RDS file: ..//output_EXPANSE_a2_dlpfc/libd_chr19-chr19_all-libd_chr19-chr19_all-720001-740000-dynamic-1corestotal-allcorepera-20240507-181307.rds"
[1] "File number: 395"
[1] "Loaded RDS file: ..//output_EXPANSE_a2_dlpfc/libd_chr19-chr19_all-libd_chr19-chr19_all-740001-760000-dynamic-1corestotal-allcorepera-20240507-181408.rds"
[1] "File number: 396"
[1] "Loaded RDS file: ..//output_EXPANSE_a2_dlpfc/libd_chr19-chr19_all-libd_chr19-chr19_all-760001-780000-dynamic-1corestotal-allcorepera-20240507-181509.rds"
[1] "File number: 397"
[1] "Loaded RDS file: ..//output_EXPANSE_a2_dlpfc/libd_chr19-chr19_all-libd_chr19-chr19_all-780001-800000-dynamic-1corestotal-allcorepera-20240507-181610.rds"
[1] "File number: 398"
[1] "Loaded RDS file: ..//output_EXPANSE_a2_dlpfc/libd_chr19-chr19_all-libd_chr19-chr19_all-800001-820000-dynamic-1corestotal-allcorepera-20240507-181711.rds"
[1] "File number: 399"
[1] "Loaded RDS file: ..//output_EXPANSE_a2_dlpfc/libd_chr19-chr19_all-libd_chr19-chr19_all-820001-840000-dynamic-1corestotal-allcorepera-20240507-181813.rds"
[1] "File number: 400"
[1] "Loaded RDS file: ..//output_EXPANSE_a2_dlpfc/libd_chr19-chr19_all-libd_chr19-chr19_all-840001-860000-dynamic-1corestotal-allcorepera-20240507-181914.rds"
[1] "File number: 401"
[1] "Loaded RDS file: ..//output_EXPANSE_a2_dlpfc/libd_chr19-chr19_all-libd_chr19-chr19_all-860001-880000-dynamic-1corestotal-allcorepera-20240507-182015.rds"
[1] "File number: 402"
[1] "Loaded RDS file: ..//output_EXPANSE_a2_dlpfc/libd_chr19-chr19_all-libd_chr19-chr19_all-880001-900000-dynamic-1corestotal-allcorepera-20240507-182116.rds"
[1] "File number: 403"
[1] "Loaded RDS file: ..//output_EXPANSE_a2_dlpfc/libd_chr19-chr19_all-libd_chr19-chr19_all-900001-920000-dynamic-1corestotal-allcorepera-20240507-182217.rds"
[1] "File number: 404"
[1] "Loaded RDS file: ..//output_EXPANSE_a2_dlpfc/libd_chr19-chr19_all-libd_chr19-chr19_all-920001-940000-dynamic-1corestotal-allcorepera-20240507-182318.rds"
[1] "File number: 405"
[1] "Loaded RDS file: ..//output_EXPANSE_a2_dlpfc/libd_chr19-chr19_all-libd_chr19-chr19_all-940001-960000-dynamic-1corestotal-allcorepera-20240507-182419.rds"
[1] "File number: 406"
[1] "Loaded RDS file: ..//output_EXPANSE_a2_dlpfc/libd_chr19-chr19_all-libd_chr19-chr19_all-960001-980000-dynamic-1corestotal-allcorepera-20240507-182520.rds"
[1] "File number: 407"
[1] "Loaded RDS file: ..//output_EXPANSE_a2_dlpfc/libd_chr19-chr19_all-libd_chr19-chr19_all-980001-1000000-dynamic-1corestotal-allcorepera-20240507-182622.rds"
[1] "File number: 408"
[1] "Loaded RDS file: ..//output_EXPANSE_a2_dlpfc/libd_chr19-chr19_all-libd_chr19-chr19_all-1000001-1007230-dynamic-1corestotal-allcorepera-20240507-182723.rds"
[1] "File number: 409"
[1] "Loaded RDS file: ..//output_EXPANSE_a2_hippo/libd_chr19-chr19_all-libd_chr19-chr19_all-1-20000-dynamic-1corestotal-allcorepera-20240507-201234.rds"
[1] "File number: 410"
[1] "Loaded RDS file: ..//output_EXPANSE_a2_hippo/libd_chr19-chr19_all-libd_chr19-chr19_all-20001-40000-dynamic-1corestotal-allcorepera-20240507-201335.rds"
[1] "File number: 411"
[1] "Loaded RDS file: ..//output_EXPANSE_a2_hippo/libd_chr19-chr19_all-libd_chr19-chr19_all-40001-60000-dynamic-1corestotal-allcorepera-20240507-201436.rds"
[1] "File number: 412"
[1] "Loaded RDS file: ..//output_EXPANSE_a2_hippo/libd_chr19-chr19_all-libd_chr19-chr19_all-60001-80000-dynamic-1corestotal-allcorepera-20240507-201537.rds"
[1] "File number: 413"
[1] "Loaded RDS file: ..//output_EXPANSE_a2_hippo/libd_chr19-chr19_all-libd_chr19-chr19_all-80001-100000-dynamic-1corestotal-allcorepera-20240507-201638.rds"
[1] "File number: 414"
[1] "Loaded RDS file: ..//output_EXPANSE_a2_hippo/libd_chr19-chr19_all-libd_chr19-chr19_all-100001-120000-dynamic-1corestotal-allcorepera-20240507-201739.rds"
[1] "File number: 415"
[1] "Loaded RDS file: ..//output_EXPANSE_a2_hippo/libd_chr19-chr19_all-libd_chr19-chr19_all-120001-140000-dynamic-1corestotal-allcorepera-20240507-201840.rds"
[1] "File number: 416"
[1] "Loaded RDS file: ..//output_EXPANSE_a2_hippo/libd_chr19-chr19_all-libd_chr19-chr19_all-140001-160000-dynamic-1corestotal-allcorepera-20240507-201942.rds"
[1] "File number: 417"
[1] "Loaded RDS file: ..//output_EXPANSE_a2_hippo/libd_chr19-chr19_all-libd_chr19-chr19_all-160001-180000-dynamic-1corestotal-allcorepera-20240507-202044.rds"
[1] "File number: 418"
[1] "Loaded RDS file: ..//output_EXPANSE_a2_hippo/libd_chr19-chr19_all-libd_chr19-chr19_all-180001-200000-dynamic-1corestotal-allcorepera-20240507-202145.rds"
[1] "File number: 419"
[1] "Loaded RDS file: ..//output_EXPANSE_a2_hippo/libd_chr19-chr19_all-libd_chr19-chr19_all-200001-220000-dynamic-1corestotal-allcorepera-20240507-202246.rds"
[1] "File number: 420"
[1] "Loaded RDS file: ..//output_EXPANSE_a2_hippo/libd_chr19-chr19_all-libd_chr19-chr19_all-220001-240000-dynamic-1corestotal-allcorepera-20240507-202347.rds"
[1] "File number: 421"
[1] "Loaded RDS file: ..//output_EXPANSE_a2_hippo/libd_chr19-chr19_all-libd_chr19-chr19_all-240001-260000-dynamic-1corestotal-allcorepera-20240507-202448.rds"
[1] "File number: 422"
[1] "Loaded RDS file: ..//output_EXPANSE_a2_hippo/libd_chr19-chr19_all-libd_chr19-chr19_all-260001-280000-dynamic-1corestotal-allcorepera-20240507-202549.rds"
[1] "File number: 423"
[1] "Loaded RDS file: ..//output_EXPANSE_a2_hippo/libd_chr19-chr19_all-libd_chr19-chr19_all-280001-300000-dynamic-1corestotal-allcorepera-20240507-202651.rds"
[1] "File number: 424"
[1] "Loaded RDS file: ..//output_EXPANSE_a2_hippo/libd_chr19-chr19_all-libd_chr19-chr19_all-300001-320000-dynamic-1corestotal-allcorepera-20240507-202752.rds"
[1] "File number: 425"
[1] "Loaded RDS file: ..//output_EXPANSE_a2_hippo/libd_chr19-chr19_all-libd_chr19-chr19_all-320001-340000-dynamic-1corestotal-allcorepera-20240507-202853.rds"
[1] "File number: 426"
[1] "Loaded RDS file: ..//output_EXPANSE_a2_hippo/libd_chr19-chr19_all-libd_chr19-chr19_all-340001-360000-dynamic-1corestotal-allcorepera-20240507-202954.rds"
[1] "File number: 427"
[1] "Loaded RDS file: ..//output_EXPANSE_a2_hippo/libd_chr19-chr19_all-libd_chr19-chr19_all-360001-380000-dynamic-1corestotal-allcorepera-20240507-203055.rds"
[1] "File number: 428"
[1] "Loaded RDS file: ..//output_EXPANSE_a2_hippo/libd_chr19-chr19_all-libd_chr19-chr19_all-380001-400000-dynamic-1corestotal-allcorepera-20240507-203156.rds"
[1] "File number: 429"
[1] "Loaded RDS file: ..//output_EXPANSE_a2_hippo/libd_chr19-chr19_all-libd_chr19-chr19_all-400001-420000-dynamic-1corestotal-allcorepera-20240507-203258.rds"
[1] "File number: 430"
[1] "Loaded RDS file: ..//output_EXPANSE_a2_hippo/libd_chr19-chr19_all-libd_chr19-chr19_all-420001-440000-dynamic-1corestotal-allcorepera-20240507-203359.rds"
[1] "File number: 431"
[1] "Loaded RDS file: ..//output_EXPANSE_a2_hippo/libd_chr19-chr19_all-libd_chr19-chr19_all-440001-460000-dynamic-1corestotal-allcorepera-20240507-203500.rds"
[1] "File number: 432"
[1] "Loaded RDS file: ..//output_EXPANSE_a2_hippo/libd_chr19-chr19_all-libd_chr19-chr19_all-460001-480000-dynamic-1corestotal-allcorepera-20240507-203601.rds"
[1] "File number: 433"
[1] "Loaded RDS file: ..//output_EXPANSE_a2_hippo/libd_chr19-chr19_all-libd_chr19-chr19_all-480001-500000-dynamic-1corestotal-allcorepera-20240507-203707.rds"
[1] "File number: 434"
[1] "Loaded RDS file: ..//output_EXPANSE_a2_hippo/libd_chr19-chr19_all-libd_chr19-chr19_all-500001-520000-dynamic-1corestotal-allcorepera-20240507-203808.rds"
[1] "File number: 435"
[1] "Loaded RDS file: ..//output_EXPANSE_a2_hippo/libd_chr19-chr19_all-libd_chr19-chr19_all-520001-540000-dynamic-1corestotal-allcorepera-20240507-203909.rds"
[1] "File number: 436"
[1] "Loaded RDS file: ..//output_EXPANSE_a2_hippo/libd_chr19-chr19_all-libd_chr19-chr19_all-540001-560000-dynamic-1corestotal-allcorepera-20240507-204010.rds"
[1] "File number: 437"
[1] "Loaded RDS file: ..//output_EXPANSE_a2_hippo/libd_chr19-chr19_all-libd_chr19-chr19_all-560001-580000-dynamic-1corestotal-allcorepera-20240507-204112.rds"
[1] "File number: 438"
[1] "Loaded RDS file: ..//output_EXPANSE_a2_hippo/libd_chr19-chr19_all-libd_chr19-chr19_all-580001-600000-dynamic-1corestotal-allcorepera-20240507-204214.rds"
[1] "File number: 439"
[1] "Loaded RDS file: ..//output_EXPANSE_a2_hippo/libd_chr19-chr19_all-libd_chr19-chr19_all-600001-620000-dynamic-1corestotal-allcorepera-20240507-204315.rds"
[1] "File number: 440"
[1] "Loaded RDS file: ..//output_EXPANSE_a2_hippo/libd_chr19-chr19_all-libd_chr19-chr19_all-620001-640000-dynamic-1corestotal-allcorepera-20240507-204416.rds"
[1] "File number: 441"
[1] "Loaded RDS file: ..//output_EXPANSE_a2_hippo/libd_chr19-chr19_all-libd_chr19-chr19_all-640001-660000-dynamic-1corestotal-allcorepera-20240507-204517.rds"
[1] "File number: 442"
[1] "Loaded RDS file: ..//output_EXPANSE_a2_hippo/libd_chr19-chr19_all-libd_chr19-chr19_all-660001-680000-dynamic-1corestotal-allcorepera-20240507-204618.rds"
[1] "File number: 443"
[1] "Loaded RDS file: ..//output_EXPANSE_a2_hippo/libd_chr19-chr19_all-libd_chr19-chr19_all-680001-700000-dynamic-1corestotal-allcorepera-20240507-204719.rds"
[1] "File number: 444"
[1] "Loaded RDS file: ..//output_EXPANSE_a2_hippo/libd_chr19-chr19_all-libd_chr19-chr19_all-700001-720000-dynamic-1corestotal-allcorepera-20240507-204820.rds"
[1] "File number: 445"
[1] "Loaded RDS file: ..//output_EXPANSE_a2_hippo/libd_chr19-chr19_all-libd_chr19-chr19_all-720001-740000-dynamic-1corestotal-allcorepera-20240507-204921.rds"
[1] "File number: 446"
[1] "Loaded RDS file: ..//output_EXPANSE_a2_hippo/libd_chr19-chr19_all-libd_chr19-chr19_all-740001-760000-dynamic-1corestotal-allcorepera-20240507-205023.rds"
[1] "File number: 447"
[1] "Loaded RDS file: ..//output_EXPANSE_a2_hippo/libd_chr19-chr19_all-libd_chr19-chr19_all-760001-780000-dynamic-1corestotal-allcorepera-20240507-205124.rds"
[1] "File number: 448"
[1] "Loaded RDS file: ..//output_EXPANSE_a2_hippo/libd_chr19-chr19_all-libd_chr19-chr19_all-780001-800000-dynamic-1corestotal-allcorepera-20240507-205229.rds"
[1] "File number: 449"
[1] "Loaded RDS file: ..//output_EXPANSE_a2_hippo/libd_chr19-chr19_all-libd_chr19-chr19_all-800001-820000-dynamic-1corestotal-allcorepera-20240507-205330.rds"
[1] "File number: 450"
[1] "Loaded RDS file: ..//output_EXPANSE_a2_hippo/libd_chr19-chr19_all-libd_chr19-chr19_all-820001-840000-dynamic-1corestotal-allcorepera-20240507-205431.rds"
[1] "File number: 451"
[1] "Loaded RDS file: ..//output_EXPANSE_a2_hippo/libd_chr19-chr19_all-libd_chr19-chr19_all-840001-860000-dynamic-1corestotal-allcorepera-20240507-205532.rds"
[1] "File number: 452"
[1] "Loaded RDS file: ..//output_EXPANSE_a2_hippo/libd_chr19-chr19_all-libd_chr19-chr19_all-860001-880000-dynamic-1corestotal-allcorepera-20240507-205634.rds"
[1] "File number: 453"
[1] "Loaded RDS file: ..//output_EXPANSE_a2_hippo/libd_chr19-chr19_all-libd_chr19-chr19_all-880001-900000-dynamic-1corestotal-allcorepera-20240507-205735.rds"
[1] "File number: 454"
[1] "Loaded RDS file: ..//output_EXPANSE_a2_hippo/libd_chr19-chr19_all-libd_chr19-chr19_all-900001-920000-dynamic-1corestotal-allcorepera-20240507-205836.rds"
[1] "File number: 455"
[1] "Loaded RDS file: ..//output_EXPANSE_a2_hippo/libd_chr19-chr19_all-libd_chr19-chr19_all-920001-940000-dynamic-1corestotal-allcorepera-20240507-205937.rds"
[1] "File number: 456"
[1] "Loaded RDS file: ..//output_EXPANSE_a2_hippo/libd_chr19-chr19_all-libd_chr19-chr19_all-940001-960000-dynamic-1corestotal-allcorepera-20240507-210038.rds"
[1] "File number: 457"
[1] "Loaded RDS file: ..//output_EXPANSE_a2_hippo/libd_chr19-chr19_all-libd_chr19-chr19_all-960001-980000-dynamic-1corestotal-allcorepera-20240507-210139.rds"
[1] "File number: 458"
[1] "Loaded RDS file: ..//output_EXPANSE_a2_hippo/libd_chr19-chr19_all-libd_chr19-chr19_all-980001-1000000-dynamic-1corestotal-allcorepera-20240507-210242.rds"
[1] "File number: 459"
[1] "Loaded RDS file: ..//output_EXPANSE_a2_hippo/libd_chr19-chr19_all-libd_chr19-chr19_all-1000001-1007230-dynamic-1corestotal-allcorepera-20240507-210343.rds"
