[1] "Starting genome file processing"
[1] "Processing genome file index: 22"
[1] "Loaded SNP data"
[1] "Files for this Chr:"
[1] 252
[1] "File number: 1"
[1] "Loaded RDS file: ..//output_EXPANSE_a2_caud/libd_chr22-chr22_AA-libd_chr22-chr22_AA-14844-34843-dynamic-1corestotal-allcorepera-20240523-114920.rds"
[1] "File number: 2"
[1] "Loaded RDS file: ..//output_EXPANSE_a2_caud/libd_chr22-chr22_AA-libd_chr22-chr22_AA-34844-54843-dynamic-1corestotal-allcorepera-20240523-115021.rds"
[1] "File number: 3"
[1] "Loaded RDS file: ..//output_EXPANSE_a2_caud/libd_chr22-chr22_AA-libd_chr22-chr22_AA-54844-74843-dynamic-1corestotal-allcorepera-20240523-115122.rds"
[1] "File number: 4"
[1] "Loaded RDS file: ..//output_EXPANSE_a2_caud/libd_chr22-chr22_AA-libd_chr22-chr22_AA-74844-94843-dynamic-1corestotal-allcorepera-20240523-115223.rds"
[1] "File number: 5"
[1] "Loaded RDS file: ..//output_EXPANSE_a2_caud/libd_chr22-chr22_AA-libd_chr22-chr22_AA-94844-114843-dynamic-1corestotal-allcorepera-20240523-115325.rds"
[1] "File number: 6"
[1] "Loaded RDS file: ..//output_EXPANSE_a2_caud/libd_chr22-chr22_AA-libd_chr22-chr22_AA-114844-134843-dynamic-1corestotal-allcorepera-20240523-115426.rds"
[1] "File number: 7"
[1] "Loaded RDS file: ..//output_EXPANSE_a2_caud/libd_chr22-chr22_AA-libd_chr22-chr22_AA-134844-154843-dynamic-1corestotal-allcorepera-20240523-115527.rds"
[1] "File number: 8"
[1] "Loaded RDS file: ..//output_EXPANSE_a2_caud/libd_chr22-chr22_AA-libd_chr22-chr22_AA-154844-174843-dynamic-1corestotal-allcorepera-20240523-115628.rds"
[1] "File number: 9"
[1] "Loaded RDS file: ..//output_EXPANSE_a2_caud/libd_chr22-chr22_AA-libd_chr22-chr22_AA-174844-194843-dynamic-1corestotal-allcorepera-20240523-115730.rds"
[1] "File number: 10"
[1] "Loaded RDS file: ..//output_EXPANSE_a2_caud/libd_chr22-chr22_AA-libd_chr22-chr22_AA-194844-214843-dynamic-1corestotal-allcorepera-20240523-115831.rds"
[1] "File number: 11"
[1] "Loaded RDS file: ..//output_EXPANSE_a2_caud/libd_chr22-chr22_AA-libd_chr22-chr22_AA-214844-234843-dynamic-1corestotal-allcorepera-20240523-115932.rds"
[1] "File number: 12"
[1] "Loaded RDS file: ..//output_EXPANSE_a2_caud/libd_chr22-chr22_AA-libd_chr22-chr22_AA-234844-254843-dynamic-1corestotal-allcorepera-20240523-120034.rds"
[1] "File number: 13"
[1] "Loaded RDS file: ..//output_EXPANSE_a2_caud/libd_chr22-chr22_AA-libd_chr22-chr22_AA-254844-274843-dynamic-1corestotal-allcorepera-20240523-120135.rds"
[1] "File number: 14"
[1] "Loaded RDS file: ..//output_EXPANSE_a2_caud/libd_chr22-chr22_AA-libd_chr22-chr22_AA-274844-294843-dynamic-1corestotal-allcorepera-20240523-120236.rds"
[1] "File number: 15"
[1] "Loaded RDS file: ..//output_EXPANSE_a2_caud/libd_chr22-chr22_AA-libd_chr22-chr22_AA-294844-314843-dynamic-1corestotal-allcorepera-20240523-120337.rds"
[1] "File number: 16"
[1] "Loaded RDS file: ..//output_EXPANSE_a2_caud/libd_chr22-chr22_AA-libd_chr22-chr22_AA-314844-334843-dynamic-1corestotal-allcorepera-20240523-120439.rds"
[1] "File number: 17"
[1] "Loaded RDS file: ..//output_EXPANSE_a2_caud/libd_chr22-chr22_AA-libd_chr22-chr22_AA-334844-354843-dynamic-1corestotal-allcorepera-20240523-120540.rds"
[1] "File number: 18"
[1] "Loaded RDS file: ..//output_EXPANSE_a2_caud/libd_chr22-chr22_AA-libd_chr22-chr22_AA-354844-374843-dynamic-1corestotal-allcorepera-20240523-120641.rds"
[1] "File number: 19"
[1] "Loaded RDS file: ..//output_EXPANSE_a2_caud/libd_chr22-chr22_AA-libd_chr22-chr22_AA-374844-394843-dynamic-1corestotal-allcorepera-20240523-120742.rds"
[1] "File number: 20"
[1] "Loaded RDS file: ..//output_EXPANSE_a2_caud/libd_chr22-chr22_AA-libd_chr22-chr22_AA-394844-414843-dynamic-1corestotal-allcorepera-20240523-120844.rds"
[1] "File number: 21"
[1] "Loaded RDS file: ..//output_EXPANSE_a2_caud/libd_chr22-chr22_AA-libd_chr22-chr22_AA-414844-434843-dynamic-1corestotal-allcorepera-20240523-120945.rds"
[1] "File number: 22"
[1] "Loaded RDS file: ..//output_EXPANSE_a2_caud/libd_chr22-chr22_AA-libd_chr22-chr22_AA-434844-454843-dynamic-1corestotal-allcorepera-20240523-121046.rds"
[1] "File number: 23"
[1] "Loaded RDS file: ..//output_EXPANSE_a2_caud/libd_chr22-chr22_AA-libd_chr22-chr22_AA-454844-474843-dynamic-1corestotal-allcorepera-20240523-121147.rds"
[1] "File number: 24"
[1] "Loaded RDS file: ..//output_EXPANSE_a2_caud/libd_chr22-chr22_AA-libd_chr22-chr22_AA-474844-494843-dynamic-1corestotal-allcorepera-20240523-121249.rds"
[1] "File number: 25"
[1] "Loaded RDS file: ..//output_EXPANSE_a2_caud/libd_chr22-chr22_AA-libd_chr22-chr22_AA-494844-514843-dynamic-1corestotal-allcorepera-20240523-121351.rds"
[1] "File number: 26"
[1] "Loaded RDS file: ..//output_EXPANSE_a2_caud/libd_chr22-chr22_AA-libd_chr22-chr22_AA-514844-534843-dynamic-1corestotal-allcorepera-20240523-121452.rds"
[1] "File number: 27"
[1] "Loaded RDS file: ..//output_EXPANSE_a2_caud/libd_chr22-chr22_AA-libd_chr22-chr22_AA-534844-543839-dynamic-1corestotal-allcorepera-20240523-121553.rds"
[1] "File number: 28"
[1] "Loaded RDS file: ..//output_EXPANSE_a2_dlpfc/libd_chr22-chr22_AA-libd_chr22-chr22_AA-14844-34843-dynamic-1corestotal-allcorepera-20240509-204451.rds"
[1] "File number: 29"
[1] "Loaded RDS file: ..//output_EXPANSE_a2_dlpfc/libd_chr22-chr22_AA-libd_chr22-chr22_AA-34844-54843-dynamic-1corestotal-allcorepera-20240509-204553.rds"
[1] "File number: 30"
[1] "Loaded RDS file: ..//output_EXPANSE_a2_dlpfc/libd_chr22-chr22_AA-libd_chr22-chr22_AA-54844-74843-dynamic-1corestotal-allcorepera-20240509-204654.rds"
[1] "File number: 31"
[1] "Loaded RDS file: ..//output_EXPANSE_a2_dlpfc/libd_chr22-chr22_AA-libd_chr22-chr22_AA-74844-94843-dynamic-1corestotal-allcorepera-20240509-204755.rds"
[1] "File number: 32"
[1] "Loaded RDS file: ..//output_EXPANSE_a2_dlpfc/libd_chr22-chr22_AA-libd_chr22-chr22_AA-94844-114843-dynamic-1corestotal-allcorepera-20240509-204856.rds"
[1] "File number: 33"
[1] "Loaded RDS file: ..//output_EXPANSE_a2_dlpfc/libd_chr22-chr22_AA-libd_chr22-chr22_AA-114844-134843-dynamic-1corestotal-allcorepera-20240509-204957.rds"
[1] "File number: 34"
[1] "Loaded RDS file: ..//output_EXPANSE_a2_dlpfc/libd_chr22-chr22_AA-libd_chr22-chr22_AA-134844-154843-dynamic-1corestotal-allcorepera-20240509-205058.rds"
[1] "File number: 35"
[1] "Loaded RDS file: ..//output_EXPANSE_a2_dlpfc/libd_chr22-chr22_AA-libd_chr22-chr22_AA-154844-174843-dynamic-1corestotal-allcorepera-20240509-205159.rds"
[1] "File number: 36"
[1] "Loaded RDS file: ..//output_EXPANSE_a2_dlpfc/libd_chr22-chr22_AA-libd_chr22-chr22_AA-174844-194843-dynamic-1corestotal-allcorepera-20240509-205301.rds"
[1] "File number: 37"
[1] "Loaded RDS file: ..//output_EXPANSE_a2_dlpfc/libd_chr22-chr22_AA-libd_chr22-chr22_AA-194844-214843-dynamic-1corestotal-allcorepera-20240509-205402.rds"
[1] "File number: 38"
[1] "Loaded RDS file: ..//output_EXPANSE_a2_dlpfc/libd_chr22-chr22_AA-libd_chr22-chr22_AA-214844-234843-dynamic-1corestotal-allcorepera-20240509-205504.rds"
[1] "File number: 39"
[1] "Loaded RDS file: ..//output_EXPANSE_a2_dlpfc/libd_chr22-chr22_AA-libd_chr22-chr22_AA-234844-254843-dynamic-1corestotal-allcorepera-20240509-205605.rds"
[1] "File number: 40"
[1] "Loaded RDS file: ..//output_EXPANSE_a2_dlpfc/libd_chr22-chr22_AA-libd_chr22-chr22_AA-254844-274843-dynamic-1corestotal-allcorepera-20240509-205706.rds"
[1] "File number: 41"
[1] "Loaded RDS file: ..//output_EXPANSE_a2_dlpfc/libd_chr22-chr22_AA-libd_chr22-chr22_AA-274844-294843-dynamic-1corestotal-allcorepera-20240509-205808.rds"
[1] "File number: 42"
[1] "Loaded RDS file: ..//output_EXPANSE_a2_dlpfc/libd_chr22-chr22_AA-libd_chr22-chr22_AA-294844-314843-dynamic-1corestotal-allcorepera-20240509-205909.rds"
[1] "File number: 43"
[1] "Loaded RDS file: ..//output_EXPANSE_a2_dlpfc/libd_chr22-chr22_AA-libd_chr22-chr22_AA-314844-334843-dynamic-1corestotal-allcorepera-20240509-210011.rds"
[1] "File number: 44"
[1] "Loaded RDS file: ..//output_EXPANSE_a2_dlpfc/libd_chr22-chr22_AA-libd_chr22-chr22_AA-334844-354843-dynamic-1corestotal-allcorepera-20240509-210112.rds"
[1] "File number: 45"
[1] "Loaded RDS file: ..//output_EXPANSE_a2_dlpfc/libd_chr22-chr22_AA-libd_chr22-chr22_AA-354844-374843-dynamic-1corestotal-allcorepera-20240509-210213.rds"
[1] "File number: 46"
[1] "Loaded RDS file: ..//output_EXPANSE_a2_dlpfc/libd_chr22-chr22_AA-libd_chr22-chr22_AA-374844-394843-dynamic-1corestotal-allcorepera-20240509-210315.rds"
[1] "File number: 47"
[1] "Loaded RDS file: ..//output_EXPANSE_a2_dlpfc/libd_chr22-chr22_AA-libd_chr22-chr22_AA-394844-414843-dynamic-1corestotal-allcorepera-20240509-210417.rds"
[1] "File number: 48"
[1] "Loaded RDS file: ..//output_EXPANSE_a2_dlpfc/libd_chr22-chr22_AA-libd_chr22-chr22_AA-414844-434843-dynamic-1corestotal-allcorepera-20240509-210518.rds"
[1] "File number: 49"
[1] "Loaded RDS file: ..//output_EXPANSE_a2_dlpfc/libd_chr22-chr22_AA-libd_chr22-chr22_AA-434844-454843-dynamic-1corestotal-allcorepera-20240509-210620.rds"
[1] "File number: 50"
[1] "Loaded RDS file: ..//output_EXPANSE_a2_dlpfc/libd_chr22-chr22_AA-libd_chr22-chr22_AA-454844-474843-dynamic-1corestotal-allcorepera-20240509-210721.rds"
[1] "File number: 51"
[1] "Loaded RDS file: ..//output_EXPANSE_a2_dlpfc/libd_chr22-chr22_AA-libd_chr22-chr22_AA-474844-494843-dynamic-1corestotal-allcorepera-20240509-210823.rds"
[1] "File number: 52"
[1] "Loaded RDS file: ..//output_EXPANSE_a2_dlpfc/libd_chr22-chr22_AA-libd_chr22-chr22_AA-494844-514843-dynamic-1corestotal-allcorepera-20240509-210924.rds"
[1] "File number: 53"
[1] "Loaded RDS file: ..//output_EXPANSE_a2_dlpfc/libd_chr22-chr22_AA-libd_chr22-chr22_AA-514844-534843-dynamic-1corestotal-allcorepera-20240509-211026.rds"
[1] "File number: 54"
[1] "Loaded RDS file: ..//output_EXPANSE_a2_dlpfc/libd_chr22-chr22_AA-libd_chr22-chr22_AA-534844-543839-dynamic-1corestotal-allcorepera-20240509-211127.rds"
[1] "File number: 55"
[1] "Loaded RDS file: ..//output_EXPANSE_a2_hippo/libd_chr22-chr22_AA-libd_chr22-chr22_AA-14844-34843-dynamic-1corestotal-allcorepera-20240509-220742.rds"
[1] "File number: 56"
[1] "Loaded RDS file: ..//output_EXPANSE_a2_hippo/libd_chr22-chr22_AA-libd_chr22-chr22_AA-34844-54843-dynamic-1corestotal-allcorepera-20240509-220843.rds"
[1] "File number: 57"
[1] "Loaded RDS file: ..//output_EXPANSE_a2_hippo/libd_chr22-chr22_AA-libd_chr22-chr22_AA-54844-74843-dynamic-1corestotal-allcorepera-20240509-220945.rds"
[1] "File number: 58"
[1] "Loaded RDS file: ..//output_EXPANSE_a2_hippo/libd_chr22-chr22_AA-libd_chr22-chr22_AA-74844-94843-dynamic-1corestotal-allcorepera-20240509-221046.rds"
[1] "File number: 59"
[1] "Loaded RDS file: ..//output_EXPANSE_a2_hippo/libd_chr22-chr22_AA-libd_chr22-chr22_AA-94844-114843-dynamic-1corestotal-allcorepera-20240509-221147.rds"
[1] "File number: 60"
[1] "Loaded RDS file: ..//output_EXPANSE_a2_hippo/libd_chr22-chr22_AA-libd_chr22-chr22_AA-114844-134843-dynamic-1corestotal-allcorepera-20240509-221248.rds"
[1] "File number: 61"
[1] "Loaded RDS file: ..//output_EXPANSE_a2_hippo/libd_chr22-chr22_AA-libd_chr22-chr22_AA-134844-154843-dynamic-1corestotal-allcorepera-20240509-221349.rds"
[1] "File number: 62"
[1] "Loaded RDS file: ..//output_EXPANSE_a2_hippo/libd_chr22-chr22_AA-libd_chr22-chr22_AA-154844-174843-dynamic-1corestotal-allcorepera-20240509-221451.rds"
[1] "File number: 63"
[1] "Loaded RDS file: ..//output_EXPANSE_a2_hippo/libd_chr22-chr22_AA-libd_chr22-chr22_AA-174844-194843-dynamic-1corestotal-allcorepera-20240509-221552.rds"
[1] "File number: 64"
[1] "Loaded RDS file: ..//output_EXPANSE_a2_hippo/libd_chr22-chr22_AA-libd_chr22-chr22_AA-194844-214843-dynamic-1corestotal-allcorepera-20240509-221653.rds"
[1] "File number: 65"
[1] "Loaded RDS file: ..//output_EXPANSE_a2_hippo/libd_chr22-chr22_AA-libd_chr22-chr22_AA-214844-234843-dynamic-1corestotal-allcorepera-20240509-221754.rds"
[1] "File number: 66"
[1] "Loaded RDS file: ..//output_EXPANSE_a2_hippo/libd_chr22-chr22_AA-libd_chr22-chr22_AA-234844-254843-dynamic-1corestotal-allcorepera-20240509-221855.rds"
[1] "File number: 67"
[1] "Loaded RDS file: ..//output_EXPANSE_a2_hippo/libd_chr22-chr22_AA-libd_chr22-chr22_AA-254844-274843-dynamic-1corestotal-allcorepera-20240509-221956.rds"
[1] "File number: 68"
[1] "Loaded RDS file: ..//output_EXPANSE_a2_hippo/libd_chr22-chr22_AA-libd_chr22-chr22_AA-274844-294843-dynamic-1corestotal-allcorepera-20240509-222057.rds"
[1] "File number: 69"
[1] "Loaded RDS file: ..//output_EXPANSE_a2_hippo/libd_chr22-chr22_AA-libd_chr22-chr22_AA-294844-314843-dynamic-1corestotal-allcorepera-20240509-222158.rds"
[1] "File number: 70"
[1] "Loaded RDS file: ..//output_EXPANSE_a2_hippo/libd_chr22-chr22_AA-libd_chr22-chr22_AA-314844-334843-dynamic-1corestotal-allcorepera-20240509-222259.rds"
[1] "File number: 71"
[1] "Loaded RDS file: ..//output_EXPANSE_a2_hippo/libd_chr22-chr22_AA-libd_chr22-chr22_AA-334844-354843-dynamic-1corestotal-allcorepera-20240509-222401.rds"
[1] "File number: 72"
[1] "Loaded RDS file: ..//output_EXPANSE_a2_hippo/libd_chr22-chr22_AA-libd_chr22-chr22_AA-354844-374843-dynamic-1corestotal-allcorepera-20240509-222502.rds"
[1] "File number: 73"
[1] "Loaded RDS file: ..//output_EXPANSE_a2_hippo/libd_chr22-chr22_AA-libd_chr22-chr22_AA-374844-394843-dynamic-1corestotal-allcorepera-20240509-222603.rds"
[1] "File number: 74"
[1] "Loaded RDS file: ..//output_EXPANSE_a2_hippo/libd_chr22-chr22_AA-libd_chr22-chr22_AA-394844-414843-dynamic-1corestotal-allcorepera-20240509-222704.rds"
[1] "File number: 75"
[1] "Loaded RDS file: ..//output_EXPANSE_a2_hippo/libd_chr22-chr22_AA-libd_chr22-chr22_AA-414844-434843-dynamic-1corestotal-allcorepera-20240509-222805.rds"
[1] "File number: 76"
[1] "Loaded RDS file: ..//output_EXPANSE_a2_hippo/libd_chr22-chr22_AA-libd_chr22-chr22_AA-434844-454843-dynamic-1corestotal-allcorepera-20240509-222906.rds"
[1] "File number: 77"
[1] "Loaded RDS file: ..//output_EXPANSE_a2_hippo/libd_chr22-chr22_AA-libd_chr22-chr22_AA-454844-474843-dynamic-1corestotal-allcorepera-20240509-223007.rds"
[1] "File number: 78"
[1] "Loaded RDS file: ..//output_EXPANSE_a2_hippo/libd_chr22-chr22_AA-libd_chr22-chr22_AA-474844-494843-dynamic-1corestotal-allcorepera-20240509-223108.rds"
[1] "File number: 79"
[1] "Loaded RDS file: ..//output_EXPANSE_a2_hippo/libd_chr22-chr22_AA-libd_chr22-chr22_AA-494844-514843-dynamic-1corestotal-allcorepera-20240509-223210.rds"
[1] "File number: 80"
[1] "Loaded RDS file: ..//output_EXPANSE_a2_hippo/libd_chr22-chr22_AA-libd_chr22-chr22_AA-514844-534843-dynamic-1corestotal-allcorepera-20240509-223311.rds"
[1] "File number: 81"
[1] "Loaded RDS file: ..//output_EXPANSE_a2_hippo/libd_chr22-chr22_AA-libd_chr22-chr22_AA-534844-543839-dynamic-1corestotal-allcorepera-20240509-223412.rds"
[1] "File number: 82"
[1] "Loaded RDS file: ..//output_EXPANSE_a2_caud/libd_chr22-chr22_EA-libd_chr22-chr22_EA-14844-34843-dynamic-1corestotal-allcorepera-20240523-124432.rds"
[1] "File number: 83"
[1] "Loaded RDS file: ..//output_EXPANSE_a2_caud/libd_chr22-chr22_EA-libd_chr22-chr22_EA-34844-54843-dynamic-1corestotal-allcorepera-20240523-124534.rds"
[1] "File number: 84"
[1] "Loaded RDS file: ..//output_EXPANSE_a2_caud/libd_chr22-chr22_EA-libd_chr22-chr22_EA-54844-74843-dynamic-1corestotal-allcorepera-20240523-124635.rds"
[1] "File number: 85"
[1] "Loaded RDS file: ..//output_EXPANSE_a2_caud/libd_chr22-chr22_EA-libd_chr22-chr22_EA-74844-94843-dynamic-1corestotal-allcorepera-20240523-124736.rds"
[1] "File number: 86"
[1] "Loaded RDS file: ..//output_EXPANSE_a2_caud/libd_chr22-chr22_EA-libd_chr22-chr22_EA-94844-114843-dynamic-1corestotal-allcorepera-20240523-124837.rds"
[1] "File number: 87"
[1] "Loaded RDS file: ..//output_EXPANSE_a2_caud/libd_chr22-chr22_EA-libd_chr22-chr22_EA-114844-134843-dynamic-1corestotal-allcorepera-20240523-124939.rds"
[1] "File number: 88"
[1] "Loaded RDS file: ..//output_EXPANSE_a2_caud/libd_chr22-chr22_EA-libd_chr22-chr22_EA-134844-154843-dynamic-1corestotal-allcorepera-20240523-125040.rds"
[1] "File number: 89"
[1] "Loaded RDS file: ..//output_EXPANSE_a2_caud/libd_chr22-chr22_EA-libd_chr22-chr22_EA-154844-174843-dynamic-1corestotal-allcorepera-20240523-125141.rds"
[1] "File number: 90"
[1] "Loaded RDS file: ..//output_EXPANSE_a2_caud/libd_chr22-chr22_EA-libd_chr22-chr22_EA-174844-194843-dynamic-1corestotal-allcorepera-20240523-125243.rds"
[1] "File number: 91"
[1] "Loaded RDS file: ..//output_EXPANSE_a2_caud/libd_chr22-chr22_EA-libd_chr22-chr22_EA-194844-214843-dynamic-1corestotal-allcorepera-20240523-125345.rds"
[1] "File number: 92"
[1] "Loaded RDS file: ..//output_EXPANSE_a2_caud/libd_chr22-chr22_EA-libd_chr22-chr22_EA-214844-234843-dynamic-1corestotal-allcorepera-20240523-125446.rds"
[1] "File number: 93"
[1] "Loaded RDS file: ..//output_EXPANSE_a2_caud/libd_chr22-chr22_EA-libd_chr22-chr22_EA-234844-254843-dynamic-1corestotal-allcorepera-20240523-125547.rds"
[1] "File number: 94"
[1] "Loaded RDS file: ..//output_EXPANSE_a2_caud/libd_chr22-chr22_EA-libd_chr22-chr22_EA-254844-274843-dynamic-1corestotal-allcorepera-20240523-125649.rds"
[1] "File number: 95"
[1] "Loaded RDS file: ..//output_EXPANSE_a2_caud/libd_chr22-chr22_EA-libd_chr22-chr22_EA-274844-294843-dynamic-1corestotal-allcorepera-20240523-125750.rds"
[1] "File number: 96"
[1] "Loaded RDS file: ..//output_EXPANSE_a2_caud/libd_chr22-chr22_EA-libd_chr22-chr22_EA-294844-314843-dynamic-1corestotal-allcorepera-20240523-125851.rds"
[1] "File number: 97"
[1] "Loaded RDS file: ..//output_EXPANSE_a2_caud/libd_chr22-chr22_EA-libd_chr22-chr22_EA-314844-334843-dynamic-1corestotal-allcorepera-20240523-125952.rds"
[1] "File number: 98"
[1] "Loaded RDS file: ..//output_EXPANSE_a2_caud/libd_chr22-chr22_EA-libd_chr22-chr22_EA-334844-354843-dynamic-1corestotal-allcorepera-20240523-130054.rds"
[1] "File number: 99"
[1] "Loaded RDS file: ..//output_EXPANSE_a2_caud/libd_chr22-chr22_EA-libd_chr22-chr22_EA-354844-374843-dynamic-1corestotal-allcorepera-20240523-130155.rds"
[1] "File number: 100"
[1] "Loaded RDS file: ..//output_EXPANSE_a2_caud/libd_chr22-chr22_EA-libd_chr22-chr22_EA-374844-394843-dynamic-1corestotal-allcorepera-20240523-130256.rds"
[1] "File number: 101"
[1] "Loaded RDS file: ..//output_EXPANSE_a2_caud/libd_chr22-chr22_EA-libd_chr22-chr22_EA-394844-414843-dynamic-1corestotal-allcorepera-20240523-130357.rds"
[1] "File number: 102"
[1] "Loaded RDS file: ..//output_EXPANSE_a2_caud/libd_chr22-chr22_EA-libd_chr22-chr22_EA-414844-434843-dynamic-1corestotal-allcorepera-20240523-130459.rds"
[1] "File number: 103"
[1] "Loaded RDS file: ..//output_EXPANSE_a2_caud/libd_chr22-chr22_EA-libd_chr22-chr22_EA-434844-454843-dynamic-1corestotal-allcorepera-20240523-130600.rds"
[1] "File number: 104"
[1] "Loaded RDS file: ..//output_EXPANSE_a2_caud/libd_chr22-chr22_EA-libd_chr22-chr22_EA-454844-474843-dynamic-1corestotal-allcorepera-20240523-130705.rds"
[1] "File number: 105"
[1] "Loaded RDS file: ..//output_EXPANSE_a2_caud/libd_chr22-chr22_EA-libd_chr22-chr22_EA-474844-494843-dynamic-1corestotal-allcorepera-20240523-130807.rds"
[1] "File number: 106"
[1] "Loaded RDS file: ..//output_EXPANSE_a2_caud/libd_chr22-chr22_EA-libd_chr22-chr22_EA-494844-514843-dynamic-1corestotal-allcorepera-20240523-130909.rds"
[1] "File number: 107"
[1] "Loaded RDS file: ..//output_EXPANSE_a2_caud/libd_chr22-chr22_EA-libd_chr22-chr22_EA-514844-534843-dynamic-1corestotal-allcorepera-20240523-131011.rds"
[1] "File number: 108"
[1] "Loaded RDS file: ..//output_EXPANSE_a2_caud/libd_chr22-chr22_EA-libd_chr22-chr22_EA-534844-543839-dynamic-1corestotal-allcorepera-20240523-131112.rds"
[1] "File number: 109"
[1] "Loaded RDS file: ..//output_EXPANSE_a2_dlpfc/libd_chr22-chr22_EA-libd_chr22-chr22_EA-14844-34843-dynamic-1corestotal-allcorepera-20240509-214008.rds"
[1] "File number: 110"
[1] "Loaded RDS file: ..//output_EXPANSE_a2_dlpfc/libd_chr22-chr22_EA-libd_chr22-chr22_EA-34844-54843-dynamic-1corestotal-allcorepera-20240509-214110.rds"
[1] "File number: 111"
[1] "Loaded RDS file: ..//output_EXPANSE_a2_dlpfc/libd_chr22-chr22_EA-libd_chr22-chr22_EA-54844-74843-dynamic-1corestotal-allcorepera-20240509-214211.rds"
[1] "File number: 112"
[1] "Loaded RDS file: ..//output_EXPANSE_a2_dlpfc/libd_chr22-chr22_EA-libd_chr22-chr22_EA-74844-94843-dynamic-1corestotal-allcorepera-20240509-214312.rds"
[1] "File number: 113"
[1] "Loaded RDS file: ..//output_EXPANSE_a2_dlpfc/libd_chr22-chr22_EA-libd_chr22-chr22_EA-94844-114843-dynamic-1corestotal-allcorepera-20240509-214414.rds"
[1] "File number: 114"
[1] "Loaded RDS file: ..//output_EXPANSE_a2_dlpfc/libd_chr22-chr22_EA-libd_chr22-chr22_EA-114844-134843-dynamic-1corestotal-allcorepera-20240509-214515.rds"
[1] "File number: 115"
[1] "Loaded RDS file: ..//output_EXPANSE_a2_dlpfc/libd_chr22-chr22_EA-libd_chr22-chr22_EA-134844-154843-dynamic-1corestotal-allcorepera-20240509-214617.rds"
[1] "File number: 116"
[1] "Loaded RDS file: ..//output_EXPANSE_a2_dlpfc/libd_chr22-chr22_EA-libd_chr22-chr22_EA-154844-174843-dynamic-1corestotal-allcorepera-20240509-214718.rds"
[1] "File number: 117"
[1] "Loaded RDS file: ..//output_EXPANSE_a2_dlpfc/libd_chr22-chr22_EA-libd_chr22-chr22_EA-174844-194843-dynamic-1corestotal-allcorepera-20240509-214819.rds"
[1] "File number: 118"
[1] "Loaded RDS file: ..//output_EXPANSE_a2_dlpfc/libd_chr22-chr22_EA-libd_chr22-chr22_EA-194844-214843-dynamic-1corestotal-allcorepera-20240509-214920.rds"
[1] "File number: 119"
[1] "Loaded RDS file: ..//output_EXPANSE_a2_dlpfc/libd_chr22-chr22_EA-libd_chr22-chr22_EA-214844-234843-dynamic-1corestotal-allcorepera-20240509-215022.rds"
[1] "File number: 120"
[1] "Loaded RDS file: ..//output_EXPANSE_a2_dlpfc/libd_chr22-chr22_EA-libd_chr22-chr22_EA-234844-254843-dynamic-1corestotal-allcorepera-20240509-215123.rds"
[1] "File number: 121"
[1] "Loaded RDS file: ..//output_EXPANSE_a2_dlpfc/libd_chr22-chr22_EA-libd_chr22-chr22_EA-254844-274843-dynamic-1corestotal-allcorepera-20240509-215224.rds"
[1] "File number: 122"
[1] "Loaded RDS file: ..//output_EXPANSE_a2_dlpfc/libd_chr22-chr22_EA-libd_chr22-chr22_EA-274844-294843-dynamic-1corestotal-allcorepera-20240509-215326.rds"
[1] "File number: 123"
[1] "Loaded RDS file: ..//output_EXPANSE_a2_dlpfc/libd_chr22-chr22_EA-libd_chr22-chr22_EA-294844-314843-dynamic-1corestotal-allcorepera-20240509-215427.rds"
[1] "File number: 124"
[1] "Loaded RDS file: ..//output_EXPANSE_a2_dlpfc/libd_chr22-chr22_EA-libd_chr22-chr22_EA-314844-334843-dynamic-1corestotal-allcorepera-20240509-215528.rds"
[1] "File number: 125"
[1] "Loaded RDS file: ..//output_EXPANSE_a2_dlpfc/libd_chr22-chr22_EA-libd_chr22-chr22_EA-334844-354843-dynamic-1corestotal-allcorepera-20240509-215630.rds"
[1] "File number: 126"
[1] "Loaded RDS file: ..//output_EXPANSE_a2_dlpfc/libd_chr22-chr22_EA-libd_chr22-chr22_EA-354844-374843-dynamic-1corestotal-allcorepera-20240509-215731.rds"
[1] "File number: 127"
[1] "Loaded RDS file: ..//output_EXPANSE_a2_dlpfc/libd_chr22-chr22_EA-libd_chr22-chr22_EA-374844-394843-dynamic-1corestotal-allcorepera-20240509-215832.rds"
[1] "File number: 128"
[1] "Loaded RDS file: ..//output_EXPANSE_a2_dlpfc/libd_chr22-chr22_EA-libd_chr22-chr22_EA-394844-414843-dynamic-1corestotal-allcorepera-20240509-215933.rds"
[1] "File number: 129"
[1] "Loaded RDS file: ..//output_EXPANSE_a2_dlpfc/libd_chr22-chr22_EA-libd_chr22-chr22_EA-414844-434843-dynamic-1corestotal-allcorepera-20240509-220034.rds"
[1] "File number: 130"
[1] "Loaded RDS file: ..//output_EXPANSE_a2_dlpfc/libd_chr22-chr22_EA-libd_chr22-chr22_EA-434844-454843-dynamic-1corestotal-allcorepera-20240509-220135.rds"
[1] "File number: 131"
[1] "Loaded RDS file: ..//output_EXPANSE_a2_dlpfc/libd_chr22-chr22_EA-libd_chr22-chr22_EA-454844-474843-dynamic-1corestotal-allcorepera-20240509-220236.rds"
[1] "File number: 132"
[1] "Loaded RDS file: ..//output_EXPANSE_a2_dlpfc/libd_chr22-chr22_EA-libd_chr22-chr22_EA-474844-494843-dynamic-1corestotal-allcorepera-20240509-220338.rds"
[1] "File number: 133"
[1] "Loaded RDS file: ..//output_EXPANSE_a2_dlpfc/libd_chr22-chr22_EA-libd_chr22-chr22_EA-494844-514843-dynamic-1corestotal-allcorepera-20240509-220439.rds"
[1] "File number: 134"
[1] "Loaded RDS file: ..//output_EXPANSE_a2_dlpfc/libd_chr22-chr22_EA-libd_chr22-chr22_EA-514844-534843-dynamic-1corestotal-allcorepera-20240509-220540.rds"
[1] "File number: 135"
[1] "Loaded RDS file: ..//output_EXPANSE_a2_dlpfc/libd_chr22-chr22_EA-libd_chr22-chr22_EA-534844-543839-dynamic-1corestotal-allcorepera-20240509-220641.rds"
[1] "File number: 136"
[1] "Loaded RDS file: ..//output_EXPANSE_a2_hippo/libd_chr22-chr22_EA-libd_chr22-chr22_EA-14844-34843-dynamic-1corestotal-allcorepera-20240509-230245.rds"
[1] "File number: 137"
[1] "Loaded RDS file: ..//output_EXPANSE_a2_hippo/libd_chr22-chr22_EA-libd_chr22-chr22_EA-34844-54843-dynamic-1corestotal-allcorepera-20240509-230347.rds"
[1] "File number: 138"
[1] "Loaded RDS file: ..//output_EXPANSE_a2_hippo/libd_chr22-chr22_EA-libd_chr22-chr22_EA-54844-74843-dynamic-1corestotal-allcorepera-20240509-230449.rds"
[1] "File number: 139"
[1] "Loaded RDS file: ..//output_EXPANSE_a2_hippo/libd_chr22-chr22_EA-libd_chr22-chr22_EA-74844-94843-dynamic-1corestotal-allcorepera-20240509-230552.rds"
[1] "File number: 140"
[1] "Loaded RDS file: ..//output_EXPANSE_a2_hippo/libd_chr22-chr22_EA-libd_chr22-chr22_EA-94844-114843-dynamic-1corestotal-allcorepera-20240509-230654.rds"
[1] "File number: 141"
[1] "Loaded RDS file: ..//output_EXPANSE_a2_hippo/libd_chr22-chr22_EA-libd_chr22-chr22_EA-114844-134843-dynamic-1corestotal-allcorepera-20240509-230756.rds"
[1] "File number: 142"
[1] "Loaded RDS file: ..//output_EXPANSE_a2_hippo/libd_chr22-chr22_EA-libd_chr22-chr22_EA-134844-154843-dynamic-1corestotal-allcorepera-20240509-230857.rds"
[1] "File number: 143"
[1] "Loaded RDS file: ..//output_EXPANSE_a2_hippo/libd_chr22-chr22_EA-libd_chr22-chr22_EA-154844-174843-dynamic-1corestotal-allcorepera-20240509-230958.rds"
[1] "File number: 144"
[1] "Loaded RDS file: ..//output_EXPANSE_a2_hippo/libd_chr22-chr22_EA-libd_chr22-chr22_EA-174844-194843-dynamic-1corestotal-allcorepera-20240509-231059.rds"
[1] "File number: 145"
[1] "Loaded RDS file: ..//output_EXPANSE_a2_hippo/libd_chr22-chr22_EA-libd_chr22-chr22_EA-194844-214843-dynamic-1corestotal-allcorepera-20240509-231200.rds"
[1] "File number: 146"
[1] "Loaded RDS file: ..//output_EXPANSE_a2_hippo/libd_chr22-chr22_EA-libd_chr22-chr22_EA-214844-234843-dynamic-1corestotal-allcorepera-20240509-231302.rds"
[1] "File number: 147"
[1] "Loaded RDS file: ..//output_EXPANSE_a2_hippo/libd_chr22-chr22_EA-libd_chr22-chr22_EA-234844-254843-dynamic-1corestotal-allcorepera-20240509-231403.rds"
[1] "File number: 148"
[1] "Loaded RDS file: ..//output_EXPANSE_a2_hippo/libd_chr22-chr22_EA-libd_chr22-chr22_EA-254844-274843-dynamic-1corestotal-allcorepera-20240509-231504.rds"
[1] "File number: 149"
[1] "Loaded RDS file: ..//output_EXPANSE_a2_hippo/libd_chr22-chr22_EA-libd_chr22-chr22_EA-274844-294843-dynamic-1corestotal-allcorepera-20240509-231605.rds"
[1] "File number: 150"
[1] "Loaded RDS file: ..//output_EXPANSE_a2_hippo/libd_chr22-chr22_EA-libd_chr22-chr22_EA-294844-314843-dynamic-1corestotal-allcorepera-20240509-231706.rds"
[1] "File number: 151"
[1] "Loaded RDS file: ..//output_EXPANSE_a2_hippo/libd_chr22-chr22_EA-libd_chr22-chr22_EA-314844-334843-dynamic-1corestotal-allcorepera-20240509-231807.rds"
[1] "File number: 152"
[1] "Loaded RDS file: ..//output_EXPANSE_a2_hippo/libd_chr22-chr22_EA-libd_chr22-chr22_EA-334844-354843-dynamic-1corestotal-allcorepera-20240509-231908.rds"
[1] "File number: 153"
[1] "Loaded RDS file: ..//output_EXPANSE_a2_hippo/libd_chr22-chr22_EA-libd_chr22-chr22_EA-354844-374843-dynamic-1corestotal-allcorepera-20240509-232009.rds"
[1] "File number: 154"
[1] "Loaded RDS file: ..//output_EXPANSE_a2_hippo/libd_chr22-chr22_EA-libd_chr22-chr22_EA-374844-394843-dynamic-1corestotal-allcorepera-20240509-232111.rds"
[1] "File number: 155"
[1] "Loaded RDS file: ..//output_EXPANSE_a2_hippo/libd_chr22-chr22_EA-libd_chr22-chr22_EA-394844-414843-dynamic-1corestotal-allcorepera-20240509-232212.rds"
[1] "File number: 156"
[1] "Loaded RDS file: ..//output_EXPANSE_a2_hippo/libd_chr22-chr22_EA-libd_chr22-chr22_EA-414844-434843-dynamic-1corestotal-allcorepera-20240509-232313.rds"
[1] "File number: 157"
[1] "Loaded RDS file: ..//output_EXPANSE_a2_hippo/libd_chr22-chr22_EA-libd_chr22-chr22_EA-434844-454843-dynamic-1corestotal-allcorepera-20240509-232414.rds"
[1] "File number: 158"
[1] "Loaded RDS file: ..//output_EXPANSE_a2_hippo/libd_chr22-chr22_EA-libd_chr22-chr22_EA-454844-474843-dynamic-1corestotal-allcorepera-20240509-232515.rds"
[1] "File number: 159"
[1] "Loaded RDS file: ..//output_EXPANSE_a2_hippo/libd_chr22-chr22_EA-libd_chr22-chr22_EA-474844-494843-dynamic-1corestotal-allcorepera-20240509-232616.rds"
[1] "File number: 160"
[1] "Loaded RDS file: ..//output_EXPANSE_a2_hippo/libd_chr22-chr22_EA-libd_chr22-chr22_EA-494844-514843-dynamic-1corestotal-allcorepera-20240509-232717.rds"
[1] "File number: 161"
[1] "Loaded RDS file: ..//output_EXPANSE_a2_hippo/libd_chr22-chr22_EA-libd_chr22-chr22_EA-514844-534843-dynamic-1corestotal-allcorepera-20240509-232818.rds"
[1] "File number: 162"
[1] "Loaded RDS file: ..//output_EXPANSE_a2_hippo/libd_chr22-chr22_EA-libd_chr22-chr22_EA-534844-543839-dynamic-1corestotal-allcorepera-20240509-232920.rds"
[1] "File number: 163"
[1] "Loaded RDS file: ..//output_EXPANSE_a2_caud/libd_chr22-chr22_all-libd_chr22-chr22_all-14844-34843-dynamic-1corestotal-allcorepera-20240523-121655.rds"
[1] "File number: 164"
[1] "Loaded RDS file: ..//output_EXPANSE_a2_caud/libd_chr22-chr22_all-libd_chr22-chr22_all-34844-54843-dynamic-1corestotal-allcorepera-20240523-121756.rds"
[1] "File number: 165"
[1] "Loaded RDS file: ..//output_EXPANSE_a2_caud/libd_chr22-chr22_all-libd_chr22-chr22_all-54844-74843-dynamic-1corestotal-allcorepera-20240523-121857.rds"
[1] "File number: 166"
[1] "Loaded RDS file: ..//output_EXPANSE_a2_caud/libd_chr22-chr22_all-libd_chr22-chr22_all-74844-94843-dynamic-1corestotal-allcorepera-20240523-121958.rds"
[1] "File number: 167"
[1] "Loaded RDS file: ..//output_EXPANSE_a2_caud/libd_chr22-chr22_all-libd_chr22-chr22_all-94844-114843-dynamic-1corestotal-allcorepera-20240523-122100.rds"
[1] "File number: 168"
[1] "Loaded RDS file: ..//output_EXPANSE_a2_caud/libd_chr22-chr22_all-libd_chr22-chr22_all-114844-134843-dynamic-1corestotal-allcorepera-20240523-122201.rds"
[1] "File number: 169"
[1] "Loaded RDS file: ..//output_EXPANSE_a2_caud/libd_chr22-chr22_all-libd_chr22-chr22_all-134844-154843-dynamic-1corestotal-allcorepera-20240523-122304.rds"
[1] "File number: 170"
[1] "Loaded RDS file: ..//output_EXPANSE_a2_caud/libd_chr22-chr22_all-libd_chr22-chr22_all-154844-174843-dynamic-1corestotal-allcorepera-20240523-122405.rds"
[1] "File number: 171"
[1] "Loaded RDS file: ..//output_EXPANSE_a2_caud/libd_chr22-chr22_all-libd_chr22-chr22_all-174844-194843-dynamic-1corestotal-allcorepera-20240523-122507.rds"
[1] "File number: 172"
[1] "Loaded RDS file: ..//output_EXPANSE_a2_caud/libd_chr22-chr22_all-libd_chr22-chr22_all-194844-214843-dynamic-1corestotal-allcorepera-20240523-122608.rds"
[1] "File number: 173"
[1] "Loaded RDS file: ..//output_EXPANSE_a2_caud/libd_chr22-chr22_all-libd_chr22-chr22_all-214844-234843-dynamic-1corestotal-allcorepera-20240523-122709.rds"
[1] "File number: 174"
[1] "Loaded RDS file: ..//output_EXPANSE_a2_caud/libd_chr22-chr22_all-libd_chr22-chr22_all-234844-254843-dynamic-1corestotal-allcorepera-20240523-122811.rds"
[1] "File number: 175"
[1] "Loaded RDS file: ..//output_EXPANSE_a2_caud/libd_chr22-chr22_all-libd_chr22-chr22_all-254844-274843-dynamic-1corestotal-allcorepera-20240523-122912.rds"
[1] "File number: 176"
[1] "Loaded RDS file: ..//output_EXPANSE_a2_caud/libd_chr22-chr22_all-libd_chr22-chr22_all-274844-294843-dynamic-1corestotal-allcorepera-20240523-123013.rds"
[1] "File number: 177"
[1] "Loaded RDS file: ..//output_EXPANSE_a2_caud/libd_chr22-chr22_all-libd_chr22-chr22_all-294844-314843-dynamic-1corestotal-allcorepera-20240523-123114.rds"
[1] "File number: 178"
[1] "Loaded RDS file: ..//output_EXPANSE_a2_caud/libd_chr22-chr22_all-libd_chr22-chr22_all-314844-334843-dynamic-1corestotal-allcorepera-20240523-123216.rds"
[1] "File number: 179"
[1] "Loaded RDS file: ..//output_EXPANSE_a2_caud/libd_chr22-chr22_all-libd_chr22-chr22_all-334844-354843-dynamic-1corestotal-allcorepera-20240523-123317.rds"
[1] "File number: 180"
[1] "Loaded RDS file: ..//output_EXPANSE_a2_caud/libd_chr22-chr22_all-libd_chr22-chr22_all-354844-374843-dynamic-1corestotal-allcorepera-20240523-123418.rds"
[1] "File number: 181"
[1] "Loaded RDS file: ..//output_EXPANSE_a2_caud/libd_chr22-chr22_all-libd_chr22-chr22_all-374844-394843-dynamic-1corestotal-allcorepera-20240523-123519.rds"
[1] "File number: 182"
[1] "Loaded RDS file: ..//output_EXPANSE_a2_caud/libd_chr22-chr22_all-libd_chr22-chr22_all-394844-414843-dynamic-1corestotal-allcorepera-20240523-123622.rds"
[1] "File number: 183"
[1] "Loaded RDS file: ..//output_EXPANSE_a2_caud/libd_chr22-chr22_all-libd_chr22-chr22_all-414844-434843-dynamic-1corestotal-allcorepera-20240523-123724.rds"
[1] "File number: 184"
[1] "Loaded RDS file: ..//output_EXPANSE_a2_caud/libd_chr22-chr22_all-libd_chr22-chr22_all-434844-454843-dynamic-1corestotal-allcorepera-20240523-123825.rds"
[1] "File number: 185"
[1] "Loaded RDS file: ..//output_EXPANSE_a2_caud/libd_chr22-chr22_all-libd_chr22-chr22_all-454844-474843-dynamic-1corestotal-allcorepera-20240523-123926.rds"
[1] "File number: 186"
[1] "Loaded RDS file: ..//output_EXPANSE_a2_caud/libd_chr22-chr22_all-libd_chr22-chr22_all-474844-494843-dynamic-1corestotal-allcorepera-20240523-124027.rds"
[1] "File number: 187"
[1] "Loaded RDS file: ..//output_EXPANSE_a2_caud/libd_chr22-chr22_all-libd_chr22-chr22_all-494844-514843-dynamic-1corestotal-allcorepera-20240523-124129.rds"
[1] "File number: 188"
[1] "Loaded RDS file: ..//output_EXPANSE_a2_caud/libd_chr22-chr22_all-libd_chr22-chr22_all-514844-534843-dynamic-1corestotal-allcorepera-20240523-124230.rds"
[1] "File number: 189"
[1] "Loaded RDS file: ..//output_EXPANSE_a2_caud/libd_chr22-chr22_all-libd_chr22-chr22_all-534844-543839-dynamic-1corestotal-allcorepera-20240523-124331.rds"
[1] "File number: 190"
[1] "Loaded RDS file: ..//output_EXPANSE_a2_dlpfc/libd_chr22-chr22_all-libd_chr22-chr22_all-14844-34843-dynamic-1corestotal-allcorepera-20240509-211229.rds"
[1] "File number: 191"
[1] "Loaded RDS file: ..//output_EXPANSE_a2_dlpfc/libd_chr22-chr22_all-libd_chr22-chr22_all-34844-54843-dynamic-1corestotal-allcorepera-20240509-211330.rds"
[1] "File number: 192"
[1] "Loaded RDS file: ..//output_EXPANSE_a2_dlpfc/libd_chr22-chr22_all-libd_chr22-chr22_all-54844-74843-dynamic-1corestotal-allcorepera-20240509-211432.rds"
[1] "File number: 193"
[1] "Loaded RDS file: ..//output_EXPANSE_a2_dlpfc/libd_chr22-chr22_all-libd_chr22-chr22_all-74844-94843-dynamic-1corestotal-allcorepera-20240509-211533.rds"
[1] "File number: 194"
[1] "Loaded RDS file: ..//output_EXPANSE_a2_dlpfc/libd_chr22-chr22_all-libd_chr22-chr22_all-94844-114843-dynamic-1corestotal-allcorepera-20240509-211635.rds"
[1] "File number: 195"
[1] "Loaded RDS file: ..//output_EXPANSE_a2_dlpfc/libd_chr22-chr22_all-libd_chr22-chr22_all-114844-134843-dynamic-1corestotal-allcorepera-20240509-211736.rds"
[1] "File number: 196"
[1] "Loaded RDS file: ..//output_EXPANSE_a2_dlpfc/libd_chr22-chr22_all-libd_chr22-chr22_all-134844-154843-dynamic-1corestotal-allcorepera-20240509-211838.rds"
[1] "File number: 197"
[1] "Loaded RDS file: ..//output_EXPANSE_a2_dlpfc/libd_chr22-chr22_all-libd_chr22-chr22_all-154844-174843-dynamic-1corestotal-allcorepera-20240509-211939.rds"
[1] "File number: 198"
[1] "Loaded RDS file: ..//output_EXPANSE_a2_dlpfc/libd_chr22-chr22_all-libd_chr22-chr22_all-174844-194843-dynamic-1corestotal-allcorepera-20240509-212040.rds"
[1] "File number: 199"
[1] "Loaded RDS file: ..//output_EXPANSE_a2_dlpfc/libd_chr22-chr22_all-libd_chr22-chr22_all-194844-214843-dynamic-1corestotal-allcorepera-20240509-212142.rds"
[1] "File number: 200"
[1] "Loaded RDS file: ..//output_EXPANSE_a2_dlpfc/libd_chr22-chr22_all-libd_chr22-chr22_all-214844-234843-dynamic-1corestotal-allcorepera-20240509-212244.rds"
[1] "File number: 201"
[1] "Loaded RDS file: ..//output_EXPANSE_a2_dlpfc/libd_chr22-chr22_all-libd_chr22-chr22_all-234844-254843-dynamic-1corestotal-allcorepera-20240509-212345.rds"
[1] "File number: 202"
[1] "Loaded RDS file: ..//output_EXPANSE_a2_dlpfc/libd_chr22-chr22_all-libd_chr22-chr22_all-254844-274843-dynamic-1corestotal-allcorepera-20240509-212447.rds"
[1] "File number: 203"
[1] "Loaded RDS file: ..//output_EXPANSE_a2_dlpfc/libd_chr22-chr22_all-libd_chr22-chr22_all-274844-294843-dynamic-1corestotal-allcorepera-20240509-212548.rds"
[1] "File number: 204"
[1] "Loaded RDS file: ..//output_EXPANSE_a2_dlpfc/libd_chr22-chr22_all-libd_chr22-chr22_all-294844-314843-dynamic-1corestotal-allcorepera-20240509-212649.rds"
[1] "File number: 205"
[1] "Loaded RDS file: ..//output_EXPANSE_a2_dlpfc/libd_chr22-chr22_all-libd_chr22-chr22_all-314844-334843-dynamic-1corestotal-allcorepera-20240509-212751.rds"
[1] "File number: 206"
[1] "Loaded RDS file: ..//output_EXPANSE_a2_dlpfc/libd_chr22-chr22_all-libd_chr22-chr22_all-334844-354843-dynamic-1corestotal-allcorepera-20240509-212852.rds"
[1] "File number: 207"
[1] "Loaded RDS file: ..//output_EXPANSE_a2_dlpfc/libd_chr22-chr22_all-libd_chr22-chr22_all-354844-374843-dynamic-1corestotal-allcorepera-20240509-212954.rds"
[1] "File number: 208"
[1] "Loaded RDS file: ..//output_EXPANSE_a2_dlpfc/libd_chr22-chr22_all-libd_chr22-chr22_all-374844-394843-dynamic-1corestotal-allcorepera-20240509-213055.rds"
[1] "File number: 209"
[1] "Loaded RDS file: ..//output_EXPANSE_a2_dlpfc/libd_chr22-chr22_all-libd_chr22-chr22_all-394844-414843-dynamic-1corestotal-allcorepera-20240509-213157.rds"
[1] "File number: 210"
[1] "Loaded RDS file: ..//output_EXPANSE_a2_dlpfc/libd_chr22-chr22_all-libd_chr22-chr22_all-414844-434843-dynamic-1corestotal-allcorepera-20240509-213258.rds"
[1] "File number: 211"
[1] "Loaded RDS file: ..//output_EXPANSE_a2_dlpfc/libd_chr22-chr22_all-libd_chr22-chr22_all-414844-434843-dynamic-1corestotal-allcorepera-20240510-122040.rds"
[1] "File number: 212"
[1] "Loaded RDS file: ..//output_EXPANSE_a2_dlpfc/libd_chr22-chr22_all-libd_chr22-chr22_all-434844-454843-dynamic-1corestotal-allcorepera-20240509-213400.rds"
[1] "File number: 213"
[1] "Loaded RDS file: ..//output_EXPANSE_a2_dlpfc/libd_chr22-chr22_all-libd_chr22-chr22_all-454844-474843-dynamic-1corestotal-allcorepera-20240509-213501.rds"
[1] "File number: 214"
[1] "Loaded RDS file: ..//output_EXPANSE_a2_dlpfc/libd_chr22-chr22_all-libd_chr22-chr22_all-454844-474843-dynamic-1corestotal-allcorepera-20240510-122141.rds"
[1] "File number: 215"
[1] "Loaded RDS file: ..//output_EXPANSE_a2_dlpfc/libd_chr22-chr22_all-libd_chr22-chr22_all-474844-494843-dynamic-1corestotal-allcorepera-20240509-213603.rds"
[1] "File number: 216"
[1] "Loaded RDS file: ..//output_EXPANSE_a2_dlpfc/libd_chr22-chr22_all-libd_chr22-chr22_all-474844-494843-dynamic-1corestotal-allcorepera-20240510-122242.rds"
[1] "File number: 217"
[1] "Loaded RDS file: ..//output_EXPANSE_a2_dlpfc/libd_chr22-chr22_all-libd_chr22-chr22_all-494844-514843-dynamic-1corestotal-allcorepera-20240509-213704.rds"
[1] "File number: 218"
[1] "Loaded RDS file: ..//output_EXPANSE_a2_dlpfc/libd_chr22-chr22_all-libd_chr22-chr22_all-494844-514843-dynamic-1corestotal-allcorepera-20240510-122343.rds"
[1] "File number: 219"
[1] "Loaded RDS file: ..//output_EXPANSE_a2_dlpfc/libd_chr22-chr22_all-libd_chr22-chr22_all-514844-534843-dynamic-1corestotal-allcorepera-20240509-213805.rds"
[1] "File number: 220"
[1] "Loaded RDS file: ..//output_EXPANSE_a2_dlpfc/libd_chr22-chr22_all-libd_chr22-chr22_all-534844-543839-dynamic-1corestotal-allcorepera-20240509-213907.rds"
[1] "File number: 221"
[1] "Loaded RDS file: ..//output_EXPANSE_a2_hippo/libd_chr22-chr22_all-libd_chr22-chr22_all-14844-34843-dynamic-1corestotal-allcorepera-20240509-223513.rds"
[1] "File number: 222"
[1] "Loaded RDS file: ..//output_EXPANSE_a2_hippo/libd_chr22-chr22_all-libd_chr22-chr22_all-34844-54843-dynamic-1corestotal-allcorepera-20240509-223614.rds"
[1] "File number: 223"
[1] "Loaded RDS file: ..//output_EXPANSE_a2_hippo/libd_chr22-chr22_all-libd_chr22-chr22_all-54844-74843-dynamic-1corestotal-allcorepera-20240509-223715.rds"
[1] "File number: 224"
[1] "Loaded RDS file: ..//output_EXPANSE_a2_hippo/libd_chr22-chr22_all-libd_chr22-chr22_all-74844-94843-dynamic-1corestotal-allcorepera-20240509-223816.rds"
[1] "File number: 225"
[1] "Loaded RDS file: ..//output_EXPANSE_a2_hippo/libd_chr22-chr22_all-libd_chr22-chr22_all-94844-114843-dynamic-1corestotal-allcorepera-20240509-223918.rds"
[1] "File number: 226"
[1] "Loaded RDS file: ..//output_EXPANSE_a2_hippo/libd_chr22-chr22_all-libd_chr22-chr22_all-114844-134843-dynamic-1corestotal-allcorepera-20240509-224019.rds"
[1] "File number: 227"
[1] "Loaded RDS file: ..//output_EXPANSE_a2_hippo/libd_chr22-chr22_all-libd_chr22-chr22_all-134844-154843-dynamic-1corestotal-allcorepera-20240509-224120.rds"
[1] "File number: 228"
[1] "Loaded RDS file: ..//output_EXPANSE_a2_hippo/libd_chr22-chr22_all-libd_chr22-chr22_all-154844-174843-dynamic-1corestotal-allcorepera-20240509-224221.rds"
[1] "File number: 229"
[1] "Loaded RDS file: ..//output_EXPANSE_a2_hippo/libd_chr22-chr22_all-libd_chr22-chr22_all-174844-194843-dynamic-1corestotal-allcorepera-20240509-224322.rds"
[1] "File number: 230"
[1] "Loaded RDS file: ..//output_EXPANSE_a2_hippo/libd_chr22-chr22_all-libd_chr22-chr22_all-194844-214843-dynamic-1corestotal-allcorepera-20240509-224423.rds"
[1] "File number: 231"
[1] "Loaded RDS file: ..//output_EXPANSE_a2_hippo/libd_chr22-chr22_all-libd_chr22-chr22_all-214844-234843-dynamic-1corestotal-allcorepera-20240509-224524.rds"
[1] "File number: 232"
[1] "Loaded RDS file: ..//output_EXPANSE_a2_hippo/libd_chr22-chr22_all-libd_chr22-chr22_all-234844-254843-dynamic-1corestotal-allcorepera-20240509-224625.rds"
[1] "File number: 233"
[1] "Loaded RDS file: ..//output_EXPANSE_a2_hippo/libd_chr22-chr22_all-libd_chr22-chr22_all-254844-274843-dynamic-1corestotal-allcorepera-20240509-224726.rds"
[1] "File number: 234"
[1] "Loaded RDS file: ..//output_EXPANSE_a2_hippo/libd_chr22-chr22_all-libd_chr22-chr22_all-274844-294843-dynamic-1corestotal-allcorepera-20240509-224828.rds"
[1] "File number: 235"
[1] "Loaded RDS file: ..//output_EXPANSE_a2_hippo/libd_chr22-chr22_all-libd_chr22-chr22_all-294844-314843-dynamic-1corestotal-allcorepera-20240509-224929.rds"
[1] "File number: 236"
[1] "Loaded RDS file: ..//output_EXPANSE_a2_hippo/libd_chr22-chr22_all-libd_chr22-chr22_all-314844-334843-dynamic-1corestotal-allcorepera-20240509-225030.rds"
[1] "File number: 237"
[1] "Loaded RDS file: ..//output_EXPANSE_a2_hippo/libd_chr22-chr22_all-libd_chr22-chr22_all-334844-354843-dynamic-1corestotal-allcorepera-20240509-225131.rds"
[1] "File number: 238"
[1] "Loaded RDS file: ..//output_EXPANSE_a2_hippo/libd_chr22-chr22_all-libd_chr22-chr22_all-354844-374843-dynamic-1corestotal-allcorepera-20240509-225232.rds"
[1] "File number: 239"
[1] "Loaded RDS file: ..//output_EXPANSE_a2_hippo/libd_chr22-chr22_all-libd_chr22-chr22_all-374844-394843-dynamic-1corestotal-allcorepera-20240509-225333.rds"
[1] "File number: 240"
[1] "Loaded RDS file: ..//output_EXPANSE_a2_hippo/libd_chr22-chr22_all-libd_chr22-chr22_all-394844-414843-dynamic-1corestotal-allcorepera-20240509-225434.rds"
[1] "File number: 241"
[1] "Loaded RDS file: ..//output_EXPANSE_a2_hippo/libd_chr22-chr22_all-libd_chr22-chr22_all-394844-414843-dynamic-1corestotal-allcorepera-20240510-122448.rds"
[1] "File number: 242"
[1] "Loaded RDS file: ..//output_EXPANSE_a2_hippo/libd_chr22-chr22_all-libd_chr22-chr22_all-414844-434843-dynamic-1corestotal-allcorepera-20240509-225535.rds"
[1] "File number: 243"
[1] "Loaded RDS file: ..//output_EXPANSE_a2_hippo/libd_chr22-chr22_all-libd_chr22-chr22_all-414844-434843-dynamic-1corestotal-allcorepera-20240510-122550.rds"
[1] "File number: 244"
[1] "Loaded RDS file: ..//output_EXPANSE_a2_hippo/libd_chr22-chr22_all-libd_chr22-chr22_all-434844-454843-dynamic-1corestotal-allcorepera-20240509-225637.rds"
[1] "File number: 245"
[1] "Loaded RDS file: ..//output_EXPANSE_a2_hippo/libd_chr22-chr22_all-libd_chr22-chr22_all-454844-474843-dynamic-1corestotal-allcorepera-20240509-225738.rds"
[1] "File number: 246"
[1] "Loaded RDS file: ..//output_EXPANSE_a2_hippo/libd_chr22-chr22_all-libd_chr22-chr22_all-454844-474843-dynamic-1corestotal-allcorepera-20240510-122651.rds"
[1] "File number: 247"
[1] "Loaded RDS file: ..//output_EXPANSE_a2_hippo/libd_chr22-chr22_all-libd_chr22-chr22_all-474844-494843-dynamic-1corestotal-allcorepera-20240509-225839.rds"
[1] "File number: 248"
[1] "Loaded RDS file: ..//output_EXPANSE_a2_hippo/libd_chr22-chr22_all-libd_chr22-chr22_all-474844-494843-dynamic-1corestotal-allcorepera-20240510-122752.rds"
[1] "File number: 249"
[1] "Loaded RDS file: ..//output_EXPANSE_a2_hippo/libd_chr22-chr22_all-libd_chr22-chr22_all-494844-514843-dynamic-1corestotal-allcorepera-20240509-225940.rds"
[1] "File number: 250"
[1] "Loaded RDS file: ..//output_EXPANSE_a2_hippo/libd_chr22-chr22_all-libd_chr22-chr22_all-494844-514843-dynamic-1corestotal-allcorepera-20240510-122853.rds"
[1] "File number: 251"
[1] "Loaded RDS file: ..//output_EXPANSE_a2_hippo/libd_chr22-chr22_all-libd_chr22-chr22_all-514844-534843-dynamic-1corestotal-allcorepera-20240509-230041.rds"
[1] "File number: 252"
[1] "Loaded RDS file: ..//output_EXPANSE_a2_hippo/libd_chr22-chr22_all-libd_chr22-chr22_all-534844-543839-dynamic-1corestotal-allcorepera-20240509-230142.rds"
