[1] "Starting genome file processing"
[1] "Processing genome file index: 8"
[1] "Loaded SNP data"
[1] "Files for this Chr:"
[1] 558
[1] "File number: 1"
[1] "Loaded RDS file: ..//output_EXPANSE_a2_caud/libd_chr8-chr8_AA-libd_chr8-chr8_AA-1483-21482-dynamic-1corestotal-allcorepera-20240423-062809.rds"
[1] "File number: 2"
[1] "Loaded RDS file: ..//output_EXPANSE_a2_caud/libd_chr8-chr8_AA-libd_chr8-chr8_AA-21483-41482-dynamic-1corestotal-allcorepera-20240423-063110.rds"
[1] "File number: 3"
[1] "Loaded RDS file: ..//output_EXPANSE_a2_caud/libd_chr8-chr8_AA-libd_chr8-chr8_AA-41483-61482-dynamic-1corestotal-allcorepera-20240423-063412.rds"
[1] "File number: 4"
[1] "Loaded RDS file: ..//output_EXPANSE_a2_caud/libd_chr8-chr8_AA-libd_chr8-chr8_AA-61483-81482-dynamic-1corestotal-allcorepera-20240423-063713.rds"
[1] "File number: 5"
[1] "Loaded RDS file: ..//output_EXPANSE_a2_caud/libd_chr8-chr8_AA-libd_chr8-chr8_AA-81483-101482-dynamic-1corestotal-allcorepera-20240423-064014.rds"
[1] "File number: 6"
[1] "Loaded RDS file: ..//output_EXPANSE_a2_caud/libd_chr8-chr8_AA-libd_chr8-chr8_AA-101483-121482-dynamic-1corestotal-allcorepera-20240423-064315.rds"
[1] "File number: 7"
[1] "Loaded RDS file: ..//output_EXPANSE_a2_caud/libd_chr8-chr8_AA-libd_chr8-chr8_AA-121483-141482-dynamic-1corestotal-allcorepera-20240423-064616.rds"
[1] "File number: 8"
[1] "Loaded RDS file: ..//output_EXPANSE_a2_caud/libd_chr8-chr8_AA-libd_chr8-chr8_AA-141483-161482-dynamic-1corestotal-allcorepera-20240423-064917.rds"
[1] "File number: 9"
[1] "Loaded RDS file: ..//output_EXPANSE_a2_caud/libd_chr8-chr8_AA-libd_chr8-chr8_AA-161483-181482-dynamic-1corestotal-allcorepera-20240423-065218.rds"
[1] "File number: 10"
[1] "Loaded RDS file: ..//output_EXPANSE_a2_caud/libd_chr8-chr8_AA-libd_chr8-chr8_AA-181483-201482-dynamic-1corestotal-allcorepera-20240423-065519.rds"
[1] "File number: 11"
[1] "Loaded RDS file: ..//output_EXPANSE_a2_caud/libd_chr8-chr8_AA-libd_chr8-chr8_AA-201483-221482-dynamic-1corestotal-allcorepera-20240423-065820.rds"
[1] "File number: 12"
[1] "Loaded RDS file: ..//output_EXPANSE_a2_caud/libd_chr8-chr8_AA-libd_chr8-chr8_AA-221483-241482-dynamic-1corestotal-allcorepera-20240423-070121.rds"
[1] "File number: 13"
[1] "Loaded RDS file: ..//output_EXPANSE_a2_caud/libd_chr8-chr8_AA-libd_chr8-chr8_AA-241483-261482-dynamic-1corestotal-allcorepera-20240423-070423.rds"
[1] "File number: 14"
[1] "Loaded RDS file: ..//output_EXPANSE_a2_caud/libd_chr8-chr8_AA-libd_chr8-chr8_AA-261483-281482-dynamic-1corestotal-allcorepera-20240423-070724.rds"
[1] "File number: 15"
[1] "Loaded RDS file: ..//output_EXPANSE_a2_caud/libd_chr8-chr8_AA-libd_chr8-chr8_AA-281483-301482-dynamic-1corestotal-allcorepera-20240423-071025.rds"
[1] "File number: 16"
[1] "Loaded RDS file: ..//output_EXPANSE_a2_caud/libd_chr8-chr8_AA-libd_chr8-chr8_AA-301483-321482-dynamic-1corestotal-allcorepera-20240423-071326.rds"
[1] "File number: 17"
[1] "Loaded RDS file: ..//output_EXPANSE_a2_caud/libd_chr8-chr8_AA-libd_chr8-chr8_AA-321483-341482-dynamic-1corestotal-allcorepera-20240423-071627.rds"
[1] "File number: 18"
[1] "Loaded RDS file: ..//output_EXPANSE_a2_caud/libd_chr8-chr8_AA-libd_chr8-chr8_AA-341483-361482-dynamic-1corestotal-allcorepera-20240423-071928.rds"
[1] "File number: 19"
[1] "Loaded RDS file: ..//output_EXPANSE_a2_caud/libd_chr8-chr8_AA-libd_chr8-chr8_AA-361483-381482-dynamic-1corestotal-allcorepera-20240423-072229.rds"
[1] "File number: 20"
[1] "Loaded RDS file: ..//output_EXPANSE_a2_caud/libd_chr8-chr8_AA-libd_chr8-chr8_AA-381483-401482-dynamic-1corestotal-allcorepera-20240423-072530.rds"
[1] "File number: 21"
[1] "Loaded RDS file: ..//output_EXPANSE_a2_caud/libd_chr8-chr8_AA-libd_chr8-chr8_AA-401483-421482-dynamic-1corestotal-allcorepera-20240423-072831.rds"
[1] "File number: 22"
[1] "Loaded RDS file: ..//output_EXPANSE_a2_caud/libd_chr8-chr8_AA-libd_chr8-chr8_AA-421483-441482-dynamic-1corestotal-allcorepera-20240423-073133.rds"
[1] "File number: 23"
[1] "Loaded RDS file: ..//output_EXPANSE_a2_caud/libd_chr8-chr8_AA-libd_chr8-chr8_AA-441483-461482-dynamic-1corestotal-allcorepera-20240423-073434.rds"
[1] "File number: 24"
[1] "Loaded RDS file: ..//output_EXPANSE_a2_caud/libd_chr8-chr8_AA-libd_chr8-chr8_AA-461483-481482-dynamic-1corestotal-allcorepera-20240423-073735.rds"
[1] "File number: 25"
[1] "Loaded RDS file: ..//output_EXPANSE_a2_caud/libd_chr8-chr8_AA-libd_chr8-chr8_AA-481483-501482-dynamic-1corestotal-allcorepera-20240423-074036.rds"
[1] "File number: 26"
[1] "Loaded RDS file: ..//output_EXPANSE_a2_caud/libd_chr8-chr8_AA-libd_chr8-chr8_AA-501483-521482-dynamic-1corestotal-allcorepera-20240423-074337.rds"
[1] "File number: 27"
[1] "Loaded RDS file: ..//output_EXPANSE_a2_caud/libd_chr8-chr8_AA-libd_chr8-chr8_AA-521483-541482-dynamic-1corestotal-allcorepera-20240423-074638.rds"
[1] "File number: 28"
[1] "Loaded RDS file: ..//output_EXPANSE_a2_caud/libd_chr8-chr8_AA-libd_chr8-chr8_AA-541483-561482-dynamic-1corestotal-allcorepera-20240423-074939.rds"
[1] "File number: 29"
[1] "Loaded RDS file: ..//output_EXPANSE_a2_caud/libd_chr8-chr8_AA-libd_chr8-chr8_AA-561483-581482-dynamic-1corestotal-allcorepera-20240423-075240.rds"
[1] "File number: 30"
[1] "Loaded RDS file: ..//output_EXPANSE_a2_caud/libd_chr8-chr8_AA-libd_chr8-chr8_AA-581483-601482-dynamic-1corestotal-allcorepera-20240423-075541.rds"
[1] "File number: 31"
[1] "Loaded RDS file: ..//output_EXPANSE_a2_caud/libd_chr8-chr8_AA-libd_chr8-chr8_AA-601483-621482-dynamic-1corestotal-allcorepera-20240423-075842.rds"
[1] "File number: 32"
[1] "Loaded RDS file: ..//output_EXPANSE_a2_caud/libd_chr8-chr8_AA-libd_chr8-chr8_AA-621483-641482-dynamic-1corestotal-allcorepera-20240423-080144.rds"
[1] "File number: 33"
[1] "Loaded RDS file: ..//output_EXPANSE_a2_caud/libd_chr8-chr8_AA-libd_chr8-chr8_AA-641483-661482-dynamic-1corestotal-allcorepera-20240423-080445.rds"
[1] "File number: 34"
[1] "Loaded RDS file: ..//output_EXPANSE_a2_caud/libd_chr8-chr8_AA-libd_chr8-chr8_AA-661483-681482-dynamic-1corestotal-allcorepera-20240423-080746.rds"
[1] "File number: 35"
[1] "Loaded RDS file: ..//output_EXPANSE_a2_caud/libd_chr8-chr8_AA-libd_chr8-chr8_AA-681483-701482-dynamic-1corestotal-allcorepera-20240423-081047.rds"
[1] "File number: 36"
[1] "Loaded RDS file: ..//output_EXPANSE_a2_caud/libd_chr8-chr8_AA-libd_chr8-chr8_AA-701483-721482-dynamic-1corestotal-allcorepera-20240423-081348.rds"
[1] "File number: 37"
[1] "Loaded RDS file: ..//output_EXPANSE_a2_caud/libd_chr8-chr8_AA-libd_chr8-chr8_AA-721483-741482-dynamic-1corestotal-allcorepera-20240423-081649.rds"
[1] "File number: 38"
[1] "Loaded RDS file: ..//output_EXPANSE_a2_caud/libd_chr8-chr8_AA-libd_chr8-chr8_AA-741483-761482-dynamic-1corestotal-allcorepera-20240423-081950.rds"
[1] "File number: 39"
[1] "Loaded RDS file: ..//output_EXPANSE_a2_caud/libd_chr8-chr8_AA-libd_chr8-chr8_AA-761483-781482-dynamic-1corestotal-allcorepera-20240423-082251.rds"
[1] "File number: 40"
[1] "Loaded RDS file: ..//output_EXPANSE_a2_caud/libd_chr8-chr8_AA-libd_chr8-chr8_AA-781483-801482-dynamic-1corestotal-allcorepera-20240423-082553.rds"
[1] "File number: 41"
[1] "Loaded RDS file: ..//output_EXPANSE_a2_caud/libd_chr8-chr8_AA-libd_chr8-chr8_AA-801483-821482-dynamic-1corestotal-allcorepera-20240423-082854.rds"
[1] "File number: 42"
[1] "Loaded RDS file: ..//output_EXPANSE_a2_caud/libd_chr8-chr8_AA-libd_chr8-chr8_AA-821483-841482-dynamic-1corestotal-allcorepera-20240423-083155.rds"
[1] "File number: 43"
[1] "Loaded RDS file: ..//output_EXPANSE_a2_caud/libd_chr8-chr8_AA-libd_chr8-chr8_AA-841483-861482-dynamic-1corestotal-allcorepera-20240423-083456.rds"
[1] "File number: 44"
[1] "Loaded RDS file: ..//output_EXPANSE_a2_caud/libd_chr8-chr8_AA-libd_chr8-chr8_AA-861483-881482-dynamic-1corestotal-allcorepera-20240423-083757.rds"
[1] "File number: 45"
[1] "Loaded RDS file: ..//output_EXPANSE_a2_caud/libd_chr8-chr8_AA-libd_chr8-chr8_AA-881483-901482-dynamic-1corestotal-allcorepera-20240423-084058.rds"
[1] "File number: 46"
[1] "Loaded RDS file: ..//output_EXPANSE_a2_caud/libd_chr8-chr8_AA-libd_chr8-chr8_AA-901483-921482-dynamic-1corestotal-allcorepera-20240423-084359.rds"
[1] "File number: 47"
[1] "Loaded RDS file: ..//output_EXPANSE_a2_caud/libd_chr8-chr8_AA-libd_chr8-chr8_AA-921483-941482-dynamic-1corestotal-allcorepera-20240423-084700.rds"
[1] "File number: 48"
[1] "Loaded RDS file: ..//output_EXPANSE_a2_caud/libd_chr8-chr8_AA-libd_chr8-chr8_AA-941483-961482-dynamic-1corestotal-allcorepera-20240423-085001.rds"
[1] "File number: 49"
[1] "Loaded RDS file: ..//output_EXPANSE_a2_caud/libd_chr8-chr8_AA-libd_chr8-chr8_AA-961483-981482-dynamic-1corestotal-allcorepera-20240423-085307.rds"
[1] "File number: 50"
[1] "Loaded RDS file: ..//output_EXPANSE_a2_caud/libd_chr8-chr8_AA-libd_chr8-chr8_AA-981483-1001482-dynamic-1corestotal-allcorepera-20240423-085608.rds"
[1] "File number: 51"
[1] "Loaded RDS file: ..//output_EXPANSE_a2_caud/libd_chr8-chr8_AA-libd_chr8-chr8_AA-1001483-1021482-dynamic-1corestotal-allcorepera-20240423-085909.rds"
[1] "File number: 52"
[1] "Loaded RDS file: ..//output_EXPANSE_a2_caud/libd_chr8-chr8_AA-libd_chr8-chr8_AA-1021483-1041482-dynamic-1corestotal-allcorepera-20240423-090210.rds"
[1] "File number: 53"
[1] "Loaded RDS file: ..//output_EXPANSE_a2_caud/libd_chr8-chr8_AA-libd_chr8-chr8_AA-1041483-1061482-dynamic-1corestotal-allcorepera-20240423-090511.rds"
[1] "File number: 54"
[1] "Loaded RDS file: ..//output_EXPANSE_a2_caud/libd_chr8-chr8_AA-libd_chr8-chr8_AA-1061483-1081482-dynamic-1corestotal-allcorepera-20240423-090812.rds"
[1] "File number: 55"
[1] "Loaded RDS file: ..//output_EXPANSE_a2_caud/libd_chr8-chr8_AA-libd_chr8-chr8_AA-1081483-1101482-dynamic-1corestotal-allcorepera-20240423-091114.rds"
[1] "File number: 56"
[1] "Loaded RDS file: ..//output_EXPANSE_a2_caud/libd_chr8-chr8_AA-libd_chr8-chr8_AA-1101483-1121482-dynamic-1corestotal-allcorepera-20240423-091416.rds"
[1] "File number: 57"
[1] "Loaded RDS file: ..//output_EXPANSE_a2_caud/libd_chr8-chr8_AA-libd_chr8-chr8_AA-1121483-1141482-dynamic-1corestotal-allcorepera-20240423-091717.rds"
[1] "File number: 58"
[1] "Loaded RDS file: ..//output_EXPANSE_a2_caud/libd_chr8-chr8_AA-libd_chr8-chr8_AA-1141483-1161482-dynamic-1corestotal-allcorepera-20240423-092018.rds"
[1] "File number: 59"
[1] "Loaded RDS file: ..//output_EXPANSE_a2_caud/libd_chr8-chr8_AA-libd_chr8-chr8_AA-1161483-1181482-dynamic-1corestotal-allcorepera-20240423-092319.rds"
[1] "File number: 60"
[1] "Loaded RDS file: ..//output_EXPANSE_a2_caud/libd_chr8-chr8_AA-libd_chr8-chr8_AA-1181483-1201482-dynamic-1corestotal-allcorepera-20240423-092621.rds"
[1] "File number: 61"
[1] "Loaded RDS file: ..//output_EXPANSE_a2_caud/libd_chr8-chr8_AA-libd_chr8-chr8_AA-1201483-1221482-dynamic-1corestotal-allcorepera-20240423-092922.rds"
[1] "File number: 62"
[1] "Loaded RDS file: ..//output_EXPANSE_a2_caud/libd_chr8-chr8_AA-libd_chr8-chr8_AA-1221483-1225856-dynamic-1corestotal-allcorepera-20240423-093223.rds"
[1] "File number: 63"
[1] "Loaded RDS file: ..//output_EXPANSE_a2_dlpfc/libd_chr8-chr8_AA-libd_chr8-chr8_AA-1483-21482-dynamic-1corestotal-allcorepera-20240423-154955.rds"
[1] "File number: 64"
[1] "Loaded RDS file: ..//output_EXPANSE_a2_dlpfc/libd_chr8-chr8_AA-libd_chr8-chr8_AA-21483-41482-dynamic-1corestotal-allcorepera-20240423-155256.rds"
[1] "File number: 65"
[1] "Loaded RDS file: ..//output_EXPANSE_a2_dlpfc/libd_chr8-chr8_AA-libd_chr8-chr8_AA-41483-61482-dynamic-1corestotal-allcorepera-20240423-155557.rds"
[1] "File number: 66"
[1] "Loaded RDS file: ..//output_EXPANSE_a2_dlpfc/libd_chr8-chr8_AA-libd_chr8-chr8_AA-61483-81482-dynamic-1corestotal-allcorepera-20240423-155858.rds"
[1] "File number: 67"
[1] "Loaded RDS file: ..//output_EXPANSE_a2_dlpfc/libd_chr8-chr8_AA-libd_chr8-chr8_AA-81483-101482-dynamic-1corestotal-allcorepera-20240423-160159.rds"
[1] "File number: 68"
[1] "Loaded RDS file: ..//output_EXPANSE_a2_dlpfc/libd_chr8-chr8_AA-libd_chr8-chr8_AA-101483-121482-dynamic-1corestotal-allcorepera-20240423-160501.rds"
[1] "File number: 69"
[1] "Loaded RDS file: ..//output_EXPANSE_a2_dlpfc/libd_chr8-chr8_AA-libd_chr8-chr8_AA-121483-141482-dynamic-1corestotal-allcorepera-20240423-160802.rds"
[1] "File number: 70"
[1] "Loaded RDS file: ..//output_EXPANSE_a2_dlpfc/libd_chr8-chr8_AA-libd_chr8-chr8_AA-141483-161482-dynamic-1corestotal-allcorepera-20240423-161106.rds"
[1] "File number: 71"
[1] "Loaded RDS file: ..//output_EXPANSE_a2_dlpfc/libd_chr8-chr8_AA-libd_chr8-chr8_AA-161483-181482-dynamic-1corestotal-allcorepera-20240423-161407.rds"
[1] "File number: 72"
[1] "Loaded RDS file: ..//output_EXPANSE_a2_dlpfc/libd_chr8-chr8_AA-libd_chr8-chr8_AA-181483-201482-dynamic-1corestotal-allcorepera-20240423-161708.rds"
[1] "File number: 73"
[1] "Loaded RDS file: ..//output_EXPANSE_a2_dlpfc/libd_chr8-chr8_AA-libd_chr8-chr8_AA-201483-221482-dynamic-1corestotal-allcorepera-20240423-162010.rds"
[1] "File number: 74"
[1] "Loaded RDS file: ..//output_EXPANSE_a2_dlpfc/libd_chr8-chr8_AA-libd_chr8-chr8_AA-221483-241482-dynamic-1corestotal-allcorepera-20240423-162311.rds"
[1] "File number: 75"
[1] "Loaded RDS file: ..//output_EXPANSE_a2_dlpfc/libd_chr8-chr8_AA-libd_chr8-chr8_AA-241483-261482-dynamic-1corestotal-allcorepera-20240423-162612.rds"
[1] "File number: 76"
[1] "Loaded RDS file: ..//output_EXPANSE_a2_dlpfc/libd_chr8-chr8_AA-libd_chr8-chr8_AA-261483-281482-dynamic-1corestotal-allcorepera-20240423-162913.rds"
[1] "File number: 77"
[1] "Loaded RDS file: ..//output_EXPANSE_a2_dlpfc/libd_chr8-chr8_AA-libd_chr8-chr8_AA-281483-301482-dynamic-1corestotal-allcorepera-20240423-163214.rds"
[1] "File number: 78"
[1] "Loaded RDS file: ..//output_EXPANSE_a2_dlpfc/libd_chr8-chr8_AA-libd_chr8-chr8_AA-301483-321482-dynamic-1corestotal-allcorepera-20240423-163515.rds"
[1] "File number: 79"
[1] "Loaded RDS file: ..//output_EXPANSE_a2_dlpfc/libd_chr8-chr8_AA-libd_chr8-chr8_AA-321483-341482-dynamic-1corestotal-allcorepera-20240423-163816.rds"
[1] "File number: 80"
[1] "Loaded RDS file: ..//output_EXPANSE_a2_dlpfc/libd_chr8-chr8_AA-libd_chr8-chr8_AA-341483-361482-dynamic-1corestotal-allcorepera-20240423-164118.rds"
[1] "File number: 81"
[1] "Loaded RDS file: ..//output_EXPANSE_a2_dlpfc/libd_chr8-chr8_AA-libd_chr8-chr8_AA-361483-381482-dynamic-1corestotal-allcorepera-20240423-164420.rds"
[1] "File number: 82"
[1] "Loaded RDS file: ..//output_EXPANSE_a2_dlpfc/libd_chr8-chr8_AA-libd_chr8-chr8_AA-381483-401482-dynamic-1corestotal-allcorepera-20240423-164721.rds"
[1] "File number: 83"
[1] "Loaded RDS file: ..//output_EXPANSE_a2_dlpfc/libd_chr8-chr8_AA-libd_chr8-chr8_AA-401483-421482-dynamic-1corestotal-allcorepera-20240423-165022.rds"
[1] "File number: 84"
[1] "Loaded RDS file: ..//output_EXPANSE_a2_dlpfc/libd_chr8-chr8_AA-libd_chr8-chr8_AA-421483-441482-dynamic-1corestotal-allcorepera-20240508-073347.rds"
[1] "File number: 85"
[1] "Loaded RDS file: ..//output_EXPANSE_a2_dlpfc/libd_chr8-chr8_AA-libd_chr8-chr8_AA-441483-461482-dynamic-1corestotal-allcorepera-20240423-165625.rds"
[1] "File number: 86"
[1] "Loaded RDS file: ..//output_EXPANSE_a2_dlpfc/libd_chr8-chr8_AA-libd_chr8-chr8_AA-461483-481482-dynamic-1corestotal-allcorepera-20240423-165926.rds"
[1] "File number: 87"
[1] "Loaded RDS file: ..//output_EXPANSE_a2_dlpfc/libd_chr8-chr8_AA-libd_chr8-chr8_AA-481483-501482-dynamic-1corestotal-allcorepera-20240423-170227.rds"
[1] "File number: 88"
[1] "Loaded RDS file: ..//output_EXPANSE_a2_dlpfc/libd_chr8-chr8_AA-libd_chr8-chr8_AA-501483-521482-dynamic-1corestotal-allcorepera-20240423-170528.rds"
[1] "File number: 89"
[1] "Loaded RDS file: ..//output_EXPANSE_a2_dlpfc/libd_chr8-chr8_AA-libd_chr8-chr8_AA-521483-541482-dynamic-1corestotal-allcorepera-20240423-170829.rds"
[1] "File number: 90"
[1] "Loaded RDS file: ..//output_EXPANSE_a2_dlpfc/libd_chr8-chr8_AA-libd_chr8-chr8_AA-541483-561482-dynamic-1corestotal-allcorepera-20240423-171130.rds"
[1] "File number: 91"
[1] "Loaded RDS file: ..//output_EXPANSE_a2_dlpfc/libd_chr8-chr8_AA-libd_chr8-chr8_AA-561483-581482-dynamic-1corestotal-allcorepera-20240423-171431.rds"
[1] "File number: 92"
[1] "Loaded RDS file: ..//output_EXPANSE_a2_dlpfc/libd_chr8-chr8_AA-libd_chr8-chr8_AA-581483-601482-dynamic-1corestotal-allcorepera-20240423-171732.rds"
[1] "File number: 93"
[1] "Loaded RDS file: ..//output_EXPANSE_a2_dlpfc/libd_chr8-chr8_AA-libd_chr8-chr8_AA-601483-621482-dynamic-1corestotal-allcorepera-20240423-172033.rds"
[1] "File number: 94"
[1] "Loaded RDS file: ..//output_EXPANSE_a2_dlpfc/libd_chr8-chr8_AA-libd_chr8-chr8_AA-621483-641482-dynamic-1corestotal-allcorepera-20240423-172335.rds"
[1] "File number: 95"
[1] "Loaded RDS file: ..//output_EXPANSE_a2_dlpfc/libd_chr8-chr8_AA-libd_chr8-chr8_AA-641483-661482-dynamic-1corestotal-allcorepera-20240423-172636.rds"
[1] "File number: 96"
[1] "Loaded RDS file: ..//output_EXPANSE_a2_dlpfc/libd_chr8-chr8_AA-libd_chr8-chr8_AA-661483-681482-dynamic-1corestotal-allcorepera-20240423-172937.rds"
[1] "File number: 97"
[1] "Loaded RDS file: ..//output_EXPANSE_a2_dlpfc/libd_chr8-chr8_AA-libd_chr8-chr8_AA-681483-701482-dynamic-1corestotal-allcorepera-20240423-173238.rds"
[1] "File number: 98"
[1] "Loaded RDS file: ..//output_EXPANSE_a2_dlpfc/libd_chr8-chr8_AA-libd_chr8-chr8_AA-701483-721482-dynamic-1corestotal-allcorepera-20240423-173539.rds"
[1] "File number: 99"
[1] "Loaded RDS file: ..//output_EXPANSE_a2_dlpfc/libd_chr8-chr8_AA-libd_chr8-chr8_AA-721483-741482-dynamic-1corestotal-allcorepera-20240423-173840.rds"
[1] "File number: 100"
[1] "Loaded RDS file: ..//output_EXPANSE_a2_dlpfc/libd_chr8-chr8_AA-libd_chr8-chr8_AA-741483-761482-dynamic-1corestotal-allcorepera-20240423-174141.rds"
[1] "File number: 101"
[1] "Loaded RDS file: ..//output_EXPANSE_a2_dlpfc/libd_chr8-chr8_AA-libd_chr8-chr8_AA-761483-781482-dynamic-1corestotal-allcorepera-20240423-174442.rds"
[1] "File number: 102"
[1] "Loaded RDS file: ..//output_EXPANSE_a2_dlpfc/libd_chr8-chr8_AA-libd_chr8-chr8_AA-781483-801482-dynamic-1corestotal-allcorepera-20240423-174744.rds"
[1] "File number: 103"
[1] "Loaded RDS file: ..//output_EXPANSE_a2_dlpfc/libd_chr8-chr8_AA-libd_chr8-chr8_AA-801483-821482-dynamic-1corestotal-allcorepera-20240423-175045.rds"
[1] "File number: 104"
[1] "Loaded RDS file: ..//output_EXPANSE_a2_dlpfc/libd_chr8-chr8_AA-libd_chr8-chr8_AA-821483-841482-dynamic-1corestotal-allcorepera-20240423-175346.rds"
[1] "File number: 105"
[1] "Loaded RDS file: ..//output_EXPANSE_a2_dlpfc/libd_chr8-chr8_AA-libd_chr8-chr8_AA-841483-861482-dynamic-1corestotal-allcorepera-20240423-175647.rds"
[1] "File number: 106"
[1] "Loaded RDS file: ..//output_EXPANSE_a2_dlpfc/libd_chr8-chr8_AA-libd_chr8-chr8_AA-861483-881482-dynamic-1corestotal-allcorepera-20240423-175948.rds"
[1] "File number: 107"
[1] "Loaded RDS file: ..//output_EXPANSE_a2_dlpfc/libd_chr8-chr8_AA-libd_chr8-chr8_AA-881483-901482-dynamic-1corestotal-allcorepera-20240423-180251.rds"
[1] "File number: 108"
[1] "Loaded RDS file: ..//output_EXPANSE_a2_dlpfc/libd_chr8-chr8_AA-libd_chr8-chr8_AA-901483-921482-dynamic-1corestotal-allcorepera-20240423-180552.rds"
[1] "File number: 109"
[1] "Loaded RDS file: ..//output_EXPANSE_a2_dlpfc/libd_chr8-chr8_AA-libd_chr8-chr8_AA-921483-941482-dynamic-1corestotal-allcorepera-20240423-180854.rds"
[1] "File number: 110"
[1] "Loaded RDS file: ..//output_EXPANSE_a2_dlpfc/libd_chr8-chr8_AA-libd_chr8-chr8_AA-941483-961482-dynamic-1corestotal-allcorepera-20240423-181155.rds"
[1] "File number: 111"
[1] "Loaded RDS file: ..//output_EXPANSE_a2_dlpfc/libd_chr8-chr8_AA-libd_chr8-chr8_AA-961483-981482-dynamic-1corestotal-allcorepera-20240423-181456.rds"
[1] "File number: 112"
[1] "Loaded RDS file: ..//output_EXPANSE_a2_dlpfc/libd_chr8-chr8_AA-libd_chr8-chr8_AA-981483-1001482-dynamic-1corestotal-allcorepera-20240423-181757.rds"
[1] "File number: 113"
[1] "Loaded RDS file: ..//output_EXPANSE_a2_dlpfc/libd_chr8-chr8_AA-libd_chr8-chr8_AA-1001483-1021482-dynamic-1corestotal-allcorepera-20240423-182058.rds"
[1] "File number: 114"
[1] "Loaded RDS file: ..//output_EXPANSE_a2_dlpfc/libd_chr8-chr8_AA-libd_chr8-chr8_AA-1021483-1041482-dynamic-1corestotal-allcorepera-20240423-182359.rds"
[1] "File number: 115"
[1] "Loaded RDS file: ..//output_EXPANSE_a2_dlpfc/libd_chr8-chr8_AA-libd_chr8-chr8_AA-1041483-1061482-dynamic-1corestotal-allcorepera-20240423-182705.rds"
[1] "File number: 116"
[1] "Loaded RDS file: ..//output_EXPANSE_a2_dlpfc/libd_chr8-chr8_AA-libd_chr8-chr8_AA-1061483-1081482-dynamic-1corestotal-allcorepera-20240423-183007.rds"
[1] "File number: 117"
[1] "Loaded RDS file: ..//output_EXPANSE_a2_dlpfc/libd_chr8-chr8_AA-libd_chr8-chr8_AA-1081483-1101482-dynamic-1corestotal-allcorepera-20240423-183308.rds"
[1] "File number: 118"
[1] "Loaded RDS file: ..//output_EXPANSE_a2_dlpfc/libd_chr8-chr8_AA-libd_chr8-chr8_AA-1101483-1121482-dynamic-1corestotal-allcorepera-20240423-183609.rds"
[1] "File number: 119"
[1] "Loaded RDS file: ..//output_EXPANSE_a2_dlpfc/libd_chr8-chr8_AA-libd_chr8-chr8_AA-1121483-1141482-dynamic-1corestotal-allcorepera-20240423-183910.rds"
[1] "File number: 120"
[1] "Loaded RDS file: ..//output_EXPANSE_a2_dlpfc/libd_chr8-chr8_AA-libd_chr8-chr8_AA-1141483-1161482-dynamic-1corestotal-allcorepera-20240423-184211.rds"
[1] "File number: 121"
[1] "Loaded RDS file: ..//output_EXPANSE_a2_dlpfc/libd_chr8-chr8_AA-libd_chr8-chr8_AA-1161483-1181482-dynamic-1corestotal-allcorepera-20240423-184513.rds"
[1] "File number: 122"
[1] "Loaded RDS file: ..//output_EXPANSE_a2_dlpfc/libd_chr8-chr8_AA-libd_chr8-chr8_AA-1181483-1201482-dynamic-1corestotal-allcorepera-20240423-184814.rds"
[1] "File number: 123"
[1] "Loaded RDS file: ..//output_EXPANSE_a2_dlpfc/libd_chr8-chr8_AA-libd_chr8-chr8_AA-1201483-1221482-dynamic-1corestotal-allcorepera-20240423-185115.rds"
[1] "File number: 124"
[1] "Loaded RDS file: ..//output_EXPANSE_a2_dlpfc/libd_chr8-chr8_AA-libd_chr8-chr8_AA-1221483-1225856-dynamic-1corestotal-allcorepera-20240423-185416.rds"
[1] "File number: 125"
[1] "Loaded RDS file: ..//output_EXPANSE_a2_hippo/libd_chr8-chr8_AA-libd_chr8-chr8_AA-1483-21482-dynamic-1corestotal-allcorepera-20240424-011156.rds"
[1] "File number: 126"
[1] "Loaded RDS file: ..//output_EXPANSE_a2_hippo/libd_chr8-chr8_AA-libd_chr8-chr8_AA-21483-41482-dynamic-1corestotal-allcorepera-20240424-011457.rds"
[1] "File number: 127"
[1] "Loaded RDS file: ..//output_EXPANSE_a2_hippo/libd_chr8-chr8_AA-libd_chr8-chr8_AA-41483-61482-dynamic-1corestotal-allcorepera-20240424-011758.rds"
[1] "File number: 128"
[1] "Loaded RDS file: ..//output_EXPANSE_a2_hippo/libd_chr8-chr8_AA-libd_chr8-chr8_AA-61483-81482-dynamic-1corestotal-allcorepera-20240424-012059.rds"
[1] "File number: 129"
[1] "Loaded RDS file: ..//output_EXPANSE_a2_hippo/libd_chr8-chr8_AA-libd_chr8-chr8_AA-81483-101482-dynamic-1corestotal-allcorepera-20240424-012401.rds"
[1] "File number: 130"
[1] "Loaded RDS file: ..//output_EXPANSE_a2_hippo/libd_chr8-chr8_AA-libd_chr8-chr8_AA-101483-121482-dynamic-1corestotal-allcorepera-20240424-012706.rds"
[1] "File number: 131"
[1] "Loaded RDS file: ..//output_EXPANSE_a2_hippo/libd_chr8-chr8_AA-libd_chr8-chr8_AA-121483-141482-dynamic-1corestotal-allcorepera-20240424-013008.rds"
[1] "File number: 132"
[1] "Loaded RDS file: ..//output_EXPANSE_a2_hippo/libd_chr8-chr8_AA-libd_chr8-chr8_AA-141483-161482-dynamic-1corestotal-allcorepera-20240424-013309.rds"
[1] "File number: 133"
[1] "Loaded RDS file: ..//output_EXPANSE_a2_hippo/libd_chr8-chr8_AA-libd_chr8-chr8_AA-161483-181482-dynamic-1corestotal-allcorepera-20240424-013610.rds"
[1] "File number: 134"
[1] "Loaded RDS file: ..//output_EXPANSE_a2_hippo/libd_chr8-chr8_AA-libd_chr8-chr8_AA-181483-201482-dynamic-1corestotal-allcorepera-20240424-013911.rds"
[1] "File number: 135"
[1] "Loaded RDS file: ..//output_EXPANSE_a2_hippo/libd_chr8-chr8_AA-libd_chr8-chr8_AA-201483-221482-dynamic-1corestotal-allcorepera-20240424-014213.rds"
[1] "File number: 136"
[1] "Loaded RDS file: ..//output_EXPANSE_a2_hippo/libd_chr8-chr8_AA-libd_chr8-chr8_AA-221483-241482-dynamic-1corestotal-allcorepera-20240424-014514.rds"
[1] "File number: 137"
[1] "Loaded RDS file: ..//output_EXPANSE_a2_hippo/libd_chr8-chr8_AA-libd_chr8-chr8_AA-241483-261482-dynamic-1corestotal-allcorepera-20240424-014815.rds"
[1] "File number: 138"
[1] "Loaded RDS file: ..//output_EXPANSE_a2_hippo/libd_chr8-chr8_AA-libd_chr8-chr8_AA-261483-281482-dynamic-1corestotal-allcorepera-20240424-015116.rds"
[1] "File number: 139"
[1] "Loaded RDS file: ..//output_EXPANSE_a2_hippo/libd_chr8-chr8_AA-libd_chr8-chr8_AA-281483-301482-dynamic-1corestotal-allcorepera-20240424-015417.rds"
[1] "File number: 140"
[1] "Loaded RDS file: ..//output_EXPANSE_a2_hippo/libd_chr8-chr8_AA-libd_chr8-chr8_AA-301483-321482-dynamic-1corestotal-allcorepera-20240424-015719.rds"
[1] "File number: 141"
[1] "Loaded RDS file: ..//output_EXPANSE_a2_hippo/libd_chr8-chr8_AA-libd_chr8-chr8_AA-321483-341482-dynamic-1corestotal-allcorepera-20240424-020024.rds"
[1] "File number: 142"
[1] "Loaded RDS file: ..//output_EXPANSE_a2_hippo/libd_chr8-chr8_AA-libd_chr8-chr8_AA-341483-361482-dynamic-1corestotal-allcorepera-20240424-020326.rds"
[1] "File number: 143"
[1] "Loaded RDS file: ..//output_EXPANSE_a2_hippo/libd_chr8-chr8_AA-libd_chr8-chr8_AA-361483-381482-dynamic-1corestotal-allcorepera-20240424-020627.rds"
[1] "File number: 144"
[1] "Loaded RDS file: ..//output_EXPANSE_a2_hippo/libd_chr8-chr8_AA-libd_chr8-chr8_AA-381483-401482-dynamic-1corestotal-allcorepera-20240424-020928.rds"
[1] "File number: 145"
[1] "Loaded RDS file: ..//output_EXPANSE_a2_hippo/libd_chr8-chr8_AA-libd_chr8-chr8_AA-401483-421482-dynamic-1corestotal-allcorepera-20240424-021230.rds"
[1] "File number: 146"
[1] "Loaded RDS file: ..//output_EXPANSE_a2_hippo/libd_chr8-chr8_AA-libd_chr8-chr8_AA-421483-441482-dynamic-1corestotal-allcorepera-20240424-021531.rds"
[1] "File number: 147"
[1] "Loaded RDS file: ..//output_EXPANSE_a2_hippo/libd_chr8-chr8_AA-libd_chr8-chr8_AA-441483-461482-dynamic-1corestotal-allcorepera-20240424-021833.rds"
[1] "File number: 148"
[1] "Loaded RDS file: ..//output_EXPANSE_a2_hippo/libd_chr8-chr8_AA-libd_chr8-chr8_AA-461483-481482-dynamic-1corestotal-allcorepera-20240424-022134.rds"
[1] "File number: 149"
[1] "Loaded RDS file: ..//output_EXPANSE_a2_hippo/libd_chr8-chr8_AA-libd_chr8-chr8_AA-481483-501482-dynamic-1corestotal-allcorepera-20240424-022435.rds"
[1] "File number: 150"
[1] "Loaded RDS file: ..//output_EXPANSE_a2_hippo/libd_chr8-chr8_AA-libd_chr8-chr8_AA-501483-521482-dynamic-1corestotal-allcorepera-20240424-022736.rds"
[1] "File number: 151"
[1] "Loaded RDS file: ..//output_EXPANSE_a2_hippo/libd_chr8-chr8_AA-libd_chr8-chr8_AA-521483-541482-dynamic-1corestotal-allcorepera-20240424-023038.rds"
[1] "File number: 152"
[1] "Loaded RDS file: ..//output_EXPANSE_a2_hippo/libd_chr8-chr8_AA-libd_chr8-chr8_AA-541483-561482-dynamic-1corestotal-allcorepera-20240424-023339.rds"
[1] "File number: 153"
[1] "Loaded RDS file: ..//output_EXPANSE_a2_hippo/libd_chr8-chr8_AA-libd_chr8-chr8_AA-561483-581482-dynamic-1corestotal-allcorepera-20240424-023640.rds"
[1] "File number: 154"
[1] "Loaded RDS file: ..//output_EXPANSE_a2_hippo/libd_chr8-chr8_AA-libd_chr8-chr8_AA-581483-601482-dynamic-1corestotal-allcorepera-20240424-023941.rds"
[1] "File number: 155"
[1] "Loaded RDS file: ..//output_EXPANSE_a2_hippo/libd_chr8-chr8_AA-libd_chr8-chr8_AA-601483-621482-dynamic-1corestotal-allcorepera-20240424-024242.rds"
[1] "File number: 156"
[1] "Loaded RDS file: ..//output_EXPANSE_a2_hippo/libd_chr8-chr8_AA-libd_chr8-chr8_AA-621483-641482-dynamic-1corestotal-allcorepera-20240424-024557.rds"
[1] "File number: 157"
[1] "Loaded RDS file: ..//output_EXPANSE_a2_hippo/libd_chr8-chr8_AA-libd_chr8-chr8_AA-641483-661482-dynamic-1corestotal-allcorepera-20240424-024859.rds"
[1] "File number: 158"
[1] "Loaded RDS file: ..//output_EXPANSE_a2_hippo/libd_chr8-chr8_AA-libd_chr8-chr8_AA-661483-681482-dynamic-1corestotal-allcorepera-20240424-025200.rds"
[1] "File number: 159"
[1] "Loaded RDS file: ..//output_EXPANSE_a2_hippo/libd_chr8-chr8_AA-libd_chr8-chr8_AA-681483-701482-dynamic-1corestotal-allcorepera-20240424-025506.rds"
[1] "File number: 160"
[1] "Loaded RDS file: ..//output_EXPANSE_a2_hippo/libd_chr8-chr8_AA-libd_chr8-chr8_AA-701483-721482-dynamic-1corestotal-allcorepera-20240424-025807.rds"
[1] "File number: 161"
[1] "Loaded RDS file: ..//output_EXPANSE_a2_hippo/libd_chr8-chr8_AA-libd_chr8-chr8_AA-721483-741482-dynamic-1corestotal-allcorepera-20240424-030109.rds"
[1] "File number: 162"
[1] "Loaded RDS file: ..//output_EXPANSE_a2_hippo/libd_chr8-chr8_AA-libd_chr8-chr8_AA-741483-761482-dynamic-1corestotal-allcorepera-20240424-030410.rds"
[1] "File number: 163"
[1] "Loaded RDS file: ..//output_EXPANSE_a2_hippo/libd_chr8-chr8_AA-libd_chr8-chr8_AA-761483-781482-dynamic-1corestotal-allcorepera-20240424-030711.rds"
[1] "File number: 164"
[1] "Loaded RDS file: ..//output_EXPANSE_a2_hippo/libd_chr8-chr8_AA-libd_chr8-chr8_AA-781483-801482-dynamic-1corestotal-allcorepera-20240424-031012.rds"
[1] "File number: 165"
[1] "Loaded RDS file: ..//output_EXPANSE_a2_hippo/libd_chr8-chr8_AA-libd_chr8-chr8_AA-801483-821482-dynamic-1corestotal-allcorepera-20240424-031313.rds"
[1] "File number: 166"
[1] "Loaded RDS file: ..//output_EXPANSE_a2_hippo/libd_chr8-chr8_AA-libd_chr8-chr8_AA-821483-841482-dynamic-1corestotal-allcorepera-20240424-031614.rds"
[1] "File number: 167"
[1] "Loaded RDS file: ..//output_EXPANSE_a2_hippo/libd_chr8-chr8_AA-libd_chr8-chr8_AA-841483-861482-dynamic-1corestotal-allcorepera-20240424-031915.rds"
[1] "File number: 168"
[1] "Loaded RDS file: ..//output_EXPANSE_a2_hippo/libd_chr8-chr8_AA-libd_chr8-chr8_AA-861483-881482-dynamic-1corestotal-allcorepera-20240424-032217.rds"
[1] "File number: 169"
[1] "Loaded RDS file: ..//output_EXPANSE_a2_hippo/libd_chr8-chr8_AA-libd_chr8-chr8_AA-881483-901482-dynamic-1corestotal-allcorepera-20240424-032518.rds"
[1] "File number: 170"
[1] "Loaded RDS file: ..//output_EXPANSE_a2_hippo/libd_chr8-chr8_AA-libd_chr8-chr8_AA-901483-921482-dynamic-1corestotal-allcorepera-20240424-032819.rds"
[1] "File number: 171"
[1] "Loaded RDS file: ..//output_EXPANSE_a2_hippo/libd_chr8-chr8_AA-libd_chr8-chr8_AA-921483-941482-dynamic-1corestotal-allcorepera-20240424-033120.rds"
[1] "File number: 172"
[1] "Loaded RDS file: ..//output_EXPANSE_a2_hippo/libd_chr8-chr8_AA-libd_chr8-chr8_AA-941483-961482-dynamic-1corestotal-allcorepera-20240424-033422.rds"
[1] "File number: 173"
[1] "Loaded RDS file: ..//output_EXPANSE_a2_hippo/libd_chr8-chr8_AA-libd_chr8-chr8_AA-961483-981482-dynamic-1corestotal-allcorepera-20240424-033723.rds"
[1] "File number: 174"
[1] "Loaded RDS file: ..//output_EXPANSE_a2_hippo/libd_chr8-chr8_AA-libd_chr8-chr8_AA-981483-1001482-dynamic-1corestotal-allcorepera-20240424-034024.rds"
[1] "File number: 175"
[1] "Loaded RDS file: ..//output_EXPANSE_a2_hippo/libd_chr8-chr8_AA-libd_chr8-chr8_AA-1001483-1021482-dynamic-1corestotal-allcorepera-20240424-034325.rds"
[1] "File number: 176"
[1] "Loaded RDS file: ..//output_EXPANSE_a2_hippo/libd_chr8-chr8_AA-libd_chr8-chr8_AA-1021483-1041482-dynamic-1corestotal-allcorepera-20240424-034627.rds"
[1] "File number: 177"
[1] "Loaded RDS file: ..//output_EXPANSE_a2_hippo/libd_chr8-chr8_AA-libd_chr8-chr8_AA-1041483-1061482-dynamic-1corestotal-allcorepera-20240424-034928.rds"
[1] "File number: 178"
[1] "Loaded RDS file: ..//output_EXPANSE_a2_hippo/libd_chr8-chr8_AA-libd_chr8-chr8_AA-1061483-1081482-dynamic-1corestotal-allcorepera-20240424-035231.rds"
[1] "File number: 179"
[1] "Loaded RDS file: ..//output_EXPANSE_a2_hippo/libd_chr8-chr8_AA-libd_chr8-chr8_AA-1081483-1101482-dynamic-1corestotal-allcorepera-20240424-035532.rds"
[1] "File number: 180"
[1] "Loaded RDS file: ..//output_EXPANSE_a2_hippo/libd_chr8-chr8_AA-libd_chr8-chr8_AA-1101483-1121482-dynamic-1corestotal-allcorepera-20240424-035833.rds"
[1] "File number: 181"
[1] "Loaded RDS file: ..//output_EXPANSE_a2_hippo/libd_chr8-chr8_AA-libd_chr8-chr8_AA-1121483-1141482-dynamic-1corestotal-allcorepera-20240424-040134.rds"
[1] "File number: 182"
[1] "Loaded RDS file: ..//output_EXPANSE_a2_hippo/libd_chr8-chr8_AA-libd_chr8-chr8_AA-1141483-1161482-dynamic-1corestotal-allcorepera-20240424-040435.rds"
[1] "File number: 183"
[1] "Loaded RDS file: ..//output_EXPANSE_a2_hippo/libd_chr8-chr8_AA-libd_chr8-chr8_AA-1161483-1181482-dynamic-1corestotal-allcorepera-20240424-040736.rds"
[1] "File number: 184"
[1] "Loaded RDS file: ..//output_EXPANSE_a2_hippo/libd_chr8-chr8_AA-libd_chr8-chr8_AA-1181483-1201482-dynamic-1corestotal-allcorepera-20240424-041037.rds"
[1] "File number: 185"
[1] "Loaded RDS file: ..//output_EXPANSE_a2_hippo/libd_chr8-chr8_AA-libd_chr8-chr8_AA-1201483-1221482-dynamic-1corestotal-allcorepera-20240424-041338.rds"
[1] "File number: 186"
[1] "Loaded RDS file: ..//output_EXPANSE_a2_hippo/libd_chr8-chr8_AA-libd_chr8-chr8_AA-1221483-1225856-dynamic-1corestotal-allcorepera-20240424-041640.rds"
[1] "File number: 187"
[1] "Loaded RDS file: ..//output_EXPANSE_a2_caud/libd_chr8-chr8_EA-libd_chr8-chr8_EA-1483-21482-dynamic-1corestotal-allcorepera-20240423-124239.rds"
[1] "File number: 188"
[1] "Loaded RDS file: ..//output_EXPANSE_a2_caud/libd_chr8-chr8_EA-libd_chr8-chr8_EA-21483-41482-dynamic-1corestotal-allcorepera-20240423-124540.rds"
[1] "File number: 189"
[1] "Loaded RDS file: ..//output_EXPANSE_a2_caud/libd_chr8-chr8_EA-libd_chr8-chr8_EA-41483-61482-dynamic-1corestotal-allcorepera-20240423-124841.rds"
[1] "File number: 190"
[1] "Loaded RDS file: ..//output_EXPANSE_a2_caud/libd_chr8-chr8_EA-libd_chr8-chr8_EA-61483-81482-dynamic-1corestotal-allcorepera-20240423-125142.rds"
[1] "File number: 191"
[1] "Loaded RDS file: ..//output_EXPANSE_a2_caud/libd_chr8-chr8_EA-libd_chr8-chr8_EA-81483-101482-dynamic-1corestotal-allcorepera-20240423-125443.rds"
[1] "File number: 192"
[1] "Loaded RDS file: ..//output_EXPANSE_a2_caud/libd_chr8-chr8_EA-libd_chr8-chr8_EA-101483-121482-dynamic-1corestotal-allcorepera-20240423-125744.rds"
[1] "File number: 193"
[1] "Loaded RDS file: ..//output_EXPANSE_a2_caud/libd_chr8-chr8_EA-libd_chr8-chr8_EA-121483-141482-dynamic-1corestotal-allcorepera-20240423-130045.rds"
[1] "File number: 194"
[1] "Loaded RDS file: ..//output_EXPANSE_a2_caud/libd_chr8-chr8_EA-libd_chr8-chr8_EA-141483-161482-dynamic-1corestotal-allcorepera-20240423-130347.rds"
[1] "File number: 195"
[1] "Loaded RDS file: ..//output_EXPANSE_a2_caud/libd_chr8-chr8_EA-libd_chr8-chr8_EA-161483-181482-dynamic-1corestotal-allcorepera-20240423-130648.rds"
[1] "File number: 196"
[1] "Loaded RDS file: ..//output_EXPANSE_a2_caud/libd_chr8-chr8_EA-libd_chr8-chr8_EA-181483-201482-dynamic-1corestotal-allcorepera-20240423-130949.rds"
[1] "File number: 197"
[1] "Loaded RDS file: ..//output_EXPANSE_a2_caud/libd_chr8-chr8_EA-libd_chr8-chr8_EA-201483-221482-dynamic-1corestotal-allcorepera-20240423-131250.rds"
[1] "File number: 198"
[1] "Loaded RDS file: ..//output_EXPANSE_a2_caud/libd_chr8-chr8_EA-libd_chr8-chr8_EA-221483-241482-dynamic-1corestotal-allcorepera-20240423-131551.rds"
[1] "File number: 199"
[1] "Loaded RDS file: ..//output_EXPANSE_a2_caud/libd_chr8-chr8_EA-libd_chr8-chr8_EA-241483-261482-dynamic-1corestotal-allcorepera-20240423-131852.rds"
[1] "File number: 200"
[1] "Loaded RDS file: ..//output_EXPANSE_a2_caud/libd_chr8-chr8_EA-libd_chr8-chr8_EA-261483-281482-dynamic-1corestotal-allcorepera-20240423-132153.rds"
[1] "File number: 201"
[1] "Loaded RDS file: ..//output_EXPANSE_a2_caud/libd_chr8-chr8_EA-libd_chr8-chr8_EA-281483-301482-dynamic-1corestotal-allcorepera-20240423-132455.rds"
[1] "File number: 202"
[1] "Loaded RDS file: ..//output_EXPANSE_a2_caud/libd_chr8-chr8_EA-libd_chr8-chr8_EA-301483-321482-dynamic-1corestotal-allcorepera-20240423-132756.rds"
[1] "File number: 203"
[1] "Loaded RDS file: ..//output_EXPANSE_a2_caud/libd_chr8-chr8_EA-libd_chr8-chr8_EA-321483-341482-dynamic-1corestotal-allcorepera-20240423-133057.rds"
[1] "File number: 204"
[1] "Loaded RDS file: ..//output_EXPANSE_a2_caud/libd_chr8-chr8_EA-libd_chr8-chr8_EA-341483-361482-dynamic-1corestotal-allcorepera-20240423-133358.rds"
[1] "File number: 205"
[1] "Loaded RDS file: ..//output_EXPANSE_a2_caud/libd_chr8-chr8_EA-libd_chr8-chr8_EA-361483-381482-dynamic-1corestotal-allcorepera-20240508-072838.rds"
[1] "File number: 206"
[1] "Loaded RDS file: ..//output_EXPANSE_a2_caud/libd_chr8-chr8_EA-libd_chr8-chr8_EA-381483-401482-dynamic-1corestotal-allcorepera-20240423-134000.rds"
[1] "File number: 207"
[1] "Loaded RDS file: ..//output_EXPANSE_a2_caud/libd_chr8-chr8_EA-libd_chr8-chr8_EA-401483-421482-dynamic-1corestotal-allcorepera-20240423-134304.rds"
[1] "File number: 208"
[1] "Loaded RDS file: ..//output_EXPANSE_a2_caud/libd_chr8-chr8_EA-libd_chr8-chr8_EA-421483-441482-dynamic-1corestotal-allcorepera-20240508-072939.rds"
[1] "File number: 209"
[1] "Loaded RDS file: ..//output_EXPANSE_a2_caud/libd_chr8-chr8_EA-libd_chr8-chr8_EA-441483-461482-dynamic-1corestotal-allcorepera-20240423-134906.rds"
[1] "File number: 210"
[1] "Loaded RDS file: ..//output_EXPANSE_a2_caud/libd_chr8-chr8_EA-libd_chr8-chr8_EA-461483-481482-dynamic-1corestotal-allcorepera-20240423-135207.rds"
[1] "File number: 211"
[1] "Loaded RDS file: ..//output_EXPANSE_a2_caud/libd_chr8-chr8_EA-libd_chr8-chr8_EA-481483-501482-dynamic-1corestotal-allcorepera-20240423-135508.rds"
[1] "File number: 212"
[1] "Loaded RDS file: ..//output_EXPANSE_a2_caud/libd_chr8-chr8_EA-libd_chr8-chr8_EA-501483-521482-dynamic-1corestotal-allcorepera-20240423-135809.rds"
[1] "File number: 213"
[1] "Loaded RDS file: ..//output_EXPANSE_a2_caud/libd_chr8-chr8_EA-libd_chr8-chr8_EA-521483-541482-dynamic-1corestotal-allcorepera-20240423-140111.rds"
[1] "File number: 214"
[1] "Loaded RDS file: ..//output_EXPANSE_a2_caud/libd_chr8-chr8_EA-libd_chr8-chr8_EA-541483-561482-dynamic-1corestotal-allcorepera-20240423-140412.rds"
[1] "File number: 215"
[1] "Loaded RDS file: ..//output_EXPANSE_a2_caud/libd_chr8-chr8_EA-libd_chr8-chr8_EA-561483-581482-dynamic-1corestotal-allcorepera-20240423-140713.rds"
[1] "File number: 216"
[1] "Loaded RDS file: ..//output_EXPANSE_a2_caud/libd_chr8-chr8_EA-libd_chr8-chr8_EA-581483-601482-dynamic-1corestotal-allcorepera-20240508-073041.rds"
[1] "File number: 217"
[1] "Loaded RDS file: ..//output_EXPANSE_a2_caud/libd_chr8-chr8_EA-libd_chr8-chr8_EA-601483-621482-dynamic-1corestotal-allcorepera-20240508-073142.rds"
[1] "File number: 218"
[1] "Loaded RDS file: ..//output_EXPANSE_a2_caud/libd_chr8-chr8_EA-libd_chr8-chr8_EA-621483-641482-dynamic-1corestotal-allcorepera-20240423-141617.rds"
[1] "File number: 219"
[1] "Loaded RDS file: ..//output_EXPANSE_a2_caud/libd_chr8-chr8_EA-libd_chr8-chr8_EA-641483-661482-dynamic-1corestotal-allcorepera-20240423-141918.rds"
[1] "File number: 220"
[1] "Loaded RDS file: ..//output_EXPANSE_a2_caud/libd_chr8-chr8_EA-libd_chr8-chr8_EA-661483-681482-dynamic-1corestotal-allcorepera-20240423-142219.rds"
[1] "File number: 221"
[1] "Loaded RDS file: ..//output_EXPANSE_a2_caud/libd_chr8-chr8_EA-libd_chr8-chr8_EA-681483-701482-dynamic-1corestotal-allcorepera-20240423-142520.rds"
[1] "File number: 222"
[1] "Loaded RDS file: ..//output_EXPANSE_a2_caud/libd_chr8-chr8_EA-libd_chr8-chr8_EA-701483-721482-dynamic-1corestotal-allcorepera-20240423-142821.rds"
[1] "File number: 223"
[1] "Loaded RDS file: ..//output_EXPANSE_a2_caud/libd_chr8-chr8_EA-libd_chr8-chr8_EA-721483-741482-dynamic-1corestotal-allcorepera-20240423-143123.rds"
[1] "File number: 224"
[1] "Loaded RDS file: ..//output_EXPANSE_a2_caud/libd_chr8-chr8_EA-libd_chr8-chr8_EA-741483-761482-dynamic-1corestotal-allcorepera-20240423-143424.rds"
[1] "File number: 225"
[1] "Loaded RDS file: ..//output_EXPANSE_a2_caud/libd_chr8-chr8_EA-libd_chr8-chr8_EA-761483-781482-dynamic-1corestotal-allcorepera-20240423-143725.rds"
[1] "File number: 226"
[1] "Loaded RDS file: ..//output_EXPANSE_a2_caud/libd_chr8-chr8_EA-libd_chr8-chr8_EA-781483-801482-dynamic-1corestotal-allcorepera-20240423-144026.rds"
[1] "File number: 227"
[1] "Loaded RDS file: ..//output_EXPANSE_a2_caud/libd_chr8-chr8_EA-libd_chr8-chr8_EA-801483-821482-dynamic-1corestotal-allcorepera-20240423-144328.rds"
[1] "File number: 228"
[1] "Loaded RDS file: ..//output_EXPANSE_a2_caud/libd_chr8-chr8_EA-libd_chr8-chr8_EA-821483-841482-dynamic-1corestotal-allcorepera-20240423-144629.rds"
[1] "File number: 229"
[1] "Loaded RDS file: ..//output_EXPANSE_a2_caud/libd_chr8-chr8_EA-libd_chr8-chr8_EA-841483-861482-dynamic-1corestotal-allcorepera-20240423-144930.rds"
[1] "File number: 230"
[1] "Loaded RDS file: ..//output_EXPANSE_a2_caud/libd_chr8-chr8_EA-libd_chr8-chr8_EA-861483-881482-dynamic-1corestotal-allcorepera-20240423-145231.rds"
[1] "File number: 231"
[1] "Loaded RDS file: ..//output_EXPANSE_a2_caud/libd_chr8-chr8_EA-libd_chr8-chr8_EA-881483-901482-dynamic-1corestotal-allcorepera-20240423-145532.rds"
[1] "File number: 232"
[1] "Loaded RDS file: ..//output_EXPANSE_a2_caud/libd_chr8-chr8_EA-libd_chr8-chr8_EA-901483-921482-dynamic-1corestotal-allcorepera-20240423-145833.rds"
[1] "File number: 233"
[1] "Loaded RDS file: ..//output_EXPANSE_a2_caud/libd_chr8-chr8_EA-libd_chr8-chr8_EA-921483-941482-dynamic-1corestotal-allcorepera-20240423-150136.rds"
[1] "File number: 234"
[1] "Loaded RDS file: ..//output_EXPANSE_a2_caud/libd_chr8-chr8_EA-libd_chr8-chr8_EA-941483-961482-dynamic-1corestotal-allcorepera-20240423-150438.rds"
[1] "File number: 235"
[1] "Loaded RDS file: ..//output_EXPANSE_a2_caud/libd_chr8-chr8_EA-libd_chr8-chr8_EA-961483-981482-dynamic-1corestotal-allcorepera-20240508-073244.rds"
[1] "File number: 236"
[1] "Loaded RDS file: ..//output_EXPANSE_a2_caud/libd_chr8-chr8_EA-libd_chr8-chr8_EA-981483-1001482-dynamic-1corestotal-allcorepera-20240423-151040.rds"
[1] "File number: 237"
[1] "Loaded RDS file: ..//output_EXPANSE_a2_caud/libd_chr8-chr8_EA-libd_chr8-chr8_EA-1001483-1021482-dynamic-1corestotal-allcorepera-20240423-151341.rds"
[1] "File number: 238"
[1] "Loaded RDS file: ..//output_EXPANSE_a2_caud/libd_chr8-chr8_EA-libd_chr8-chr8_EA-1021483-1041482-dynamic-1corestotal-allcorepera-20240423-151642.rds"
[1] "File number: 239"
[1] "Loaded RDS file: ..//output_EXPANSE_a2_caud/libd_chr8-chr8_EA-libd_chr8-chr8_EA-1041483-1061482-dynamic-1corestotal-allcorepera-20240423-151943.rds"
[1] "File number: 240"
[1] "Loaded RDS file: ..//output_EXPANSE_a2_caud/libd_chr8-chr8_EA-libd_chr8-chr8_EA-1061483-1081482-dynamic-1corestotal-allcorepera-20240423-152245.rds"
[1] "File number: 241"
[1] "Loaded RDS file: ..//output_EXPANSE_a2_caud/libd_chr8-chr8_EA-libd_chr8-chr8_EA-1081483-1101482-dynamic-1corestotal-allcorepera-20240423-152546.rds"
[1] "File number: 242"
[1] "Loaded RDS file: ..//output_EXPANSE_a2_caud/libd_chr8-chr8_EA-libd_chr8-chr8_EA-1101483-1121482-dynamic-1corestotal-allcorepera-20240423-152847.rds"
[1] "File number: 243"
[1] "Loaded RDS file: ..//output_EXPANSE_a2_caud/libd_chr8-chr8_EA-libd_chr8-chr8_EA-1121483-1141482-dynamic-1corestotal-allcorepera-20240423-153148.rds"
[1] "File number: 244"
[1] "Loaded RDS file: ..//output_EXPANSE_a2_caud/libd_chr8-chr8_EA-libd_chr8-chr8_EA-1141483-1161482-dynamic-1corestotal-allcorepera-20240423-153449.rds"
[1] "File number: 245"
[1] "Loaded RDS file: ..//output_EXPANSE_a2_caud/libd_chr8-chr8_EA-libd_chr8-chr8_EA-1161483-1181482-dynamic-1corestotal-allcorepera-20240423-153750.rds"
[1] "File number: 246"
[1] "Loaded RDS file: ..//output_EXPANSE_a2_caud/libd_chr8-chr8_EA-libd_chr8-chr8_EA-1181483-1201482-dynamic-1corestotal-allcorepera-20240423-154051.rds"
[1] "File number: 247"
[1] "Loaded RDS file: ..//output_EXPANSE_a2_caud/libd_chr8-chr8_EA-libd_chr8-chr8_EA-1201483-1221482-dynamic-1corestotal-allcorepera-20240423-154353.rds"
[1] "File number: 248"
[1] "Loaded RDS file: ..//output_EXPANSE_a2_caud/libd_chr8-chr8_EA-libd_chr8-chr8_EA-1221483-1225856-dynamic-1corestotal-allcorepera-20240423-154654.rds"
[1] "File number: 249"
[1] "Loaded RDS file: ..//output_EXPANSE_a2_dlpfc/libd_chr8-chr8_EA-libd_chr8-chr8_EA-1483-21482-dynamic-1corestotal-allcorepera-20240423-220440.rds"
[1] "File number: 250"
[1] "Loaded RDS file: ..//output_EXPANSE_a2_dlpfc/libd_chr8-chr8_EA-libd_chr8-chr8_EA-21483-41482-dynamic-1corestotal-allcorepera-20240423-220741.rds"
[1] "File number: 251"
[1] "Loaded RDS file: ..//output_EXPANSE_a2_dlpfc/libd_chr8-chr8_EA-libd_chr8-chr8_EA-41483-61482-dynamic-1corestotal-allcorepera-20240423-221042.rds"
[1] "File number: 252"
[1] "Loaded RDS file: ..//output_EXPANSE_a2_dlpfc/libd_chr8-chr8_EA-libd_chr8-chr8_EA-61483-81482-dynamic-1corestotal-allcorepera-20240423-221343.rds"
[1] "File number: 253"
[1] "Loaded RDS file: ..//output_EXPANSE_a2_dlpfc/libd_chr8-chr8_EA-libd_chr8-chr8_EA-81483-101482-dynamic-1corestotal-allcorepera-20240423-221644.rds"
[1] "File number: 254"
[1] "Loaded RDS file: ..//output_EXPANSE_a2_dlpfc/libd_chr8-chr8_EA-libd_chr8-chr8_EA-101483-121482-dynamic-1corestotal-allcorepera-20240423-221946.rds"
[1] "File number: 255"
[1] "Loaded RDS file: ..//output_EXPANSE_a2_dlpfc/libd_chr8-chr8_EA-libd_chr8-chr8_EA-121483-141482-dynamic-1corestotal-allcorepera-20240423-222247.rds"
[1] "File number: 256"
[1] "Loaded RDS file: ..//output_EXPANSE_a2_dlpfc/libd_chr8-chr8_EA-libd_chr8-chr8_EA-141483-161482-dynamic-1corestotal-allcorepera-20240423-222548.rds"
[1] "File number: 257"
[1] "Loaded RDS file: ..//output_EXPANSE_a2_dlpfc/libd_chr8-chr8_EA-libd_chr8-chr8_EA-161483-181482-dynamic-1corestotal-allcorepera-20240423-222849.rds"
[1] "File number: 258"
[1] "Loaded RDS file: ..//output_EXPANSE_a2_dlpfc/libd_chr8-chr8_EA-libd_chr8-chr8_EA-181483-201482-dynamic-1corestotal-allcorepera-20240423-223150.rds"
[1] "File number: 259"
[1] "Loaded RDS file: ..//output_EXPANSE_a2_dlpfc/libd_chr8-chr8_EA-libd_chr8-chr8_EA-201483-221482-dynamic-1corestotal-allcorepera-20240423-223451.rds"
[1] "File number: 260"
[1] "Loaded RDS file: ..//output_EXPANSE_a2_dlpfc/libd_chr8-chr8_EA-libd_chr8-chr8_EA-221483-241482-dynamic-1corestotal-allcorepera-20240423-223753.rds"
[1] "File number: 261"
[1] "Loaded RDS file: ..//output_EXPANSE_a2_dlpfc/libd_chr8-chr8_EA-libd_chr8-chr8_EA-241483-261482-dynamic-1corestotal-allcorepera-20240508-073453.rds"
[1] "File number: 262"
[1] "Loaded RDS file: ..//output_EXPANSE_a2_dlpfc/libd_chr8-chr8_EA-libd_chr8-chr8_EA-261483-281482-dynamic-1corestotal-allcorepera-20240423-224355.rds"
[1] "File number: 263"
[1] "Loaded RDS file: ..//output_EXPANSE_a2_dlpfc/libd_chr8-chr8_EA-libd_chr8-chr8_EA-281483-301482-dynamic-1corestotal-allcorepera-20240423-224656.rds"
[1] "File number: 264"
[1] "Loaded RDS file: ..//output_EXPANSE_a2_dlpfc/libd_chr8-chr8_EA-libd_chr8-chr8_EA-301483-321482-dynamic-1corestotal-allcorepera-20240423-224957.rds"
[1] "File number: 265"
[1] "Loaded RDS file: ..//output_EXPANSE_a2_dlpfc/libd_chr8-chr8_EA-libd_chr8-chr8_EA-321483-341482-dynamic-1corestotal-allcorepera-20240423-225258.rds"
[1] "File number: 266"
[1] "Loaded RDS file: ..//output_EXPANSE_a2_dlpfc/libd_chr8-chr8_EA-libd_chr8-chr8_EA-341483-361482-dynamic-1corestotal-allcorepera-20240423-225600.rds"
[1] "File number: 267"
[1] "Loaded RDS file: ..//output_EXPANSE_a2_dlpfc/libd_chr8-chr8_EA-libd_chr8-chr8_EA-361483-381482-dynamic-1corestotal-allcorepera-20240509-203455.rds"
[1] "File number: 268"
[1] "Loaded RDS file: ..//output_EXPANSE_a2_dlpfc/libd_chr8-chr8_EA-libd_chr8-chr8_EA-381483-401482-dynamic-1corestotal-allcorepera-20240423-230205.rds"
[1] "File number: 269"
[1] "Loaded RDS file: ..//output_EXPANSE_a2_dlpfc/libd_chr8-chr8_EA-libd_chr8-chr8_EA-401483-421482-dynamic-1corestotal-allcorepera-20240423-230506.rds"
[1] "File number: 270"
[1] "Loaded RDS file: ..//output_EXPANSE_a2_dlpfc/libd_chr8-chr8_EA-libd_chr8-chr8_EA-421483-441482-dynamic-1corestotal-allcorepera-20240509-203556.rds"
[1] "File number: 271"
[1] "Loaded RDS file: ..//output_EXPANSE_a2_dlpfc/libd_chr8-chr8_EA-libd_chr8-chr8_EA-441483-461482-dynamic-1corestotal-allcorepera-20240423-231109.rds"
[1] "File number: 272"
[1] "Loaded RDS file: ..//output_EXPANSE_a2_dlpfc/libd_chr8-chr8_EA-libd_chr8-chr8_EA-461483-481482-dynamic-1corestotal-allcorepera-20240423-231410.rds"
[1] "File number: 273"
[1] "Loaded RDS file: ..//output_EXPANSE_a2_dlpfc/libd_chr8-chr8_EA-libd_chr8-chr8_EA-481483-501482-dynamic-1corestotal-allcorepera-20240423-231711.rds"
[1] "File number: 274"
[1] "Loaded RDS file: ..//output_EXPANSE_a2_dlpfc/libd_chr8-chr8_EA-libd_chr8-chr8_EA-501483-521482-dynamic-1corestotal-allcorepera-20240508-073555.rds"
[1] "File number: 275"
[1] "Loaded RDS file: ..//output_EXPANSE_a2_dlpfc/libd_chr8-chr8_EA-libd_chr8-chr8_EA-521483-541482-dynamic-1corestotal-allcorepera-20240423-232313.rds"
[1] "File number: 276"
[1] "Loaded RDS file: ..//output_EXPANSE_a2_dlpfc/libd_chr8-chr8_EA-libd_chr8-chr8_EA-541483-561482-dynamic-1corestotal-allcorepera-20240508-073656.rds"
[1] "File number: 277"
[1] "Loaded RDS file: ..//output_EXPANSE_a2_dlpfc/libd_chr8-chr8_EA-libd_chr8-chr8_EA-561483-581482-dynamic-1corestotal-allcorepera-20240423-232916.rds"
[1] "File number: 278"
[1] "Loaded RDS file: ..//output_EXPANSE_a2_dlpfc/libd_chr8-chr8_EA-libd_chr8-chr8_EA-581483-601482-dynamic-1corestotal-allcorepera-20240509-203658.rds"
[1] "File number: 279"
[1] "Loaded RDS file: ..//output_EXPANSE_a2_dlpfc/libd_chr8-chr8_EA-libd_chr8-chr8_EA-601483-621482-dynamic-1corestotal-allcorepera-20240509-203759.rds"
[1] "File number: 280"
[1] "Loaded RDS file: ..//output_EXPANSE_a2_dlpfc/libd_chr8-chr8_EA-libd_chr8-chr8_EA-621483-641482-dynamic-1corestotal-allcorepera-20240423-233819.rds"
[1] "File number: 281"
[1] "Loaded RDS file: ..//output_EXPANSE_a2_dlpfc/libd_chr8-chr8_EA-libd_chr8-chr8_EA-641483-661482-dynamic-1corestotal-allcorepera-20240423-234120.rds"
[1] "File number: 282"
[1] "Loaded RDS file: ..//output_EXPANSE_a2_dlpfc/libd_chr8-chr8_EA-libd_chr8-chr8_EA-661483-681482-dynamic-1corestotal-allcorepera-20240423-234422.rds"
[1] "File number: 283"
[1] "Loaded RDS file: ..//output_EXPANSE_a2_dlpfc/libd_chr8-chr8_EA-libd_chr8-chr8_EA-681483-701482-dynamic-1corestotal-allcorepera-20240508-073758.rds"
[1] "File number: 284"
[1] "Loaded RDS file: ..//output_EXPANSE_a2_dlpfc/libd_chr8-chr8_EA-libd_chr8-chr8_EA-701483-721482-dynamic-1corestotal-allcorepera-20240423-235025.rds"
[1] "File number: 285"
[1] "Loaded RDS file: ..//output_EXPANSE_a2_dlpfc/libd_chr8-chr8_EA-libd_chr8-chr8_EA-721483-741482-dynamic-1corestotal-allcorepera-20240423-235326.rds"
[1] "File number: 286"
[1] "Loaded RDS file: ..//output_EXPANSE_a2_dlpfc/libd_chr8-chr8_EA-libd_chr8-chr8_EA-741483-761482-dynamic-1corestotal-allcorepera-20240423-235627.rds"
[1] "File number: 287"
[1] "Loaded RDS file: ..//output_EXPANSE_a2_dlpfc/libd_chr8-chr8_EA-libd_chr8-chr8_EA-761483-781482-dynamic-1corestotal-allcorepera-20240423-235928.rds"
[1] "File number: 288"
[1] "Loaded RDS file: ..//output_EXPANSE_a2_dlpfc/libd_chr8-chr8_EA-libd_chr8-chr8_EA-781483-801482-dynamic-1corestotal-allcorepera-20240508-073900.rds"
[1] "File number: 289"
[1] "Loaded RDS file: ..//output_EXPANSE_a2_dlpfc/libd_chr8-chr8_EA-libd_chr8-chr8_EA-801483-821482-dynamic-1corestotal-allcorepera-20240508-074001.rds"
[1] "File number: 290"
[1] "Loaded RDS file: ..//output_EXPANSE_a2_dlpfc/libd_chr8-chr8_EA-libd_chr8-chr8_EA-821483-841482-dynamic-1corestotal-allcorepera-20240424-000831.rds"
[1] "File number: 291"
[1] "Loaded RDS file: ..//output_EXPANSE_a2_dlpfc/libd_chr8-chr8_EA-libd_chr8-chr8_EA-841483-861482-dynamic-1corestotal-allcorepera-20240424-001133.rds"
[1] "File number: 292"
[1] "Loaded RDS file: ..//output_EXPANSE_a2_dlpfc/libd_chr8-chr8_EA-libd_chr8-chr8_EA-861483-881482-dynamic-1corestotal-allcorepera-20240424-001434.rds"
[1] "File number: 293"
[1] "Loaded RDS file: ..//output_EXPANSE_a2_dlpfc/libd_chr8-chr8_EA-libd_chr8-chr8_EA-881483-901482-dynamic-1corestotal-allcorepera-20240424-001735.rds"
[1] "File number: 294"
[1] "Loaded RDS file: ..//output_EXPANSE_a2_dlpfc/libd_chr8-chr8_EA-libd_chr8-chr8_EA-901483-921482-dynamic-1corestotal-allcorepera-20240424-002036.rds"
[1] "File number: 295"
[1] "Loaded RDS file: ..//output_EXPANSE_a2_dlpfc/libd_chr8-chr8_EA-libd_chr8-chr8_EA-921483-941482-dynamic-1corestotal-allcorepera-20240424-002337.rds"
[1] "File number: 296"
[1] "Loaded RDS file: ..//output_EXPANSE_a2_dlpfc/libd_chr8-chr8_EA-libd_chr8-chr8_EA-941483-961482-dynamic-1corestotal-allcorepera-20240424-002638.rds"
[1] "File number: 297"
[1] "Loaded RDS file: ..//output_EXPANSE_a2_dlpfc/libd_chr8-chr8_EA-libd_chr8-chr8_EA-961483-981482-dynamic-1corestotal-allcorepera-20240509-203901.rds"
[1] "File number: 298"
[1] "Loaded RDS file: ..//output_EXPANSE_a2_dlpfc/libd_chr8-chr8_EA-libd_chr8-chr8_EA-981483-1001482-dynamic-1corestotal-allcorepera-20240424-003241.rds"
[1] "File number: 299"
[1] "Loaded RDS file: ..//output_EXPANSE_a2_dlpfc/libd_chr8-chr8_EA-libd_chr8-chr8_EA-1001483-1021482-dynamic-1corestotal-allcorepera-20240424-003542.rds"
[1] "File number: 300"
[1] "Loaded RDS file: ..//output_EXPANSE_a2_dlpfc/libd_chr8-chr8_EA-libd_chr8-chr8_EA-1021483-1041482-dynamic-1corestotal-allcorepera-20240424-003843.rds"
[1] "File number: 301"
[1] "Loaded RDS file: ..//output_EXPANSE_a2_dlpfc/libd_chr8-chr8_EA-libd_chr8-chr8_EA-1041483-1061482-dynamic-1corestotal-allcorepera-20240424-004144.rds"
[1] "File number: 302"
[1] "Loaded RDS file: ..//output_EXPANSE_a2_dlpfc/libd_chr8-chr8_EA-libd_chr8-chr8_EA-1061483-1081482-dynamic-1corestotal-allcorepera-20240424-004445.rds"
[1] "File number: 303"
[1] "Loaded RDS file: ..//output_EXPANSE_a2_dlpfc/libd_chr8-chr8_EA-libd_chr8-chr8_EA-1081483-1101482-dynamic-1corestotal-allcorepera-20240424-004747.rds"
[1] "File number: 304"
[1] "Loaded RDS file: ..//output_EXPANSE_a2_dlpfc/libd_chr8-chr8_EA-libd_chr8-chr8_EA-1101483-1121482-dynamic-1corestotal-allcorepera-20240424-005048.rds"
[1] "File number: 305"
[1] "Loaded RDS file: ..//output_EXPANSE_a2_dlpfc/libd_chr8-chr8_EA-libd_chr8-chr8_EA-1121483-1141482-dynamic-1corestotal-allcorepera-20240424-005349.rds"
[1] "File number: 306"
[1] "Loaded RDS file: ..//output_EXPANSE_a2_dlpfc/libd_chr8-chr8_EA-libd_chr8-chr8_EA-1141483-1161482-dynamic-1corestotal-allcorepera-20240424-005650.rds"
[1] "File number: 307"
[1] "Loaded RDS file: ..//output_EXPANSE_a2_dlpfc/libd_chr8-chr8_EA-libd_chr8-chr8_EA-1161483-1181482-dynamic-1corestotal-allcorepera-20240424-005951.rds"
[1] "File number: 308"
[1] "Loaded RDS file: ..//output_EXPANSE_a2_dlpfc/libd_chr8-chr8_EA-libd_chr8-chr8_EA-1181483-1201482-dynamic-1corestotal-allcorepera-20240508-074104.rds"
[1] "File number: 309"
[1] "Loaded RDS file: ..//output_EXPANSE_a2_dlpfc/libd_chr8-chr8_EA-libd_chr8-chr8_EA-1201483-1221482-dynamic-1corestotal-allcorepera-20240424-010554.rds"
[1] "File number: 310"
[1] "Loaded RDS file: ..//output_EXPANSE_a2_dlpfc/libd_chr8-chr8_EA-libd_chr8-chr8_EA-1221483-1225856-dynamic-1corestotal-allcorepera-20240424-010855.rds"
[1] "File number: 311"
[1] "Loaded RDS file: ..//output_EXPANSE_a2_hippo/libd_chr8-chr8_EA-libd_chr8-chr8_EA-1483-21482-dynamic-1corestotal-allcorepera-20240424-072717.rds"
[1] "File number: 312"
[1] "Loaded RDS file: ..//output_EXPANSE_a2_hippo/libd_chr8-chr8_EA-libd_chr8-chr8_EA-21483-41482-dynamic-1corestotal-allcorepera-20240424-073019.rds"
[1] "File number: 313"
[1] "Loaded RDS file: ..//output_EXPANSE_a2_hippo/libd_chr8-chr8_EA-libd_chr8-chr8_EA-41483-61482-dynamic-1corestotal-allcorepera-20240424-073320.rds"
[1] "File number: 314"
[1] "Loaded RDS file: ..//output_EXPANSE_a2_hippo/libd_chr8-chr8_EA-libd_chr8-chr8_EA-61483-81482-dynamic-1corestotal-allcorepera-20240424-073621.rds"
[1] "File number: 315"
[1] "Loaded RDS file: ..//output_EXPANSE_a2_hippo/libd_chr8-chr8_EA-libd_chr8-chr8_EA-81483-101482-dynamic-1corestotal-allcorepera-20240424-073922.rds"
[1] "File number: 316"
[1] "Loaded RDS file: ..//output_EXPANSE_a2_hippo/libd_chr8-chr8_EA-libd_chr8-chr8_EA-101483-121482-dynamic-1corestotal-allcorepera-20240424-074223.rds"
[1] "File number: 317"
[1] "Loaded RDS file: ..//output_EXPANSE_a2_hippo/libd_chr8-chr8_EA-libd_chr8-chr8_EA-121483-141482-dynamic-1corestotal-allcorepera-20240424-074524.rds"
[1] "File number: 318"
[1] "Loaded RDS file: ..//output_EXPANSE_a2_hippo/libd_chr8-chr8_EA-libd_chr8-chr8_EA-141483-161482-dynamic-1corestotal-allcorepera-20240424-074826.rds"
[1] "File number: 319"
[1] "Loaded RDS file: ..//output_EXPANSE_a2_hippo/libd_chr8-chr8_EA-libd_chr8-chr8_EA-161483-181482-dynamic-1corestotal-allcorepera-20240424-075130.rds"
[1] "File number: 320"
[1] "Loaded RDS file: ..//output_EXPANSE_a2_hippo/libd_chr8-chr8_EA-libd_chr8-chr8_EA-181483-201482-dynamic-1corestotal-allcorepera-20240424-075431.rds"
[1] "File number: 321"
[1] "Loaded RDS file: ..//output_EXPANSE_a2_hippo/libd_chr8-chr8_EA-libd_chr8-chr8_EA-201483-221482-dynamic-1corestotal-allcorepera-20240424-075732.rds"
[1] "File number: 322"
[1] "Loaded RDS file: ..//output_EXPANSE_a2_hippo/libd_chr8-chr8_EA-libd_chr8-chr8_EA-221483-241482-dynamic-1corestotal-allcorepera-20240424-080033.rds"
[1] "File number: 323"
[1] "Loaded RDS file: ..//output_EXPANSE_a2_hippo/libd_chr8-chr8_EA-libd_chr8-chr8_EA-241483-261482-dynamic-1corestotal-allcorepera-20240509-204008.rds"
[1] "File number: 324"
[1] "Loaded RDS file: ..//output_EXPANSE_a2_hippo/libd_chr8-chr8_EA-libd_chr8-chr8_EA-261483-281482-dynamic-1corestotal-allcorepera-20240424-080635.rds"
[1] "File number: 325"
[1] "Loaded RDS file: ..//output_EXPANSE_a2_hippo/libd_chr8-chr8_EA-libd_chr8-chr8_EA-281483-301482-dynamic-1corestotal-allcorepera-20240424-080936.rds"
[1] "File number: 326"
[1] "Loaded RDS file: ..//output_EXPANSE_a2_hippo/libd_chr8-chr8_EA-libd_chr8-chr8_EA-301483-321482-dynamic-1corestotal-allcorepera-20240424-081238.rds"
[1] "File number: 327"
[1] "Loaded RDS file: ..//output_EXPANSE_a2_hippo/libd_chr8-chr8_EA-libd_chr8-chr8_EA-321483-341482-dynamic-1corestotal-allcorepera-20240424-081539.rds"
[1] "File number: 328"
[1] "Loaded RDS file: ..//output_EXPANSE_a2_hippo/libd_chr8-chr8_EA-libd_chr8-chr8_EA-341483-361482-dynamic-1corestotal-allcorepera-20240508-074211.rds"
[1] "File number: 329"
[1] "Loaded RDS file: ..//output_EXPANSE_a2_hippo/libd_chr8-chr8_EA-libd_chr8-chr8_EA-361483-381482-dynamic-1corestotal-allcorepera-20240509-204109.rds"
[1] "File number: 330"
[1] "Loaded RDS file: ..//output_EXPANSE_a2_hippo/libd_chr8-chr8_EA-libd_chr8-chr8_EA-381483-401482-dynamic-1corestotal-allcorepera-20240424-082442.rds"
[1] "File number: 331"
[1] "Loaded RDS file: ..//output_EXPANSE_a2_hippo/libd_chr8-chr8_EA-libd_chr8-chr8_EA-401483-421482-dynamic-1corestotal-allcorepera-20240424-082743.rds"
[1] "File number: 332"
[1] "Loaded RDS file: ..//output_EXPANSE_a2_hippo/libd_chr8-chr8_EA-libd_chr8-chr8_EA-421483-441482-dynamic-1corestotal-allcorepera-20240509-204210.rds"
[1] "File number: 333"
[1] "Loaded RDS file: ..//output_EXPANSE_a2_hippo/libd_chr8-chr8_EA-libd_chr8-chr8_EA-441483-461482-dynamic-1corestotal-allcorepera-20240508-074313.rds"
[1] "File number: 334"
[1] "Loaded RDS file: ..//output_EXPANSE_a2_hippo/libd_chr8-chr8_EA-libd_chr8-chr8_EA-461483-481482-dynamic-1corestotal-allcorepera-20240425-220943.rds"
[1] "File number: 335"
[1] "Loaded RDS file: ..//output_EXPANSE_a2_hippo/libd_chr8-chr8_EA-libd_chr8-chr8_EA-481483-501482-dynamic-1corestotal-allcorepera-20240508-074415.rds"
[1] "File number: 336"
[1] "Loaded RDS file: ..//output_EXPANSE_a2_hippo/libd_chr8-chr8_EA-libd_chr8-chr8_EA-501483-521482-dynamic-1corestotal-allcorepera-20240509-204312.rds"
[1] "File number: 337"
[1] "Loaded RDS file: ..//output_EXPANSE_a2_hippo/libd_chr8-chr8_EA-libd_chr8-chr8_EA-521483-541482-dynamic-1corestotal-allcorepera-20240425-221847.rds"
[1] "File number: 338"
[1] "Loaded RDS file: ..//output_EXPANSE_a2_hippo/libd_chr8-chr8_EA-libd_chr8-chr8_EA-541483-561482-dynamic-1corestotal-allcorepera-20240509-204413.rds"
[1] "File number: 339"
[1] "Loaded RDS file: ..//output_EXPANSE_a2_hippo/libd_chr8-chr8_EA-libd_chr8-chr8_EA-561483-581482-dynamic-1corestotal-allcorepera-20240425-222449.rds"
[1] "File number: 340"
[1] "Loaded RDS file: ..//output_EXPANSE_a2_hippo/libd_chr8-chr8_EA-libd_chr8-chr8_EA-581483-601482-dynamic-1corestotal-allcorepera-20240509-204514.rds"
[1] "File number: 341"
[1] "Loaded RDS file: ..//output_EXPANSE_a2_hippo/libd_chr8-chr8_EA-libd_chr8-chr8_EA-601483-621482-dynamic-1corestotal-allcorepera-20240509-204615.rds"
[1] "File number: 342"
[1] "Loaded RDS file: ..//output_EXPANSE_a2_hippo/libd_chr8-chr8_EA-libd_chr8-chr8_EA-621483-641482-dynamic-1corestotal-allcorepera-20240425-223353.rds"
[1] "File number: 343"
[1] "Loaded RDS file: ..//output_EXPANSE_a2_hippo/libd_chr8-chr8_EA-libd_chr8-chr8_EA-641483-661482-dynamic-1corestotal-allcorepera-20240425-223654.rds"
[1] "File number: 344"
[1] "Loaded RDS file: ..//output_EXPANSE_a2_hippo/libd_chr8-chr8_EA-libd_chr8-chr8_EA-661483-681482-dynamic-1corestotal-allcorepera-20240425-223955.rds"
[1] "File number: 345"
[1] "Loaded RDS file: ..//output_EXPANSE_a2_hippo/libd_chr8-chr8_EA-libd_chr8-chr8_EA-681483-701482-dynamic-1corestotal-allcorepera-20240509-204717.rds"
[1] "File number: 346"
[1] "Loaded RDS file: ..//output_EXPANSE_a2_hippo/libd_chr8-chr8_EA-libd_chr8-chr8_EA-701483-721482-dynamic-1corestotal-allcorepera-20240425-224557.rds"
[1] "File number: 347"
[1] "Loaded RDS file: ..//output_EXPANSE_a2_hippo/libd_chr8-chr8_EA-libd_chr8-chr8_EA-721483-741482-dynamic-1corestotal-allcorepera-20240425-224858.rds"
[1] "File number: 348"
[1] "Loaded RDS file: ..//output_EXPANSE_a2_hippo/libd_chr8-chr8_EA-libd_chr8-chr8_EA-741483-761482-dynamic-1corestotal-allcorepera-20240425-225200.rds"
[1] "File number: 349"
[1] "Loaded RDS file: ..//output_EXPANSE_a2_hippo/libd_chr8-chr8_EA-libd_chr8-chr8_EA-761483-781482-dynamic-1corestotal-allcorepera-20240425-225503.rds"
[1] "File number: 350"
[1] "Loaded RDS file: ..//output_EXPANSE_a2_hippo/libd_chr8-chr8_EA-libd_chr8-chr8_EA-781483-801482-dynamic-1corestotal-allcorepera-20240425-225804.rds"
[1] "File number: 351"
[1] "Loaded RDS file: ..//output_EXPANSE_a2_hippo/libd_chr8-chr8_EA-libd_chr8-chr8_EA-801483-821482-dynamic-1corestotal-allcorepera-20240509-204818.rds"
[1] "File number: 352"
[1] "Loaded RDS file: ..//output_EXPANSE_a2_hippo/libd_chr8-chr8_EA-libd_chr8-chr8_EA-821483-841482-dynamic-1corestotal-allcorepera-20240425-230408.rds"
[1] "File number: 353"
[1] "Loaded RDS file: ..//output_EXPANSE_a2_hippo/libd_chr8-chr8_EA-libd_chr8-chr8_EA-841483-861482-dynamic-1corestotal-allcorepera-20240425-230711.rds"
[1] "File number: 354"
[1] "Loaded RDS file: ..//output_EXPANSE_a2_hippo/libd_chr8-chr8_EA-libd_chr8-chr8_EA-861483-881482-dynamic-1corestotal-allcorepera-20240425-231013.rds"
[1] "File number: 355"
[1] "Loaded RDS file: ..//output_EXPANSE_a2_hippo/libd_chr8-chr8_EA-libd_chr8-chr8_EA-881483-901482-dynamic-1corestotal-allcorepera-20240425-231314.rds"
[1] "File number: 356"
[1] "Loaded RDS file: ..//output_EXPANSE_a2_hippo/libd_chr8-chr8_EA-libd_chr8-chr8_EA-901483-921482-dynamic-1corestotal-allcorepera-20240425-231615.rds"
[1] "File number: 357"
[1] "Loaded RDS file: ..//output_EXPANSE_a2_hippo/libd_chr8-chr8_EA-libd_chr8-chr8_EA-921483-941482-dynamic-1corestotal-allcorepera-20240425-231916.rds"
[1] "File number: 358"
[1] "Loaded RDS file: ..//output_EXPANSE_a2_hippo/libd_chr8-chr8_EA-libd_chr8-chr8_EA-941483-961482-dynamic-1corestotal-allcorepera-20240425-232217.rds"
[1] "File number: 359"
[1] "Loaded RDS file: ..//output_EXPANSE_a2_hippo/libd_chr8-chr8_EA-libd_chr8-chr8_EA-961483-981482-dynamic-1corestotal-allcorepera-20240509-204919.rds"
[1] "File number: 360"
[1] "Loaded RDS file: ..//output_EXPANSE_a2_hippo/libd_chr8-chr8_EA-libd_chr8-chr8_EA-981483-1001482-dynamic-1corestotal-allcorepera-20240425-232819.rds"
[1] "File number: 361"
[1] "Loaded RDS file: ..//output_EXPANSE_a2_hippo/libd_chr8-chr8_EA-libd_chr8-chr8_EA-1001483-1021482-dynamic-1corestotal-allcorepera-20240425-233120.rds"
[1] "File number: 362"
[1] "Loaded RDS file: ..//output_EXPANSE_a2_hippo/libd_chr8-chr8_EA-libd_chr8-chr8_EA-1021483-1041482-dynamic-1corestotal-allcorepera-20240425-233421.rds"
[1] "File number: 363"
[1] "Loaded RDS file: ..//output_EXPANSE_a2_hippo/libd_chr8-chr8_EA-libd_chr8-chr8_EA-1041483-1061482-dynamic-1corestotal-allcorepera-20240425-233723.rds"
[1] "File number: 364"
[1] "Loaded RDS file: ..//output_EXPANSE_a2_hippo/libd_chr8-chr8_EA-libd_chr8-chr8_EA-1061483-1081482-dynamic-1corestotal-allcorepera-20240425-234024.rds"
[1] "File number: 365"
[1] "Loaded RDS file: ..//output_EXPANSE_a2_hippo/libd_chr8-chr8_EA-libd_chr8-chr8_EA-1081483-1101482-dynamic-1corestotal-allcorepera-20240425-234325.rds"
[1] "File number: 366"
[1] "Loaded RDS file: ..//output_EXPANSE_a2_hippo/libd_chr8-chr8_EA-libd_chr8-chr8_EA-1101483-1121482-dynamic-1corestotal-allcorepera-20240425-234626.rds"
[1] "File number: 367"
[1] "Loaded RDS file: ..//output_EXPANSE_a2_hippo/libd_chr8-chr8_EA-libd_chr8-chr8_EA-1121483-1141482-dynamic-1corestotal-allcorepera-20240425-234927.rds"
[1] "File number: 368"
[1] "Loaded RDS file: ..//output_EXPANSE_a2_hippo/libd_chr8-chr8_EA-libd_chr8-chr8_EA-1141483-1161482-dynamic-1corestotal-allcorepera-20240425-235228.rds"
[1] "File number: 369"
[1] "Loaded RDS file: ..//output_EXPANSE_a2_hippo/libd_chr8-chr8_EA-libd_chr8-chr8_EA-1161483-1181482-dynamic-1corestotal-allcorepera-20240425-235529.rds"
[1] "File number: 370"
[1] "Loaded RDS file: ..//output_EXPANSE_a2_hippo/libd_chr8-chr8_EA-libd_chr8-chr8_EA-1181483-1201482-dynamic-1corestotal-allcorepera-20240425-235831.rds"
[1] "File number: 371"
[1] "Loaded RDS file: ..//output_EXPANSE_a2_hippo/libd_chr8-chr8_EA-libd_chr8-chr8_EA-1201483-1221482-dynamic-1corestotal-allcorepera-20240426-000132.rds"
[1] "File number: 372"
[1] "Loaded RDS file: ..//output_EXPANSE_a2_hippo/libd_chr8-chr8_EA-libd_chr8-chr8_EA-1221483-1225856-dynamic-1corestotal-allcorepera-20240426-000433.rds"
[1] "File number: 373"
[1] "Loaded RDS file: ..//output_EXPANSE_a2_caud/libd_chr8-chr8_all-libd_chr8-chr8_all-1483-21482-dynamic-1corestotal-allcorepera-20240423-093524.rds"
[1] "File number: 374"
[1] "Loaded RDS file: ..//output_EXPANSE_a2_caud/libd_chr8-chr8_all-libd_chr8-chr8_all-21483-41482-dynamic-1corestotal-allcorepera-20240423-093825.rds"
[1] "File number: 375"
[1] "Loaded RDS file: ..//output_EXPANSE_a2_caud/libd_chr8-chr8_all-libd_chr8-chr8_all-41483-61482-dynamic-1corestotal-allcorepera-20240423-094126.rds"
[1] "File number: 376"
[1] "Loaded RDS file: ..//output_EXPANSE_a2_caud/libd_chr8-chr8_all-libd_chr8-chr8_all-61483-81482-dynamic-1corestotal-allcorepera-20240423-094427.rds"
[1] "File number: 377"
[1] "Loaded RDS file: ..//output_EXPANSE_a2_caud/libd_chr8-chr8_all-libd_chr8-chr8_all-81483-101482-dynamic-1corestotal-allcorepera-20240423-094728.rds"
[1] "File number: 378"
[1] "Loaded RDS file: ..//output_EXPANSE_a2_caud/libd_chr8-chr8_all-libd_chr8-chr8_all-101483-121482-dynamic-1corestotal-allcorepera-20240423-095030.rds"
[1] "File number: 379"
[1] "Loaded RDS file: ..//output_EXPANSE_a2_caud/libd_chr8-chr8_all-libd_chr8-chr8_all-121483-141482-dynamic-1corestotal-allcorepera-20240423-095331.rds"
[1] "File number: 380"
[1] "Loaded RDS file: ..//output_EXPANSE_a2_caud/libd_chr8-chr8_all-libd_chr8-chr8_all-141483-161482-dynamic-1corestotal-allcorepera-20240423-095632.rds"
[1] "File number: 381"
[1] "Loaded RDS file: ..//output_EXPANSE_a2_caud/libd_chr8-chr8_all-libd_chr8-chr8_all-161483-181482-dynamic-1corestotal-allcorepera-20240423-095933.rds"
[1] "File number: 382"
[1] "Loaded RDS file: ..//output_EXPANSE_a2_caud/libd_chr8-chr8_all-libd_chr8-chr8_all-181483-201482-dynamic-1corestotal-allcorepera-20240423-100234.rds"
[1] "File number: 383"
[1] "Loaded RDS file: ..//output_EXPANSE_a2_caud/libd_chr8-chr8_all-libd_chr8-chr8_all-201483-221482-dynamic-1corestotal-allcorepera-20240423-100535.rds"
[1] "File number: 384"
[1] "Loaded RDS file: ..//output_EXPANSE_a2_caud/libd_chr8-chr8_all-libd_chr8-chr8_all-221483-241482-dynamic-1corestotal-allcorepera-20240423-100836.rds"
[1] "File number: 385"
[1] "Loaded RDS file: ..//output_EXPANSE_a2_caud/libd_chr8-chr8_all-libd_chr8-chr8_all-241483-261482-dynamic-1corestotal-allcorepera-20240423-101137.rds"
[1] "File number: 386"
[1] "Loaded RDS file: ..//output_EXPANSE_a2_caud/libd_chr8-chr8_all-libd_chr8-chr8_all-261483-281482-dynamic-1corestotal-allcorepera-20240423-101439.rds"
[1] "File number: 387"
[1] "Loaded RDS file: ..//output_EXPANSE_a2_caud/libd_chr8-chr8_all-libd_chr8-chr8_all-281483-301482-dynamic-1corestotal-allcorepera-20240423-101740.rds"
[1] "File number: 388"
[1] "Loaded RDS file: ..//output_EXPANSE_a2_caud/libd_chr8-chr8_all-libd_chr8-chr8_all-301483-321482-dynamic-1corestotal-allcorepera-20240423-102041.rds"
[1] "File number: 389"
[1] "Loaded RDS file: ..//output_EXPANSE_a2_caud/libd_chr8-chr8_all-libd_chr8-chr8_all-321483-341482-dynamic-1corestotal-allcorepera-20240423-102342.rds"
[1] "File number: 390"
[1] "Loaded RDS file: ..//output_EXPANSE_a2_caud/libd_chr8-chr8_all-libd_chr8-chr8_all-341483-361482-dynamic-1corestotal-allcorepera-20240423-102643.rds"
[1] "File number: 391"
[1] "Loaded RDS file: ..//output_EXPANSE_a2_caud/libd_chr8-chr8_all-libd_chr8-chr8_all-361483-381482-dynamic-1corestotal-allcorepera-20240423-102944.rds"
[1] "File number: 392"
[1] "Loaded RDS file: ..//output_EXPANSE_a2_caud/libd_chr8-chr8_all-libd_chr8-chr8_all-381483-401482-dynamic-1corestotal-allcorepera-20240423-103245.rds"
[1] "File number: 393"
[1] "Loaded RDS file: ..//output_EXPANSE_a2_caud/libd_chr8-chr8_all-libd_chr8-chr8_all-401483-421482-dynamic-1corestotal-allcorepera-20240423-103546.rds"
[1] "File number: 394"
[1] "Loaded RDS file: ..//output_EXPANSE_a2_caud/libd_chr8-chr8_all-libd_chr8-chr8_all-421483-441482-dynamic-1corestotal-allcorepera-20240423-103848.rds"
[1] "File number: 395"
[1] "Loaded RDS file: ..//output_EXPANSE_a2_caud/libd_chr8-chr8_all-libd_chr8-chr8_all-441483-461482-dynamic-1corestotal-allcorepera-20240423-104149.rds"
[1] "File number: 396"
[1] "Loaded RDS file: ..//output_EXPANSE_a2_caud/libd_chr8-chr8_all-libd_chr8-chr8_all-461483-481482-dynamic-1corestotal-allcorepera-20240423-104450.rds"
[1] "File number: 397"
[1] "Loaded RDS file: ..//output_EXPANSE_a2_caud/libd_chr8-chr8_all-libd_chr8-chr8_all-481483-501482-dynamic-1corestotal-allcorepera-20240423-104751.rds"
[1] "File number: 398"
[1] "Loaded RDS file: ..//output_EXPANSE_a2_caud/libd_chr8-chr8_all-libd_chr8-chr8_all-501483-521482-dynamic-1corestotal-allcorepera-20240423-105052.rds"
[1] "File number: 399"
[1] "Loaded RDS file: ..//output_EXPANSE_a2_caud/libd_chr8-chr8_all-libd_chr8-chr8_all-521483-541482-dynamic-1corestotal-allcorepera-20240423-105353.rds"
[1] "File number: 400"
[1] "Loaded RDS file: ..//output_EXPANSE_a2_caud/libd_chr8-chr8_all-libd_chr8-chr8_all-541483-561482-dynamic-1corestotal-allcorepera-20240423-105654.rds"
[1] "File number: 401"
[1] "Loaded RDS file: ..//output_EXPANSE_a2_caud/libd_chr8-chr8_all-libd_chr8-chr8_all-561483-581482-dynamic-1corestotal-allcorepera-20240423-105955.rds"
[1] "File number: 402"
[1] "Loaded RDS file: ..//output_EXPANSE_a2_caud/libd_chr8-chr8_all-libd_chr8-chr8_all-581483-601482-dynamic-1corestotal-allcorepera-20240423-110256.rds"
[1] "File number: 403"
[1] "Loaded RDS file: ..//output_EXPANSE_a2_caud/libd_chr8-chr8_all-libd_chr8-chr8_all-601483-621482-dynamic-1corestotal-allcorepera-20240423-110558.rds"
[1] "File number: 404"
[1] "Loaded RDS file: ..//output_EXPANSE_a2_caud/libd_chr8-chr8_all-libd_chr8-chr8_all-621483-641482-dynamic-1corestotal-allcorepera-20240423-110859.rds"
[1] "File number: 405"
[1] "Loaded RDS file: ..//output_EXPANSE_a2_caud/libd_chr8-chr8_all-libd_chr8-chr8_all-641483-661482-dynamic-1corestotal-allcorepera-20240423-111200.rds"
[1] "File number: 406"
[1] "Loaded RDS file: ..//output_EXPANSE_a2_caud/libd_chr8-chr8_all-libd_chr8-chr8_all-661483-681482-dynamic-1corestotal-allcorepera-20240423-111506.rds"
[1] "File number: 407"
[1] "Loaded RDS file: ..//output_EXPANSE_a2_caud/libd_chr8-chr8_all-libd_chr8-chr8_all-681483-701482-dynamic-1corestotal-allcorepera-20240423-111807.rds"
[1] "File number: 408"
[1] "Loaded RDS file: ..//output_EXPANSE_a2_caud/libd_chr8-chr8_all-libd_chr8-chr8_all-701483-721482-dynamic-1corestotal-allcorepera-20240423-112108.rds"
[1] "File number: 409"
[1] "Loaded RDS file: ..//output_EXPANSE_a2_caud/libd_chr8-chr8_all-libd_chr8-chr8_all-721483-741482-dynamic-1corestotal-allcorepera-20240423-112409.rds"
[1] "File number: 410"
[1] "Loaded RDS file: ..//output_EXPANSE_a2_caud/libd_chr8-chr8_all-libd_chr8-chr8_all-741483-761482-dynamic-1corestotal-allcorepera-20240423-112711.rds"
[1] "File number: 411"
[1] "Loaded RDS file: ..//output_EXPANSE_a2_caud/libd_chr8-chr8_all-libd_chr8-chr8_all-761483-781482-dynamic-1corestotal-allcorepera-20240423-113012.rds"
[1] "File number: 412"
[1] "Loaded RDS file: ..//output_EXPANSE_a2_caud/libd_chr8-chr8_all-libd_chr8-chr8_all-781483-801482-dynamic-1corestotal-allcorepera-20240423-113313.rds"
[1] "File number: 413"
[1] "Loaded RDS file: ..//output_EXPANSE_a2_caud/libd_chr8-chr8_all-libd_chr8-chr8_all-801483-821482-dynamic-1corestotal-allcorepera-20240423-113614.rds"
[1] "File number: 414"
[1] "Loaded RDS file: ..//output_EXPANSE_a2_caud/libd_chr8-chr8_all-libd_chr8-chr8_all-821483-841482-dynamic-1corestotal-allcorepera-20240423-113915.rds"
[1] "File number: 415"
[1] "Loaded RDS file: ..//output_EXPANSE_a2_caud/libd_chr8-chr8_all-libd_chr8-chr8_all-841483-861482-dynamic-1corestotal-allcorepera-20240423-114216.rds"
[1] "File number: 416"
[1] "Loaded RDS file: ..//output_EXPANSE_a2_caud/libd_chr8-chr8_all-libd_chr8-chr8_all-861483-881482-dynamic-1corestotal-allcorepera-20240423-114517.rds"
[1] "File number: 417"
[1] "Loaded RDS file: ..//output_EXPANSE_a2_caud/libd_chr8-chr8_all-libd_chr8-chr8_all-881483-901482-dynamic-1corestotal-allcorepera-20240423-114818.rds"
[1] "File number: 418"
[1] "Loaded RDS file: ..//output_EXPANSE_a2_caud/libd_chr8-chr8_all-libd_chr8-chr8_all-901483-921482-dynamic-1corestotal-allcorepera-20240423-115120.rds"
[1] "File number: 419"
[1] "Loaded RDS file: ..//output_EXPANSE_a2_caud/libd_chr8-chr8_all-libd_chr8-chr8_all-921483-941482-dynamic-1corestotal-allcorepera-20240423-115421.rds"
[1] "File number: 420"
[1] "Loaded RDS file: ..//output_EXPANSE_a2_caud/libd_chr8-chr8_all-libd_chr8-chr8_all-941483-961482-dynamic-1corestotal-allcorepera-20240423-115722.rds"
[1] "File number: 421"
[1] "Loaded RDS file: ..//output_EXPANSE_a2_caud/libd_chr8-chr8_all-libd_chr8-chr8_all-961483-981482-dynamic-1corestotal-allcorepera-20240423-120023.rds"
[1] "File number: 422"
[1] "Loaded RDS file: ..//output_EXPANSE_a2_caud/libd_chr8-chr8_all-libd_chr8-chr8_all-981483-1001482-dynamic-1corestotal-allcorepera-20240423-120324.rds"
[1] "File number: 423"
[1] "Loaded RDS file: ..//output_EXPANSE_a2_caud/libd_chr8-chr8_all-libd_chr8-chr8_all-1001483-1021482-dynamic-1corestotal-allcorepera-20240423-120625.rds"
[1] "File number: 424"
[1] "Loaded RDS file: ..//output_EXPANSE_a2_caud/libd_chr8-chr8_all-libd_chr8-chr8_all-1021483-1041482-dynamic-1corestotal-allcorepera-20240423-120926.rds"
[1] "File number: 425"
[1] "Loaded RDS file: ..//output_EXPANSE_a2_caud/libd_chr8-chr8_all-libd_chr8-chr8_all-1041483-1061482-dynamic-1corestotal-allcorepera-20240423-121227.rds"
[1] "File number: 426"
[1] "Loaded RDS file: ..//output_EXPANSE_a2_caud/libd_chr8-chr8_all-libd_chr8-chr8_all-1061483-1081482-dynamic-1corestotal-allcorepera-20240423-121529.rds"
[1] "File number: 427"
[1] "Loaded RDS file: ..//output_EXPANSE_a2_caud/libd_chr8-chr8_all-libd_chr8-chr8_all-1081483-1101482-dynamic-1corestotal-allcorepera-20240423-121830.rds"
[1] "File number: 428"
[1] "Loaded RDS file: ..//output_EXPANSE_a2_caud/libd_chr8-chr8_all-libd_chr8-chr8_all-1101483-1121482-dynamic-1corestotal-allcorepera-20240423-122131.rds"
[1] "File number: 429"
[1] "Loaded RDS file: ..//output_EXPANSE_a2_caud/libd_chr8-chr8_all-libd_chr8-chr8_all-1121483-1141482-dynamic-1corestotal-allcorepera-20240423-122432.rds"
[1] "File number: 430"
[1] "Loaded RDS file: ..//output_EXPANSE_a2_caud/libd_chr8-chr8_all-libd_chr8-chr8_all-1141483-1161482-dynamic-1corestotal-allcorepera-20240423-122733.rds"
[1] "File number: 431"
[1] "Loaded RDS file: ..//output_EXPANSE_a2_caud/libd_chr8-chr8_all-libd_chr8-chr8_all-1161483-1181482-dynamic-1corestotal-allcorepera-20240423-123034.rds"
[1] "File number: 432"
[1] "Loaded RDS file: ..//output_EXPANSE_a2_caud/libd_chr8-chr8_all-libd_chr8-chr8_all-1181483-1201482-dynamic-1corestotal-allcorepera-20240423-123335.rds"
[1] "File number: 433"
[1] "Loaded RDS file: ..//output_EXPANSE_a2_caud/libd_chr8-chr8_all-libd_chr8-chr8_all-1201483-1221482-dynamic-1corestotal-allcorepera-20240423-123636.rds"
[1] "File number: 434"
[1] "Loaded RDS file: ..//output_EXPANSE_a2_caud/libd_chr8-chr8_all-libd_chr8-chr8_all-1221483-1225856-dynamic-1corestotal-allcorepera-20240423-123938.rds"
[1] "File number: 435"
[1] "Loaded RDS file: ..//output_EXPANSE_a2_dlpfc/libd_chr8-chr8_all-libd_chr8-chr8_all-1483-21482-dynamic-1corestotal-allcorepera-20240423-185717.rds"
[1] "File number: 436"
[1] "Loaded RDS file: ..//output_EXPANSE_a2_dlpfc/libd_chr8-chr8_all-libd_chr8-chr8_all-21483-41482-dynamic-1corestotal-allcorepera-20240423-190020.rds"
[1] "File number: 437"
[1] "Loaded RDS file: ..//output_EXPANSE_a2_dlpfc/libd_chr8-chr8_all-libd_chr8-chr8_all-41483-61482-dynamic-1corestotal-allcorepera-20240423-190322.rds"
[1] "File number: 438"
[1] "Loaded RDS file: ..//output_EXPANSE_a2_dlpfc/libd_chr8-chr8_all-libd_chr8-chr8_all-61483-81482-dynamic-1corestotal-allcorepera-20240423-190623.rds"
[1] "File number: 439"
[1] "Loaded RDS file: ..//output_EXPANSE_a2_dlpfc/libd_chr8-chr8_all-libd_chr8-chr8_all-81483-101482-dynamic-1corestotal-allcorepera-20240423-190924.rds"
[1] "File number: 440"
[1] "Loaded RDS file: ..//output_EXPANSE_a2_dlpfc/libd_chr8-chr8_all-libd_chr8-chr8_all-101483-121482-dynamic-1corestotal-allcorepera-20240423-191225.rds"
[1] "File number: 441"
[1] "Loaded RDS file: ..//output_EXPANSE_a2_dlpfc/libd_chr8-chr8_all-libd_chr8-chr8_all-121483-141482-dynamic-1corestotal-allcorepera-20240423-191526.rds"
[1] "File number: 442"
[1] "Loaded RDS file: ..//output_EXPANSE_a2_dlpfc/libd_chr8-chr8_all-libd_chr8-chr8_all-141483-161482-dynamic-1corestotal-allcorepera-20240423-191827.rds"
[1] "File number: 443"
[1] "Loaded RDS file: ..//output_EXPANSE_a2_dlpfc/libd_chr8-chr8_all-libd_chr8-chr8_all-161483-181482-dynamic-1corestotal-allcorepera-20240423-192129.rds"
[1] "File number: 444"
[1] "Loaded RDS file: ..//output_EXPANSE_a2_dlpfc/libd_chr8-chr8_all-libd_chr8-chr8_all-181483-201482-dynamic-1corestotal-allcorepera-20240423-192430.rds"
[1] "File number: 445"
[1] "Loaded RDS file: ..//output_EXPANSE_a2_dlpfc/libd_chr8-chr8_all-libd_chr8-chr8_all-201483-221482-dynamic-1corestotal-allcorepera-20240423-192731.rds"
[1] "File number: 446"
[1] "Loaded RDS file: ..//output_EXPANSE_a2_dlpfc/libd_chr8-chr8_all-libd_chr8-chr8_all-221483-241482-dynamic-1corestotal-allcorepera-20240423-193032.rds"
[1] "File number: 447"
[1] "Loaded RDS file: ..//output_EXPANSE_a2_dlpfc/libd_chr8-chr8_all-libd_chr8-chr8_all-241483-261482-dynamic-1corestotal-allcorepera-20240423-193333.rds"
[1] "File number: 448"
[1] "Loaded RDS file: ..//output_EXPANSE_a2_dlpfc/libd_chr8-chr8_all-libd_chr8-chr8_all-261483-281482-dynamic-1corestotal-allcorepera-20240423-193634.rds"
[1] "File number: 449"
[1] "Loaded RDS file: ..//output_EXPANSE_a2_dlpfc/libd_chr8-chr8_all-libd_chr8-chr8_all-281483-301482-dynamic-1corestotal-allcorepera-20240423-193935.rds"
[1] "File number: 450"
[1] "Loaded RDS file: ..//output_EXPANSE_a2_dlpfc/libd_chr8-chr8_all-libd_chr8-chr8_all-301483-321482-dynamic-1corestotal-allcorepera-20240423-194238.rds"
[1] "File number: 451"
[1] "Loaded RDS file: ..//output_EXPANSE_a2_dlpfc/libd_chr8-chr8_all-libd_chr8-chr8_all-321483-341482-dynamic-1corestotal-allcorepera-20240423-194539.rds"
[1] "File number: 452"
[1] "Loaded RDS file: ..//output_EXPANSE_a2_dlpfc/libd_chr8-chr8_all-libd_chr8-chr8_all-341483-361482-dynamic-1corestotal-allcorepera-20240423-194840.rds"
[1] "File number: 453"
[1] "Loaded RDS file: ..//output_EXPANSE_a2_dlpfc/libd_chr8-chr8_all-libd_chr8-chr8_all-361483-381482-dynamic-1corestotal-allcorepera-20240423-195141.rds"
[1] "File number: 454"
[1] "Loaded RDS file: ..//output_EXPANSE_a2_dlpfc/libd_chr8-chr8_all-libd_chr8-chr8_all-381483-401482-dynamic-1corestotal-allcorepera-20240423-195442.rds"
[1] "File number: 455"
[1] "Loaded RDS file: ..//output_EXPANSE_a2_dlpfc/libd_chr8-chr8_all-libd_chr8-chr8_all-401483-421482-dynamic-1corestotal-allcorepera-20240423-195743.rds"
[1] "File number: 456"
[1] "Loaded RDS file: ..//output_EXPANSE_a2_dlpfc/libd_chr8-chr8_all-libd_chr8-chr8_all-421483-441482-dynamic-1corestotal-allcorepera-20240423-200044.rds"
[1] "File number: 457"
[1] "Loaded RDS file: ..//output_EXPANSE_a2_dlpfc/libd_chr8-chr8_all-libd_chr8-chr8_all-441483-461482-dynamic-1corestotal-allcorepera-20240423-200346.rds"
[1] "File number: 458"
[1] "Loaded RDS file: ..//output_EXPANSE_a2_dlpfc/libd_chr8-chr8_all-libd_chr8-chr8_all-461483-481482-dynamic-1corestotal-allcorepera-20240423-200647.rds"
[1] "File number: 459"
[1] "Loaded RDS file: ..//output_EXPANSE_a2_dlpfc/libd_chr8-chr8_all-libd_chr8-chr8_all-481483-501482-dynamic-1corestotal-allcorepera-20240423-200948.rds"
[1] "File number: 460"
[1] "Loaded RDS file: ..//output_EXPANSE_a2_dlpfc/libd_chr8-chr8_all-libd_chr8-chr8_all-501483-521482-dynamic-1corestotal-allcorepera-20240423-201249.rds"
[1] "File number: 461"
[1] "Loaded RDS file: ..//output_EXPANSE_a2_dlpfc/libd_chr8-chr8_all-libd_chr8-chr8_all-521483-541482-dynamic-1corestotal-allcorepera-20240423-201550.rds"
[1] "File number: 462"
[1] "Loaded RDS file: ..//output_EXPANSE_a2_dlpfc/libd_chr8-chr8_all-libd_chr8-chr8_all-541483-561482-dynamic-1corestotal-allcorepera-20240423-201852.rds"
[1] "File number: 463"
[1] "Loaded RDS file: ..//output_EXPANSE_a2_dlpfc/libd_chr8-chr8_all-libd_chr8-chr8_all-561483-581482-dynamic-1corestotal-allcorepera-20240423-202153.rds"
[1] "File number: 464"
[1] "Loaded RDS file: ..//output_EXPANSE_a2_dlpfc/libd_chr8-chr8_all-libd_chr8-chr8_all-581483-601482-dynamic-1corestotal-allcorepera-20240423-202454.rds"
[1] "File number: 465"
[1] "Loaded RDS file: ..//output_EXPANSE_a2_dlpfc/libd_chr8-chr8_all-libd_chr8-chr8_all-601483-621482-dynamic-1corestotal-allcorepera-20240423-202755.rds"
[1] "File number: 466"
[1] "Loaded RDS file: ..//output_EXPANSE_a2_dlpfc/libd_chr8-chr8_all-libd_chr8-chr8_all-621483-641482-dynamic-1corestotal-allcorepera-20240423-203056.rds"
[1] "File number: 467"
[1] "Loaded RDS file: ..//output_EXPANSE_a2_dlpfc/libd_chr8-chr8_all-libd_chr8-chr8_all-641483-661482-dynamic-1corestotal-allcorepera-20240423-203357.rds"
[1] "File number: 468"
[1] "Loaded RDS file: ..//output_EXPANSE_a2_dlpfc/libd_chr8-chr8_all-libd_chr8-chr8_all-661483-681482-dynamic-1corestotal-allcorepera-20240423-203659.rds"
[1] "File number: 469"
[1] "Loaded RDS file: ..//output_EXPANSE_a2_dlpfc/libd_chr8-chr8_all-libd_chr8-chr8_all-681483-701482-dynamic-1corestotal-allcorepera-20240423-204000.rds"
[1] "File number: 470"
[1] "Loaded RDS file: ..//output_EXPANSE_a2_dlpfc/libd_chr8-chr8_all-libd_chr8-chr8_all-701483-721482-dynamic-1corestotal-allcorepera-20240423-204304.rds"
[1] "File number: 471"
[1] "Loaded RDS file: ..//output_EXPANSE_a2_dlpfc/libd_chr8-chr8_all-libd_chr8-chr8_all-721483-741482-dynamic-1corestotal-allcorepera-20240423-204605.rds"
[1] "File number: 472"
[1] "Loaded RDS file: ..//output_EXPANSE_a2_dlpfc/libd_chr8-chr8_all-libd_chr8-chr8_all-741483-761482-dynamic-1corestotal-allcorepera-20240423-204907.rds"
[1] "File number: 473"
[1] "Loaded RDS file: ..//output_EXPANSE_a2_dlpfc/libd_chr8-chr8_all-libd_chr8-chr8_all-761483-781482-dynamic-1corestotal-allcorepera-20240423-205208.rds"
[1] "File number: 474"
[1] "Loaded RDS file: ..//output_EXPANSE_a2_dlpfc/libd_chr8-chr8_all-libd_chr8-chr8_all-781483-801482-dynamic-1corestotal-allcorepera-20240423-205509.rds"
[1] "File number: 475"
[1] "Loaded RDS file: ..//output_EXPANSE_a2_dlpfc/libd_chr8-chr8_all-libd_chr8-chr8_all-801483-821482-dynamic-1corestotal-allcorepera-20240423-205810.rds"
[1] "File number: 476"
[1] "Loaded RDS file: ..//output_EXPANSE_a2_dlpfc/libd_chr8-chr8_all-libd_chr8-chr8_all-821483-841482-dynamic-1corestotal-allcorepera-20240423-210111.rds"
[1] "File number: 477"
[1] "Loaded RDS file: ..//output_EXPANSE_a2_dlpfc/libd_chr8-chr8_all-libd_chr8-chr8_all-841483-861482-dynamic-1corestotal-allcorepera-20240423-210413.rds"
[1] "File number: 478"
[1] "Loaded RDS file: ..//output_EXPANSE_a2_dlpfc/libd_chr8-chr8_all-libd_chr8-chr8_all-861483-881482-dynamic-1corestotal-allcorepera-20240423-210715.rds"
[1] "File number: 479"
[1] "Loaded RDS file: ..//output_EXPANSE_a2_dlpfc/libd_chr8-chr8_all-libd_chr8-chr8_all-881483-901482-dynamic-1corestotal-allcorepera-20240423-211016.rds"
[1] "File number: 480"
[1] "Loaded RDS file: ..//output_EXPANSE_a2_dlpfc/libd_chr8-chr8_all-libd_chr8-chr8_all-901483-921482-dynamic-1corestotal-allcorepera-20240423-211317.rds"
[1] "File number: 481"
[1] "Loaded RDS file: ..//output_EXPANSE_a2_dlpfc/libd_chr8-chr8_all-libd_chr8-chr8_all-921483-941482-dynamic-1corestotal-allcorepera-20240423-211618.rds"
[1] "File number: 482"
[1] "Loaded RDS file: ..//output_EXPANSE_a2_dlpfc/libd_chr8-chr8_all-libd_chr8-chr8_all-941483-961482-dynamic-1corestotal-allcorepera-20240423-211919.rds"
[1] "File number: 483"
[1] "Loaded RDS file: ..//output_EXPANSE_a2_dlpfc/libd_chr8-chr8_all-libd_chr8-chr8_all-961483-981482-dynamic-1corestotal-allcorepera-20240423-212220.rds"
[1] "File number: 484"
[1] "Loaded RDS file: ..//output_EXPANSE_a2_dlpfc/libd_chr8-chr8_all-libd_chr8-chr8_all-981483-1001482-dynamic-1corestotal-allcorepera-20240423-212521.rds"
[1] "File number: 485"
[1] "Loaded RDS file: ..//output_EXPANSE_a2_dlpfc/libd_chr8-chr8_all-libd_chr8-chr8_all-1001483-1021482-dynamic-1corestotal-allcorepera-20240423-212823.rds"
[1] "File number: 486"
[1] "Loaded RDS file: ..//output_EXPANSE_a2_dlpfc/libd_chr8-chr8_all-libd_chr8-chr8_all-1021483-1041482-dynamic-1corestotal-allcorepera-20240423-213124.rds"
[1] "File number: 487"
[1] "Loaded RDS file: ..//output_EXPANSE_a2_dlpfc/libd_chr8-chr8_all-libd_chr8-chr8_all-1041483-1061482-dynamic-1corestotal-allcorepera-20240423-213426.rds"
[1] "File number: 488"
[1] "Loaded RDS file: ..//output_EXPANSE_a2_dlpfc/libd_chr8-chr8_all-libd_chr8-chr8_all-1061483-1081482-dynamic-1corestotal-allcorepera-20240423-213727.rds"
[1] "File number: 489"
[1] "Loaded RDS file: ..//output_EXPANSE_a2_dlpfc/libd_chr8-chr8_all-libd_chr8-chr8_all-1081483-1101482-dynamic-1corestotal-allcorepera-20240423-214029.rds"
[1] "File number: 490"
[1] "Loaded RDS file: ..//output_EXPANSE_a2_dlpfc/libd_chr8-chr8_all-libd_chr8-chr8_all-1101483-1121482-dynamic-1corestotal-allcorepera-20240423-214330.rds"
[1] "File number: 491"
[1] "Loaded RDS file: ..//output_EXPANSE_a2_dlpfc/libd_chr8-chr8_all-libd_chr8-chr8_all-1121483-1141482-dynamic-1corestotal-allcorepera-20240423-214631.rds"
[1] "File number: 492"
[1] "Loaded RDS file: ..//output_EXPANSE_a2_dlpfc/libd_chr8-chr8_all-libd_chr8-chr8_all-1141483-1161482-dynamic-1corestotal-allcorepera-20240423-214932.rds"
[1] "File number: 493"
[1] "Loaded RDS file: ..//output_EXPANSE_a2_dlpfc/libd_chr8-chr8_all-libd_chr8-chr8_all-1161483-1181482-dynamic-1corestotal-allcorepera-20240423-215233.rds"
[1] "File number: 494"
[1] "Loaded RDS file: ..//output_EXPANSE_a2_dlpfc/libd_chr8-chr8_all-libd_chr8-chr8_all-1181483-1201482-dynamic-1corestotal-allcorepera-20240423-215535.rds"
[1] "File number: 495"
[1] "Loaded RDS file: ..//output_EXPANSE_a2_dlpfc/libd_chr8-chr8_all-libd_chr8-chr8_all-1201483-1221482-dynamic-1corestotal-allcorepera-20240423-215837.rds"
[1] "File number: 496"
[1] "Loaded RDS file: ..//output_EXPANSE_a2_dlpfc/libd_chr8-chr8_all-libd_chr8-chr8_all-1221483-1225856-dynamic-1corestotal-allcorepera-20240423-220139.rds"
[1] "File number: 497"
[1] "Loaded RDS file: ..//output_EXPANSE_a2_hippo/libd_chr8-chr8_all-libd_chr8-chr8_all-1483-21482-dynamic-1corestotal-allcorepera-20240424-041941.rds"
[1] "File number: 498"
[1] "Loaded RDS file: ..//output_EXPANSE_a2_hippo/libd_chr8-chr8_all-libd_chr8-chr8_all-21483-41482-dynamic-1corestotal-allcorepera-20240424-042242.rds"
[1] "File number: 499"
[1] "Loaded RDS file: ..//output_EXPANSE_a2_hippo/libd_chr8-chr8_all-libd_chr8-chr8_all-41483-61482-dynamic-1corestotal-allcorepera-20240424-042543.rds"
[1] "File number: 500"
[1] "Loaded RDS file: ..//output_EXPANSE_a2_hippo/libd_chr8-chr8_all-libd_chr8-chr8_all-61483-81482-dynamic-1corestotal-allcorepera-20240424-042844.rds"
[1] "File number: 501"
[1] "Loaded RDS file: ..//output_EXPANSE_a2_hippo/libd_chr8-chr8_all-libd_chr8-chr8_all-81483-101482-dynamic-1corestotal-allcorepera-20240424-043145.rds"
[1] "File number: 502"
[1] "Loaded RDS file: ..//output_EXPANSE_a2_hippo/libd_chr8-chr8_all-libd_chr8-chr8_all-101483-121482-dynamic-1corestotal-allcorepera-20240424-043447.rds"
[1] "File number: 503"
[1] "Loaded RDS file: ..//output_EXPANSE_a2_hippo/libd_chr8-chr8_all-libd_chr8-chr8_all-121483-141482-dynamic-1corestotal-allcorepera-20240424-043748.rds"
[1] "File number: 504"
[1] "Loaded RDS file: ..//output_EXPANSE_a2_hippo/libd_chr8-chr8_all-libd_chr8-chr8_all-141483-161482-dynamic-1corestotal-allcorepera-20240424-044049.rds"
[1] "File number: 505"
[1] "Loaded RDS file: ..//output_EXPANSE_a2_hippo/libd_chr8-chr8_all-libd_chr8-chr8_all-161483-181482-dynamic-1corestotal-allcorepera-20240424-044350.rds"
[1] "File number: 506"
[1] "Loaded RDS file: ..//output_EXPANSE_a2_hippo/libd_chr8-chr8_all-libd_chr8-chr8_all-181483-201482-dynamic-1corestotal-allcorepera-20240424-044651.rds"
[1] "File number: 507"
[1] "Loaded RDS file: ..//output_EXPANSE_a2_hippo/libd_chr8-chr8_all-libd_chr8-chr8_all-201483-221482-dynamic-1corestotal-allcorepera-20240424-044952.rds"
[1] "File number: 508"
[1] "Loaded RDS file: ..//output_EXPANSE_a2_hippo/libd_chr8-chr8_all-libd_chr8-chr8_all-221483-241482-dynamic-1corestotal-allcorepera-20240424-045254.rds"
[1] "File number: 509"
[1] "Loaded RDS file: ..//output_EXPANSE_a2_hippo/libd_chr8-chr8_all-libd_chr8-chr8_all-241483-261482-dynamic-1corestotal-allcorepera-20240424-045555.rds"
[1] "File number: 510"
[1] "Loaded RDS file: ..//output_EXPANSE_a2_hippo/libd_chr8-chr8_all-libd_chr8-chr8_all-261483-281482-dynamic-1corestotal-allcorepera-20240424-045856.rds"
[1] "File number: 511"
[1] "Loaded RDS file: ..//output_EXPANSE_a2_hippo/libd_chr8-chr8_all-libd_chr8-chr8_all-281483-301482-dynamic-1corestotal-allcorepera-20240424-050157.rds"
[1] "File number: 512"
[1] "Loaded RDS file: ..//output_EXPANSE_a2_hippo/libd_chr8-chr8_all-libd_chr8-chr8_all-301483-321482-dynamic-1corestotal-allcorepera-20240424-050459.rds"
[1] "File number: 513"
[1] "Loaded RDS file: ..//output_EXPANSE_a2_hippo/libd_chr8-chr8_all-libd_chr8-chr8_all-321483-341482-dynamic-1corestotal-allcorepera-20240424-050800.rds"
[1] "File number: 514"
[1] "Loaded RDS file: ..//output_EXPANSE_a2_hippo/libd_chr8-chr8_all-libd_chr8-chr8_all-341483-361482-dynamic-1corestotal-allcorepera-20240424-051106.rds"
[1] "File number: 515"
[1] "Loaded RDS file: ..//output_EXPANSE_a2_hippo/libd_chr8-chr8_all-libd_chr8-chr8_all-361483-381482-dynamic-1corestotal-allcorepera-20240424-051408.rds"
[1] "File number: 516"
[1] "Loaded RDS file: ..//output_EXPANSE_a2_hippo/libd_chr8-chr8_all-libd_chr8-chr8_all-381483-401482-dynamic-1corestotal-allcorepera-20240424-051709.rds"
[1] "File number: 517"
[1] "Loaded RDS file: ..//output_EXPANSE_a2_hippo/libd_chr8-chr8_all-libd_chr8-chr8_all-401483-421482-dynamic-1corestotal-allcorepera-20240424-052010.rds"
[1] "File number: 518"
[1] "Loaded RDS file: ..//output_EXPANSE_a2_hippo/libd_chr8-chr8_all-libd_chr8-chr8_all-421483-441482-dynamic-1corestotal-allcorepera-20240424-052311.rds"
[1] "File number: 519"
[1] "Loaded RDS file: ..//output_EXPANSE_a2_hippo/libd_chr8-chr8_all-libd_chr8-chr8_all-441483-461482-dynamic-1corestotal-allcorepera-20240424-052612.rds"
[1] "File number: 520"
[1] "Loaded RDS file: ..//output_EXPANSE_a2_hippo/libd_chr8-chr8_all-libd_chr8-chr8_all-461483-481482-dynamic-1corestotal-allcorepera-20240424-052913.rds"
[1] "File number: 521"
[1] "Loaded RDS file: ..//output_EXPANSE_a2_hippo/libd_chr8-chr8_all-libd_chr8-chr8_all-481483-501482-dynamic-1corestotal-allcorepera-20240424-053215.rds"
[1] "File number: 522"
[1] "Loaded RDS file: ..//output_EXPANSE_a2_hippo/libd_chr8-chr8_all-libd_chr8-chr8_all-501483-521482-dynamic-1corestotal-allcorepera-20240424-053516.rds"
[1] "File number: 523"
[1] "Loaded RDS file: ..//output_EXPANSE_a2_hippo/libd_chr8-chr8_all-libd_chr8-chr8_all-521483-541482-dynamic-1corestotal-allcorepera-20240424-053817.rds"
[1] "File number: 524"
[1] "Loaded RDS file: ..//output_EXPANSE_a2_hippo/libd_chr8-chr8_all-libd_chr8-chr8_all-541483-561482-dynamic-1corestotal-allcorepera-20240424-054118.rds"
[1] "File number: 525"
[1] "Loaded RDS file: ..//output_EXPANSE_a2_hippo/libd_chr8-chr8_all-libd_chr8-chr8_all-561483-581482-dynamic-1corestotal-allcorepera-20240424-054419.rds"
[1] "File number: 526"
[1] "Loaded RDS file: ..//output_EXPANSE_a2_hippo/libd_chr8-chr8_all-libd_chr8-chr8_all-581483-601482-dynamic-1corestotal-allcorepera-20240424-054721.rds"
[1] "File number: 527"
[1] "Loaded RDS file: ..//output_EXPANSE_a2_hippo/libd_chr8-chr8_all-libd_chr8-chr8_all-601483-621482-dynamic-1corestotal-allcorepera-20240424-055022.rds"
[1] "File number: 528"
[1] "Loaded RDS file: ..//output_EXPANSE_a2_hippo/libd_chr8-chr8_all-libd_chr8-chr8_all-621483-641482-dynamic-1corestotal-allcorepera-20240424-055323.rds"
[1] "File number: 529"
[1] "Loaded RDS file: ..//output_EXPANSE_a2_hippo/libd_chr8-chr8_all-libd_chr8-chr8_all-641483-661482-dynamic-1corestotal-allcorepera-20240424-055624.rds"
[1] "File number: 530"
[1] "Loaded RDS file: ..//output_EXPANSE_a2_hippo/libd_chr8-chr8_all-libd_chr8-chr8_all-661483-681482-dynamic-1corestotal-allcorepera-20240424-055925.rds"
[1] "File number: 531"
[1] "Loaded RDS file: ..//output_EXPANSE_a2_hippo/libd_chr8-chr8_all-libd_chr8-chr8_all-681483-701482-dynamic-1corestotal-allcorepera-20240424-060226.rds"
[1] "File number: 532"
[1] "Loaded RDS file: ..//output_EXPANSE_a2_hippo/libd_chr8-chr8_all-libd_chr8-chr8_all-701483-721482-dynamic-1corestotal-allcorepera-20240424-060528.rds"
[1] "File number: 533"
[1] "Loaded RDS file: ..//output_EXPANSE_a2_hippo/libd_chr8-chr8_all-libd_chr8-chr8_all-721483-741482-dynamic-1corestotal-allcorepera-20240424-060829.rds"
[1] "File number: 534"
[1] "Loaded RDS file: ..//output_EXPANSE_a2_hippo/libd_chr8-chr8_all-libd_chr8-chr8_all-741483-761482-dynamic-1corestotal-allcorepera-20240424-061130.rds"
[1] "File number: 535"
[1] "Loaded RDS file: ..//output_EXPANSE_a2_hippo/libd_chr8-chr8_all-libd_chr8-chr8_all-761483-781482-dynamic-1corestotal-allcorepera-20240424-061431.rds"
[1] "File number: 536"
[1] "Loaded RDS file: ..//output_EXPANSE_a2_hippo/libd_chr8-chr8_all-libd_chr8-chr8_all-781483-801482-dynamic-1corestotal-allcorepera-20240424-061732.rds"
[1] "File number: 537"
[1] "Loaded RDS file: ..//output_EXPANSE_a2_hippo/libd_chr8-chr8_all-libd_chr8-chr8_all-801483-821482-dynamic-1corestotal-allcorepera-20240424-062033.rds"
[1] "File number: 538"
[1] "Loaded RDS file: ..//output_EXPANSE_a2_hippo/libd_chr8-chr8_all-libd_chr8-chr8_all-821483-841482-dynamic-1corestotal-allcorepera-20240424-062334.rds"
[1] "File number: 539"
[1] "Loaded RDS file: ..//output_EXPANSE_a2_hippo/libd_chr8-chr8_all-libd_chr8-chr8_all-841483-861482-dynamic-1corestotal-allcorepera-20240424-062636.rds"
[1] "File number: 540"
[1] "Loaded RDS file: ..//output_EXPANSE_a2_hippo/libd_chr8-chr8_all-libd_chr8-chr8_all-861483-881482-dynamic-1corestotal-allcorepera-20240424-062940.rds"
[1] "File number: 541"
[1] "Loaded RDS file: ..//output_EXPANSE_a2_hippo/libd_chr8-chr8_all-libd_chr8-chr8_all-881483-901482-dynamic-1corestotal-allcorepera-20240424-063241.rds"
[1] "File number: 542"
[1] "Loaded RDS file: ..//output_EXPANSE_a2_hippo/libd_chr8-chr8_all-libd_chr8-chr8_all-901483-921482-dynamic-1corestotal-allcorepera-20240424-063542.rds"
[1] "File number: 543"
[1] "Loaded RDS file: ..//output_EXPANSE_a2_hippo/libd_chr8-chr8_all-libd_chr8-chr8_all-921483-941482-dynamic-1corestotal-allcorepera-20240424-063843.rds"
[1] "File number: 544"
[1] "Loaded RDS file: ..//output_EXPANSE_a2_hippo/libd_chr8-chr8_all-libd_chr8-chr8_all-941483-961482-dynamic-1corestotal-allcorepera-20240424-064144.rds"
[1] "File number: 545"
[1] "Loaded RDS file: ..//output_EXPANSE_a2_hippo/libd_chr8-chr8_all-libd_chr8-chr8_all-961483-981482-dynamic-1corestotal-allcorepera-20240424-064446.rds"
[1] "File number: 546"
[1] "Loaded RDS file: ..//output_EXPANSE_a2_hippo/libd_chr8-chr8_all-libd_chr8-chr8_all-981483-1001482-dynamic-1corestotal-allcorepera-20240424-064747.rds"
[1] "File number: 547"
[1] "Loaded RDS file: ..//output_EXPANSE_a2_hippo/libd_chr8-chr8_all-libd_chr8-chr8_all-1001483-1021482-dynamic-1corestotal-allcorepera-20240424-065056.rds"
[1] "File number: 548"
[1] "Loaded RDS file: ..//output_EXPANSE_a2_hippo/libd_chr8-chr8_all-libd_chr8-chr8_all-1021483-1041482-dynamic-1corestotal-allcorepera-20240424-065357.rds"
[1] "File number: 549"
[1] "Loaded RDS file: ..//output_EXPANSE_a2_hippo/libd_chr8-chr8_all-libd_chr8-chr8_all-1041483-1061482-dynamic-1corestotal-allcorepera-20240424-065658.rds"
[1] "File number: 550"
[1] "Loaded RDS file: ..//output_EXPANSE_a2_hippo/libd_chr8-chr8_all-libd_chr8-chr8_all-1061483-1081482-dynamic-1corestotal-allcorepera-20240424-065959.rds"
[1] "File number: 551"
[1] "Loaded RDS file: ..//output_EXPANSE_a2_hippo/libd_chr8-chr8_all-libd_chr8-chr8_all-1081483-1101482-dynamic-1corestotal-allcorepera-20240424-070300.rds"
[1] "File number: 552"
[1] "Loaded RDS file: ..//output_EXPANSE_a2_hippo/libd_chr8-chr8_all-libd_chr8-chr8_all-1101483-1121482-dynamic-1corestotal-allcorepera-20240424-070601.rds"
[1] "File number: 553"
[1] "Loaded RDS file: ..//output_EXPANSE_a2_hippo/libd_chr8-chr8_all-libd_chr8-chr8_all-1121483-1141482-dynamic-1corestotal-allcorepera-20240424-070910.rds"
[1] "File number: 554"
[1] "Loaded RDS file: ..//output_EXPANSE_a2_hippo/libd_chr8-chr8_all-libd_chr8-chr8_all-1141483-1161482-dynamic-1corestotal-allcorepera-20240424-071211.rds"
[1] "File number: 555"
[1] "Loaded RDS file: ..//output_EXPANSE_a2_hippo/libd_chr8-chr8_all-libd_chr8-chr8_all-1161483-1181482-dynamic-1corestotal-allcorepera-20240424-071512.rds"
[1] "File number: 556"
[1] "Loaded RDS file: ..//output_EXPANSE_a2_hippo/libd_chr8-chr8_all-libd_chr8-chr8_all-1181483-1201482-dynamic-1corestotal-allcorepera-20240424-071813.rds"
[1] "File number: 557"
[1] "Loaded RDS file: ..//output_EXPANSE_a2_hippo/libd_chr8-chr8_all-libd_chr8-chr8_all-1201483-1221482-dynamic-1corestotal-allcorepera-20240424-072114.rds"
[1] "File number: 558"
[1] "Loaded RDS file: ..//output_EXPANSE_a2_hippo/libd_chr8-chr8_all-libd_chr8-chr8_all-1221483-1225856-dynamic-1corestotal-allcorepera-20240424-072415.rds"
