[1] "Starting genome file processing"
[1] "Processing genome file index: 15"
[1] "Loaded SNP data"
[1] "Files for this Chr:"
[1] 351
[1] "File number: 1"
[1] "Loaded RDS file: ..//output_EXPANSE_a2_caud/libd_chr15-chr15_AA-libd_chr15-chr15_AA-11250-31249-dynamic-1corestotal-allcorepera-20240504-003955.rds"
[1] "File number: 2"
[1] "Loaded RDS file: ..//output_EXPANSE_a2_caud/libd_chr15-chr15_AA-libd_chr15-chr15_AA-31250-51249-dynamic-1corestotal-allcorepera-20240504-004056.rds"
[1] "File number: 3"
[1] "Loaded RDS file: ..//output_EXPANSE_a2_caud/libd_chr15-chr15_AA-libd_chr15-chr15_AA-51250-71249-dynamic-1corestotal-allcorepera-20240504-004157.rds"
[1] "File number: 4"
[1] "Loaded RDS file: ..//output_EXPANSE_a2_caud/libd_chr15-chr15_AA-libd_chr15-chr15_AA-71250-91249-dynamic-1corestotal-allcorepera-20240504-004258.rds"
[1] "File number: 5"
[1] "Loaded RDS file: ..//output_EXPANSE_a2_caud/libd_chr15-chr15_AA-libd_chr15-chr15_AA-91250-111249-dynamic-1corestotal-allcorepera-20240504-004359.rds"
[1] "File number: 6"
[1] "Loaded RDS file: ..//output_EXPANSE_a2_caud/libd_chr15-chr15_AA-libd_chr15-chr15_AA-111250-131249-dynamic-1corestotal-allcorepera-20240504-004500.rds"
[1] "File number: 7"
[1] "Loaded RDS file: ..//output_EXPANSE_a2_caud/libd_chr15-chr15_AA-libd_chr15-chr15_AA-131250-151249-dynamic-1corestotal-allcorepera-20240504-004601.rds"
[1] "File number: 8"
[1] "Loaded RDS file: ..//output_EXPANSE_a2_caud/libd_chr15-chr15_AA-libd_chr15-chr15_AA-151250-171249-dynamic-1corestotal-allcorepera-20240504-004702.rds"
[1] "File number: 9"
[1] "Loaded RDS file: ..//output_EXPANSE_a2_caud/libd_chr15-chr15_AA-libd_chr15-chr15_AA-171250-191249-dynamic-1corestotal-allcorepera-20240504-004803.rds"
[1] "File number: 10"
[1] "Loaded RDS file: ..//output_EXPANSE_a2_caud/libd_chr15-chr15_AA-libd_chr15-chr15_AA-191250-211249-dynamic-1corestotal-allcorepera-20240504-004904.rds"
[1] "File number: 11"
[1] "Loaded RDS file: ..//output_EXPANSE_a2_caud/libd_chr15-chr15_AA-libd_chr15-chr15_AA-211250-231249-dynamic-1corestotal-allcorepera-20240504-005006.rds"
[1] "File number: 12"
[1] "Loaded RDS file: ..//output_EXPANSE_a2_caud/libd_chr15-chr15_AA-libd_chr15-chr15_AA-231250-251249-dynamic-1corestotal-allcorepera-20240504-005107.rds"
[1] "File number: 13"
[1] "Loaded RDS file: ..//output_EXPANSE_a2_caud/libd_chr15-chr15_AA-libd_chr15-chr15_AA-251250-271249-dynamic-1corestotal-allcorepera-20240504-005208.rds"
[1] "File number: 14"
[1] "Loaded RDS file: ..//output_EXPANSE_a2_caud/libd_chr15-chr15_AA-libd_chr15-chr15_AA-271250-291249-dynamic-1corestotal-allcorepera-20240504-005309.rds"
[1] "File number: 15"
[1] "Loaded RDS file: ..//output_EXPANSE_a2_caud/libd_chr15-chr15_AA-libd_chr15-chr15_AA-291250-311249-dynamic-1corestotal-allcorepera-20240504-005410.rds"
[1] "File number: 16"
[1] "Loaded RDS file: ..//output_EXPANSE_a2_caud/libd_chr15-chr15_AA-libd_chr15-chr15_AA-311250-331249-dynamic-1corestotal-allcorepera-20240504-005511.rds"
[1] "File number: 17"
[1] "Loaded RDS file: ..//output_EXPANSE_a2_caud/libd_chr15-chr15_AA-libd_chr15-chr15_AA-331250-351249-dynamic-1corestotal-allcorepera-20240504-005612.rds"
[1] "File number: 18"
[1] "Loaded RDS file: ..//output_EXPANSE_a2_caud/libd_chr15-chr15_AA-libd_chr15-chr15_AA-351250-371249-dynamic-1corestotal-allcorepera-20240504-005713.rds"
[1] "File number: 19"
[1] "Loaded RDS file: ..//output_EXPANSE_a2_caud/libd_chr15-chr15_AA-libd_chr15-chr15_AA-371250-391249-dynamic-1corestotal-allcorepera-20240504-005814.rds"
[1] "File number: 20"
[1] "Loaded RDS file: ..//output_EXPANSE_a2_caud/libd_chr15-chr15_AA-libd_chr15-chr15_AA-391250-411249-dynamic-1corestotal-allcorepera-20240504-005916.rds"
[1] "File number: 21"
[1] "Loaded RDS file: ..//output_EXPANSE_a2_caud/libd_chr15-chr15_AA-libd_chr15-chr15_AA-411250-431249-dynamic-1corestotal-allcorepera-20240504-010017.rds"
[1] "File number: 22"
[1] "Loaded RDS file: ..//output_EXPANSE_a2_caud/libd_chr15-chr15_AA-libd_chr15-chr15_AA-431250-451249-dynamic-1corestotal-allcorepera-20240504-010118.rds"
[1] "File number: 23"
[1] "Loaded RDS file: ..//output_EXPANSE_a2_caud/libd_chr15-chr15_AA-libd_chr15-chr15_AA-451250-471249-dynamic-1corestotal-allcorepera-20240504-010219.rds"
[1] "File number: 24"
[1] "Loaded RDS file: ..//output_EXPANSE_a2_caud/libd_chr15-chr15_AA-libd_chr15-chr15_AA-471250-491249-dynamic-1corestotal-allcorepera-20240504-010320.rds"
[1] "File number: 25"
[1] "Loaded RDS file: ..//output_EXPANSE_a2_caud/libd_chr15-chr15_AA-libd_chr15-chr15_AA-491250-511249-dynamic-1corestotal-allcorepera-20240504-010421.rds"
[1] "File number: 26"
[1] "Loaded RDS file: ..//output_EXPANSE_a2_caud/libd_chr15-chr15_AA-libd_chr15-chr15_AA-511250-531249-dynamic-1corestotal-allcorepera-20240504-010522.rds"
[1] "File number: 27"
[1] "Loaded RDS file: ..//output_EXPANSE_a2_caud/libd_chr15-chr15_AA-libd_chr15-chr15_AA-531250-551249-dynamic-1corestotal-allcorepera-20240504-010623.rds"
[1] "File number: 28"
[1] "Loaded RDS file: ..//output_EXPANSE_a2_caud/libd_chr15-chr15_AA-libd_chr15-chr15_AA-551250-571249-dynamic-1corestotal-allcorepera-20240504-010724.rds"
[1] "File number: 29"
[1] "Loaded RDS file: ..//output_EXPANSE_a2_caud/libd_chr15-chr15_AA-libd_chr15-chr15_AA-571250-591249-dynamic-1corestotal-allcorepera-20240504-010825.rds"
[1] "File number: 30"
[1] "Loaded RDS file: ..//output_EXPANSE_a2_caud/libd_chr15-chr15_AA-libd_chr15-chr15_AA-591250-611249-dynamic-1corestotal-allcorepera-20240504-010927.rds"
[1] "File number: 31"
[1] "Loaded RDS file: ..//output_EXPANSE_a2_caud/libd_chr15-chr15_AA-libd_chr15-chr15_AA-611250-631249-dynamic-1corestotal-allcorepera-20240504-011028.rds"
[1] "File number: 32"
[1] "Loaded RDS file: ..//output_EXPANSE_a2_caud/libd_chr15-chr15_AA-libd_chr15-chr15_AA-631250-651249-dynamic-1corestotal-allcorepera-20240504-011129.rds"
[1] "File number: 33"
[1] "Loaded RDS file: ..//output_EXPANSE_a2_caud/libd_chr15-chr15_AA-libd_chr15-chr15_AA-651250-671249-dynamic-1corestotal-allcorepera-20240504-011230.rds"
[1] "File number: 34"
[1] "Loaded RDS file: ..//output_EXPANSE_a2_caud/libd_chr15-chr15_AA-libd_chr15-chr15_AA-671250-691249-dynamic-1corestotal-allcorepera-20240504-011331.rds"
[1] "File number: 35"
[1] "Loaded RDS file: ..//output_EXPANSE_a2_caud/libd_chr15-chr15_AA-libd_chr15-chr15_AA-691250-711249-dynamic-1corestotal-allcorepera-20240504-011432.rds"
[1] "File number: 36"
[1] "Loaded RDS file: ..//output_EXPANSE_a2_caud/libd_chr15-chr15_AA-libd_chr15-chr15_AA-711250-731249-dynamic-1corestotal-allcorepera-20240504-011533.rds"
[1] "File number: 37"
[1] "Loaded RDS file: ..//output_EXPANSE_a2_caud/libd_chr15-chr15_AA-libd_chr15-chr15_AA-731250-751249-dynamic-1corestotal-allcorepera-20240504-011634.rds"
[1] "File number: 38"
[1] "Loaded RDS file: ..//output_EXPANSE_a2_caud/libd_chr15-chr15_AA-libd_chr15-chr15_AA-751250-771249-dynamic-1corestotal-allcorepera-20240504-011735.rds"
[1] "File number: 39"
[1] "Loaded RDS file: ..//output_EXPANSE_a2_caud/libd_chr15-chr15_AA-libd_chr15-chr15_AA-771250-786237-dynamic-1corestotal-allcorepera-20240504-011836.rds"
[1] "File number: 40"
[1] "Loaded RDS file: ..//output_EXPANSE_a2_dlpfc/libd_chr15-chr15_AA-libd_chr15-chr15_AA-11250-31249-dynamic-1corestotal-allcorepera-20240504-023903.rds"
[1] "File number: 41"
[1] "Loaded RDS file: ..//output_EXPANSE_a2_dlpfc/libd_chr15-chr15_AA-libd_chr15-chr15_AA-31250-51249-dynamic-1corestotal-allcorepera-20240504-024004.rds"
[1] "File number: 42"
[1] "Loaded RDS file: ..//output_EXPANSE_a2_dlpfc/libd_chr15-chr15_AA-libd_chr15-chr15_AA-51250-71249-dynamic-1corestotal-allcorepera-20240504-024105.rds"
[1] "File number: 43"
[1] "Loaded RDS file: ..//output_EXPANSE_a2_dlpfc/libd_chr15-chr15_AA-libd_chr15-chr15_AA-71250-91249-dynamic-1corestotal-allcorepera-20240504-024206.rds"
[1] "File number: 44"
[1] "Loaded RDS file: ..//output_EXPANSE_a2_dlpfc/libd_chr15-chr15_AA-libd_chr15-chr15_AA-91250-111249-dynamic-1corestotal-allcorepera-20240504-024307.rds"
[1] "File number: 45"
[1] "Loaded RDS file: ..//output_EXPANSE_a2_dlpfc/libd_chr15-chr15_AA-libd_chr15-chr15_AA-111250-131249-dynamic-1corestotal-allcorepera-20240504-024408.rds"
[1] "File number: 46"
[1] "Loaded RDS file: ..//output_EXPANSE_a2_dlpfc/libd_chr15-chr15_AA-libd_chr15-chr15_AA-131250-151249-dynamic-1corestotal-allcorepera-20240504-024510.rds"
[1] "File number: 47"
[1] "Loaded RDS file: ..//output_EXPANSE_a2_dlpfc/libd_chr15-chr15_AA-libd_chr15-chr15_AA-151250-171249-dynamic-1corestotal-allcorepera-20240504-024611.rds"
[1] "File number: 48"
[1] "Loaded RDS file: ..//output_EXPANSE_a2_dlpfc/libd_chr15-chr15_AA-libd_chr15-chr15_AA-171250-191249-dynamic-1corestotal-allcorepera-20240504-024712.rds"
[1] "File number: 49"
[1] "Loaded RDS file: ..//output_EXPANSE_a2_dlpfc/libd_chr15-chr15_AA-libd_chr15-chr15_AA-191250-211249-dynamic-1corestotal-allcorepera-20240504-024813.rds"
[1] "File number: 50"
[1] "Loaded RDS file: ..//output_EXPANSE_a2_dlpfc/libd_chr15-chr15_AA-libd_chr15-chr15_AA-211250-231249-dynamic-1corestotal-allcorepera-20240504-024914.rds"
[1] "File number: 51"
[1] "Loaded RDS file: ..//output_EXPANSE_a2_dlpfc/libd_chr15-chr15_AA-libd_chr15-chr15_AA-231250-251249-dynamic-1corestotal-allcorepera-20240504-025015.rds"
[1] "File number: 52"
[1] "Loaded RDS file: ..//output_EXPANSE_a2_dlpfc/libd_chr15-chr15_AA-libd_chr15-chr15_AA-251250-271249-dynamic-1corestotal-allcorepera-20240504-025116.rds"
[1] "File number: 53"
[1] "Loaded RDS file: ..//output_EXPANSE_a2_dlpfc/libd_chr15-chr15_AA-libd_chr15-chr15_AA-271250-291249-dynamic-1corestotal-allcorepera-20240504-025217.rds"
[1] "File number: 54"
[1] "Loaded RDS file: ..//output_EXPANSE_a2_dlpfc/libd_chr15-chr15_AA-libd_chr15-chr15_AA-291250-311249-dynamic-1corestotal-allcorepera-20240504-025318.rds"
[1] "File number: 55"
[1] "Loaded RDS file: ..//output_EXPANSE_a2_dlpfc/libd_chr15-chr15_AA-libd_chr15-chr15_AA-311250-331249-dynamic-1corestotal-allcorepera-20240504-025420.rds"
[1] "File number: 56"
[1] "Loaded RDS file: ..//output_EXPANSE_a2_dlpfc/libd_chr15-chr15_AA-libd_chr15-chr15_AA-331250-351249-dynamic-1corestotal-allcorepera-20240504-025521.rds"
[1] "File number: 57"
[1] "Loaded RDS file: ..//output_EXPANSE_a2_dlpfc/libd_chr15-chr15_AA-libd_chr15-chr15_AA-351250-371249-dynamic-1corestotal-allcorepera-20240504-025622.rds"
[1] "File number: 58"
[1] "Loaded RDS file: ..//output_EXPANSE_a2_dlpfc/libd_chr15-chr15_AA-libd_chr15-chr15_AA-371250-391249-dynamic-1corestotal-allcorepera-20240504-025723.rds"
[1] "File number: 59"
[1] "Loaded RDS file: ..//output_EXPANSE_a2_dlpfc/libd_chr15-chr15_AA-libd_chr15-chr15_AA-391250-411249-dynamic-1corestotal-allcorepera-20240504-025824.rds"
[1] "File number: 60"
[1] "Loaded RDS file: ..//output_EXPANSE_a2_dlpfc/libd_chr15-chr15_AA-libd_chr15-chr15_AA-411250-431249-dynamic-1corestotal-allcorepera-20240504-025925.rds"
[1] "File number: 61"
[1] "Loaded RDS file: ..//output_EXPANSE_a2_dlpfc/libd_chr15-chr15_AA-libd_chr15-chr15_AA-431250-451249-dynamic-1corestotal-allcorepera-20240504-030026.rds"
[1] "File number: 62"
[1] "Loaded RDS file: ..//output_EXPANSE_a2_dlpfc/libd_chr15-chr15_AA-libd_chr15-chr15_AA-451250-471249-dynamic-1corestotal-allcorepera-20240504-030127.rds"
[1] "File number: 63"
[1] "Loaded RDS file: ..//output_EXPANSE_a2_dlpfc/libd_chr15-chr15_AA-libd_chr15-chr15_AA-471250-491249-dynamic-1corestotal-allcorepera-20240504-030228.rds"
[1] "File number: 64"
[1] "Loaded RDS file: ..//output_EXPANSE_a2_dlpfc/libd_chr15-chr15_AA-libd_chr15-chr15_AA-491250-511249-dynamic-1corestotal-allcorepera-20240504-030330.rds"
[1] "File number: 65"
[1] "Loaded RDS file: ..//output_EXPANSE_a2_dlpfc/libd_chr15-chr15_AA-libd_chr15-chr15_AA-511250-531249-dynamic-1corestotal-allcorepera-20240504-030431.rds"
[1] "File number: 66"
[1] "Loaded RDS file: ..//output_EXPANSE_a2_dlpfc/libd_chr15-chr15_AA-libd_chr15-chr15_AA-531250-551249-dynamic-1corestotal-allcorepera-20240504-030532.rds"
[1] "File number: 67"
[1] "Loaded RDS file: ..//output_EXPANSE_a2_dlpfc/libd_chr15-chr15_AA-libd_chr15-chr15_AA-551250-571249-dynamic-1corestotal-allcorepera-20240504-030633.rds"
[1] "File number: 68"
[1] "Loaded RDS file: ..//output_EXPANSE_a2_dlpfc/libd_chr15-chr15_AA-libd_chr15-chr15_AA-571250-591249-dynamic-1corestotal-allcorepera-20240504-030734.rds"
[1] "File number: 69"
[1] "Loaded RDS file: ..//output_EXPANSE_a2_dlpfc/libd_chr15-chr15_AA-libd_chr15-chr15_AA-591250-611249-dynamic-1corestotal-allcorepera-20240504-030835.rds"
[1] "File number: 70"
[1] "Loaded RDS file: ..//output_EXPANSE_a2_dlpfc/libd_chr15-chr15_AA-libd_chr15-chr15_AA-611250-631249-dynamic-1corestotal-allcorepera-20240504-030936.rds"
[1] "File number: 71"
[1] "Loaded RDS file: ..//output_EXPANSE_a2_dlpfc/libd_chr15-chr15_AA-libd_chr15-chr15_AA-631250-651249-dynamic-1corestotal-allcorepera-20240504-031037.rds"
[1] "File number: 72"
[1] "Loaded RDS file: ..//output_EXPANSE_a2_dlpfc/libd_chr15-chr15_AA-libd_chr15-chr15_AA-651250-671249-dynamic-1corestotal-allcorepera-20240504-031138.rds"
[1] "File number: 73"
[1] "Loaded RDS file: ..//output_EXPANSE_a2_dlpfc/libd_chr15-chr15_AA-libd_chr15-chr15_AA-671250-691249-dynamic-1corestotal-allcorepera-20240504-031239.rds"
[1] "File number: 74"
[1] "Loaded RDS file: ..//output_EXPANSE_a2_dlpfc/libd_chr15-chr15_AA-libd_chr15-chr15_AA-691250-711249-dynamic-1corestotal-allcorepera-20240504-031341.rds"
[1] "File number: 75"
[1] "Loaded RDS file: ..//output_EXPANSE_a2_dlpfc/libd_chr15-chr15_AA-libd_chr15-chr15_AA-711250-731249-dynamic-1corestotal-allcorepera-20240504-031442.rds"
[1] "File number: 76"
[1] "Loaded RDS file: ..//output_EXPANSE_a2_dlpfc/libd_chr15-chr15_AA-libd_chr15-chr15_AA-731250-751249-dynamic-1corestotal-allcorepera-20240504-031543.rds"
[1] "File number: 77"
[1] "Loaded RDS file: ..//output_EXPANSE_a2_dlpfc/libd_chr15-chr15_AA-libd_chr15-chr15_AA-751250-771249-dynamic-1corestotal-allcorepera-20240504-031644.rds"
[1] "File number: 78"
[1] "Loaded RDS file: ..//output_EXPANSE_a2_dlpfc/libd_chr15-chr15_AA-libd_chr15-chr15_AA-771250-786237-dynamic-1corestotal-allcorepera-20240504-031745.rds"
[1] "File number: 79"
[1] "Loaded RDS file: ..//output_EXPANSE_a2_hippo/libd_chr15-chr15_AA-libd_chr15-chr15_AA-11250-31249-dynamic-1corestotal-allcorepera-20240504-043812.rds"
[1] "File number: 80"
[1] "Loaded RDS file: ..//output_EXPANSE_a2_hippo/libd_chr15-chr15_AA-libd_chr15-chr15_AA-31250-51249-dynamic-1corestotal-allcorepera-20240504-043913.rds"
[1] "File number: 81"
[1] "Loaded RDS file: ..//output_EXPANSE_a2_hippo/libd_chr15-chr15_AA-libd_chr15-chr15_AA-51250-71249-dynamic-1corestotal-allcorepera-20240504-044014.rds"
[1] "File number: 82"
[1] "Loaded RDS file: ..//output_EXPANSE_a2_hippo/libd_chr15-chr15_AA-libd_chr15-chr15_AA-71250-91249-dynamic-1corestotal-allcorepera-20240504-044115.rds"
[1] "File number: 83"
[1] "Loaded RDS file: ..//output_EXPANSE_a2_hippo/libd_chr15-chr15_AA-libd_chr15-chr15_AA-91250-111249-dynamic-1corestotal-allcorepera-20240504-044216.rds"
[1] "File number: 84"
[1] "Loaded RDS file: ..//output_EXPANSE_a2_hippo/libd_chr15-chr15_AA-libd_chr15-chr15_AA-111250-131249-dynamic-1corestotal-allcorepera-20240504-044318.rds"
[1] "File number: 85"
[1] "Loaded RDS file: ..//output_EXPANSE_a2_hippo/libd_chr15-chr15_AA-libd_chr15-chr15_AA-131250-151249-dynamic-1corestotal-allcorepera-20240504-044419.rds"
[1] "File number: 86"
[1] "Loaded RDS file: ..//output_EXPANSE_a2_hippo/libd_chr15-chr15_AA-libd_chr15-chr15_AA-151250-171249-dynamic-1corestotal-allcorepera-20240504-044520.rds"
[1] "File number: 87"
[1] "Loaded RDS file: ..//output_EXPANSE_a2_hippo/libd_chr15-chr15_AA-libd_chr15-chr15_AA-171250-191249-dynamic-1corestotal-allcorepera-20240504-044621.rds"
[1] "File number: 88"
[1] "Loaded RDS file: ..//output_EXPANSE_a2_hippo/libd_chr15-chr15_AA-libd_chr15-chr15_AA-191250-211249-dynamic-1corestotal-allcorepera-20240504-044722.rds"
[1] "File number: 89"
[1] "Loaded RDS file: ..//output_EXPANSE_a2_hippo/libd_chr15-chr15_AA-libd_chr15-chr15_AA-211250-231249-dynamic-1corestotal-allcorepera-20240504-044823.rds"
[1] "File number: 90"
[1] "Loaded RDS file: ..//output_EXPANSE_a2_hippo/libd_chr15-chr15_AA-libd_chr15-chr15_AA-231250-251249-dynamic-1corestotal-allcorepera-20240504-044924.rds"
[1] "File number: 91"
[1] "Loaded RDS file: ..//output_EXPANSE_a2_hippo/libd_chr15-chr15_AA-libd_chr15-chr15_AA-251250-271249-dynamic-1corestotal-allcorepera-20240504-045025.rds"
[1] "File number: 92"
[1] "Loaded RDS file: ..//output_EXPANSE_a2_hippo/libd_chr15-chr15_AA-libd_chr15-chr15_AA-271250-291249-dynamic-1corestotal-allcorepera-20240504-045126.rds"
[1] "File number: 93"
[1] "Loaded RDS file: ..//output_EXPANSE_a2_hippo/libd_chr15-chr15_AA-libd_chr15-chr15_AA-291250-311249-dynamic-1corestotal-allcorepera-20240504-045227.rds"
[1] "File number: 94"
[1] "Loaded RDS file: ..//output_EXPANSE_a2_hippo/libd_chr15-chr15_AA-libd_chr15-chr15_AA-311250-331249-dynamic-1corestotal-allcorepera-20240504-045328.rds"
[1] "File number: 95"
[1] "Loaded RDS file: ..//output_EXPANSE_a2_hippo/libd_chr15-chr15_AA-libd_chr15-chr15_AA-331250-351249-dynamic-1corestotal-allcorepera-20240504-045430.rds"
[1] "File number: 96"
[1] "Loaded RDS file: ..//output_EXPANSE_a2_hippo/libd_chr15-chr15_AA-libd_chr15-chr15_AA-351250-371249-dynamic-1corestotal-allcorepera-20240504-045531.rds"
[1] "File number: 97"
[1] "Loaded RDS file: ..//output_EXPANSE_a2_hippo/libd_chr15-chr15_AA-libd_chr15-chr15_AA-371250-391249-dynamic-1corestotal-allcorepera-20240504-045632.rds"
[1] "File number: 98"
[1] "Loaded RDS file: ..//output_EXPANSE_a2_hippo/libd_chr15-chr15_AA-libd_chr15-chr15_AA-391250-411249-dynamic-1corestotal-allcorepera-20240504-045733.rds"
[1] "File number: 99"
[1] "Loaded RDS file: ..//output_EXPANSE_a2_hippo/libd_chr15-chr15_AA-libd_chr15-chr15_AA-411250-431249-dynamic-1corestotal-allcorepera-20240504-045834.rds"
[1] "File number: 100"
[1] "Loaded RDS file: ..//output_EXPANSE_a2_hippo/libd_chr15-chr15_AA-libd_chr15-chr15_AA-431250-451249-dynamic-1corestotal-allcorepera-20240504-045935.rds"
[1] "File number: 101"
[1] "Loaded RDS file: ..//output_EXPANSE_a2_hippo/libd_chr15-chr15_AA-libd_chr15-chr15_AA-451250-471249-dynamic-1corestotal-allcorepera-20240504-050036.rds"
[1] "File number: 102"
[1] "Loaded RDS file: ..//output_EXPANSE_a2_hippo/libd_chr15-chr15_AA-libd_chr15-chr15_AA-471250-491249-dynamic-1corestotal-allcorepera-20240504-050137.rds"
[1] "File number: 103"
[1] "Loaded RDS file: ..//output_EXPANSE_a2_hippo/libd_chr15-chr15_AA-libd_chr15-chr15_AA-491250-511249-dynamic-1corestotal-allcorepera-20240504-050238.rds"
[1] "File number: 104"
[1] "Loaded RDS file: ..//output_EXPANSE_a2_hippo/libd_chr15-chr15_AA-libd_chr15-chr15_AA-511250-531249-dynamic-1corestotal-allcorepera-20240504-050339.rds"
[1] "File number: 105"
[1] "Loaded RDS file: ..//output_EXPANSE_a2_hippo/libd_chr15-chr15_AA-libd_chr15-chr15_AA-531250-551249-dynamic-1corestotal-allcorepera-20240504-050440.rds"
[1] "File number: 106"
[1] "Loaded RDS file: ..//output_EXPANSE_a2_hippo/libd_chr15-chr15_AA-libd_chr15-chr15_AA-551250-571249-dynamic-1corestotal-allcorepera-20240504-050542.rds"
[1] "File number: 107"
[1] "Loaded RDS file: ..//output_EXPANSE_a2_hippo/libd_chr15-chr15_AA-libd_chr15-chr15_AA-571250-591249-dynamic-1corestotal-allcorepera-20240504-050643.rds"
[1] "File number: 108"
[1] "Loaded RDS file: ..//output_EXPANSE_a2_hippo/libd_chr15-chr15_AA-libd_chr15-chr15_AA-591250-611249-dynamic-1corestotal-allcorepera-20240504-050744.rds"
[1] "File number: 109"
[1] "Loaded RDS file: ..//output_EXPANSE_a2_hippo/libd_chr15-chr15_AA-libd_chr15-chr15_AA-611250-631249-dynamic-1corestotal-allcorepera-20240504-050845.rds"
[1] "File number: 110"
[1] "Loaded RDS file: ..//output_EXPANSE_a2_hippo/libd_chr15-chr15_AA-libd_chr15-chr15_AA-631250-651249-dynamic-1corestotal-allcorepera-20240504-050946.rds"
[1] "File number: 111"
[1] "Loaded RDS file: ..//output_EXPANSE_a2_hippo/libd_chr15-chr15_AA-libd_chr15-chr15_AA-651250-671249-dynamic-1corestotal-allcorepera-20240504-051047.rds"
[1] "File number: 112"
[1] "Loaded RDS file: ..//output_EXPANSE_a2_hippo/libd_chr15-chr15_AA-libd_chr15-chr15_AA-671250-691249-dynamic-1corestotal-allcorepera-20240504-051148.rds"
[1] "File number: 113"
[1] "Loaded RDS file: ..//output_EXPANSE_a2_hippo/libd_chr15-chr15_AA-libd_chr15-chr15_AA-691250-711249-dynamic-1corestotal-allcorepera-20240504-051249.rds"
[1] "File number: 114"
[1] "Loaded RDS file: ..//output_EXPANSE_a2_hippo/libd_chr15-chr15_AA-libd_chr15-chr15_AA-711250-731249-dynamic-1corestotal-allcorepera-20240504-051350.rds"
[1] "File number: 115"
[1] "Loaded RDS file: ..//output_EXPANSE_a2_hippo/libd_chr15-chr15_AA-libd_chr15-chr15_AA-731250-751249-dynamic-1corestotal-allcorepera-20240504-051451.rds"
[1] "File number: 116"
[1] "Loaded RDS file: ..//output_EXPANSE_a2_hippo/libd_chr15-chr15_AA-libd_chr15-chr15_AA-751250-771249-dynamic-1corestotal-allcorepera-20240504-051553.rds"
[1] "File number: 117"
[1] "Loaded RDS file: ..//output_EXPANSE_a2_hippo/libd_chr15-chr15_AA-libd_chr15-chr15_AA-771250-786237-dynamic-1corestotal-allcorepera-20240504-051654.rds"
[1] "File number: 118"
[1] "Loaded RDS file: ..//output_EXPANSE_a2_caud/libd_chr15-chr15_EA-libd_chr15-chr15_EA-11250-31249-dynamic-1corestotal-allcorepera-20240504-015920.rds"
[1] "File number: 119"
[1] "Loaded RDS file: ..//output_EXPANSE_a2_caud/libd_chr15-chr15_EA-libd_chr15-chr15_EA-31250-51249-dynamic-1corestotal-allcorepera-20240504-020021.rds"
[1] "File number: 120"
[1] "Loaded RDS file: ..//output_EXPANSE_a2_caud/libd_chr15-chr15_EA-libd_chr15-chr15_EA-51250-71249-dynamic-1corestotal-allcorepera-20240504-020122.rds"
[1] "File number: 121"
[1] "Loaded RDS file: ..//output_EXPANSE_a2_caud/libd_chr15-chr15_EA-libd_chr15-chr15_EA-71250-91249-dynamic-1corestotal-allcorepera-20240504-020223.rds"
[1] "File number: 122"
[1] "Loaded RDS file: ..//output_EXPANSE_a2_caud/libd_chr15-chr15_EA-libd_chr15-chr15_EA-91250-111249-dynamic-1corestotal-allcorepera-20240504-020325.rds"
[1] "File number: 123"
[1] "Loaded RDS file: ..//output_EXPANSE_a2_caud/libd_chr15-chr15_EA-libd_chr15-chr15_EA-111250-131249-dynamic-1corestotal-allcorepera-20240504-020426.rds"
[1] "File number: 124"
[1] "Loaded RDS file: ..//output_EXPANSE_a2_caud/libd_chr15-chr15_EA-libd_chr15-chr15_EA-131250-151249-dynamic-1corestotal-allcorepera-20240504-020527.rds"
[1] "File number: 125"
[1] "Loaded RDS file: ..//output_EXPANSE_a2_caud/libd_chr15-chr15_EA-libd_chr15-chr15_EA-151250-171249-dynamic-1corestotal-allcorepera-20240504-020628.rds"
[1] "File number: 126"
[1] "Loaded RDS file: ..//output_EXPANSE_a2_caud/libd_chr15-chr15_EA-libd_chr15-chr15_EA-171250-191249-dynamic-1corestotal-allcorepera-20240504-020729.rds"
[1] "File number: 127"
[1] "Loaded RDS file: ..//output_EXPANSE_a2_caud/libd_chr15-chr15_EA-libd_chr15-chr15_EA-191250-211249-dynamic-1corestotal-allcorepera-20240504-020830.rds"
[1] "File number: 128"
[1] "Loaded RDS file: ..//output_EXPANSE_a2_caud/libd_chr15-chr15_EA-libd_chr15-chr15_EA-211250-231249-dynamic-1corestotal-allcorepera-20240504-020931.rds"
[1] "File number: 129"
[1] "Loaded RDS file: ..//output_EXPANSE_a2_caud/libd_chr15-chr15_EA-libd_chr15-chr15_EA-231250-251249-dynamic-1corestotal-allcorepera-20240504-021032.rds"
[1] "File number: 130"
[1] "Loaded RDS file: ..//output_EXPANSE_a2_caud/libd_chr15-chr15_EA-libd_chr15-chr15_EA-251250-271249-dynamic-1corestotal-allcorepera-20240504-021133.rds"
[1] "File number: 131"
[1] "Loaded RDS file: ..//output_EXPANSE_a2_caud/libd_chr15-chr15_EA-libd_chr15-chr15_EA-271250-291249-dynamic-1corestotal-allcorepera-20240504-021234.rds"
[1] "File number: 132"
[1] "Loaded RDS file: ..//output_EXPANSE_a2_caud/libd_chr15-chr15_EA-libd_chr15-chr15_EA-291250-311249-dynamic-1corestotal-allcorepera-20240504-021336.rds"
[1] "File number: 133"
[1] "Loaded RDS file: ..//output_EXPANSE_a2_caud/libd_chr15-chr15_EA-libd_chr15-chr15_EA-311250-331249-dynamic-1corestotal-allcorepera-20240504-021437.rds"
[1] "File number: 134"
[1] "Loaded RDS file: ..//output_EXPANSE_a2_caud/libd_chr15-chr15_EA-libd_chr15-chr15_EA-331250-351249-dynamic-1corestotal-allcorepera-20240504-021538.rds"
[1] "File number: 135"
[1] "Loaded RDS file: ..//output_EXPANSE_a2_caud/libd_chr15-chr15_EA-libd_chr15-chr15_EA-351250-371249-dynamic-1corestotal-allcorepera-20240504-021639.rds"
[1] "File number: 136"
[1] "Loaded RDS file: ..//output_EXPANSE_a2_caud/libd_chr15-chr15_EA-libd_chr15-chr15_EA-371250-391249-dynamic-1corestotal-allcorepera-20240504-021740.rds"
[1] "File number: 137"
[1] "Loaded RDS file: ..//output_EXPANSE_a2_caud/libd_chr15-chr15_EA-libd_chr15-chr15_EA-391250-411249-dynamic-1corestotal-allcorepera-20240504-021841.rds"
[1] "File number: 138"
[1] "Loaded RDS file: ..//output_EXPANSE_a2_caud/libd_chr15-chr15_EA-libd_chr15-chr15_EA-411250-431249-dynamic-1corestotal-allcorepera-20240504-021942.rds"
[1] "File number: 139"
[1] "Loaded RDS file: ..//output_EXPANSE_a2_caud/libd_chr15-chr15_EA-libd_chr15-chr15_EA-431250-451249-dynamic-1corestotal-allcorepera-20240504-022043.rds"
[1] "File number: 140"
[1] "Loaded RDS file: ..//output_EXPANSE_a2_caud/libd_chr15-chr15_EA-libd_chr15-chr15_EA-451250-471249-dynamic-1corestotal-allcorepera-20240504-022144.rds"
[1] "File number: 141"
[1] "Loaded RDS file: ..//output_EXPANSE_a2_caud/libd_chr15-chr15_EA-libd_chr15-chr15_EA-471250-491249-dynamic-1corestotal-allcorepera-20240504-022245.rds"
[1] "File number: 142"
[1] "Loaded RDS file: ..//output_EXPANSE_a2_caud/libd_chr15-chr15_EA-libd_chr15-chr15_EA-491250-511249-dynamic-1corestotal-allcorepera-20240504-022347.rds"
[1] "File number: 143"
[1] "Loaded RDS file: ..//output_EXPANSE_a2_caud/libd_chr15-chr15_EA-libd_chr15-chr15_EA-511250-531249-dynamic-1corestotal-allcorepera-20240504-022448.rds"
[1] "File number: 144"
[1] "Loaded RDS file: ..//output_EXPANSE_a2_caud/libd_chr15-chr15_EA-libd_chr15-chr15_EA-531250-551249-dynamic-1corestotal-allcorepera-20240504-022549.rds"
[1] "File number: 145"
[1] "Loaded RDS file: ..//output_EXPANSE_a2_caud/libd_chr15-chr15_EA-libd_chr15-chr15_EA-551250-571249-dynamic-1corestotal-allcorepera-20240504-022650.rds"
[1] "File number: 146"
[1] "Loaded RDS file: ..//output_EXPANSE_a2_caud/libd_chr15-chr15_EA-libd_chr15-chr15_EA-571250-591249-dynamic-1corestotal-allcorepera-20240504-022751.rds"
[1] "File number: 147"
[1] "Loaded RDS file: ..//output_EXPANSE_a2_caud/libd_chr15-chr15_EA-libd_chr15-chr15_EA-591250-611249-dynamic-1corestotal-allcorepera-20240504-022852.rds"
[1] "File number: 148"
[1] "Loaded RDS file: ..//output_EXPANSE_a2_caud/libd_chr15-chr15_EA-libd_chr15-chr15_EA-611250-631249-dynamic-1corestotal-allcorepera-20240504-022953.rds"
[1] "File number: 149"
[1] "Loaded RDS file: ..//output_EXPANSE_a2_caud/libd_chr15-chr15_EA-libd_chr15-chr15_EA-631250-651249-dynamic-1corestotal-allcorepera-20240504-023054.rds"
[1] "File number: 150"
[1] "Loaded RDS file: ..//output_EXPANSE_a2_caud/libd_chr15-chr15_EA-libd_chr15-chr15_EA-651250-671249-dynamic-1corestotal-allcorepera-20240504-023155.rds"
[1] "File number: 151"
[1] "Loaded RDS file: ..//output_EXPANSE_a2_caud/libd_chr15-chr15_EA-libd_chr15-chr15_EA-671250-691249-dynamic-1corestotal-allcorepera-20240504-023256.rds"
[1] "File number: 152"
[1] "Loaded RDS file: ..//output_EXPANSE_a2_caud/libd_chr15-chr15_EA-libd_chr15-chr15_EA-691250-711249-dynamic-1corestotal-allcorepera-20240504-023357.rds"
[1] "File number: 153"
[1] "Loaded RDS file: ..//output_EXPANSE_a2_caud/libd_chr15-chr15_EA-libd_chr15-chr15_EA-711250-731249-dynamic-1corestotal-allcorepera-20240504-023459.rds"
[1] "File number: 154"
[1] "Loaded RDS file: ..//output_EXPANSE_a2_caud/libd_chr15-chr15_EA-libd_chr15-chr15_EA-731250-751249-dynamic-1corestotal-allcorepera-20240504-023600.rds"
[1] "File number: 155"
[1] "Loaded RDS file: ..//output_EXPANSE_a2_caud/libd_chr15-chr15_EA-libd_chr15-chr15_EA-751250-771249-dynamic-1corestotal-allcorepera-20240504-023701.rds"
[1] "File number: 156"
[1] "Loaded RDS file: ..//output_EXPANSE_a2_caud/libd_chr15-chr15_EA-libd_chr15-chr15_EA-771250-786237-dynamic-1corestotal-allcorepera-20240504-023802.rds"
[1] "File number: 157"
[1] "Loaded RDS file: ..//output_EXPANSE_a2_dlpfc/libd_chr15-chr15_EA-libd_chr15-chr15_EA-11250-31249-dynamic-1corestotal-allcorepera-20240504-035829.rds"
[1] "File number: 158"
[1] "Loaded RDS file: ..//output_EXPANSE_a2_dlpfc/libd_chr15-chr15_EA-libd_chr15-chr15_EA-31250-51249-dynamic-1corestotal-allcorepera-20240504-035930.rds"
[1] "File number: 159"
[1] "Loaded RDS file: ..//output_EXPANSE_a2_dlpfc/libd_chr15-chr15_EA-libd_chr15-chr15_EA-51250-71249-dynamic-1corestotal-allcorepera-20240506-213815.rds"
[1] "File number: 160"
[1] "Loaded RDS file: ..//output_EXPANSE_a2_dlpfc/libd_chr15-chr15_EA-libd_chr15-chr15_EA-71250-91249-dynamic-1corestotal-allcorepera-20240504-040133.rds"
[1] "File number: 161"
[1] "Loaded RDS file: ..//output_EXPANSE_a2_dlpfc/libd_chr15-chr15_EA-libd_chr15-chr15_EA-91250-111249-dynamic-1corestotal-allcorepera-20240504-040234.rds"
[1] "File number: 162"
[1] "Loaded RDS file: ..//output_EXPANSE_a2_dlpfc/libd_chr15-chr15_EA-libd_chr15-chr15_EA-111250-131249-dynamic-1corestotal-allcorepera-20240504-040335.rds"
[1] "File number: 163"
[1] "Loaded RDS file: ..//output_EXPANSE_a2_dlpfc/libd_chr15-chr15_EA-libd_chr15-chr15_EA-131250-151249-dynamic-1corestotal-allcorepera-20240504-040436.rds"
[1] "File number: 164"
[1] "Loaded RDS file: ..//output_EXPANSE_a2_dlpfc/libd_chr15-chr15_EA-libd_chr15-chr15_EA-151250-171249-dynamic-1corestotal-allcorepera-20240504-040537.rds"
[1] "File number: 165"
[1] "Loaded RDS file: ..//output_EXPANSE_a2_dlpfc/libd_chr15-chr15_EA-libd_chr15-chr15_EA-171250-191249-dynamic-1corestotal-allcorepera-20240504-040638.rds"
[1] "File number: 166"
[1] "Loaded RDS file: ..//output_EXPANSE_a2_dlpfc/libd_chr15-chr15_EA-libd_chr15-chr15_EA-191250-211249-dynamic-1corestotal-allcorepera-20240506-213916.rds"
[1] "File number: 167"
[1] "Loaded RDS file: ..//output_EXPANSE_a2_dlpfc/libd_chr15-chr15_EA-libd_chr15-chr15_EA-211250-231249-dynamic-1corestotal-allcorepera-20240506-214017.rds"
[1] "File number: 168"
[1] "Loaded RDS file: ..//output_EXPANSE_a2_dlpfc/libd_chr15-chr15_EA-libd_chr15-chr15_EA-231250-251249-dynamic-1corestotal-allcorepera-20240504-040941.rds"
[1] "File number: 169"
[1] "Loaded RDS file: ..//output_EXPANSE_a2_dlpfc/libd_chr15-chr15_EA-libd_chr15-chr15_EA-251250-271249-dynamic-1corestotal-allcorepera-20240504-041042.rds"
[1] "File number: 170"
[1] "Loaded RDS file: ..//output_EXPANSE_a2_dlpfc/libd_chr15-chr15_EA-libd_chr15-chr15_EA-271250-291249-dynamic-1corestotal-allcorepera-20240504-041144.rds"
[1] "File number: 171"
[1] "Loaded RDS file: ..//output_EXPANSE_a2_dlpfc/libd_chr15-chr15_EA-libd_chr15-chr15_EA-291250-311249-dynamic-1corestotal-allcorepera-20240504-041245.rds"
[1] "File number: 172"
[1] "Loaded RDS file: ..//output_EXPANSE_a2_dlpfc/libd_chr15-chr15_EA-libd_chr15-chr15_EA-311250-331249-dynamic-1corestotal-allcorepera-20240504-041346.rds"
[1] "File number: 173"
[1] "Loaded RDS file: ..//output_EXPANSE_a2_dlpfc/libd_chr15-chr15_EA-libd_chr15-chr15_EA-331250-351249-dynamic-1corestotal-allcorepera-20240504-041447.rds"
[1] "File number: 174"
[1] "Loaded RDS file: ..//output_EXPANSE_a2_dlpfc/libd_chr15-chr15_EA-libd_chr15-chr15_EA-351250-371249-dynamic-1corestotal-allcorepera-20240504-041548.rds"
[1] "File number: 175"
[1] "Loaded RDS file: ..//output_EXPANSE_a2_dlpfc/libd_chr15-chr15_EA-libd_chr15-chr15_EA-371250-391249-dynamic-1corestotal-allcorepera-20240504-041649.rds"
[1] "File number: 176"
[1] "Loaded RDS file: ..//output_EXPANSE_a2_dlpfc/libd_chr15-chr15_EA-libd_chr15-chr15_EA-391250-411249-dynamic-1corestotal-allcorepera-20240504-041750.rds"
[1] "File number: 177"
[1] "Loaded RDS file: ..//output_EXPANSE_a2_dlpfc/libd_chr15-chr15_EA-libd_chr15-chr15_EA-411250-431249-dynamic-1corestotal-allcorepera-20240504-041851.rds"
[1] "File number: 178"
[1] "Loaded RDS file: ..//output_EXPANSE_a2_dlpfc/libd_chr15-chr15_EA-libd_chr15-chr15_EA-431250-451249-dynamic-1corestotal-allcorepera-20240506-214119.rds"
[1] "File number: 179"
[1] "Loaded RDS file: ..//output_EXPANSE_a2_dlpfc/libd_chr15-chr15_EA-libd_chr15-chr15_EA-451250-471249-dynamic-1corestotal-allcorepera-20240504-042053.rds"
[1] "File number: 180"
[1] "Loaded RDS file: ..//output_EXPANSE_a2_dlpfc/libd_chr15-chr15_EA-libd_chr15-chr15_EA-471250-491249-dynamic-1corestotal-allcorepera-20240506-214220.rds"
[1] "File number: 181"
[1] "Loaded RDS file: ..//output_EXPANSE_a2_dlpfc/libd_chr15-chr15_EA-libd_chr15-chr15_EA-491250-511249-dynamic-1corestotal-allcorepera-20240504-042256.rds"
[1] "File number: 182"
[1] "Loaded RDS file: ..//output_EXPANSE_a2_dlpfc/libd_chr15-chr15_EA-libd_chr15-chr15_EA-511250-531249-dynamic-1corestotal-allcorepera-20240504-042357.rds"
[1] "File number: 183"
[1] "Loaded RDS file: ..//output_EXPANSE_a2_dlpfc/libd_chr15-chr15_EA-libd_chr15-chr15_EA-531250-551249-dynamic-1corestotal-allcorepera-20240504-042458.rds"
[1] "File number: 184"
[1] "Loaded RDS file: ..//output_EXPANSE_a2_dlpfc/libd_chr15-chr15_EA-libd_chr15-chr15_EA-551250-571249-dynamic-1corestotal-allcorepera-20240504-042559.rds"
[1] "File number: 185"
[1] "Loaded RDS file: ..//output_EXPANSE_a2_dlpfc/libd_chr15-chr15_EA-libd_chr15-chr15_EA-571250-591249-dynamic-1corestotal-allcorepera-20240504-042700.rds"
[1] "File number: 186"
[1] "Loaded RDS file: ..//output_EXPANSE_a2_dlpfc/libd_chr15-chr15_EA-libd_chr15-chr15_EA-591250-611249-dynamic-1corestotal-allcorepera-20240504-042801.rds"
[1] "File number: 187"
[1] "Loaded RDS file: ..//output_EXPANSE_a2_dlpfc/libd_chr15-chr15_EA-libd_chr15-chr15_EA-611250-631249-dynamic-1corestotal-allcorepera-20240504-042902.rds"
[1] "File number: 188"
[1] "Loaded RDS file: ..//output_EXPANSE_a2_dlpfc/libd_chr15-chr15_EA-libd_chr15-chr15_EA-631250-651249-dynamic-1corestotal-allcorepera-20240504-043003.rds"
[1] "File number: 189"
[1] "Loaded RDS file: ..//output_EXPANSE_a2_dlpfc/libd_chr15-chr15_EA-libd_chr15-chr15_EA-651250-671249-dynamic-1corestotal-allcorepera-20240504-043104.rds"
[1] "File number: 190"
[1] "Loaded RDS file: ..//output_EXPANSE_a2_dlpfc/libd_chr15-chr15_EA-libd_chr15-chr15_EA-671250-691249-dynamic-1corestotal-allcorepera-20240504-043205.rds"
[1] "File number: 191"
[1] "Loaded RDS file: ..//output_EXPANSE_a2_dlpfc/libd_chr15-chr15_EA-libd_chr15-chr15_EA-691250-711249-dynamic-1corestotal-allcorepera-20240504-043307.rds"
[1] "File number: 192"
[1] "Loaded RDS file: ..//output_EXPANSE_a2_dlpfc/libd_chr15-chr15_EA-libd_chr15-chr15_EA-711250-731249-dynamic-1corestotal-allcorepera-20240504-043408.rds"
[1] "File number: 193"
[1] "Loaded RDS file: ..//output_EXPANSE_a2_dlpfc/libd_chr15-chr15_EA-libd_chr15-chr15_EA-731250-751249-dynamic-1corestotal-allcorepera-20240504-043509.rds"
[1] "File number: 194"
[1] "Loaded RDS file: ..//output_EXPANSE_a2_dlpfc/libd_chr15-chr15_EA-libd_chr15-chr15_EA-751250-771249-dynamic-1corestotal-allcorepera-20240504-043610.rds"
[1] "File number: 195"
[1] "Loaded RDS file: ..//output_EXPANSE_a2_dlpfc/libd_chr15-chr15_EA-libd_chr15-chr15_EA-771250-786237-dynamic-1corestotal-allcorepera-20240504-043711.rds"
[1] "File number: 196"
[1] "Loaded RDS file: ..//output_EXPANSE_a2_hippo/libd_chr15-chr15_EA-libd_chr15-chr15_EA-11250-31249-dynamic-1corestotal-allcorepera-20240504-055738.rds"
[1] "File number: 197"
[1] "Loaded RDS file: ..//output_EXPANSE_a2_hippo/libd_chr15-chr15_EA-libd_chr15-chr15_EA-31250-51249-dynamic-1corestotal-allcorepera-20240504-055839.rds"
[1] "File number: 198"
[1] "Loaded RDS file: ..//output_EXPANSE_a2_hippo/libd_chr15-chr15_EA-libd_chr15-chr15_EA-51250-71249-dynamic-1corestotal-allcorepera-20240504-055940.rds"
[1] "File number: 199"
[1] "Loaded RDS file: ..//output_EXPANSE_a2_hippo/libd_chr15-chr15_EA-libd_chr15-chr15_EA-71250-91249-dynamic-1corestotal-allcorepera-20240504-060042.rds"
[1] "File number: 200"
[1] "Loaded RDS file: ..//output_EXPANSE_a2_hippo/libd_chr15-chr15_EA-libd_chr15-chr15_EA-91250-111249-dynamic-1corestotal-allcorepera-20240504-060143.rds"
[1] "File number: 201"
[1] "Loaded RDS file: ..//output_EXPANSE_a2_hippo/libd_chr15-chr15_EA-libd_chr15-chr15_EA-111250-131249-dynamic-1corestotal-allcorepera-20240504-060244.rds"
[1] "File number: 202"
[1] "Loaded RDS file: ..//output_EXPANSE_a2_hippo/libd_chr15-chr15_EA-libd_chr15-chr15_EA-131250-151249-dynamic-1corestotal-allcorepera-20240504-060345.rds"
[1] "File number: 203"
[1] "Loaded RDS file: ..//output_EXPANSE_a2_hippo/libd_chr15-chr15_EA-libd_chr15-chr15_EA-151250-171249-dynamic-1corestotal-allcorepera-20240504-060446.rds"
[1] "File number: 204"
[1] "Loaded RDS file: ..//output_EXPANSE_a2_hippo/libd_chr15-chr15_EA-libd_chr15-chr15_EA-171250-191249-dynamic-1corestotal-allcorepera-20240504-060547.rds"
[1] "File number: 205"
[1] "Loaded RDS file: ..//output_EXPANSE_a2_hippo/libd_chr15-chr15_EA-libd_chr15-chr15_EA-191250-211249-dynamic-1corestotal-allcorepera-20240506-214324.rds"
[1] "File number: 206"
[1] "Loaded RDS file: ..//output_EXPANSE_a2_hippo/libd_chr15-chr15_EA-libd_chr15-chr15_EA-211250-231249-dynamic-1corestotal-allcorepera-20240506-214426.rds"
[1] "File number: 207"
[1] "Loaded RDS file: ..//output_EXPANSE_a2_hippo/libd_chr15-chr15_EA-libd_chr15-chr15_EA-231250-251249-dynamic-1corestotal-allcorepera-20240504-060850.rds"
[1] "File number: 208"
[1] "Loaded RDS file: ..//output_EXPANSE_a2_hippo/libd_chr15-chr15_EA-libd_chr15-chr15_EA-251250-271249-dynamic-1corestotal-allcorepera-20240504-060952.rds"
[1] "File number: 209"
[1] "Loaded RDS file: ..//output_EXPANSE_a2_hippo/libd_chr15-chr15_EA-libd_chr15-chr15_EA-271250-291249-dynamic-1corestotal-allcorepera-20240504-061053.rds"
[1] "File number: 210"
[1] "Loaded RDS file: ..//output_EXPANSE_a2_hippo/libd_chr15-chr15_EA-libd_chr15-chr15_EA-291250-311249-dynamic-1corestotal-allcorepera-20240504-061154.rds"
[1] "File number: 211"
[1] "Loaded RDS file: ..//output_EXPANSE_a2_hippo/libd_chr15-chr15_EA-libd_chr15-chr15_EA-311250-331249-dynamic-1corestotal-allcorepera-20240504-061255.rds"
[1] "File number: 212"
[1] "Loaded RDS file: ..//output_EXPANSE_a2_hippo/libd_chr15-chr15_EA-libd_chr15-chr15_EA-331250-351249-dynamic-1corestotal-allcorepera-20240504-061356.rds"
[1] "File number: 213"
[1] "Loaded RDS file: ..//output_EXPANSE_a2_hippo/libd_chr15-chr15_EA-libd_chr15-chr15_EA-351250-371249-dynamic-1corestotal-allcorepera-20240504-061457.rds"
[1] "File number: 214"
[1] "Loaded RDS file: ..//output_EXPANSE_a2_hippo/libd_chr15-chr15_EA-libd_chr15-chr15_EA-371250-391249-dynamic-1corestotal-allcorepera-20240504-061558.rds"
[1] "File number: 215"
[1] "Loaded RDS file: ..//output_EXPANSE_a2_hippo/libd_chr15-chr15_EA-libd_chr15-chr15_EA-391250-411249-dynamic-1corestotal-allcorepera-20240504-061659.rds"
[1] "File number: 216"
[1] "Loaded RDS file: ..//output_EXPANSE_a2_hippo/libd_chr15-chr15_EA-libd_chr15-chr15_EA-411250-431249-dynamic-1corestotal-allcorepera-20240504-061801.rds"
[1] "File number: 217"
[1] "Loaded RDS file: ..//output_EXPANSE_a2_hippo/libd_chr15-chr15_EA-libd_chr15-chr15_EA-431250-451249-dynamic-1corestotal-allcorepera-20240506-214527.rds"
[1] "File number: 218"
[1] "Loaded RDS file: ..//output_EXPANSE_a2_hippo/libd_chr15-chr15_EA-libd_chr15-chr15_EA-451250-471249-dynamic-1corestotal-allcorepera-20240504-062003.rds"
[1] "File number: 219"
[1] "Loaded RDS file: ..//output_EXPANSE_a2_hippo/libd_chr15-chr15_EA-libd_chr15-chr15_EA-471250-491249-dynamic-1corestotal-allcorepera-20240506-214628.rds"
[1] "File number: 220"
[1] "Loaded RDS file: ..//output_EXPANSE_a2_hippo/libd_chr15-chr15_EA-libd_chr15-chr15_EA-491250-511249-dynamic-1corestotal-allcorepera-20240504-062205.rds"
[1] "File number: 221"
[1] "Loaded RDS file: ..//output_EXPANSE_a2_hippo/libd_chr15-chr15_EA-libd_chr15-chr15_EA-511250-531249-dynamic-1corestotal-allcorepera-20240504-062306.rds"
[1] "File number: 222"
[1] "Loaded RDS file: ..//output_EXPANSE_a2_hippo/libd_chr15-chr15_EA-libd_chr15-chr15_EA-531250-551249-dynamic-1corestotal-allcorepera-20240504-062407.rds"
[1] "File number: 223"
[1] "Loaded RDS file: ..//output_EXPANSE_a2_hippo/libd_chr15-chr15_EA-libd_chr15-chr15_EA-551250-571249-dynamic-1corestotal-allcorepera-20240504-062508.rds"
[1] "File number: 224"
[1] "Loaded RDS file: ..//output_EXPANSE_a2_hippo/libd_chr15-chr15_EA-libd_chr15-chr15_EA-571250-591249-dynamic-1corestotal-allcorepera-20240504-062609.rds"
[1] "File number: 225"
[1] "Loaded RDS file: ..//output_EXPANSE_a2_hippo/libd_chr15-chr15_EA-libd_chr15-chr15_EA-591250-611249-dynamic-1corestotal-allcorepera-20240504-062711.rds"
[1] "File number: 226"
[1] "Loaded RDS file: ..//output_EXPANSE_a2_hippo/libd_chr15-chr15_EA-libd_chr15-chr15_EA-611250-631249-dynamic-1corestotal-allcorepera-20240504-062812.rds"
[1] "File number: 227"
[1] "Loaded RDS file: ..//output_EXPANSE_a2_hippo/libd_chr15-chr15_EA-libd_chr15-chr15_EA-631250-651249-dynamic-1corestotal-allcorepera-20240504-062913.rds"
[1] "File number: 228"
[1] "Loaded RDS file: ..//output_EXPANSE_a2_hippo/libd_chr15-chr15_EA-libd_chr15-chr15_EA-651250-671249-dynamic-1corestotal-allcorepera-20240504-063014.rds"
[1] "File number: 229"
[1] "Loaded RDS file: ..//output_EXPANSE_a2_hippo/libd_chr15-chr15_EA-libd_chr15-chr15_EA-671250-691249-dynamic-1corestotal-allcorepera-20240504-063115.rds"
[1] "File number: 230"
[1] "Loaded RDS file: ..//output_EXPANSE_a2_hippo/libd_chr15-chr15_EA-libd_chr15-chr15_EA-691250-711249-dynamic-1corestotal-allcorepera-20240504-063216.rds"
[1] "File number: 231"
[1] "Loaded RDS file: ..//output_EXPANSE_a2_hippo/libd_chr15-chr15_EA-libd_chr15-chr15_EA-711250-731249-dynamic-1corestotal-allcorepera-20240504-063317.rds"
[1] "File number: 232"
[1] "Loaded RDS file: ..//output_EXPANSE_a2_hippo/libd_chr15-chr15_EA-libd_chr15-chr15_EA-731250-751249-dynamic-1corestotal-allcorepera-20240504-063418.rds"
[1] "File number: 233"
[1] "Loaded RDS file: ..//output_EXPANSE_a2_hippo/libd_chr15-chr15_EA-libd_chr15-chr15_EA-751250-771249-dynamic-1corestotal-allcorepera-20240504-063519.rds"
[1] "File number: 234"
[1] "Loaded RDS file: ..//output_EXPANSE_a2_hippo/libd_chr15-chr15_EA-libd_chr15-chr15_EA-771250-786237-dynamic-1corestotal-allcorepera-20240504-063621.rds"
[1] "File number: 235"
[1] "Loaded RDS file: ..//output_EXPANSE_a2_caud/libd_chr15-chr15_all-libd_chr15-chr15_all-11250-31249-dynamic-1corestotal-allcorepera-20240504-011937.rds"
[1] "File number: 236"
[1] "Loaded RDS file: ..//output_EXPANSE_a2_caud/libd_chr15-chr15_all-libd_chr15-chr15_all-31250-51249-dynamic-1corestotal-allcorepera-20240504-012039.rds"
[1] "File number: 237"
[1] "Loaded RDS file: ..//output_EXPANSE_a2_caud/libd_chr15-chr15_all-libd_chr15-chr15_all-51250-71249-dynamic-1corestotal-allcorepera-20240504-012140.rds"
[1] "File number: 238"
[1] "Loaded RDS file: ..//output_EXPANSE_a2_caud/libd_chr15-chr15_all-libd_chr15-chr15_all-71250-91249-dynamic-1corestotal-allcorepera-20240504-012241.rds"
[1] "File number: 239"
[1] "Loaded RDS file: ..//output_EXPANSE_a2_caud/libd_chr15-chr15_all-libd_chr15-chr15_all-91250-111249-dynamic-1corestotal-allcorepera-20240504-012342.rds"
[1] "File number: 240"
[1] "Loaded RDS file: ..//output_EXPANSE_a2_caud/libd_chr15-chr15_all-libd_chr15-chr15_all-111250-131249-dynamic-1corestotal-allcorepera-20240504-012443.rds"
[1] "File number: 241"
[1] "Loaded RDS file: ..//output_EXPANSE_a2_caud/libd_chr15-chr15_all-libd_chr15-chr15_all-131250-151249-dynamic-1corestotal-allcorepera-20240504-012544.rds"
[1] "File number: 242"
[1] "Loaded RDS file: ..//output_EXPANSE_a2_caud/libd_chr15-chr15_all-libd_chr15-chr15_all-151250-171249-dynamic-1corestotal-allcorepera-20240504-012645.rds"
[1] "File number: 243"
[1] "Loaded RDS file: ..//output_EXPANSE_a2_caud/libd_chr15-chr15_all-libd_chr15-chr15_all-171250-191249-dynamic-1corestotal-allcorepera-20240504-012746.rds"
[1] "File number: 244"
[1] "Loaded RDS file: ..//output_EXPANSE_a2_caud/libd_chr15-chr15_all-libd_chr15-chr15_all-191250-211249-dynamic-1corestotal-allcorepera-20240504-012847.rds"
[1] "File number: 245"
[1] "Loaded RDS file: ..//output_EXPANSE_a2_caud/libd_chr15-chr15_all-libd_chr15-chr15_all-211250-231249-dynamic-1corestotal-allcorepera-20240504-012949.rds"
[1] "File number: 246"
[1] "Loaded RDS file: ..//output_EXPANSE_a2_caud/libd_chr15-chr15_all-libd_chr15-chr15_all-231250-251249-dynamic-1corestotal-allcorepera-20240504-013050.rds"
[1] "File number: 247"
[1] "Loaded RDS file: ..//output_EXPANSE_a2_caud/libd_chr15-chr15_all-libd_chr15-chr15_all-251250-271249-dynamic-1corestotal-allcorepera-20240504-013151.rds"
[1] "File number: 248"
[1] "Loaded RDS file: ..//output_EXPANSE_a2_caud/libd_chr15-chr15_all-libd_chr15-chr15_all-271250-291249-dynamic-1corestotal-allcorepera-20240504-013252.rds"
[1] "File number: 249"
[1] "Loaded RDS file: ..//output_EXPANSE_a2_caud/libd_chr15-chr15_all-libd_chr15-chr15_all-291250-311249-dynamic-1corestotal-allcorepera-20240504-013353.rds"
[1] "File number: 250"
[1] "Loaded RDS file: ..//output_EXPANSE_a2_caud/libd_chr15-chr15_all-libd_chr15-chr15_all-311250-331249-dynamic-1corestotal-allcorepera-20240504-013454.rds"
[1] "File number: 251"
[1] "Loaded RDS file: ..//output_EXPANSE_a2_caud/libd_chr15-chr15_all-libd_chr15-chr15_all-331250-351249-dynamic-1corestotal-allcorepera-20240504-013555.rds"
[1] "File number: 252"
[1] "Loaded RDS file: ..//output_EXPANSE_a2_caud/libd_chr15-chr15_all-libd_chr15-chr15_all-351250-371249-dynamic-1corestotal-allcorepera-20240504-013656.rds"
[1] "File number: 253"
[1] "Loaded RDS file: ..//output_EXPANSE_a2_caud/libd_chr15-chr15_all-libd_chr15-chr15_all-371250-391249-dynamic-1corestotal-allcorepera-20240504-013757.rds"
[1] "File number: 254"
[1] "Loaded RDS file: ..//output_EXPANSE_a2_caud/libd_chr15-chr15_all-libd_chr15-chr15_all-391250-411249-dynamic-1corestotal-allcorepera-20240504-013858.rds"
[1] "File number: 255"
[1] "Loaded RDS file: ..//output_EXPANSE_a2_caud/libd_chr15-chr15_all-libd_chr15-chr15_all-411250-431249-dynamic-1corestotal-allcorepera-20240504-013959.rds"
[1] "File number: 256"
[1] "Loaded RDS file: ..//output_EXPANSE_a2_caud/libd_chr15-chr15_all-libd_chr15-chr15_all-431250-451249-dynamic-1corestotal-allcorepera-20240504-014101.rds"
[1] "File number: 257"
[1] "Loaded RDS file: ..//output_EXPANSE_a2_caud/libd_chr15-chr15_all-libd_chr15-chr15_all-451250-471249-dynamic-1corestotal-allcorepera-20240504-014202.rds"
[1] "File number: 258"
[1] "Loaded RDS file: ..//output_EXPANSE_a2_caud/libd_chr15-chr15_all-libd_chr15-chr15_all-471250-491249-dynamic-1corestotal-allcorepera-20240504-014303.rds"
[1] "File number: 259"
[1] "Loaded RDS file: ..//output_EXPANSE_a2_caud/libd_chr15-chr15_all-libd_chr15-chr15_all-491250-511249-dynamic-1corestotal-allcorepera-20240504-014404.rds"
[1] "File number: 260"
[1] "Loaded RDS file: ..//output_EXPANSE_a2_caud/libd_chr15-chr15_all-libd_chr15-chr15_all-511250-531249-dynamic-1corestotal-allcorepera-20240504-014505.rds"
[1] "File number: 261"
[1] "Loaded RDS file: ..//output_EXPANSE_a2_caud/libd_chr15-chr15_all-libd_chr15-chr15_all-531250-551249-dynamic-1corestotal-allcorepera-20240504-014606.rds"
[1] "File number: 262"
[1] "Loaded RDS file: ..//output_EXPANSE_a2_caud/libd_chr15-chr15_all-libd_chr15-chr15_all-551250-571249-dynamic-1corestotal-allcorepera-20240504-014707.rds"
[1] "File number: 263"
[1] "Loaded RDS file: ..//output_EXPANSE_a2_caud/libd_chr15-chr15_all-libd_chr15-chr15_all-571250-591249-dynamic-1corestotal-allcorepera-20240504-014808.rds"
[1] "File number: 264"
[1] "Loaded RDS file: ..//output_EXPANSE_a2_caud/libd_chr15-chr15_all-libd_chr15-chr15_all-591250-611249-dynamic-1corestotal-allcorepera-20240504-014909.rds"
[1] "File number: 265"
[1] "Loaded RDS file: ..//output_EXPANSE_a2_caud/libd_chr15-chr15_all-libd_chr15-chr15_all-611250-631249-dynamic-1corestotal-allcorepera-20240504-015010.rds"
[1] "File number: 266"
[1] "Loaded RDS file: ..//output_EXPANSE_a2_caud/libd_chr15-chr15_all-libd_chr15-chr15_all-631250-651249-dynamic-1corestotal-allcorepera-20240504-015111.rds"
[1] "File number: 267"
[1] "Loaded RDS file: ..//output_EXPANSE_a2_caud/libd_chr15-chr15_all-libd_chr15-chr15_all-651250-671249-dynamic-1corestotal-allcorepera-20240504-015212.rds"
[1] "File number: 268"
[1] "Loaded RDS file: ..//output_EXPANSE_a2_caud/libd_chr15-chr15_all-libd_chr15-chr15_all-671250-691249-dynamic-1corestotal-allcorepera-20240504-015314.rds"
[1] "File number: 269"
[1] "Loaded RDS file: ..//output_EXPANSE_a2_caud/libd_chr15-chr15_all-libd_chr15-chr15_all-691250-711249-dynamic-1corestotal-allcorepera-20240504-015415.rds"
[1] "File number: 270"
[1] "Loaded RDS file: ..//output_EXPANSE_a2_caud/libd_chr15-chr15_all-libd_chr15-chr15_all-711250-731249-dynamic-1corestotal-allcorepera-20240504-015516.rds"
[1] "File number: 271"
[1] "Loaded RDS file: ..//output_EXPANSE_a2_caud/libd_chr15-chr15_all-libd_chr15-chr15_all-731250-751249-dynamic-1corestotal-allcorepera-20240504-015617.rds"
[1] "File number: 272"
[1] "Loaded RDS file: ..//output_EXPANSE_a2_caud/libd_chr15-chr15_all-libd_chr15-chr15_all-751250-771249-dynamic-1corestotal-allcorepera-20240504-015718.rds"
[1] "File number: 273"
[1] "Loaded RDS file: ..//output_EXPANSE_a2_caud/libd_chr15-chr15_all-libd_chr15-chr15_all-771250-786237-dynamic-1corestotal-allcorepera-20240504-015819.rds"
[1] "File number: 274"
[1] "Loaded RDS file: ..//output_EXPANSE_a2_dlpfc/libd_chr15-chr15_all-libd_chr15-chr15_all-11250-31249-dynamic-1corestotal-allcorepera-20240504-031846.rds"
[1] "File number: 275"
[1] "Loaded RDS file: ..//output_EXPANSE_a2_dlpfc/libd_chr15-chr15_all-libd_chr15-chr15_all-31250-51249-dynamic-1corestotal-allcorepera-20240504-031947.rds"
[1] "File number: 276"
[1] "Loaded RDS file: ..//output_EXPANSE_a2_dlpfc/libd_chr15-chr15_all-libd_chr15-chr15_all-51250-71249-dynamic-1corestotal-allcorepera-20240504-032048.rds"
[1] "File number: 277"
[1] "Loaded RDS file: ..//output_EXPANSE_a2_dlpfc/libd_chr15-chr15_all-libd_chr15-chr15_all-71250-91249-dynamic-1corestotal-allcorepera-20240504-032149.rds"
[1] "File number: 278"
[1] "Loaded RDS file: ..//output_EXPANSE_a2_dlpfc/libd_chr15-chr15_all-libd_chr15-chr15_all-91250-111249-dynamic-1corestotal-allcorepera-20240504-032251.rds"
[1] "File number: 279"
[1] "Loaded RDS file: ..//output_EXPANSE_a2_dlpfc/libd_chr15-chr15_all-libd_chr15-chr15_all-111250-131249-dynamic-1corestotal-allcorepera-20240504-032352.rds"
[1] "File number: 280"
[1] "Loaded RDS file: ..//output_EXPANSE_a2_dlpfc/libd_chr15-chr15_all-libd_chr15-chr15_all-131250-151249-dynamic-1corestotal-allcorepera-20240504-032453.rds"
[1] "File number: 281"
[1] "Loaded RDS file: ..//output_EXPANSE_a2_dlpfc/libd_chr15-chr15_all-libd_chr15-chr15_all-151250-171249-dynamic-1corestotal-allcorepera-20240504-032554.rds"
[1] "File number: 282"
[1] "Loaded RDS file: ..//output_EXPANSE_a2_dlpfc/libd_chr15-chr15_all-libd_chr15-chr15_all-171250-191249-dynamic-1corestotal-allcorepera-20240504-032655.rds"
[1] "File number: 283"
[1] "Loaded RDS file: ..//output_EXPANSE_a2_dlpfc/libd_chr15-chr15_all-libd_chr15-chr15_all-191250-211249-dynamic-1corestotal-allcorepera-20240504-032756.rds"
[1] "File number: 284"
[1] "Loaded RDS file: ..//output_EXPANSE_a2_dlpfc/libd_chr15-chr15_all-libd_chr15-chr15_all-211250-231249-dynamic-1corestotal-allcorepera-20240504-032857.rds"
[1] "File number: 285"
[1] "Loaded RDS file: ..//output_EXPANSE_a2_dlpfc/libd_chr15-chr15_all-libd_chr15-chr15_all-231250-251249-dynamic-1corestotal-allcorepera-20240504-032958.rds"
[1] "File number: 286"
[1] "Loaded RDS file: ..//output_EXPANSE_a2_dlpfc/libd_chr15-chr15_all-libd_chr15-chr15_all-251250-271249-dynamic-1corestotal-allcorepera-20240504-033059.rds"
[1] "File number: 287"
[1] "Loaded RDS file: ..//output_EXPANSE_a2_dlpfc/libd_chr15-chr15_all-libd_chr15-chr15_all-271250-291249-dynamic-1corestotal-allcorepera-20240504-033200.rds"
[1] "File number: 288"
[1] "Loaded RDS file: ..//output_EXPANSE_a2_dlpfc/libd_chr15-chr15_all-libd_chr15-chr15_all-291250-311249-dynamic-1corestotal-allcorepera-20240504-033302.rds"
[1] "File number: 289"
[1] "Loaded RDS file: ..//output_EXPANSE_a2_dlpfc/libd_chr15-chr15_all-libd_chr15-chr15_all-311250-331249-dynamic-1corestotal-allcorepera-20240504-033403.rds"
[1] "File number: 290"
[1] "Loaded RDS file: ..//output_EXPANSE_a2_dlpfc/libd_chr15-chr15_all-libd_chr15-chr15_all-331250-351249-dynamic-1corestotal-allcorepera-20240504-033504.rds"
[1] "File number: 291"
[1] "Loaded RDS file: ..//output_EXPANSE_a2_dlpfc/libd_chr15-chr15_all-libd_chr15-chr15_all-351250-371249-dynamic-1corestotal-allcorepera-20240504-033605.rds"
[1] "File number: 292"
[1] "Loaded RDS file: ..//output_EXPANSE_a2_dlpfc/libd_chr15-chr15_all-libd_chr15-chr15_all-371250-391249-dynamic-1corestotal-allcorepera-20240504-033706.rds"
[1] "File number: 293"
[1] "Loaded RDS file: ..//output_EXPANSE_a2_dlpfc/libd_chr15-chr15_all-libd_chr15-chr15_all-391250-411249-dynamic-1corestotal-allcorepera-20240504-033807.rds"
[1] "File number: 294"
[1] "Loaded RDS file: ..//output_EXPANSE_a2_dlpfc/libd_chr15-chr15_all-libd_chr15-chr15_all-411250-431249-dynamic-1corestotal-allcorepera-20240504-033908.rds"
[1] "File number: 295"
[1] "Loaded RDS file: ..//output_EXPANSE_a2_dlpfc/libd_chr15-chr15_all-libd_chr15-chr15_all-431250-451249-dynamic-1corestotal-allcorepera-20240504-034009.rds"
[1] "File number: 296"
[1] "Loaded RDS file: ..//output_EXPANSE_a2_dlpfc/libd_chr15-chr15_all-libd_chr15-chr15_all-451250-471249-dynamic-1corestotal-allcorepera-20240504-034110.rds"
[1] "File number: 297"
[1] "Loaded RDS file: ..//output_EXPANSE_a2_dlpfc/libd_chr15-chr15_all-libd_chr15-chr15_all-471250-491249-dynamic-1corestotal-allcorepera-20240504-034212.rds"
[1] "File number: 298"
[1] "Loaded RDS file: ..//output_EXPANSE_a2_dlpfc/libd_chr15-chr15_all-libd_chr15-chr15_all-491250-511249-dynamic-1corestotal-allcorepera-20240504-034313.rds"
[1] "File number: 299"
[1] "Loaded RDS file: ..//output_EXPANSE_a2_dlpfc/libd_chr15-chr15_all-libd_chr15-chr15_all-511250-531249-dynamic-1corestotal-allcorepera-20240504-034414.rds"
[1] "File number: 300"
[1] "Loaded RDS file: ..//output_EXPANSE_a2_dlpfc/libd_chr15-chr15_all-libd_chr15-chr15_all-531250-551249-dynamic-1corestotal-allcorepera-20240504-034515.rds"
[1] "File number: 301"
[1] "Loaded RDS file: ..//output_EXPANSE_a2_dlpfc/libd_chr15-chr15_all-libd_chr15-chr15_all-551250-571249-dynamic-1corestotal-allcorepera-20240504-034616.rds"
[1] "File number: 302"
[1] "Loaded RDS file: ..//output_EXPANSE_a2_dlpfc/libd_chr15-chr15_all-libd_chr15-chr15_all-571250-591249-dynamic-1corestotal-allcorepera-20240504-034717.rds"
[1] "File number: 303"
[1] "Loaded RDS file: ..//output_EXPANSE_a2_dlpfc/libd_chr15-chr15_all-libd_chr15-chr15_all-591250-611249-dynamic-1corestotal-allcorepera-20240504-034818.rds"
[1] "File number: 304"
[1] "Loaded RDS file: ..//output_EXPANSE_a2_dlpfc/libd_chr15-chr15_all-libd_chr15-chr15_all-611250-631249-dynamic-1corestotal-allcorepera-20240504-034919.rds"
[1] "File number: 305"
[1] "Loaded RDS file: ..//output_EXPANSE_a2_dlpfc/libd_chr15-chr15_all-libd_chr15-chr15_all-631250-651249-dynamic-1corestotal-allcorepera-20240504-035020.rds"
[1] "File number: 306"
[1] "Loaded RDS file: ..//output_EXPANSE_a2_dlpfc/libd_chr15-chr15_all-libd_chr15-chr15_all-651250-671249-dynamic-1corestotal-allcorepera-20240504-035122.rds"
[1] "File number: 307"
[1] "Loaded RDS file: ..//output_EXPANSE_a2_dlpfc/libd_chr15-chr15_all-libd_chr15-chr15_all-671250-691249-dynamic-1corestotal-allcorepera-20240504-035223.rds"
[1] "File number: 308"
[1] "Loaded RDS file: ..//output_EXPANSE_a2_dlpfc/libd_chr15-chr15_all-libd_chr15-chr15_all-691250-711249-dynamic-1corestotal-allcorepera-20240504-035324.rds"
[1] "File number: 309"
[1] "Loaded RDS file: ..//output_EXPANSE_a2_dlpfc/libd_chr15-chr15_all-libd_chr15-chr15_all-711250-731249-dynamic-1corestotal-allcorepera-20240504-035425.rds"
[1] "File number: 310"
[1] "Loaded RDS file: ..//output_EXPANSE_a2_dlpfc/libd_chr15-chr15_all-libd_chr15-chr15_all-731250-751249-dynamic-1corestotal-allcorepera-20240504-035526.rds"
[1] "File number: 311"
[1] "Loaded RDS file: ..//output_EXPANSE_a2_dlpfc/libd_chr15-chr15_all-libd_chr15-chr15_all-751250-771249-dynamic-1corestotal-allcorepera-20240504-035627.rds"
[1] "File number: 312"
[1] "Loaded RDS file: ..//output_EXPANSE_a2_dlpfc/libd_chr15-chr15_all-libd_chr15-chr15_all-771250-786237-dynamic-1corestotal-allcorepera-20240504-035728.rds"
[1] "File number: 313"
[1] "Loaded RDS file: ..//output_EXPANSE_a2_hippo/libd_chr15-chr15_all-libd_chr15-chr15_all-11250-31249-dynamic-1corestotal-allcorepera-20240504-051755.rds"
[1] "File number: 314"
[1] "Loaded RDS file: ..//output_EXPANSE_a2_hippo/libd_chr15-chr15_all-libd_chr15-chr15_all-31250-51249-dynamic-1corestotal-allcorepera-20240504-051856.rds"
[1] "File number: 315"
[1] "Loaded RDS file: ..//output_EXPANSE_a2_hippo/libd_chr15-chr15_all-libd_chr15-chr15_all-51250-71249-dynamic-1corestotal-allcorepera-20240504-051957.rds"
[1] "File number: 316"
[1] "Loaded RDS file: ..//output_EXPANSE_a2_hippo/libd_chr15-chr15_all-libd_chr15-chr15_all-71250-91249-dynamic-1corestotal-allcorepera-20240504-052058.rds"
[1] "File number: 317"
[1] "Loaded RDS file: ..//output_EXPANSE_a2_hippo/libd_chr15-chr15_all-libd_chr15-chr15_all-91250-111249-dynamic-1corestotal-allcorepera-20240504-052159.rds"
[1] "File number: 318"
[1] "Loaded RDS file: ..//output_EXPANSE_a2_hippo/libd_chr15-chr15_all-libd_chr15-chr15_all-111250-131249-dynamic-1corestotal-allcorepera-20240504-052300.rds"
[1] "File number: 319"
[1] "Loaded RDS file: ..//output_EXPANSE_a2_hippo/libd_chr15-chr15_all-libd_chr15-chr15_all-131250-151249-dynamic-1corestotal-allcorepera-20240504-052401.rds"
[1] "File number: 320"
[1] "Loaded RDS file: ..//output_EXPANSE_a2_hippo/libd_chr15-chr15_all-libd_chr15-chr15_all-151250-171249-dynamic-1corestotal-allcorepera-20240504-052503.rds"
[1] "File number: 321"
[1] "Loaded RDS file: ..//output_EXPANSE_a2_hippo/libd_chr15-chr15_all-libd_chr15-chr15_all-171250-191249-dynamic-1corestotal-allcorepera-20240504-052604.rds"
[1] "File number: 322"
[1] "Loaded RDS file: ..//output_EXPANSE_a2_hippo/libd_chr15-chr15_all-libd_chr15-chr15_all-191250-211249-dynamic-1corestotal-allcorepera-20240504-052705.rds"
[1] "File number: 323"
[1] "Loaded RDS file: ..//output_EXPANSE_a2_hippo/libd_chr15-chr15_all-libd_chr15-chr15_all-211250-231249-dynamic-1corestotal-allcorepera-20240504-052806.rds"
[1] "File number: 324"
[1] "Loaded RDS file: ..//output_EXPANSE_a2_hippo/libd_chr15-chr15_all-libd_chr15-chr15_all-231250-251249-dynamic-1corestotal-allcorepera-20240504-052907.rds"
[1] "File number: 325"
[1] "Loaded RDS file: ..//output_EXPANSE_a2_hippo/libd_chr15-chr15_all-libd_chr15-chr15_all-251250-271249-dynamic-1corestotal-allcorepera-20240504-053008.rds"
[1] "File number: 326"
[1] "Loaded RDS file: ..//output_EXPANSE_a2_hippo/libd_chr15-chr15_all-libd_chr15-chr15_all-271250-291249-dynamic-1corestotal-allcorepera-20240504-053109.rds"
[1] "File number: 327"
[1] "Loaded RDS file: ..//output_EXPANSE_a2_hippo/libd_chr15-chr15_all-libd_chr15-chr15_all-291250-311249-dynamic-1corestotal-allcorepera-20240504-053210.rds"
[1] "File number: 328"
[1] "Loaded RDS file: ..//output_EXPANSE_a2_hippo/libd_chr15-chr15_all-libd_chr15-chr15_all-311250-331249-dynamic-1corestotal-allcorepera-20240504-053311.rds"
[1] "File number: 329"
[1] "Loaded RDS file: ..//output_EXPANSE_a2_hippo/libd_chr15-chr15_all-libd_chr15-chr15_all-331250-351249-dynamic-1corestotal-allcorepera-20240504-053413.rds"
[1] "File number: 330"
[1] "Loaded RDS file: ..//output_EXPANSE_a2_hippo/libd_chr15-chr15_all-libd_chr15-chr15_all-351250-371249-dynamic-1corestotal-allcorepera-20240504-053514.rds"
[1] "File number: 331"
[1] "Loaded RDS file: ..//output_EXPANSE_a2_hippo/libd_chr15-chr15_all-libd_chr15-chr15_all-371250-391249-dynamic-1corestotal-allcorepera-20240504-053615.rds"
[1] "File number: 332"
[1] "Loaded RDS file: ..//output_EXPANSE_a2_hippo/libd_chr15-chr15_all-libd_chr15-chr15_all-391250-411249-dynamic-1corestotal-allcorepera-20240504-053716.rds"
[1] "File number: 333"
[1] "Loaded RDS file: ..//output_EXPANSE_a2_hippo/libd_chr15-chr15_all-libd_chr15-chr15_all-411250-431249-dynamic-1corestotal-allcorepera-20240504-053817.rds"
[1] "File number: 334"
[1] "Loaded RDS file: ..//output_EXPANSE_a2_hippo/libd_chr15-chr15_all-libd_chr15-chr15_all-431250-451249-dynamic-1corestotal-allcorepera-20240504-053918.rds"
[1] "File number: 335"
[1] "Loaded RDS file: ..//output_EXPANSE_a2_hippo/libd_chr15-chr15_all-libd_chr15-chr15_all-451250-471249-dynamic-1corestotal-allcorepera-20240504-054019.rds"
[1] "File number: 336"
[1] "Loaded RDS file: ..//output_EXPANSE_a2_hippo/libd_chr15-chr15_all-libd_chr15-chr15_all-471250-491249-dynamic-1corestotal-allcorepera-20240504-054120.rds"
[1] "File number: 337"
[1] "Loaded RDS file: ..//output_EXPANSE_a2_hippo/libd_chr15-chr15_all-libd_chr15-chr15_all-491250-511249-dynamic-1corestotal-allcorepera-20240504-054221.rds"
[1] "File number: 338"
[1] "Loaded RDS file: ..//output_EXPANSE_a2_hippo/libd_chr15-chr15_all-libd_chr15-chr15_all-511250-531249-dynamic-1corestotal-allcorepera-20240504-054323.rds"
[1] "File number: 339"
[1] "Loaded RDS file: ..//output_EXPANSE_a2_hippo/libd_chr15-chr15_all-libd_chr15-chr15_all-531250-551249-dynamic-1corestotal-allcorepera-20240504-054424.rds"
[1] "File number: 340"
[1] "Loaded RDS file: ..//output_EXPANSE_a2_hippo/libd_chr15-chr15_all-libd_chr15-chr15_all-551250-571249-dynamic-1corestotal-allcorepera-20240504-054525.rds"
[1] "File number: 341"
[1] "Loaded RDS file: ..//output_EXPANSE_a2_hippo/libd_chr15-chr15_all-libd_chr15-chr15_all-571250-591249-dynamic-1corestotal-allcorepera-20240504-054626.rds"
[1] "File number: 342"
[1] "Loaded RDS file: ..//output_EXPANSE_a2_hippo/libd_chr15-chr15_all-libd_chr15-chr15_all-591250-611249-dynamic-1corestotal-allcorepera-20240504-054727.rds"
[1] "File number: 343"
[1] "Loaded RDS file: ..//output_EXPANSE_a2_hippo/libd_chr15-chr15_all-libd_chr15-chr15_all-611250-631249-dynamic-1corestotal-allcorepera-20240504-054828.rds"
[1] "File number: 344"
[1] "Loaded RDS file: ..//output_EXPANSE_a2_hippo/libd_chr15-chr15_all-libd_chr15-chr15_all-631250-651249-dynamic-1corestotal-allcorepera-20240504-054929.rds"
[1] "File number: 345"
[1] "Loaded RDS file: ..//output_EXPANSE_a2_hippo/libd_chr15-chr15_all-libd_chr15-chr15_all-651250-671249-dynamic-1corestotal-allcorepera-20240504-055030.rds"
[1] "File number: 346"
[1] "Loaded RDS file: ..//output_EXPANSE_a2_hippo/libd_chr15-chr15_all-libd_chr15-chr15_all-671250-691249-dynamic-1corestotal-allcorepera-20240504-055131.rds"
[1] "File number: 347"
[1] "Loaded RDS file: ..//output_EXPANSE_a2_hippo/libd_chr15-chr15_all-libd_chr15-chr15_all-691250-711249-dynamic-1corestotal-allcorepera-20240504-055233.rds"
[1] "File number: 348"
[1] "Loaded RDS file: ..//output_EXPANSE_a2_hippo/libd_chr15-chr15_all-libd_chr15-chr15_all-711250-731249-dynamic-1corestotal-allcorepera-20240504-055334.rds"
[1] "File number: 349"
[1] "Loaded RDS file: ..//output_EXPANSE_a2_hippo/libd_chr15-chr15_all-libd_chr15-chr15_all-731250-751249-dynamic-1corestotal-allcorepera-20240504-055435.rds"
[1] "File number: 350"
[1] "Loaded RDS file: ..//output_EXPANSE_a2_hippo/libd_chr15-chr15_all-libd_chr15-chr15_all-751250-771249-dynamic-1corestotal-allcorepera-20240504-055536.rds"
[1] "File number: 351"
[1] "Loaded RDS file: ..//output_EXPANSE_a2_hippo/libd_chr15-chr15_all-libd_chr15-chr15_all-771250-786237-dynamic-1corestotal-allcorepera-20240504-055637.rds"
