[1] "Starting genome file processing"
[1] "Processing genome file index: 17"
[1] "Loaded SNP data"
[1] "Files for this Chr:"
[1] 505
[1] "File number: 1"
[1] "Loaded RDS file: ..//output_EXPANSE_a2_caud/libd_chr17-chr17_AA-libd_chr17-chr17_AA-1513-21512-dynamic-1corestotal-allcorepera-20240507-181732.rds"
[1] "File number: 2"
[1] "Loaded RDS file: ..//output_EXPANSE_a2_caud/libd_chr17-chr17_AA-libd_chr17-chr17_AA-21513-41512-dynamic-1corestotal-allcorepera-20240507-181835.rds"
[1] "File number: 3"
[1] "Loaded RDS file: ..//output_EXPANSE_a2_caud/libd_chr17-chr17_AA-libd_chr17-chr17_AA-41513-61512-dynamic-1corestotal-allcorepera-20240523-091349.rds"
[1] "File number: 4"
[1] "Loaded RDS file: ..//output_EXPANSE_a2_caud/libd_chr17-chr17_AA-libd_chr17-chr17_AA-61513-81512-dynamic-1corestotal-allcorepera-20240523-091450.rds"
[1] "File number: 5"
[1] "Loaded RDS file: ..//output_EXPANSE_a2_caud/libd_chr17-chr17_AA-libd_chr17-chr17_AA-81513-101512-dynamic-1corestotal-allcorepera-20240523-091552.rds"
[1] "File number: 6"
[1] "Loaded RDS file: ..//output_EXPANSE_a2_caud/libd_chr17-chr17_AA-libd_chr17-chr17_AA-101513-121512-dynamic-1corestotal-allcorepera-20240507-182239.rds"
[1] "File number: 7"
[1] "Loaded RDS file: ..//output_EXPANSE_a2_caud/libd_chr17-chr17_AA-libd_chr17-chr17_AA-121513-141512-dynamic-1corestotal-allcorepera-20240507-182341.rds"
[1] "File number: 8"
[1] "Loaded RDS file: ..//output_EXPANSE_a2_caud/libd_chr17-chr17_AA-libd_chr17-chr17_AA-141513-161512-dynamic-1corestotal-allcorepera-20240507-182442.rds"
[1] "File number: 9"
[1] "Loaded RDS file: ..//output_EXPANSE_a2_caud/libd_chr17-chr17_AA-libd_chr17-chr17_AA-161513-181512-dynamic-1corestotal-allcorepera-20240507-182543.rds"
[1] "File number: 10"
[1] "Loaded RDS file: ..//output_EXPANSE_a2_caud/libd_chr17-chr17_AA-libd_chr17-chr17_AA-181513-201512-dynamic-1corestotal-allcorepera-20240507-182644.rds"
[1] "File number: 11"
[1] "Loaded RDS file: ..//output_EXPANSE_a2_caud/libd_chr17-chr17_AA-libd_chr17-chr17_AA-201513-221512-dynamic-1corestotal-allcorepera-20240507-182745.rds"
[1] "File number: 12"
[1] "Loaded RDS file: ..//output_EXPANSE_a2_caud/libd_chr17-chr17_AA-libd_chr17-chr17_AA-221513-241512-dynamic-1corestotal-allcorepera-20240507-182846.rds"
[1] "File number: 13"
[1] "Loaded RDS file: ..//output_EXPANSE_a2_caud/libd_chr17-chr17_AA-libd_chr17-chr17_AA-241513-261512-dynamic-1corestotal-allcorepera-20240507-182947.rds"
[1] "File number: 14"
[1] "Loaded RDS file: ..//output_EXPANSE_a2_caud/libd_chr17-chr17_AA-libd_chr17-chr17_AA-261513-281512-dynamic-1corestotal-allcorepera-20240507-183049.rds"
[1] "File number: 15"
[1] "Loaded RDS file: ..//output_EXPANSE_a2_caud/libd_chr17-chr17_AA-libd_chr17-chr17_AA-281513-301512-dynamic-1corestotal-allcorepera-20240523-091654.rds"
[1] "File number: 16"
[1] "Loaded RDS file: ..//output_EXPANSE_a2_caud/libd_chr17-chr17_AA-libd_chr17-chr17_AA-301513-321512-dynamic-1corestotal-allcorepera-20240523-091756.rds"
[1] "File number: 17"
[1] "Loaded RDS file: ..//output_EXPANSE_a2_caud/libd_chr17-chr17_AA-libd_chr17-chr17_AA-321513-341512-dynamic-1corestotal-allcorepera-20240523-091857.rds"
[1] "File number: 18"
[1] "Loaded RDS file: ..//output_EXPANSE_a2_caud/libd_chr17-chr17_AA-libd_chr17-chr17_AA-341513-361512-dynamic-1corestotal-allcorepera-20240523-091958.rds"
[1] "File number: 19"
[1] "Loaded RDS file: ..//output_EXPANSE_a2_caud/libd_chr17-chr17_AA-libd_chr17-chr17_AA-361513-381512-dynamic-1corestotal-allcorepera-20240523-092059.rds"
[1] "File number: 20"
[1] "Loaded RDS file: ..//output_EXPANSE_a2_caud/libd_chr17-chr17_AA-libd_chr17-chr17_AA-381513-401512-dynamic-1corestotal-allcorepera-20240523-092201.rds"
[1] "File number: 21"
[1] "Loaded RDS file: ..//output_EXPANSE_a2_caud/libd_chr17-chr17_AA-libd_chr17-chr17_AA-401513-421512-dynamic-1corestotal-allcorepera-20240523-092305.rds"
[1] "File number: 22"
[1] "Loaded RDS file: ..//output_EXPANSE_a2_caud/libd_chr17-chr17_AA-libd_chr17-chr17_AA-421513-441512-dynamic-1corestotal-allcorepera-20240523-092406.rds"
[1] "File number: 23"
[1] "Loaded RDS file: ..//output_EXPANSE_a2_caud/libd_chr17-chr17_AA-libd_chr17-chr17_AA-441513-461512-dynamic-1corestotal-allcorepera-20240523-092507.rds"
[1] "File number: 24"
[1] "Loaded RDS file: ..//output_EXPANSE_a2_caud/libd_chr17-chr17_AA-libd_chr17-chr17_AA-461513-481512-dynamic-1corestotal-allcorepera-20240523-092608.rds"
[1] "File number: 25"
[1] "Loaded RDS file: ..//output_EXPANSE_a2_caud/libd_chr17-chr17_AA-libd_chr17-chr17_AA-481513-501512-dynamic-1corestotal-allcorepera-20240523-092710.rds"
[1] "File number: 26"
[1] "Loaded RDS file: ..//output_EXPANSE_a2_caud/libd_chr17-chr17_AA-libd_chr17-chr17_AA-501513-521512-dynamic-1corestotal-allcorepera-20240523-092811.rds"
[1] "File number: 27"
[1] "Loaded RDS file: ..//output_EXPANSE_a2_caud/libd_chr17-chr17_AA-libd_chr17-chr17_AA-521513-541512-dynamic-1corestotal-allcorepera-20240523-092912.rds"
[1] "File number: 28"
[1] "Loaded RDS file: ..//output_EXPANSE_a2_caud/libd_chr17-chr17_AA-libd_chr17-chr17_AA-541513-561512-dynamic-1corestotal-allcorepera-20240523-093014.rds"
[1] "File number: 29"
[1] "Loaded RDS file: ..//output_EXPANSE_a2_caud/libd_chr17-chr17_AA-libd_chr17-chr17_AA-561513-581512-dynamic-1corestotal-allcorepera-20240523-093115.rds"
[1] "File number: 30"
[1] "Loaded RDS file: ..//output_EXPANSE_a2_caud/libd_chr17-chr17_AA-libd_chr17-chr17_AA-581513-601512-dynamic-1corestotal-allcorepera-20240523-093216.rds"
[1] "File number: 31"
[1] "Loaded RDS file: ..//output_EXPANSE_a2_caud/libd_chr17-chr17_AA-libd_chr17-chr17_AA-601513-621512-dynamic-1corestotal-allcorepera-20240523-093317.rds"
[1] "File number: 32"
[1] "Loaded RDS file: ..//output_EXPANSE_a2_caud/libd_chr17-chr17_AA-libd_chr17-chr17_AA-621513-641512-dynamic-1corestotal-allcorepera-20240523-093419.rds"
[1] "File number: 33"
[1] "Loaded RDS file: ..//output_EXPANSE_a2_caud/libd_chr17-chr17_AA-libd_chr17-chr17_AA-641513-661512-dynamic-1corestotal-allcorepera-20240523-093520.rds"
[1] "File number: 34"
[1] "Loaded RDS file: ..//output_EXPANSE_a2_caud/libd_chr17-chr17_AA-libd_chr17-chr17_AA-661513-681512-dynamic-1corestotal-allcorepera-20240523-093621.rds"
[1] "File number: 35"
[1] "Loaded RDS file: ..//output_EXPANSE_a2_caud/libd_chr17-chr17_AA-libd_chr17-chr17_AA-681513-701512-dynamic-1corestotal-allcorepera-20240523-093722.rds"
[1] "File number: 36"
[1] "Loaded RDS file: ..//output_EXPANSE_a2_caud/libd_chr17-chr17_AA-libd_chr17-chr17_AA-701513-721512-dynamic-1corestotal-allcorepera-20240523-093824.rds"
[1] "File number: 37"
[1] "Loaded RDS file: ..//output_EXPANSE_a2_caud/libd_chr17-chr17_AA-libd_chr17-chr17_AA-721513-741512-dynamic-1corestotal-allcorepera-20240523-093925.rds"
[1] "File number: 38"
[1] "Loaded RDS file: ..//output_EXPANSE_a2_caud/libd_chr17-chr17_AA-libd_chr17-chr17_AA-741513-761512-dynamic-1corestotal-allcorepera-20240523-094026.rds"
[1] "File number: 39"
[1] "Loaded RDS file: ..//output_EXPANSE_a2_caud/libd_chr17-chr17_AA-libd_chr17-chr17_AA-761513-781512-dynamic-1corestotal-allcorepera-20240523-094127.rds"
[1] "File number: 40"
[1] "Loaded RDS file: ..//output_EXPANSE_a2_caud/libd_chr17-chr17_AA-libd_chr17-chr17_AA-781513-801512-dynamic-1corestotal-allcorepera-20240523-094229.rds"
[1] "File number: 41"
[1] "Loaded RDS file: ..//output_EXPANSE_a2_caud/libd_chr17-chr17_AA-libd_chr17-chr17_AA-801513-821512-dynamic-1corestotal-allcorepera-20240523-094330.rds"
[1] "File number: 42"
[1] "Loaded RDS file: ..//output_EXPANSE_a2_caud/libd_chr17-chr17_AA-libd_chr17-chr17_AA-821513-841512-dynamic-1corestotal-allcorepera-20240523-094431.rds"
[1] "File number: 43"
[1] "Loaded RDS file: ..//output_EXPANSE_a2_caud/libd_chr17-chr17_AA-libd_chr17-chr17_AA-841513-861512-dynamic-1corestotal-allcorepera-20240523-094532.rds"
[1] "File number: 44"
[1] "Loaded RDS file: ..//output_EXPANSE_a2_caud/libd_chr17-chr17_AA-libd_chr17-chr17_AA-861513-881512-dynamic-1corestotal-allcorepera-20240523-094634.rds"
[1] "File number: 45"
[1] "Loaded RDS file: ..//output_EXPANSE_a2_caud/libd_chr17-chr17_AA-libd_chr17-chr17_AA-881513-901512-dynamic-1corestotal-allcorepera-20240523-094735.rds"
[1] "File number: 46"
[1] "Loaded RDS file: ..//output_EXPANSE_a2_caud/libd_chr17-chr17_AA-libd_chr17-chr17_AA-901513-921512-dynamic-1corestotal-allcorepera-20240523-094836.rds"
[1] "File number: 47"
[1] "Loaded RDS file: ..//output_EXPANSE_a2_caud/libd_chr17-chr17_AA-libd_chr17-chr17_AA-921513-941512-dynamic-1corestotal-allcorepera-20240523-094938.rds"
[1] "File number: 48"
[1] "Loaded RDS file: ..//output_EXPANSE_a2_caud/libd_chr17-chr17_AA-libd_chr17-chr17_AA-941513-961512-dynamic-1corestotal-allcorepera-20240523-095039.rds"
[1] "File number: 49"
[1] "Loaded RDS file: ..//output_EXPANSE_a2_caud/libd_chr17-chr17_AA-libd_chr17-chr17_AA-961513-981512-dynamic-1corestotal-allcorepera-20240523-095140.rds"
[1] "File number: 50"
[1] "Loaded RDS file: ..//output_EXPANSE_a2_caud/libd_chr17-chr17_AA-libd_chr17-chr17_AA-981513-1001512-dynamic-1corestotal-allcorepera-20240523-095241.rds"
[1] "File number: 51"
[1] "Loaded RDS file: ..//output_EXPANSE_a2_caud/libd_chr17-chr17_AA-libd_chr17-chr17_AA-1001513-1021512-dynamic-1corestotal-allcorepera-20240508-094555.rds"
[1] "File number: 52"
[1] "Loaded RDS file: ..//output_EXPANSE_a2_caud/libd_chr17-chr17_AA-libd_chr17-chr17_AA-1021513-1041512-dynamic-1corestotal-allcorepera-20240508-094657.rds"
[1] "File number: 53"
[1] "Loaded RDS file: ..//output_EXPANSE_a2_caud/libd_chr17-chr17_AA-libd_chr17-chr17_AA-1041513-1061512-dynamic-1corestotal-allcorepera-20240508-094758.rds"
[1] "File number: 54"
[1] "Loaded RDS file: ..//output_EXPANSE_a2_caud/libd_chr17-chr17_AA-libd_chr17-chr17_AA-1061513-1081512-dynamic-1corestotal-allcorepera-20240508-094859.rds"
[1] "File number: 55"
[1] "Loaded RDS file: ..//output_EXPANSE_a2_caud/libd_chr17-chr17_AA-libd_chr17-chr17_AA-1081513-1101512-dynamic-1corestotal-allcorepera-20240508-095000.rds"
[1] "File number: 56"
[1] "Loaded RDS file: ..//output_EXPANSE_a2_caud/libd_chr17-chr17_AA-libd_chr17-chr17_AA-1101513-1119214-dynamic-1corestotal-allcorepera-20240508-095102.rds"
[1] "File number: 57"
[1] "Loaded RDS file: ..//output_EXPANSE_a2_dlpfc/libd_chr17-chr17_AA-libd_chr17-chr17_AA-1513-21512-dynamic-1corestotal-allcorepera-20240509-151139.rds"
[1] "File number: 58"
[1] "Loaded RDS file: ..//output_EXPANSE_a2_dlpfc/libd_chr17-chr17_AA-libd_chr17-chr17_AA-21513-41512-dynamic-1corestotal-allcorepera-20240509-151240.rds"
[1] "File number: 59"
[1] "Loaded RDS file: ..//output_EXPANSE_a2_dlpfc/libd_chr17-chr17_AA-libd_chr17-chr17_AA-41513-61512-dynamic-1corestotal-allcorepera-20240509-151341.rds"
[1] "File number: 60"
[1] "Loaded RDS file: ..//output_EXPANSE_a2_dlpfc/libd_chr17-chr17_AA-libd_chr17-chr17_AA-61513-81512-dynamic-1corestotal-allcorepera-20240509-151442.rds"
[1] "File number: 61"
[1] "Loaded RDS file: ..//output_EXPANSE_a2_dlpfc/libd_chr17-chr17_AA-libd_chr17-chr17_AA-81513-101512-dynamic-1corestotal-allcorepera-20240509-151545.rds"
[1] "File number: 62"
[1] "Loaded RDS file: ..//output_EXPANSE_a2_dlpfc/libd_chr17-chr17_AA-libd_chr17-chr17_AA-101513-121512-dynamic-1corestotal-allcorepera-20240509-151646.rds"
[1] "File number: 63"
[1] "Loaded RDS file: ..//output_EXPANSE_a2_dlpfc/libd_chr17-chr17_AA-libd_chr17-chr17_AA-121513-141512-dynamic-1corestotal-allcorepera-20240509-151747.rds"
[1] "File number: 64"
[1] "Loaded RDS file: ..//output_EXPANSE_a2_dlpfc/libd_chr17-chr17_AA-libd_chr17-chr17_AA-141513-161512-dynamic-1corestotal-allcorepera-20240509-151849.rds"
[1] "File number: 65"
[1] "Loaded RDS file: ..//output_EXPANSE_a2_dlpfc/libd_chr17-chr17_AA-libd_chr17-chr17_AA-161513-181512-dynamic-1corestotal-allcorepera-20240509-151950.rds"
[1] "File number: 66"
[1] "Loaded RDS file: ..//output_EXPANSE_a2_dlpfc/libd_chr17-chr17_AA-libd_chr17-chr17_AA-181513-201512-dynamic-1corestotal-allcorepera-20240509-152051.rds"
[1] "File number: 67"
[1] "Loaded RDS file: ..//output_EXPANSE_a2_dlpfc/libd_chr17-chr17_AA-libd_chr17-chr17_AA-201513-221512-dynamic-1corestotal-allcorepera-20240509-152152.rds"
[1] "File number: 68"
[1] "Loaded RDS file: ..//output_EXPANSE_a2_dlpfc/libd_chr17-chr17_AA-libd_chr17-chr17_AA-221513-241512-dynamic-1corestotal-allcorepera-20240509-152253.rds"
[1] "File number: 69"
[1] "Loaded RDS file: ..//output_EXPANSE_a2_dlpfc/libd_chr17-chr17_AA-libd_chr17-chr17_AA-241513-261512-dynamic-1corestotal-allcorepera-20240509-152354.rds"
[1] "File number: 70"
[1] "Loaded RDS file: ..//output_EXPANSE_a2_dlpfc/libd_chr17-chr17_AA-libd_chr17-chr17_AA-261513-281512-dynamic-1corestotal-allcorepera-20240509-152455.rds"
[1] "File number: 71"
[1] "Loaded RDS file: ..//output_EXPANSE_a2_dlpfc/libd_chr17-chr17_AA-libd_chr17-chr17_AA-281513-301512-dynamic-1corestotal-allcorepera-20240508-114639.rds"
[1] "File number: 72"
[1] "Loaded RDS file: ..//output_EXPANSE_a2_dlpfc/libd_chr17-chr17_AA-libd_chr17-chr17_AA-301513-321512-dynamic-1corestotal-allcorepera-20240508-114740.rds"
[1] "File number: 73"
[1] "Loaded RDS file: ..//output_EXPANSE_a2_dlpfc/libd_chr17-chr17_AA-libd_chr17-chr17_AA-321513-341512-dynamic-1corestotal-allcorepera-20240508-114841.rds"
[1] "File number: 74"
[1] "Loaded RDS file: ..//output_EXPANSE_a2_dlpfc/libd_chr17-chr17_AA-libd_chr17-chr17_AA-341513-361512-dynamic-1corestotal-allcorepera-20240508-114943.rds"
[1] "File number: 75"
[1] "Loaded RDS file: ..//output_EXPANSE_a2_dlpfc/libd_chr17-chr17_AA-libd_chr17-chr17_AA-361513-381512-dynamic-1corestotal-allcorepera-20240508-115044.rds"
[1] "File number: 76"
[1] "Loaded RDS file: ..//output_EXPANSE_a2_dlpfc/libd_chr17-chr17_AA-libd_chr17-chr17_AA-381513-401512-dynamic-1corestotal-allcorepera-20240509-152557.rds"
[1] "File number: 77"
[1] "Loaded RDS file: ..//output_EXPANSE_a2_dlpfc/libd_chr17-chr17_AA-libd_chr17-chr17_AA-401513-421512-dynamic-1corestotal-allcorepera-20240509-152658.rds"
[1] "File number: 78"
[1] "Loaded RDS file: ..//output_EXPANSE_a2_dlpfc/libd_chr17-chr17_AA-libd_chr17-chr17_AA-421513-441512-dynamic-1corestotal-allcorepera-20240509-152759.rds"
[1] "File number: 79"
[1] "Loaded RDS file: ..//output_EXPANSE_a2_dlpfc/libd_chr17-chr17_AA-libd_chr17-chr17_AA-441513-461512-dynamic-1corestotal-allcorepera-20240508-115146.rds"
[1] "File number: 80"
[1] "Loaded RDS file: ..//output_EXPANSE_a2_dlpfc/libd_chr17-chr17_AA-libd_chr17-chr17_AA-461513-481512-dynamic-1corestotal-allcorepera-20240508-115247.rds"
[1] "File number: 81"
[1] "Loaded RDS file: ..//output_EXPANSE_a2_dlpfc/libd_chr17-chr17_AA-libd_chr17-chr17_AA-481513-501512-dynamic-1corestotal-allcorepera-20240509-152900.rds"
[1] "File number: 82"
[1] "Loaded RDS file: ..//output_EXPANSE_a2_dlpfc/libd_chr17-chr17_AA-libd_chr17-chr17_AA-501513-521512-dynamic-1corestotal-allcorepera-20240509-153001.rds"
[1] "File number: 83"
[1] "Loaded RDS file: ..//output_EXPANSE_a2_dlpfc/libd_chr17-chr17_AA-libd_chr17-chr17_AA-521513-541512-dynamic-1corestotal-allcorepera-20240509-153102.rds"
[1] "File number: 84"
[1] "Loaded RDS file: ..//output_EXPANSE_a2_dlpfc/libd_chr17-chr17_AA-libd_chr17-chr17_AA-541513-561512-dynamic-1corestotal-allcorepera-20240508-115349.rds"
[1] "File number: 85"
[1] "Loaded RDS file: ..//output_EXPANSE_a2_dlpfc/libd_chr17-chr17_AA-libd_chr17-chr17_AA-561513-581512-dynamic-1corestotal-allcorepera-20240509-153204.rds"
[1] "File number: 86"
[1] "Loaded RDS file: ..//output_EXPANSE_a2_dlpfc/libd_chr17-chr17_AA-libd_chr17-chr17_AA-581513-601512-dynamic-1corestotal-allcorepera-20240508-115450.rds"
[1] "File number: 87"
[1] "Loaded RDS file: ..//output_EXPANSE_a2_dlpfc/libd_chr17-chr17_AA-libd_chr17-chr17_AA-601513-621512-dynamic-1corestotal-allcorepera-20240508-115552.rds"
[1] "File number: 88"
[1] "Loaded RDS file: ..//output_EXPANSE_a2_dlpfc/libd_chr17-chr17_AA-libd_chr17-chr17_AA-621513-641512-dynamic-1corestotal-allcorepera-20240509-153305.rds"
[1] "File number: 89"
[1] "Loaded RDS file: ..//output_EXPANSE_a2_dlpfc/libd_chr17-chr17_AA-libd_chr17-chr17_AA-641513-661512-dynamic-1corestotal-allcorepera-20240509-153406.rds"
[1] "File number: 90"
[1] "Loaded RDS file: ..//output_EXPANSE_a2_dlpfc/libd_chr17-chr17_AA-libd_chr17-chr17_AA-661513-681512-dynamic-1corestotal-allcorepera-20240509-153507.rds"
[1] "File number: 91"
[1] "Loaded RDS file: ..//output_EXPANSE_a2_dlpfc/libd_chr17-chr17_AA-libd_chr17-chr17_AA-681513-701512-dynamic-1corestotal-allcorepera-20240509-153608.rds"
[1] "File number: 92"
[1] "Loaded RDS file: ..//output_EXPANSE_a2_dlpfc/libd_chr17-chr17_AA-libd_chr17-chr17_AA-701513-721512-dynamic-1corestotal-allcorepera-20240509-153709.rds"
[1] "File number: 93"
[1] "Loaded RDS file: ..//output_EXPANSE_a2_dlpfc/libd_chr17-chr17_AA-libd_chr17-chr17_AA-721513-741512-dynamic-1corestotal-allcorepera-20240509-153810.rds"
[1] "File number: 94"
[1] "Loaded RDS file: ..//output_EXPANSE_a2_dlpfc/libd_chr17-chr17_AA-libd_chr17-chr17_AA-741513-761512-dynamic-1corestotal-allcorepera-20240509-153912.rds"
[1] "File number: 95"
[1] "Loaded RDS file: ..//output_EXPANSE_a2_dlpfc/libd_chr17-chr17_AA-libd_chr17-chr17_AA-761513-781512-dynamic-1corestotal-allcorepera-20240509-154013.rds"
[1] "File number: 96"
[1] "Loaded RDS file: ..//output_EXPANSE_a2_dlpfc/libd_chr17-chr17_AA-libd_chr17-chr17_AA-781513-801512-dynamic-1corestotal-allcorepera-20240509-154114.rds"
[1] "File number: 97"
[1] "Loaded RDS file: ..//output_EXPANSE_a2_dlpfc/libd_chr17-chr17_AA-libd_chr17-chr17_AA-801513-821512-dynamic-1corestotal-allcorepera-20240509-154215.rds"
[1] "File number: 98"
[1] "Loaded RDS file: ..//output_EXPANSE_a2_dlpfc/libd_chr17-chr17_AA-libd_chr17-chr17_AA-821513-841512-dynamic-1corestotal-allcorepera-20240509-154316.rds"
[1] "File number: 99"
[1] "Loaded RDS file: ..//output_EXPANSE_a2_dlpfc/libd_chr17-chr17_AA-libd_chr17-chr17_AA-841513-861512-dynamic-1corestotal-allcorepera-20240509-154417.rds"
[1] "File number: 100"
[1] "Loaded RDS file: ..//output_EXPANSE_a2_dlpfc/libd_chr17-chr17_AA-libd_chr17-chr17_AA-861513-881512-dynamic-1corestotal-allcorepera-20240509-154518.rds"
[1] "File number: 101"
[1] "Loaded RDS file: ..//output_EXPANSE_a2_dlpfc/libd_chr17-chr17_AA-libd_chr17-chr17_AA-881513-901512-dynamic-1corestotal-allcorepera-20240509-154619.rds"
[1] "File number: 102"
[1] "Loaded RDS file: ..//output_EXPANSE_a2_dlpfc/libd_chr17-chr17_AA-libd_chr17-chr17_AA-901513-921512-dynamic-1corestotal-allcorepera-20240509-154721.rds"
[1] "File number: 103"
[1] "Loaded RDS file: ..//output_EXPANSE_a2_dlpfc/libd_chr17-chr17_AA-libd_chr17-chr17_AA-921513-941512-dynamic-1corestotal-allcorepera-20240509-154822.rds"
[1] "File number: 104"
[1] "Loaded RDS file: ..//output_EXPANSE_a2_dlpfc/libd_chr17-chr17_AA-libd_chr17-chr17_AA-941513-961512-dynamic-1corestotal-allcorepera-20240509-154924.rds"
[1] "File number: 105"
[1] "Loaded RDS file: ..//output_EXPANSE_a2_dlpfc/libd_chr17-chr17_AA-libd_chr17-chr17_AA-961513-981512-dynamic-1corestotal-allcorepera-20240509-155025.rds"
[1] "File number: 106"
[1] "Loaded RDS file: ..//output_EXPANSE_a2_dlpfc/libd_chr17-chr17_AA-libd_chr17-chr17_AA-981513-1001512-dynamic-1corestotal-allcorepera-20240509-155127.rds"
[1] "File number: 107"
[1] "Loaded RDS file: ..//output_EXPANSE_a2_dlpfc/libd_chr17-chr17_AA-libd_chr17-chr17_AA-1001513-1021512-dynamic-1corestotal-allcorepera-20240509-155228.rds"
[1] "File number: 108"
[1] "Loaded RDS file: ..//output_EXPANSE_a2_dlpfc/libd_chr17-chr17_AA-libd_chr17-chr17_AA-1021513-1041512-dynamic-1corestotal-allcorepera-20240509-155329.rds"
[1] "File number: 109"
[1] "Loaded RDS file: ..//output_EXPANSE_a2_dlpfc/libd_chr17-chr17_AA-libd_chr17-chr17_AA-1041513-1061512-dynamic-1corestotal-allcorepera-20240509-155430.rds"
[1] "File number: 110"
[1] "Loaded RDS file: ..//output_EXPANSE_a2_dlpfc/libd_chr17-chr17_AA-libd_chr17-chr17_AA-1061513-1081512-dynamic-1corestotal-allcorepera-20240509-155531.rds"
[1] "File number: 111"
[1] "Loaded RDS file: ..//output_EXPANSE_a2_dlpfc/libd_chr17-chr17_AA-libd_chr17-chr17_AA-1081513-1101512-dynamic-1corestotal-allcorepera-20240509-155632.rds"
[1] "File number: 112"
[1] "Loaded RDS file: ..//output_EXPANSE_a2_dlpfc/libd_chr17-chr17_AA-libd_chr17-chr17_AA-1101513-1119214-dynamic-1corestotal-allcorepera-20240509-155733.rds"
[1] "File number: 113"
[1] "Loaded RDS file: ..//output_EXPANSE_a2_hippo/libd_chr17-chr17_AA-libd_chr17-chr17_AA-1513-21512-dynamic-1corestotal-allcorepera-20240509-175255.rds"
[1] "File number: 114"
[1] "Loaded RDS file: ..//output_EXPANSE_a2_hippo/libd_chr17-chr17_AA-libd_chr17-chr17_AA-21513-41512-dynamic-1corestotal-allcorepera-20240509-175357.rds"
[1] "File number: 115"
[1] "Loaded RDS file: ..//output_EXPANSE_a2_hippo/libd_chr17-chr17_AA-libd_chr17-chr17_AA-41513-61512-dynamic-1corestotal-allcorepera-20240509-175458.rds"
[1] "File number: 116"
[1] "Loaded RDS file: ..//output_EXPANSE_a2_hippo/libd_chr17-chr17_AA-libd_chr17-chr17_AA-61513-81512-dynamic-1corestotal-allcorepera-20240509-175559.rds"
[1] "File number: 117"
[1] "Loaded RDS file: ..//output_EXPANSE_a2_hippo/libd_chr17-chr17_AA-libd_chr17-chr17_AA-81513-101512-dynamic-1corestotal-allcorepera-20240509-175700.rds"
[1] "File number: 118"
[1] "Loaded RDS file: ..//output_EXPANSE_a2_hippo/libd_chr17-chr17_AA-libd_chr17-chr17_AA-101513-121512-dynamic-1corestotal-allcorepera-20240509-175801.rds"
[1] "File number: 119"
[1] "Loaded RDS file: ..//output_EXPANSE_a2_hippo/libd_chr17-chr17_AA-libd_chr17-chr17_AA-121513-141512-dynamic-1corestotal-allcorepera-20240509-175902.rds"
[1] "File number: 120"
[1] "Loaded RDS file: ..//output_EXPANSE_a2_hippo/libd_chr17-chr17_AA-libd_chr17-chr17_AA-141513-161512-dynamic-1corestotal-allcorepera-20240509-180003.rds"
[1] "File number: 121"
[1] "Loaded RDS file: ..//output_EXPANSE_a2_hippo/libd_chr17-chr17_AA-libd_chr17-chr17_AA-161513-181512-dynamic-1corestotal-allcorepera-20240509-180105.rds"
[1] "File number: 122"
[1] "Loaded RDS file: ..//output_EXPANSE_a2_hippo/libd_chr17-chr17_AA-libd_chr17-chr17_AA-181513-201512-dynamic-1corestotal-allcorepera-20240509-180206.rds"
[1] "File number: 123"
[1] "Loaded RDS file: ..//output_EXPANSE_a2_hippo/libd_chr17-chr17_AA-libd_chr17-chr17_AA-201513-221512-dynamic-1corestotal-allcorepera-20240509-180307.rds"
[1] "File number: 124"
[1] "Loaded RDS file: ..//output_EXPANSE_a2_hippo/libd_chr17-chr17_AA-libd_chr17-chr17_AA-221513-241512-dynamic-1corestotal-allcorepera-20240509-180408.rds"
[1] "File number: 125"
[1] "Loaded RDS file: ..//output_EXPANSE_a2_hippo/libd_chr17-chr17_AA-libd_chr17-chr17_AA-241513-261512-dynamic-1corestotal-allcorepera-20240509-180509.rds"
[1] "File number: 126"
[1] "Loaded RDS file: ..//output_EXPANSE_a2_hippo/libd_chr17-chr17_AA-libd_chr17-chr17_AA-261513-281512-dynamic-1corestotal-allcorepera-20240509-180610.rds"
[1] "File number: 127"
[1] "Loaded RDS file: ..//output_EXPANSE_a2_hippo/libd_chr17-chr17_AA-libd_chr17-chr17_AA-281513-301512-dynamic-1corestotal-allcorepera-20240509-180711.rds"
[1] "File number: 128"
[1] "Loaded RDS file: ..//output_EXPANSE_a2_hippo/libd_chr17-chr17_AA-libd_chr17-chr17_AA-301513-321512-dynamic-1corestotal-allcorepera-20240509-180812.rds"
[1] "File number: 129"
[1] "Loaded RDS file: ..//output_EXPANSE_a2_hippo/libd_chr17-chr17_AA-libd_chr17-chr17_AA-321513-341512-dynamic-1corestotal-allcorepera-20240509-180914.rds"
[1] "File number: 130"
[1] "Loaded RDS file: ..//output_EXPANSE_a2_hippo/libd_chr17-chr17_AA-libd_chr17-chr17_AA-341513-361512-dynamic-1corestotal-allcorepera-20240509-181015.rds"
[1] "File number: 131"
[1] "Loaded RDS file: ..//output_EXPANSE_a2_hippo/libd_chr17-chr17_AA-libd_chr17-chr17_AA-361513-381512-dynamic-1corestotal-allcorepera-20240509-181116.rds"
[1] "File number: 132"
[1] "Loaded RDS file: ..//output_EXPANSE_a2_hippo/libd_chr17-chr17_AA-libd_chr17-chr17_AA-381513-401512-dynamic-1corestotal-allcorepera-20240509-181217.rds"
[1] "File number: 133"
[1] "Loaded RDS file: ..//output_EXPANSE_a2_hippo/libd_chr17-chr17_AA-libd_chr17-chr17_AA-401513-421512-dynamic-1corestotal-allcorepera-20240509-181318.rds"
[1] "File number: 134"
[1] "Loaded RDS file: ..//output_EXPANSE_a2_hippo/libd_chr17-chr17_AA-libd_chr17-chr17_AA-421513-441512-dynamic-1corestotal-allcorepera-20240509-181419.rds"
[1] "File number: 135"
[1] "Loaded RDS file: ..//output_EXPANSE_a2_hippo/libd_chr17-chr17_AA-libd_chr17-chr17_AA-441513-461512-dynamic-1corestotal-allcorepera-20240509-181520.rds"
[1] "File number: 136"
[1] "Loaded RDS file: ..//output_EXPANSE_a2_hippo/libd_chr17-chr17_AA-libd_chr17-chr17_AA-461513-481512-dynamic-1corestotal-allcorepera-20240509-181621.rds"
[1] "File number: 137"
[1] "Loaded RDS file: ..//output_EXPANSE_a2_hippo/libd_chr17-chr17_AA-libd_chr17-chr17_AA-481513-501512-dynamic-1corestotal-allcorepera-20240509-181723.rds"
[1] "File number: 138"
[1] "Loaded RDS file: ..//output_EXPANSE_a2_hippo/libd_chr17-chr17_AA-libd_chr17-chr17_AA-501513-521512-dynamic-1corestotal-allcorepera-20240509-181824.rds"
[1] "File number: 139"
[1] "Loaded RDS file: ..//output_EXPANSE_a2_hippo/libd_chr17-chr17_AA-libd_chr17-chr17_AA-521513-541512-dynamic-1corestotal-allcorepera-20240509-181925.rds"
[1] "File number: 140"
[1] "Loaded RDS file: ..//output_EXPANSE_a2_hippo/libd_chr17-chr17_AA-libd_chr17-chr17_AA-541513-561512-dynamic-1corestotal-allcorepera-20240509-182026.rds"
[1] "File number: 141"
[1] "Loaded RDS file: ..//output_EXPANSE_a2_hippo/libd_chr17-chr17_AA-libd_chr17-chr17_AA-561513-581512-dynamic-1corestotal-allcorepera-20240509-182127.rds"
[1] "File number: 142"
[1] "Loaded RDS file: ..//output_EXPANSE_a2_hippo/libd_chr17-chr17_AA-libd_chr17-chr17_AA-581513-601512-dynamic-1corestotal-allcorepera-20240509-182228.rds"
[1] "File number: 143"
[1] "Loaded RDS file: ..//output_EXPANSE_a2_hippo/libd_chr17-chr17_AA-libd_chr17-chr17_AA-601513-621512-dynamic-1corestotal-allcorepera-20240509-182329.rds"
[1] "File number: 144"
[1] "Loaded RDS file: ..//output_EXPANSE_a2_hippo/libd_chr17-chr17_AA-libd_chr17-chr17_AA-621513-641512-dynamic-1corestotal-allcorepera-20240509-182431.rds"
[1] "File number: 145"
[1] "Loaded RDS file: ..//output_EXPANSE_a2_hippo/libd_chr17-chr17_AA-libd_chr17-chr17_AA-641513-661512-dynamic-1corestotal-allcorepera-20240509-182532.rds"
[1] "File number: 146"
[1] "Loaded RDS file: ..//output_EXPANSE_a2_hippo/libd_chr17-chr17_AA-libd_chr17-chr17_AA-661513-681512-dynamic-1corestotal-allcorepera-20240509-182633.rds"
[1] "File number: 147"
[1] "Loaded RDS file: ..//output_EXPANSE_a2_hippo/libd_chr17-chr17_AA-libd_chr17-chr17_AA-681513-701512-dynamic-1corestotal-allcorepera-20240509-182734.rds"
[1] "File number: 148"
[1] "Loaded RDS file: ..//output_EXPANSE_a2_hippo/libd_chr17-chr17_AA-libd_chr17-chr17_AA-701513-721512-dynamic-1corestotal-allcorepera-20240509-182835.rds"
[1] "File number: 149"
[1] "Loaded RDS file: ..//output_EXPANSE_a2_hippo/libd_chr17-chr17_AA-libd_chr17-chr17_AA-721513-741512-dynamic-1corestotal-allcorepera-20240509-182936.rds"
[1] "File number: 150"
[1] "Loaded RDS file: ..//output_EXPANSE_a2_hippo/libd_chr17-chr17_AA-libd_chr17-chr17_AA-741513-761512-dynamic-1corestotal-allcorepera-20240509-183037.rds"
[1] "File number: 151"
[1] "Loaded RDS file: ..//output_EXPANSE_a2_hippo/libd_chr17-chr17_AA-libd_chr17-chr17_AA-761513-781512-dynamic-1corestotal-allcorepera-20240509-183138.rds"
[1] "File number: 152"
[1] "Loaded RDS file: ..//output_EXPANSE_a2_hippo/libd_chr17-chr17_AA-libd_chr17-chr17_AA-781513-801512-dynamic-1corestotal-allcorepera-20240509-183240.rds"
[1] "File number: 153"
[1] "Loaded RDS file: ..//output_EXPANSE_a2_hippo/libd_chr17-chr17_AA-libd_chr17-chr17_AA-801513-821512-dynamic-1corestotal-allcorepera-20240509-183341.rds"
[1] "File number: 154"
[1] "Loaded RDS file: ..//output_EXPANSE_a2_hippo/libd_chr17-chr17_AA-libd_chr17-chr17_AA-821513-841512-dynamic-1corestotal-allcorepera-20240509-183442.rds"
[1] "File number: 155"
[1] "Loaded RDS file: ..//output_EXPANSE_a2_hippo/libd_chr17-chr17_AA-libd_chr17-chr17_AA-841513-861512-dynamic-1corestotal-allcorepera-20240509-183543.rds"
[1] "File number: 156"
[1] "Loaded RDS file: ..//output_EXPANSE_a2_hippo/libd_chr17-chr17_AA-libd_chr17-chr17_AA-861513-881512-dynamic-1corestotal-allcorepera-20240509-183644.rds"
[1] "File number: 157"
[1] "Loaded RDS file: ..//output_EXPANSE_a2_hippo/libd_chr17-chr17_AA-libd_chr17-chr17_AA-881513-901512-dynamic-1corestotal-allcorepera-20240509-183745.rds"
[1] "File number: 158"
[1] "Loaded RDS file: ..//output_EXPANSE_a2_hippo/libd_chr17-chr17_AA-libd_chr17-chr17_AA-901513-921512-dynamic-1corestotal-allcorepera-20240509-183846.rds"
[1] "File number: 159"
[1] "Loaded RDS file: ..//output_EXPANSE_a2_hippo/libd_chr17-chr17_AA-libd_chr17-chr17_AA-921513-941512-dynamic-1corestotal-allcorepera-20240509-183947.rds"
[1] "File number: 160"
[1] "Loaded RDS file: ..//output_EXPANSE_a2_hippo/libd_chr17-chr17_AA-libd_chr17-chr17_AA-941513-961512-dynamic-1corestotal-allcorepera-20240509-184049.rds"
[1] "File number: 161"
[1] "Loaded RDS file: ..//output_EXPANSE_a2_hippo/libd_chr17-chr17_AA-libd_chr17-chr17_AA-961513-981512-dynamic-1corestotal-allcorepera-20240509-184150.rds"
[1] "File number: 162"
[1] "Loaded RDS file: ..//output_EXPANSE_a2_hippo/libd_chr17-chr17_AA-libd_chr17-chr17_AA-981513-1001512-dynamic-1corestotal-allcorepera-20240509-184251.rds"
[1] "File number: 163"
[1] "Loaded RDS file: ..//output_EXPANSE_a2_hippo/libd_chr17-chr17_AA-libd_chr17-chr17_AA-1001513-1021512-dynamic-1corestotal-allcorepera-20240509-184352.rds"
[1] "File number: 164"
[1] "Loaded RDS file: ..//output_EXPANSE_a2_hippo/libd_chr17-chr17_AA-libd_chr17-chr17_AA-1021513-1041512-dynamic-1corestotal-allcorepera-20240509-184453.rds"
[1] "File number: 165"
[1] "Loaded RDS file: ..//output_EXPANSE_a2_hippo/libd_chr17-chr17_AA-libd_chr17-chr17_AA-1041513-1061512-dynamic-1corestotal-allcorepera-20240509-184555.rds"
[1] "File number: 166"
[1] "Loaded RDS file: ..//output_EXPANSE_a2_hippo/libd_chr17-chr17_AA-libd_chr17-chr17_AA-1061513-1081512-dynamic-1corestotal-allcorepera-20240509-184657.rds"
[1] "File number: 167"
[1] "Loaded RDS file: ..//output_EXPANSE_a2_hippo/libd_chr17-chr17_AA-libd_chr17-chr17_AA-1081513-1101512-dynamic-1corestotal-allcorepera-20240509-184759.rds"
[1] "File number: 168"
[1] "Loaded RDS file: ..//output_EXPANSE_a2_hippo/libd_chr17-chr17_AA-libd_chr17-chr17_AA-1101513-1119214-dynamic-1corestotal-allcorepera-20240509-184900.rds"
[1] "File number: 169"
[1] "Loaded RDS file: ..//output_EXPANSE_a2_caud/libd_chr17-chr17_EA-libd_chr17-chr17_EA-1513-21512-dynamic-1corestotal-allcorepera-20240523-105058.rds"
[1] "File number: 170"
[1] "Loaded RDS file: ..//output_EXPANSE_a2_caud/libd_chr17-chr17_EA-libd_chr17-chr17_EA-21513-41512-dynamic-1corestotal-allcorepera-20240523-105200.rds"
[1] "File number: 171"
[1] "Loaded RDS file: ..//output_EXPANSE_a2_caud/libd_chr17-chr17_EA-libd_chr17-chr17_EA-41513-61512-dynamic-1corestotal-allcorepera-20240523-105302.rds"
[1] "File number: 172"
[1] "Loaded RDS file: ..//output_EXPANSE_a2_caud/libd_chr17-chr17_EA-libd_chr17-chr17_EA-61513-81512-dynamic-1corestotal-allcorepera-20240523-105404.rds"
[1] "File number: 173"
[1] "Loaded RDS file: ..//output_EXPANSE_a2_caud/libd_chr17-chr17_EA-libd_chr17-chr17_EA-81513-101512-dynamic-1corestotal-allcorepera-20240523-105506.rds"
[1] "File number: 174"
[1] "Loaded RDS file: ..//output_EXPANSE_a2_caud/libd_chr17-chr17_EA-libd_chr17-chr17_EA-101513-121512-dynamic-1corestotal-allcorepera-20240523-105607.rds"
[1] "File number: 175"
[1] "Loaded RDS file: ..//output_EXPANSE_a2_caud/libd_chr17-chr17_EA-libd_chr17-chr17_EA-121513-141512-dynamic-1corestotal-allcorepera-20240523-105708.rds"
[1] "File number: 176"
[1] "Loaded RDS file: ..//output_EXPANSE_a2_caud/libd_chr17-chr17_EA-libd_chr17-chr17_EA-141513-161512-dynamic-1corestotal-allcorepera-20240523-105810.rds"
[1] "File number: 177"
[1] "Loaded RDS file: ..//output_EXPANSE_a2_caud/libd_chr17-chr17_EA-libd_chr17-chr17_EA-161513-181512-dynamic-1corestotal-allcorepera-20240523-105911.rds"
[1] "File number: 178"
[1] "Loaded RDS file: ..//output_EXPANSE_a2_caud/libd_chr17-chr17_EA-libd_chr17-chr17_EA-181513-201512-dynamic-1corestotal-allcorepera-20240523-110012.rds"
[1] "File number: 179"
[1] "Loaded RDS file: ..//output_EXPANSE_a2_caud/libd_chr17-chr17_EA-libd_chr17-chr17_EA-201513-221512-dynamic-1corestotal-allcorepera-20240523-110113.rds"
[1] "File number: 180"
[1] "Loaded RDS file: ..//output_EXPANSE_a2_caud/libd_chr17-chr17_EA-libd_chr17-chr17_EA-221513-241512-dynamic-1corestotal-allcorepera-20240523-110215.rds"
[1] "File number: 181"
[1] "Loaded RDS file: ..//output_EXPANSE_a2_caud/libd_chr17-chr17_EA-libd_chr17-chr17_EA-241513-261512-dynamic-1corestotal-allcorepera-20240523-110316.rds"
[1] "File number: 182"
[1] "Loaded RDS file: ..//output_EXPANSE_a2_caud/libd_chr17-chr17_EA-libd_chr17-chr17_EA-261513-281512-dynamic-1corestotal-allcorepera-20240523-110417.rds"
[1] "File number: 183"
[1] "Loaded RDS file: ..//output_EXPANSE_a2_caud/libd_chr17-chr17_EA-libd_chr17-chr17_EA-281513-301512-dynamic-1corestotal-allcorepera-20240523-110519.rds"
[1] "File number: 184"
[1] "Loaded RDS file: ..//output_EXPANSE_a2_caud/libd_chr17-chr17_EA-libd_chr17-chr17_EA-301513-321512-dynamic-1corestotal-allcorepera-20240523-110620.rds"
[1] "File number: 185"
[1] "Loaded RDS file: ..//output_EXPANSE_a2_caud/libd_chr17-chr17_EA-libd_chr17-chr17_EA-321513-341512-dynamic-1corestotal-allcorepera-20240523-110721.rds"
[1] "File number: 186"
[1] "Loaded RDS file: ..//output_EXPANSE_a2_caud/libd_chr17-chr17_EA-libd_chr17-chr17_EA-341513-361512-dynamic-1corestotal-allcorepera-20240523-110822.rds"
[1] "File number: 187"
[1] "Loaded RDS file: ..//output_EXPANSE_a2_caud/libd_chr17-chr17_EA-libd_chr17-chr17_EA-361513-381512-dynamic-1corestotal-allcorepera-20240523-110924.rds"
[1] "File number: 188"
[1] "Loaded RDS file: ..//output_EXPANSE_a2_caud/libd_chr17-chr17_EA-libd_chr17-chr17_EA-381513-401512-dynamic-1corestotal-allcorepera-20240523-111025.rds"
[1] "File number: 189"
[1] "Loaded RDS file: ..//output_EXPANSE_a2_caud/libd_chr17-chr17_EA-libd_chr17-chr17_EA-401513-421512-dynamic-1corestotal-allcorepera-20240523-111126.rds"
[1] "File number: 190"
[1] "Loaded RDS file: ..//output_EXPANSE_a2_caud/libd_chr17-chr17_EA-libd_chr17-chr17_EA-421513-441512-dynamic-1corestotal-allcorepera-20240523-111227.rds"
[1] "File number: 191"
[1] "Loaded RDS file: ..//output_EXPANSE_a2_caud/libd_chr17-chr17_EA-libd_chr17-chr17_EA-441513-461512-dynamic-1corestotal-allcorepera-20240523-111329.rds"
[1] "File number: 192"
[1] "Loaded RDS file: ..//output_EXPANSE_a2_caud/libd_chr17-chr17_EA-libd_chr17-chr17_EA-461513-481512-dynamic-1corestotal-allcorepera-20240523-111430.rds"
[1] "File number: 193"
[1] "Loaded RDS file: ..//output_EXPANSE_a2_caud/libd_chr17-chr17_EA-libd_chr17-chr17_EA-481513-501512-dynamic-1corestotal-allcorepera-20240523-111531.rds"
[1] "File number: 194"
[1] "Loaded RDS file: ..//output_EXPANSE_a2_caud/libd_chr17-chr17_EA-libd_chr17-chr17_EA-501513-521512-dynamic-1corestotal-allcorepera-20240523-111632.rds"
[1] "File number: 195"
[1] "Loaded RDS file: ..//output_EXPANSE_a2_caud/libd_chr17-chr17_EA-libd_chr17-chr17_EA-521513-541512-dynamic-1corestotal-allcorepera-20240523-111734.rds"
[1] "File number: 196"
[1] "Loaded RDS file: ..//output_EXPANSE_a2_caud/libd_chr17-chr17_EA-libd_chr17-chr17_EA-541513-561512-dynamic-1corestotal-allcorepera-20240523-111835.rds"
[1] "File number: 197"
[1] "Loaded RDS file: ..//output_EXPANSE_a2_caud/libd_chr17-chr17_EA-libd_chr17-chr17_EA-561513-581512-dynamic-1corestotal-allcorepera-20240523-111936.rds"
[1] "File number: 198"
[1] "Loaded RDS file: ..//output_EXPANSE_a2_caud/libd_chr17-chr17_EA-libd_chr17-chr17_EA-581513-601512-dynamic-1corestotal-allcorepera-20240523-112037.rds"
[1] "File number: 199"
[1] "Loaded RDS file: ..//output_EXPANSE_a2_caud/libd_chr17-chr17_EA-libd_chr17-chr17_EA-601513-621512-dynamic-1corestotal-allcorepera-20240523-112139.rds"
[1] "File number: 200"
[1] "Loaded RDS file: ..//output_EXPANSE_a2_caud/libd_chr17-chr17_EA-libd_chr17-chr17_EA-621513-641512-dynamic-1corestotal-allcorepera-20240523-112240.rds"
[1] "File number: 201"
[1] "Loaded RDS file: ..//output_EXPANSE_a2_caud/libd_chr17-chr17_EA-libd_chr17-chr17_EA-641513-661512-dynamic-1corestotal-allcorepera-20240523-112341.rds"
[1] "File number: 202"
[1] "Loaded RDS file: ..//output_EXPANSE_a2_caud/libd_chr17-chr17_EA-libd_chr17-chr17_EA-661513-681512-dynamic-1corestotal-allcorepera-20240523-112442.rds"
[1] "File number: 203"
[1] "Loaded RDS file: ..//output_EXPANSE_a2_caud/libd_chr17-chr17_EA-libd_chr17-chr17_EA-681513-701512-dynamic-1corestotal-allcorepera-20240523-112544.rds"
[1] "File number: 204"
[1] "Loaded RDS file: ..//output_EXPANSE_a2_caud/libd_chr17-chr17_EA-libd_chr17-chr17_EA-701513-721512-dynamic-1corestotal-allcorepera-20240523-112645.rds"
[1] "File number: 205"
[1] "Loaded RDS file: ..//output_EXPANSE_a2_caud/libd_chr17-chr17_EA-libd_chr17-chr17_EA-721513-741512-dynamic-1corestotal-allcorepera-20240523-112746.rds"
[1] "File number: 206"
[1] "Loaded RDS file: ..//output_EXPANSE_a2_caud/libd_chr17-chr17_EA-libd_chr17-chr17_EA-741513-761512-dynamic-1corestotal-allcorepera-20240523-112847.rds"
[1] "File number: 207"
[1] "Loaded RDS file: ..//output_EXPANSE_a2_caud/libd_chr17-chr17_EA-libd_chr17-chr17_EA-761513-781512-dynamic-1corestotal-allcorepera-20240523-112949.rds"
[1] "File number: 208"
[1] "Loaded RDS file: ..//output_EXPANSE_a2_caud/libd_chr17-chr17_EA-libd_chr17-chr17_EA-781513-801512-dynamic-1corestotal-allcorepera-20240523-113050.rds"
[1] "File number: 209"
[1] "Loaded RDS file: ..//output_EXPANSE_a2_caud/libd_chr17-chr17_EA-libd_chr17-chr17_EA-801513-821512-dynamic-1corestotal-allcorepera-20240523-113151.rds"
[1] "File number: 210"
[1] "Loaded RDS file: ..//output_EXPANSE_a2_caud/libd_chr17-chr17_EA-libd_chr17-chr17_EA-821513-841512-dynamic-1corestotal-allcorepera-20240523-113252.rds"
[1] "File number: 211"
[1] "Loaded RDS file: ..//output_EXPANSE_a2_caud/libd_chr17-chr17_EA-libd_chr17-chr17_EA-841513-861512-dynamic-1corestotal-allcorepera-20240523-113354.rds"
[1] "File number: 212"
[1] "Loaded RDS file: ..//output_EXPANSE_a2_caud/libd_chr17-chr17_EA-libd_chr17-chr17_EA-861513-881512-dynamic-1corestotal-allcorepera-20240523-113455.rds"
[1] "File number: 213"
[1] "Loaded RDS file: ..//output_EXPANSE_a2_caud/libd_chr17-chr17_EA-libd_chr17-chr17_EA-881513-901512-dynamic-1corestotal-allcorepera-20240523-113556.rds"
[1] "File number: 214"
[1] "Loaded RDS file: ..//output_EXPANSE_a2_caud/libd_chr17-chr17_EA-libd_chr17-chr17_EA-901513-921512-dynamic-1corestotal-allcorepera-20240523-113657.rds"
[1] "File number: 215"
[1] "Loaded RDS file: ..//output_EXPANSE_a2_caud/libd_chr17-chr17_EA-libd_chr17-chr17_EA-921513-941512-dynamic-1corestotal-allcorepera-20240523-113759.rds"
[1] "File number: 216"
[1] "Loaded RDS file: ..//output_EXPANSE_a2_caud/libd_chr17-chr17_EA-libd_chr17-chr17_EA-941513-961512-dynamic-1corestotal-allcorepera-20240523-113900.rds"
[1] "File number: 217"
[1] "Loaded RDS file: ..//output_EXPANSE_a2_caud/libd_chr17-chr17_EA-libd_chr17-chr17_EA-961513-981512-dynamic-1corestotal-allcorepera-20240523-114001.rds"
[1] "File number: 218"
[1] "Loaded RDS file: ..//output_EXPANSE_a2_caud/libd_chr17-chr17_EA-libd_chr17-chr17_EA-981513-1001512-dynamic-1corestotal-allcorepera-20240523-114104.rds"
[1] "File number: 219"
[1] "Loaded RDS file: ..//output_EXPANSE_a2_caud/libd_chr17-chr17_EA-libd_chr17-chr17_EA-1001513-1021512-dynamic-1corestotal-allcorepera-20240523-114206.rds"
[1] "File number: 220"
[1] "Loaded RDS file: ..//output_EXPANSE_a2_caud/libd_chr17-chr17_EA-libd_chr17-chr17_EA-1021513-1041512-dynamic-1corestotal-allcorepera-20240523-114307.rds"
[1] "File number: 221"
[1] "Loaded RDS file: ..//output_EXPANSE_a2_caud/libd_chr17-chr17_EA-libd_chr17-chr17_EA-1041513-1061512-dynamic-1corestotal-allcorepera-20240523-114408.rds"
[1] "File number: 222"
[1] "Loaded RDS file: ..//output_EXPANSE_a2_caud/libd_chr17-chr17_EA-libd_chr17-chr17_EA-1061513-1081512-dynamic-1corestotal-allcorepera-20240523-114510.rds"
[1] "File number: 223"
[1] "Loaded RDS file: ..//output_EXPANSE_a2_caud/libd_chr17-chr17_EA-libd_chr17-chr17_EA-1081513-1101512-dynamic-1corestotal-allcorepera-20240523-114611.rds"
[1] "File number: 224"
[1] "Loaded RDS file: ..//output_EXPANSE_a2_caud/libd_chr17-chr17_EA-libd_chr17-chr17_EA-1101513-1119214-dynamic-1corestotal-allcorepera-20240523-114712.rds"
[1] "File number: 225"
[1] "Loaded RDS file: ..//output_EXPANSE_a2_dlpfc/libd_chr17-chr17_EA-libd_chr17-chr17_EA-1513-21512-dynamic-1corestotal-allcorepera-20240509-165552.rds"
[1] "File number: 226"
[1] "Loaded RDS file: ..//output_EXPANSE_a2_dlpfc/libd_chr17-chr17_EA-libd_chr17-chr17_EA-21513-41512-dynamic-1corestotal-allcorepera-20240509-165653.rds"
[1] "File number: 227"
[1] "Loaded RDS file: ..//output_EXPANSE_a2_dlpfc/libd_chr17-chr17_EA-libd_chr17-chr17_EA-41513-61512-dynamic-1corestotal-allcorepera-20240509-165754.rds"
[1] "File number: 228"
[1] "Loaded RDS file: ..//output_EXPANSE_a2_dlpfc/libd_chr17-chr17_EA-libd_chr17-chr17_EA-61513-81512-dynamic-1corestotal-allcorepera-20240509-165855.rds"
[1] "File number: 229"
[1] "Loaded RDS file: ..//output_EXPANSE_a2_dlpfc/libd_chr17-chr17_EA-libd_chr17-chr17_EA-81513-101512-dynamic-1corestotal-allcorepera-20240509-165956.rds"
[1] "File number: 230"
[1] "Loaded RDS file: ..//output_EXPANSE_a2_dlpfc/libd_chr17-chr17_EA-libd_chr17-chr17_EA-101513-121512-dynamic-1corestotal-allcorepera-20240509-170057.rds"
[1] "File number: 231"
[1] "Loaded RDS file: ..//output_EXPANSE_a2_dlpfc/libd_chr17-chr17_EA-libd_chr17-chr17_EA-121513-141512-dynamic-1corestotal-allcorepera-20240509-170158.rds"
[1] "File number: 232"
[1] "Loaded RDS file: ..//output_EXPANSE_a2_dlpfc/libd_chr17-chr17_EA-libd_chr17-chr17_EA-141513-161512-dynamic-1corestotal-allcorepera-20240509-170300.rds"
[1] "File number: 233"
[1] "Loaded RDS file: ..//output_EXPANSE_a2_dlpfc/libd_chr17-chr17_EA-libd_chr17-chr17_EA-161513-181512-dynamic-1corestotal-allcorepera-20240509-170401.rds"
[1] "File number: 234"
[1] "Loaded RDS file: ..//output_EXPANSE_a2_dlpfc/libd_chr17-chr17_EA-libd_chr17-chr17_EA-181513-201512-dynamic-1corestotal-allcorepera-20240509-170502.rds"
[1] "File number: 235"
[1] "Loaded RDS file: ..//output_EXPANSE_a2_dlpfc/libd_chr17-chr17_EA-libd_chr17-chr17_EA-201513-221512-dynamic-1corestotal-allcorepera-20240509-170603.rds"
[1] "File number: 236"
[1] "Loaded RDS file: ..//output_EXPANSE_a2_dlpfc/libd_chr17-chr17_EA-libd_chr17-chr17_EA-221513-241512-dynamic-1corestotal-allcorepera-20240509-170705.rds"
[1] "File number: 237"
[1] "Loaded RDS file: ..//output_EXPANSE_a2_dlpfc/libd_chr17-chr17_EA-libd_chr17-chr17_EA-241513-261512-dynamic-1corestotal-allcorepera-20240509-170806.rds"
[1] "File number: 238"
[1] "Loaded RDS file: ..//output_EXPANSE_a2_dlpfc/libd_chr17-chr17_EA-libd_chr17-chr17_EA-261513-281512-dynamic-1corestotal-allcorepera-20240509-170907.rds"
[1] "File number: 239"
[1] "Loaded RDS file: ..//output_EXPANSE_a2_dlpfc/libd_chr17-chr17_EA-libd_chr17-chr17_EA-281513-301512-dynamic-1corestotal-allcorepera-20240509-171008.rds"
[1] "File number: 240"
[1] "Loaded RDS file: ..//output_EXPANSE_a2_dlpfc/libd_chr17-chr17_EA-libd_chr17-chr17_EA-301513-321512-dynamic-1corestotal-allcorepera-20240509-171109.rds"
[1] "File number: 241"
[1] "Loaded RDS file: ..//output_EXPANSE_a2_dlpfc/libd_chr17-chr17_EA-libd_chr17-chr17_EA-321513-341512-dynamic-1corestotal-allcorepera-20240509-171210.rds"
[1] "File number: 242"
[1] "Loaded RDS file: ..//output_EXPANSE_a2_dlpfc/libd_chr17-chr17_EA-libd_chr17-chr17_EA-341513-361512-dynamic-1corestotal-allcorepera-20240509-171311.rds"
[1] "File number: 243"
[1] "Loaded RDS file: ..//output_EXPANSE_a2_dlpfc/libd_chr17-chr17_EA-libd_chr17-chr17_EA-361513-381512-dynamic-1corestotal-allcorepera-20240509-171412.rds"
[1] "File number: 244"
[1] "Loaded RDS file: ..//output_EXPANSE_a2_dlpfc/libd_chr17-chr17_EA-libd_chr17-chr17_EA-381513-401512-dynamic-1corestotal-allcorepera-20240509-171514.rds"
[1] "File number: 245"
[1] "Loaded RDS file: ..//output_EXPANSE_a2_dlpfc/libd_chr17-chr17_EA-libd_chr17-chr17_EA-401513-421512-dynamic-1corestotal-allcorepera-20240509-171615.rds"
[1] "File number: 246"
[1] "Loaded RDS file: ..//output_EXPANSE_a2_dlpfc/libd_chr17-chr17_EA-libd_chr17-chr17_EA-421513-441512-dynamic-1corestotal-allcorepera-20240509-171716.rds"
[1] "File number: 247"
[1] "Loaded RDS file: ..//output_EXPANSE_a2_dlpfc/libd_chr17-chr17_EA-libd_chr17-chr17_EA-441513-461512-dynamic-1corestotal-allcorepera-20240509-171817.rds"
[1] "File number: 248"
[1] "Loaded RDS file: ..//output_EXPANSE_a2_dlpfc/libd_chr17-chr17_EA-libd_chr17-chr17_EA-461513-481512-dynamic-1corestotal-allcorepera-20240509-171918.rds"
[1] "File number: 249"
[1] "Loaded RDS file: ..//output_EXPANSE_a2_dlpfc/libd_chr17-chr17_EA-libd_chr17-chr17_EA-481513-501512-dynamic-1corestotal-allcorepera-20240509-172019.rds"
[1] "File number: 250"
[1] "Loaded RDS file: ..//output_EXPANSE_a2_dlpfc/libd_chr17-chr17_EA-libd_chr17-chr17_EA-501513-521512-dynamic-1corestotal-allcorepera-20240509-172120.rds"
[1] "File number: 251"
[1] "Loaded RDS file: ..//output_EXPANSE_a2_dlpfc/libd_chr17-chr17_EA-libd_chr17-chr17_EA-521513-541512-dynamic-1corestotal-allcorepera-20240509-172222.rds"
[1] "File number: 252"
[1] "Loaded RDS file: ..//output_EXPANSE_a2_dlpfc/libd_chr17-chr17_EA-libd_chr17-chr17_EA-541513-561512-dynamic-1corestotal-allcorepera-20240509-172323.rds"
[1] "File number: 253"
[1] "Loaded RDS file: ..//output_EXPANSE_a2_dlpfc/libd_chr17-chr17_EA-libd_chr17-chr17_EA-561513-581512-dynamic-1corestotal-allcorepera-20240509-172424.rds"
[1] "File number: 254"
[1] "Loaded RDS file: ..//output_EXPANSE_a2_dlpfc/libd_chr17-chr17_EA-libd_chr17-chr17_EA-581513-601512-dynamic-1corestotal-allcorepera-20240509-172525.rds"
[1] "File number: 255"
[1] "Loaded RDS file: ..//output_EXPANSE_a2_dlpfc/libd_chr17-chr17_EA-libd_chr17-chr17_EA-601513-621512-dynamic-1corestotal-allcorepera-20240509-172626.rds"
[1] "File number: 256"
[1] "Loaded RDS file: ..//output_EXPANSE_a2_dlpfc/libd_chr17-chr17_EA-libd_chr17-chr17_EA-621513-641512-dynamic-1corestotal-allcorepera-20240509-172727.rds"
[1] "File number: 257"
[1] "Loaded RDS file: ..//output_EXPANSE_a2_dlpfc/libd_chr17-chr17_EA-libd_chr17-chr17_EA-641513-661512-dynamic-1corestotal-allcorepera-20240509-172828.rds"
[1] "File number: 258"
[1] "Loaded RDS file: ..//output_EXPANSE_a2_dlpfc/libd_chr17-chr17_EA-libd_chr17-chr17_EA-661513-681512-dynamic-1corestotal-allcorepera-20240509-172929.rds"
[1] "File number: 259"
[1] "Loaded RDS file: ..//output_EXPANSE_a2_dlpfc/libd_chr17-chr17_EA-libd_chr17-chr17_EA-681513-701512-dynamic-1corestotal-allcorepera-20240509-173031.rds"
[1] "File number: 260"
[1] "Loaded RDS file: ..//output_EXPANSE_a2_dlpfc/libd_chr17-chr17_EA-libd_chr17-chr17_EA-701513-721512-dynamic-1corestotal-allcorepera-20240509-173132.rds"
[1] "File number: 261"
[1] "Loaded RDS file: ..//output_EXPANSE_a2_dlpfc/libd_chr17-chr17_EA-libd_chr17-chr17_EA-721513-741512-dynamic-1corestotal-allcorepera-20240509-173233.rds"
[1] "File number: 262"
[1] "Loaded RDS file: ..//output_EXPANSE_a2_dlpfc/libd_chr17-chr17_EA-libd_chr17-chr17_EA-741513-761512-dynamic-1corestotal-allcorepera-20240509-173334.rds"
[1] "File number: 263"
[1] "Loaded RDS file: ..//output_EXPANSE_a2_dlpfc/libd_chr17-chr17_EA-libd_chr17-chr17_EA-761513-781512-dynamic-1corestotal-allcorepera-20240509-173435.rds"
[1] "File number: 264"
[1] "Loaded RDS file: ..//output_EXPANSE_a2_dlpfc/libd_chr17-chr17_EA-libd_chr17-chr17_EA-781513-801512-dynamic-1corestotal-allcorepera-20240509-173536.rds"
[1] "File number: 265"
[1] "Loaded RDS file: ..//output_EXPANSE_a2_dlpfc/libd_chr17-chr17_EA-libd_chr17-chr17_EA-801513-821512-dynamic-1corestotal-allcorepera-20240509-173637.rds"
[1] "File number: 266"
[1] "Loaded RDS file: ..//output_EXPANSE_a2_dlpfc/libd_chr17-chr17_EA-libd_chr17-chr17_EA-821513-841512-dynamic-1corestotal-allcorepera-20240509-173738.rds"
[1] "File number: 267"
[1] "Loaded RDS file: ..//output_EXPANSE_a2_dlpfc/libd_chr17-chr17_EA-libd_chr17-chr17_EA-841513-861512-dynamic-1corestotal-allcorepera-20240509-173840.rds"
[1] "File number: 268"
[1] "Loaded RDS file: ..//output_EXPANSE_a2_dlpfc/libd_chr17-chr17_EA-libd_chr17-chr17_EA-861513-881512-dynamic-1corestotal-allcorepera-20240509-173941.rds"
[1] "File number: 269"
[1] "Loaded RDS file: ..//output_EXPANSE_a2_dlpfc/libd_chr17-chr17_EA-libd_chr17-chr17_EA-881513-901512-dynamic-1corestotal-allcorepera-20240509-174042.rds"
[1] "File number: 270"
[1] "Loaded RDS file: ..//output_EXPANSE_a2_dlpfc/libd_chr17-chr17_EA-libd_chr17-chr17_EA-901513-921512-dynamic-1corestotal-allcorepera-20240509-174143.rds"
[1] "File number: 271"
[1] "Loaded RDS file: ..//output_EXPANSE_a2_dlpfc/libd_chr17-chr17_EA-libd_chr17-chr17_EA-921513-941512-dynamic-1corestotal-allcorepera-20240509-174244.rds"
[1] "File number: 272"
[1] "Loaded RDS file: ..//output_EXPANSE_a2_dlpfc/libd_chr17-chr17_EA-libd_chr17-chr17_EA-941513-961512-dynamic-1corestotal-allcorepera-20240509-174345.rds"
[1] "File number: 273"
[1] "Loaded RDS file: ..//output_EXPANSE_a2_dlpfc/libd_chr17-chr17_EA-libd_chr17-chr17_EA-961513-981512-dynamic-1corestotal-allcorepera-20240509-174446.rds"
[1] "File number: 274"
[1] "Loaded RDS file: ..//output_EXPANSE_a2_dlpfc/libd_chr17-chr17_EA-libd_chr17-chr17_EA-981513-1001512-dynamic-1corestotal-allcorepera-20240509-174547.rds"
[1] "File number: 275"
[1] "Loaded RDS file: ..//output_EXPANSE_a2_dlpfc/libd_chr17-chr17_EA-libd_chr17-chr17_EA-1001513-1021512-dynamic-1corestotal-allcorepera-20240509-174649.rds"
[1] "File number: 276"
[1] "Loaded RDS file: ..//output_EXPANSE_a2_dlpfc/libd_chr17-chr17_EA-libd_chr17-chr17_EA-1021513-1041512-dynamic-1corestotal-allcorepera-20240509-174750.rds"
[1] "File number: 277"
[1] "Loaded RDS file: ..//output_EXPANSE_a2_dlpfc/libd_chr17-chr17_EA-libd_chr17-chr17_EA-1041513-1061512-dynamic-1corestotal-allcorepera-20240509-174851.rds"
[1] "File number: 278"
[1] "Loaded RDS file: ..//output_EXPANSE_a2_dlpfc/libd_chr17-chr17_EA-libd_chr17-chr17_EA-1061513-1081512-dynamic-1corestotal-allcorepera-20240509-174952.rds"
[1] "File number: 279"
[1] "Loaded RDS file: ..//output_EXPANSE_a2_dlpfc/libd_chr17-chr17_EA-libd_chr17-chr17_EA-1081513-1101512-dynamic-1corestotal-allcorepera-20240509-175053.rds"
[1] "File number: 280"
[1] "Loaded RDS file: ..//output_EXPANSE_a2_dlpfc/libd_chr17-chr17_EA-libd_chr17-chr17_EA-1101513-1119214-dynamic-1corestotal-allcorepera-20240509-175154.rds"
[1] "File number: 281"
[1] "Loaded RDS file: ..//output_EXPANSE_a2_hippo/libd_chr17-chr17_EA-libd_chr17-chr17_EA-1513-21512-dynamic-1corestotal-allcorepera-20240509-194723.rds"
[1] "File number: 282"
[1] "Loaded RDS file: ..//output_EXPANSE_a2_hippo/libd_chr17-chr17_EA-libd_chr17-chr17_EA-21513-41512-dynamic-1corestotal-allcorepera-20240509-194824.rds"
[1] "File number: 283"
[1] "Loaded RDS file: ..//output_EXPANSE_a2_hippo/libd_chr17-chr17_EA-libd_chr17-chr17_EA-41513-61512-dynamic-1corestotal-allcorepera-20240509-194925.rds"
[1] "File number: 284"
[1] "Loaded RDS file: ..//output_EXPANSE_a2_hippo/libd_chr17-chr17_EA-libd_chr17-chr17_EA-61513-81512-dynamic-1corestotal-allcorepera-20240509-195026.rds"
[1] "File number: 285"
[1] "Loaded RDS file: ..//output_EXPANSE_a2_hippo/libd_chr17-chr17_EA-libd_chr17-chr17_EA-81513-101512-dynamic-1corestotal-allcorepera-20240509-195127.rds"
[1] "File number: 286"
[1] "Loaded RDS file: ..//output_EXPANSE_a2_hippo/libd_chr17-chr17_EA-libd_chr17-chr17_EA-101513-121512-dynamic-1corestotal-allcorepera-20240509-195228.rds"
[1] "File number: 287"
[1] "Loaded RDS file: ..//output_EXPANSE_a2_hippo/libd_chr17-chr17_EA-libd_chr17-chr17_EA-121513-141512-dynamic-1corestotal-allcorepera-20240509-195330.rds"
[1] "File number: 288"
[1] "Loaded RDS file: ..//output_EXPANSE_a2_hippo/libd_chr17-chr17_EA-libd_chr17-chr17_EA-141513-161512-dynamic-1corestotal-allcorepera-20240509-195431.rds"
[1] "File number: 289"
[1] "Loaded RDS file: ..//output_EXPANSE_a2_hippo/libd_chr17-chr17_EA-libd_chr17-chr17_EA-161513-181512-dynamic-1corestotal-allcorepera-20240509-195532.rds"
[1] "File number: 290"
[1] "Loaded RDS file: ..//output_EXPANSE_a2_hippo/libd_chr17-chr17_EA-libd_chr17-chr17_EA-181513-201512-dynamic-1corestotal-allcorepera-20240509-195633.rds"
[1] "File number: 291"
[1] "Loaded RDS file: ..//output_EXPANSE_a2_hippo/libd_chr17-chr17_EA-libd_chr17-chr17_EA-201513-221512-dynamic-1corestotal-allcorepera-20240509-195734.rds"
[1] "File number: 292"
[1] "Loaded RDS file: ..//output_EXPANSE_a2_hippo/libd_chr17-chr17_EA-libd_chr17-chr17_EA-221513-241512-dynamic-1corestotal-allcorepera-20240509-195835.rds"
[1] "File number: 293"
[1] "Loaded RDS file: ..//output_EXPANSE_a2_hippo/libd_chr17-chr17_EA-libd_chr17-chr17_EA-241513-261512-dynamic-1corestotal-allcorepera-20240509-195936.rds"
[1] "File number: 294"
[1] "Loaded RDS file: ..//output_EXPANSE_a2_hippo/libd_chr17-chr17_EA-libd_chr17-chr17_EA-261513-281512-dynamic-1corestotal-allcorepera-20240509-200037.rds"
[1] "File number: 295"
[1] "Loaded RDS file: ..//output_EXPANSE_a2_hippo/libd_chr17-chr17_EA-libd_chr17-chr17_EA-281513-301512-dynamic-1corestotal-allcorepera-20240509-200139.rds"
[1] "File number: 296"
[1] "Loaded RDS file: ..//output_EXPANSE_a2_hippo/libd_chr17-chr17_EA-libd_chr17-chr17_EA-301513-321512-dynamic-1corestotal-allcorepera-20240509-200240.rds"
[1] "File number: 297"
[1] "Loaded RDS file: ..//output_EXPANSE_a2_hippo/libd_chr17-chr17_EA-libd_chr17-chr17_EA-321513-341512-dynamic-1corestotal-allcorepera-20240509-200341.rds"
[1] "File number: 298"
[1] "Loaded RDS file: ..//output_EXPANSE_a2_hippo/libd_chr17-chr17_EA-libd_chr17-chr17_EA-341513-361512-dynamic-1corestotal-allcorepera-20240509-200442.rds"
[1] "File number: 299"
[1] "Loaded RDS file: ..//output_EXPANSE_a2_hippo/libd_chr17-chr17_EA-libd_chr17-chr17_EA-361513-381512-dynamic-1corestotal-allcorepera-20240509-200543.rds"
[1] "File number: 300"
[1] "Loaded RDS file: ..//output_EXPANSE_a2_hippo/libd_chr17-chr17_EA-libd_chr17-chr17_EA-381513-401512-dynamic-1corestotal-allcorepera-20240509-200644.rds"
[1] "File number: 301"
[1] "Loaded RDS file: ..//output_EXPANSE_a2_hippo/libd_chr17-chr17_EA-libd_chr17-chr17_EA-401513-421512-dynamic-1corestotal-allcorepera-20240509-200745.rds"
[1] "File number: 302"
[1] "Loaded RDS file: ..//output_EXPANSE_a2_hippo/libd_chr17-chr17_EA-libd_chr17-chr17_EA-421513-441512-dynamic-1corestotal-allcorepera-20240509-200846.rds"
[1] "File number: 303"
[1] "Loaded RDS file: ..//output_EXPANSE_a2_hippo/libd_chr17-chr17_EA-libd_chr17-chr17_EA-441513-461512-dynamic-1corestotal-allcorepera-20240509-200948.rds"
[1] "File number: 304"
[1] "Loaded RDS file: ..//output_EXPANSE_a2_hippo/libd_chr17-chr17_EA-libd_chr17-chr17_EA-461513-481512-dynamic-1corestotal-allcorepera-20240509-201049.rds"
[1] "File number: 305"
[1] "Loaded RDS file: ..//output_EXPANSE_a2_hippo/libd_chr17-chr17_EA-libd_chr17-chr17_EA-481513-501512-dynamic-1corestotal-allcorepera-20240509-201151.rds"
[1] "File number: 306"
[1] "Loaded RDS file: ..//output_EXPANSE_a2_hippo/libd_chr17-chr17_EA-libd_chr17-chr17_EA-501513-521512-dynamic-1corestotal-allcorepera-20240509-201253.rds"
[1] "File number: 307"
[1] "Loaded RDS file: ..//output_EXPANSE_a2_hippo/libd_chr17-chr17_EA-libd_chr17-chr17_EA-521513-541512-dynamic-1corestotal-allcorepera-20240509-201355.rds"
[1] "File number: 308"
[1] "Loaded RDS file: ..//output_EXPANSE_a2_hippo/libd_chr17-chr17_EA-libd_chr17-chr17_EA-541513-561512-dynamic-1corestotal-allcorepera-20240509-201457.rds"
[1] "File number: 309"
[1] "Loaded RDS file: ..//output_EXPANSE_a2_hippo/libd_chr17-chr17_EA-libd_chr17-chr17_EA-561513-581512-dynamic-1corestotal-allcorepera-20240509-201559.rds"
[1] "File number: 310"
[1] "Loaded RDS file: ..//output_EXPANSE_a2_hippo/libd_chr17-chr17_EA-libd_chr17-chr17_EA-581513-601512-dynamic-1corestotal-allcorepera-20240509-201701.rds"
[1] "File number: 311"
[1] "Loaded RDS file: ..//output_EXPANSE_a2_hippo/libd_chr17-chr17_EA-libd_chr17-chr17_EA-601513-621512-dynamic-1corestotal-allcorepera-20240509-201803.rds"
[1] "File number: 312"
[1] "Loaded RDS file: ..//output_EXPANSE_a2_hippo/libd_chr17-chr17_EA-libd_chr17-chr17_EA-621513-641512-dynamic-1corestotal-allcorepera-20240509-201904.rds"
[1] "File number: 313"
[1] "Loaded RDS file: ..//output_EXPANSE_a2_hippo/libd_chr17-chr17_EA-libd_chr17-chr17_EA-641513-661512-dynamic-1corestotal-allcorepera-20240509-202006.rds"
[1] "File number: 314"
[1] "Loaded RDS file: ..//output_EXPANSE_a2_hippo/libd_chr17-chr17_EA-libd_chr17-chr17_EA-661513-681512-dynamic-1corestotal-allcorepera-20240509-202108.rds"
[1] "File number: 315"
[1] "Loaded RDS file: ..//output_EXPANSE_a2_hippo/libd_chr17-chr17_EA-libd_chr17-chr17_EA-681513-701512-dynamic-1corestotal-allcorepera-20240509-202210.rds"
[1] "File number: 316"
[1] "Loaded RDS file: ..//output_EXPANSE_a2_hippo/libd_chr17-chr17_EA-libd_chr17-chr17_EA-701513-721512-dynamic-1corestotal-allcorepera-20240509-202312.rds"
[1] "File number: 317"
[1] "Loaded RDS file: ..//output_EXPANSE_a2_hippo/libd_chr17-chr17_EA-libd_chr17-chr17_EA-721513-741512-dynamic-1corestotal-allcorepera-20240509-202414.rds"
[1] "File number: 318"
[1] "Loaded RDS file: ..//output_EXPANSE_a2_hippo/libd_chr17-chr17_EA-libd_chr17-chr17_EA-741513-761512-dynamic-1corestotal-allcorepera-20240509-202515.rds"
[1] "File number: 319"
[1] "Loaded RDS file: ..//output_EXPANSE_a2_hippo/libd_chr17-chr17_EA-libd_chr17-chr17_EA-761513-781512-dynamic-1corestotal-allcorepera-20240509-202617.rds"
[1] "File number: 320"
[1] "Loaded RDS file: ..//output_EXPANSE_a2_hippo/libd_chr17-chr17_EA-libd_chr17-chr17_EA-781513-801512-dynamic-1corestotal-allcorepera-20240509-202719.rds"
[1] "File number: 321"
[1] "Loaded RDS file: ..//output_EXPANSE_a2_hippo/libd_chr17-chr17_EA-libd_chr17-chr17_EA-801513-821512-dynamic-1corestotal-allcorepera-20240509-202821.rds"
[1] "File number: 322"
[1] "Loaded RDS file: ..//output_EXPANSE_a2_hippo/libd_chr17-chr17_EA-libd_chr17-chr17_EA-821513-841512-dynamic-1corestotal-allcorepera-20240509-202922.rds"
[1] "File number: 323"
[1] "Loaded RDS file: ..//output_EXPANSE_a2_hippo/libd_chr17-chr17_EA-libd_chr17-chr17_EA-841513-861512-dynamic-1corestotal-allcorepera-20240509-203024.rds"
[1] "File number: 324"
[1] "Loaded RDS file: ..//output_EXPANSE_a2_hippo/libd_chr17-chr17_EA-libd_chr17-chr17_EA-861513-881512-dynamic-1corestotal-allcorepera-20240509-203126.rds"
[1] "File number: 325"
[1] "Loaded RDS file: ..//output_EXPANSE_a2_hippo/libd_chr17-chr17_EA-libd_chr17-chr17_EA-881513-901512-dynamic-1corestotal-allcorepera-20240509-203227.rds"
[1] "File number: 326"
[1] "Loaded RDS file: ..//output_EXPANSE_a2_hippo/libd_chr17-chr17_EA-libd_chr17-chr17_EA-901513-921512-dynamic-1corestotal-allcorepera-20240509-203329.rds"
[1] "File number: 327"
[1] "Loaded RDS file: ..//output_EXPANSE_a2_hippo/libd_chr17-chr17_EA-libd_chr17-chr17_EA-921513-941512-dynamic-1corestotal-allcorepera-20240509-203431.rds"
[1] "File number: 328"
[1] "Loaded RDS file: ..//output_EXPANSE_a2_hippo/libd_chr17-chr17_EA-libd_chr17-chr17_EA-941513-961512-dynamic-1corestotal-allcorepera-20240509-203532.rds"
[1] "File number: 329"
[1] "Loaded RDS file: ..//output_EXPANSE_a2_hippo/libd_chr17-chr17_EA-libd_chr17-chr17_EA-961513-981512-dynamic-1corestotal-allcorepera-20240509-203634.rds"
[1] "File number: 330"
[1] "Loaded RDS file: ..//output_EXPANSE_a2_hippo/libd_chr17-chr17_EA-libd_chr17-chr17_EA-981513-1001512-dynamic-1corestotal-allcorepera-20240509-203736.rds"
[1] "File number: 331"
[1] "Loaded RDS file: ..//output_EXPANSE_a2_hippo/libd_chr17-chr17_EA-libd_chr17-chr17_EA-1001513-1021512-dynamic-1corestotal-allcorepera-20240509-203837.rds"
[1] "File number: 332"
[1] "Loaded RDS file: ..//output_EXPANSE_a2_hippo/libd_chr17-chr17_EA-libd_chr17-chr17_EA-1021513-1041512-dynamic-1corestotal-allcorepera-20240509-203939.rds"
[1] "File number: 333"
[1] "Loaded RDS file: ..//output_EXPANSE_a2_hippo/libd_chr17-chr17_EA-libd_chr17-chr17_EA-1041513-1061512-dynamic-1corestotal-allcorepera-20240509-204041.rds"
[1] "File number: 334"
[1] "Loaded RDS file: ..//output_EXPANSE_a2_hippo/libd_chr17-chr17_EA-libd_chr17-chr17_EA-1061513-1081512-dynamic-1corestotal-allcorepera-20240509-204142.rds"
[1] "File number: 335"
[1] "Loaded RDS file: ..//output_EXPANSE_a2_hippo/libd_chr17-chr17_EA-libd_chr17-chr17_EA-1081513-1101512-dynamic-1corestotal-allcorepera-20240509-204244.rds"
[1] "File number: 336"
[1] "Loaded RDS file: ..//output_EXPANSE_a2_hippo/libd_chr17-chr17_EA-libd_chr17-chr17_EA-1101513-1119214-dynamic-1corestotal-allcorepera-20240509-204346.rds"
[1] "File number: 337"
[1] "Loaded RDS file: ..//output_EXPANSE_a2_caud/libd_chr17-chr17_all-libd_chr17-chr17_all-1513-21512-dynamic-1corestotal-allcorepera-20240523-095344.rds"
[1] "File number: 338"
[1] "Loaded RDS file: ..//output_EXPANSE_a2_caud/libd_chr17-chr17_all-libd_chr17-chr17_all-21513-41512-dynamic-1corestotal-allcorepera-20240523-095445.rds"
[1] "File number: 339"
[1] "Loaded RDS file: ..//output_EXPANSE_a2_caud/libd_chr17-chr17_all-libd_chr17-chr17_all-41513-61512-dynamic-1corestotal-allcorepera-20240523-095546.rds"
[1] "File number: 340"
[1] "Loaded RDS file: ..//output_EXPANSE_a2_caud/libd_chr17-chr17_all-libd_chr17-chr17_all-61513-81512-dynamic-1corestotal-allcorepera-20240523-095647.rds"
[1] "File number: 341"
[1] "Loaded RDS file: ..//output_EXPANSE_a2_caud/libd_chr17-chr17_all-libd_chr17-chr17_all-81513-101512-dynamic-1corestotal-allcorepera-20240523-095749.rds"
[1] "File number: 342"
[1] "Loaded RDS file: ..//output_EXPANSE_a2_caud/libd_chr17-chr17_all-libd_chr17-chr17_all-101513-121512-dynamic-1corestotal-allcorepera-20240523-095850.rds"
[1] "File number: 343"
[1] "Loaded RDS file: ..//output_EXPANSE_a2_caud/libd_chr17-chr17_all-libd_chr17-chr17_all-121513-141512-dynamic-1corestotal-allcorepera-20240523-095951.rds"
[1] "File number: 344"
[1] "Loaded RDS file: ..//output_EXPANSE_a2_caud/libd_chr17-chr17_all-libd_chr17-chr17_all-141513-161512-dynamic-1corestotal-allcorepera-20240523-100052.rds"
[1] "File number: 345"
[1] "Loaded RDS file: ..//output_EXPANSE_a2_caud/libd_chr17-chr17_all-libd_chr17-chr17_all-161513-181512-dynamic-1corestotal-allcorepera-20240523-100154.rds"
[1] "File number: 346"
[1] "Loaded RDS file: ..//output_EXPANSE_a2_caud/libd_chr17-chr17_all-libd_chr17-chr17_all-181513-201512-dynamic-1corestotal-allcorepera-20240523-100255.rds"
[1] "File number: 347"
[1] "Loaded RDS file: ..//output_EXPANSE_a2_caud/libd_chr17-chr17_all-libd_chr17-chr17_all-201513-221512-dynamic-1corestotal-allcorepera-20240523-100356.rds"
[1] "File number: 348"
[1] "Loaded RDS file: ..//output_EXPANSE_a2_caud/libd_chr17-chr17_all-libd_chr17-chr17_all-221513-241512-dynamic-1corestotal-allcorepera-20240523-100457.rds"
[1] "File number: 349"
[1] "Loaded RDS file: ..//output_EXPANSE_a2_caud/libd_chr17-chr17_all-libd_chr17-chr17_all-241513-261512-dynamic-1corestotal-allcorepera-20240523-100559.rds"
[1] "File number: 350"
[1] "Loaded RDS file: ..//output_EXPANSE_a2_caud/libd_chr17-chr17_all-libd_chr17-chr17_all-261513-281512-dynamic-1corestotal-allcorepera-20240523-100700.rds"
[1] "File number: 351"
[1] "Loaded RDS file: ..//output_EXPANSE_a2_caud/libd_chr17-chr17_all-libd_chr17-chr17_all-281513-301512-dynamic-1corestotal-allcorepera-20240523-100801.rds"
[1] "File number: 352"
[1] "Loaded RDS file: ..//output_EXPANSE_a2_caud/libd_chr17-chr17_all-libd_chr17-chr17_all-301513-321512-dynamic-1corestotal-allcorepera-20240523-100906.rds"
[1] "File number: 353"
[1] "Loaded RDS file: ..//output_EXPANSE_a2_caud/libd_chr17-chr17_all-libd_chr17-chr17_all-321513-341512-dynamic-1corestotal-allcorepera-20240523-101008.rds"
[1] "File number: 354"
[1] "Loaded RDS file: ..//output_EXPANSE_a2_caud/libd_chr17-chr17_all-libd_chr17-chr17_all-341513-361512-dynamic-1corestotal-allcorepera-20240523-101109.rds"
[1] "File number: 355"
[1] "Loaded RDS file: ..//output_EXPANSE_a2_caud/libd_chr17-chr17_all-libd_chr17-chr17_all-361513-381512-dynamic-1corestotal-allcorepera-20240523-101210.rds"
[1] "File number: 356"
[1] "Loaded RDS file: ..//output_EXPANSE_a2_caud/libd_chr17-chr17_all-libd_chr17-chr17_all-381513-401512-dynamic-1corestotal-allcorepera-20240523-101311.rds"
[1] "File number: 357"
[1] "Loaded RDS file: ..//output_EXPANSE_a2_caud/libd_chr17-chr17_all-libd_chr17-chr17_all-401513-421512-dynamic-1corestotal-allcorepera-20240523-101413.rds"
[1] "File number: 358"
[1] "Loaded RDS file: ..//output_EXPANSE_a2_caud/libd_chr17-chr17_all-libd_chr17-chr17_all-421513-441512-dynamic-1corestotal-allcorepera-20240523-101514.rds"
[1] "File number: 359"
[1] "Loaded RDS file: ..//output_EXPANSE_a2_caud/libd_chr17-chr17_all-libd_chr17-chr17_all-441513-461512-dynamic-1corestotal-allcorepera-20240523-101615.rds"
[1] "File number: 360"
[1] "Loaded RDS file: ..//output_EXPANSE_a2_caud/libd_chr17-chr17_all-libd_chr17-chr17_all-461513-481512-dynamic-1corestotal-allcorepera-20240523-101717.rds"
[1] "File number: 361"
[1] "Loaded RDS file: ..//output_EXPANSE_a2_caud/libd_chr17-chr17_all-libd_chr17-chr17_all-481513-501512-dynamic-1corestotal-allcorepera-20240523-101818.rds"
[1] "File number: 362"
[1] "Loaded RDS file: ..//output_EXPANSE_a2_caud/libd_chr17-chr17_all-libd_chr17-chr17_all-501513-521512-dynamic-1corestotal-allcorepera-20240523-101919.rds"
[1] "File number: 363"
[1] "Loaded RDS file: ..//output_EXPANSE_a2_caud/libd_chr17-chr17_all-libd_chr17-chr17_all-521513-541512-dynamic-1corestotal-allcorepera-20240523-102020.rds"
[1] "File number: 364"
[1] "Loaded RDS file: ..//output_EXPANSE_a2_caud/libd_chr17-chr17_all-libd_chr17-chr17_all-541513-561512-dynamic-1corestotal-allcorepera-20240523-102122.rds"
[1] "File number: 365"
[1] "Loaded RDS file: ..//output_EXPANSE_a2_caud/libd_chr17-chr17_all-libd_chr17-chr17_all-561513-581512-dynamic-1corestotal-allcorepera-20240523-102223.rds"
[1] "File number: 366"
[1] "Loaded RDS file: ..//output_EXPANSE_a2_caud/libd_chr17-chr17_all-libd_chr17-chr17_all-581513-601512-dynamic-1corestotal-allcorepera-20240523-102324.rds"
[1] "File number: 367"
[1] "Loaded RDS file: ..//output_EXPANSE_a2_caud/libd_chr17-chr17_all-libd_chr17-chr17_all-601513-621512-dynamic-1corestotal-allcorepera-20240523-102425.rds"
[1] "File number: 368"
[1] "Loaded RDS file: ..//output_EXPANSE_a2_caud/libd_chr17-chr17_all-libd_chr17-chr17_all-621513-641512-dynamic-1corestotal-allcorepera-20240523-102527.rds"
[1] "File number: 369"
[1] "Loaded RDS file: ..//output_EXPANSE_a2_caud/libd_chr17-chr17_all-libd_chr17-chr17_all-641513-661512-dynamic-1corestotal-allcorepera-20240523-102628.rds"
[1] "File number: 370"
[1] "Loaded RDS file: ..//output_EXPANSE_a2_caud/libd_chr17-chr17_all-libd_chr17-chr17_all-661513-681512-dynamic-1corestotal-allcorepera-20240523-102729.rds"
[1] "File number: 371"
[1] "Loaded RDS file: ..//output_EXPANSE_a2_caud/libd_chr17-chr17_all-libd_chr17-chr17_all-681513-701512-dynamic-1corestotal-allcorepera-20240523-102830.rds"
[1] "File number: 372"
[1] "Loaded RDS file: ..//output_EXPANSE_a2_caud/libd_chr17-chr17_all-libd_chr17-chr17_all-701513-721512-dynamic-1corestotal-allcorepera-20240523-102932.rds"
[1] "File number: 373"
[1] "Loaded RDS file: ..//output_EXPANSE_a2_caud/libd_chr17-chr17_all-libd_chr17-chr17_all-721513-741512-dynamic-1corestotal-allcorepera-20240523-103033.rds"
[1] "File number: 374"
[1] "Loaded RDS file: ..//output_EXPANSE_a2_caud/libd_chr17-chr17_all-libd_chr17-chr17_all-741513-761512-dynamic-1corestotal-allcorepera-20240523-103134.rds"
[1] "File number: 375"
[1] "Loaded RDS file: ..//output_EXPANSE_a2_caud/libd_chr17-chr17_all-libd_chr17-chr17_all-761513-781512-dynamic-1corestotal-allcorepera-20240523-103236.rds"
[1] "File number: 376"
[1] "Loaded RDS file: ..//output_EXPANSE_a2_caud/libd_chr17-chr17_all-libd_chr17-chr17_all-781513-801512-dynamic-1corestotal-allcorepera-20240523-103337.rds"
[1] "File number: 377"
[1] "Loaded RDS file: ..//output_EXPANSE_a2_caud/libd_chr17-chr17_all-libd_chr17-chr17_all-801513-821512-dynamic-1corestotal-allcorepera-20240523-103438.rds"
[1] "File number: 378"
[1] "Loaded RDS file: ..//output_EXPANSE_a2_caud/libd_chr17-chr17_all-libd_chr17-chr17_all-821513-841512-dynamic-1corestotal-allcorepera-20240523-103539.rds"
[1] "File number: 379"
[1] "Loaded RDS file: ..//output_EXPANSE_a2_caud/libd_chr17-chr17_all-libd_chr17-chr17_all-841513-861512-dynamic-1corestotal-allcorepera-20240523-103641.rds"
[1] "File number: 380"
[1] "Loaded RDS file: ..//output_EXPANSE_a2_caud/libd_chr17-chr17_all-libd_chr17-chr17_all-861513-881512-dynamic-1corestotal-allcorepera-20240523-103742.rds"
[1] "File number: 381"
[1] "Loaded RDS file: ..//output_EXPANSE_a2_caud/libd_chr17-chr17_all-libd_chr17-chr17_all-881513-901512-dynamic-1corestotal-allcorepera-20240523-103843.rds"
[1] "File number: 382"
[1] "Loaded RDS file: ..//output_EXPANSE_a2_caud/libd_chr17-chr17_all-libd_chr17-chr17_all-901513-921512-dynamic-1corestotal-allcorepera-20240523-103944.rds"
[1] "File number: 383"
[1] "Loaded RDS file: ..//output_EXPANSE_a2_caud/libd_chr17-chr17_all-libd_chr17-chr17_all-921513-941512-dynamic-1corestotal-allcorepera-20240523-104046.rds"
[1] "File number: 384"
[1] "Loaded RDS file: ..//output_EXPANSE_a2_caud/libd_chr17-chr17_all-libd_chr17-chr17_all-941513-961512-dynamic-1corestotal-allcorepera-20240523-104147.rds"
[1] "File number: 385"
[1] "Loaded RDS file: ..//output_EXPANSE_a2_caud/libd_chr17-chr17_all-libd_chr17-chr17_all-961513-981512-dynamic-1corestotal-allcorepera-20240523-104248.rds"
[1] "File number: 386"
[1] "Loaded RDS file: ..//output_EXPANSE_a2_caud/libd_chr17-chr17_all-libd_chr17-chr17_all-981513-1001512-dynamic-1corestotal-allcorepera-20240523-104349.rds"
[1] "File number: 387"
[1] "Loaded RDS file: ..//output_EXPANSE_a2_caud/libd_chr17-chr17_all-libd_chr17-chr17_all-1001513-1021512-dynamic-1corestotal-allcorepera-20240523-104451.rds"
[1] "File number: 388"
[1] "Loaded RDS file: ..//output_EXPANSE_a2_caud/libd_chr17-chr17_all-libd_chr17-chr17_all-1021513-1041512-dynamic-1corestotal-allcorepera-20240523-104552.rds"
[1] "File number: 389"
[1] "Loaded RDS file: ..//output_EXPANSE_a2_caud/libd_chr17-chr17_all-libd_chr17-chr17_all-1041513-1061512-dynamic-1corestotal-allcorepera-20240523-104653.rds"
[1] "File number: 390"
[1] "Loaded RDS file: ..//output_EXPANSE_a2_caud/libd_chr17-chr17_all-libd_chr17-chr17_all-1061513-1081512-dynamic-1corestotal-allcorepera-20240523-104755.rds"
[1] "File number: 391"
[1] "Loaded RDS file: ..//output_EXPANSE_a2_caud/libd_chr17-chr17_all-libd_chr17-chr17_all-1081513-1101512-dynamic-1corestotal-allcorepera-20240523-104856.rds"
[1] "File number: 392"
[1] "Loaded RDS file: ..//output_EXPANSE_a2_caud/libd_chr17-chr17_all-libd_chr17-chr17_all-1101513-1119214-dynamic-1corestotal-allcorepera-20240523-104957.rds"
[1] "File number: 393"
[1] "Loaded RDS file: ..//output_EXPANSE_a2_dlpfc/libd_chr17-chr17_all-libd_chr17-chr17_all-1513-21512-dynamic-1corestotal-allcorepera-20240509-155834.rds"
[1] "File number: 394"
[1] "Loaded RDS file: ..//output_EXPANSE_a2_dlpfc/libd_chr17-chr17_all-libd_chr17-chr17_all-21513-41512-dynamic-1corestotal-allcorepera-20240509-155936.rds"
[1] "File number: 395"
[1] "Loaded RDS file: ..//output_EXPANSE_a2_dlpfc/libd_chr17-chr17_all-libd_chr17-chr17_all-41513-61512-dynamic-1corestotal-allcorepera-20240509-160039.rds"
[1] "File number: 396"
[1] "Loaded RDS file: ..//output_EXPANSE_a2_dlpfc/libd_chr17-chr17_all-libd_chr17-chr17_all-61513-81512-dynamic-1corestotal-allcorepera-20240509-160140.rds"
[1] "File number: 397"
[1] "Loaded RDS file: ..//output_EXPANSE_a2_dlpfc/libd_chr17-chr17_all-libd_chr17-chr17_all-81513-101512-dynamic-1corestotal-allcorepera-20240509-160241.rds"
[1] "File number: 398"
[1] "Loaded RDS file: ..//output_EXPANSE_a2_dlpfc/libd_chr17-chr17_all-libd_chr17-chr17_all-101513-121512-dynamic-1corestotal-allcorepera-20240509-160342.rds"
[1] "File number: 399"
[1] "Loaded RDS file: ..//output_EXPANSE_a2_dlpfc/libd_chr17-chr17_all-libd_chr17-chr17_all-121513-141512-dynamic-1corestotal-allcorepera-20240509-160443.rds"
[1] "File number: 400"
[1] "Loaded RDS file: ..//output_EXPANSE_a2_dlpfc/libd_chr17-chr17_all-libd_chr17-chr17_all-141513-161512-dynamic-1corestotal-allcorepera-20240509-160544.rds"
[1] "File number: 401"
[1] "Loaded RDS file: ..//output_EXPANSE_a2_dlpfc/libd_chr17-chr17_all-libd_chr17-chr17_all-161513-181512-dynamic-1corestotal-allcorepera-20240509-160646.rds"
[1] "File number: 402"
[1] "Loaded RDS file: ..//output_EXPANSE_a2_dlpfc/libd_chr17-chr17_all-libd_chr17-chr17_all-181513-201512-dynamic-1corestotal-allcorepera-20240509-160747.rds"
[1] "File number: 403"
[1] "Loaded RDS file: ..//output_EXPANSE_a2_dlpfc/libd_chr17-chr17_all-libd_chr17-chr17_all-201513-221512-dynamic-1corestotal-allcorepera-20240509-160848.rds"
[1] "File number: 404"
[1] "Loaded RDS file: ..//output_EXPANSE_a2_dlpfc/libd_chr17-chr17_all-libd_chr17-chr17_all-221513-241512-dynamic-1corestotal-allcorepera-20240509-160949.rds"
[1] "File number: 405"
[1] "Loaded RDS file: ..//output_EXPANSE_a2_dlpfc/libd_chr17-chr17_all-libd_chr17-chr17_all-241513-261512-dynamic-1corestotal-allcorepera-20240509-161050.rds"
[1] "File number: 406"
[1] "Loaded RDS file: ..//output_EXPANSE_a2_dlpfc/libd_chr17-chr17_all-libd_chr17-chr17_all-261513-281512-dynamic-1corestotal-allcorepera-20240509-161151.rds"
[1] "File number: 407"
[1] "Loaded RDS file: ..//output_EXPANSE_a2_dlpfc/libd_chr17-chr17_all-libd_chr17-chr17_all-281513-301512-dynamic-1corestotal-allcorepera-20240509-161253.rds"
[1] "File number: 408"
[1] "Loaded RDS file: ..//output_EXPANSE_a2_dlpfc/libd_chr17-chr17_all-libd_chr17-chr17_all-301513-321512-dynamic-1corestotal-allcorepera-20240509-161354.rds"
[1] "File number: 409"
[1] "Loaded RDS file: ..//output_EXPANSE_a2_dlpfc/libd_chr17-chr17_all-libd_chr17-chr17_all-321513-341512-dynamic-1corestotal-allcorepera-20240509-161455.rds"
[1] "File number: 410"
[1] "Loaded RDS file: ..//output_EXPANSE_a2_dlpfc/libd_chr17-chr17_all-libd_chr17-chr17_all-341513-361512-dynamic-1corestotal-allcorepera-20240509-161556.rds"
[1] "File number: 411"
[1] "Loaded RDS file: ..//output_EXPANSE_a2_dlpfc/libd_chr17-chr17_all-libd_chr17-chr17_all-361513-381512-dynamic-1corestotal-allcorepera-20240509-161657.rds"
[1] "File number: 412"
[1] "Loaded RDS file: ..//output_EXPANSE_a2_dlpfc/libd_chr17-chr17_all-libd_chr17-chr17_all-381513-401512-dynamic-1corestotal-allcorepera-20240509-161758.rds"
[1] "File number: 413"
[1] "Loaded RDS file: ..//output_EXPANSE_a2_dlpfc/libd_chr17-chr17_all-libd_chr17-chr17_all-401513-421512-dynamic-1corestotal-allcorepera-20240509-161859.rds"
[1] "File number: 414"
[1] "Loaded RDS file: ..//output_EXPANSE_a2_dlpfc/libd_chr17-chr17_all-libd_chr17-chr17_all-421513-441512-dynamic-1corestotal-allcorepera-20240509-162000.rds"
[1] "File number: 415"
[1] "Loaded RDS file: ..//output_EXPANSE_a2_dlpfc/libd_chr17-chr17_all-libd_chr17-chr17_all-441513-461512-dynamic-1corestotal-allcorepera-20240509-162102.rds"
[1] "File number: 416"
[1] "Loaded RDS file: ..//output_EXPANSE_a2_dlpfc/libd_chr17-chr17_all-libd_chr17-chr17_all-461513-481512-dynamic-1corestotal-allcorepera-20240509-162205.rds"
[1] "File number: 417"
[1] "Loaded RDS file: ..//output_EXPANSE_a2_dlpfc/libd_chr17-chr17_all-libd_chr17-chr17_all-481513-501512-dynamic-1corestotal-allcorepera-20240509-162306.rds"
[1] "File number: 418"
[1] "Loaded RDS file: ..//output_EXPANSE_a2_dlpfc/libd_chr17-chr17_all-libd_chr17-chr17_all-501513-521512-dynamic-1corestotal-allcorepera-20240509-162407.rds"
[1] "File number: 419"
[1] "Loaded RDS file: ..//output_EXPANSE_a2_dlpfc/libd_chr17-chr17_all-libd_chr17-chr17_all-521513-541512-dynamic-1corestotal-allcorepera-20240509-162508.rds"
[1] "File number: 420"
[1] "Loaded RDS file: ..//output_EXPANSE_a2_dlpfc/libd_chr17-chr17_all-libd_chr17-chr17_all-541513-561512-dynamic-1corestotal-allcorepera-20240509-162609.rds"
[1] "File number: 421"
[1] "Loaded RDS file: ..//output_EXPANSE_a2_dlpfc/libd_chr17-chr17_all-libd_chr17-chr17_all-561513-581512-dynamic-1corestotal-allcorepera-20240509-162710.rds"
[1] "File number: 422"
[1] "Loaded RDS file: ..//output_EXPANSE_a2_dlpfc/libd_chr17-chr17_all-libd_chr17-chr17_all-581513-601512-dynamic-1corestotal-allcorepera-20240509-162811.rds"
[1] "File number: 423"
[1] "Loaded RDS file: ..//output_EXPANSE_a2_dlpfc/libd_chr17-chr17_all-libd_chr17-chr17_all-601513-621512-dynamic-1corestotal-allcorepera-20240509-162913.rds"
[1] "File number: 424"
[1] "Loaded RDS file: ..//output_EXPANSE_a2_dlpfc/libd_chr17-chr17_all-libd_chr17-chr17_all-621513-641512-dynamic-1corestotal-allcorepera-20240509-163014.rds"
[1] "File number: 425"
[1] "Loaded RDS file: ..//output_EXPANSE_a2_dlpfc/libd_chr17-chr17_all-libd_chr17-chr17_all-641513-661512-dynamic-1corestotal-allcorepera-20240509-163115.rds"
[1] "File number: 426"
[1] "Loaded RDS file: ..//output_EXPANSE_a2_dlpfc/libd_chr17-chr17_all-libd_chr17-chr17_all-661513-681512-dynamic-1corestotal-allcorepera-20240509-163216.rds"
[1] "File number: 427"
[1] "Loaded RDS file: ..//output_EXPANSE_a2_dlpfc/libd_chr17-chr17_all-libd_chr17-chr17_all-681513-701512-dynamic-1corestotal-allcorepera-20240509-163317.rds"
[1] "File number: 428"
[1] "Loaded RDS file: ..//output_EXPANSE_a2_dlpfc/libd_chr17-chr17_all-libd_chr17-chr17_all-701513-721512-dynamic-1corestotal-allcorepera-20240509-163418.rds"
[1] "File number: 429"
[1] "Loaded RDS file: ..//output_EXPANSE_a2_dlpfc/libd_chr17-chr17_all-libd_chr17-chr17_all-721513-741512-dynamic-1corestotal-allcorepera-20240509-163519.rds"
[1] "File number: 430"
[1] "Loaded RDS file: ..//output_EXPANSE_a2_dlpfc/libd_chr17-chr17_all-libd_chr17-chr17_all-741513-761512-dynamic-1corestotal-allcorepera-20240509-163621.rds"
[1] "File number: 431"
[1] "Loaded RDS file: ..//output_EXPANSE_a2_dlpfc/libd_chr17-chr17_all-libd_chr17-chr17_all-761513-781512-dynamic-1corestotal-allcorepera-20240509-163730.rds"
[1] "File number: 432"
[1] "Loaded RDS file: ..//output_EXPANSE_a2_dlpfc/libd_chr17-chr17_all-libd_chr17-chr17_all-781513-801512-dynamic-1corestotal-allcorepera-20240509-163831.rds"
[1] "File number: 433"
[1] "Loaded RDS file: ..//output_EXPANSE_a2_dlpfc/libd_chr17-chr17_all-libd_chr17-chr17_all-801513-821512-dynamic-1corestotal-allcorepera-20240509-163932.rds"
[1] "File number: 434"
[1] "Loaded RDS file: ..//output_EXPANSE_a2_dlpfc/libd_chr17-chr17_all-libd_chr17-chr17_all-821513-841512-dynamic-1corestotal-allcorepera-20240509-164033.rds"
[1] "File number: 435"
[1] "Loaded RDS file: ..//output_EXPANSE_a2_dlpfc/libd_chr17-chr17_all-libd_chr17-chr17_all-841513-861512-dynamic-1corestotal-allcorepera-20240509-164134.rds"
[1] "File number: 436"
[1] "Loaded RDS file: ..//output_EXPANSE_a2_dlpfc/libd_chr17-chr17_all-libd_chr17-chr17_all-861513-881512-dynamic-1corestotal-allcorepera-20240509-164235.rds"
[1] "File number: 437"
[1] "Loaded RDS file: ..//output_EXPANSE_a2_dlpfc/libd_chr17-chr17_all-libd_chr17-chr17_all-881513-901512-dynamic-1corestotal-allcorepera-20240509-164336.rds"
[1] "File number: 438"
[1] "Loaded RDS file: ..//output_EXPANSE_a2_dlpfc/libd_chr17-chr17_all-libd_chr17-chr17_all-901513-921512-dynamic-1corestotal-allcorepera-20240509-164438.rds"
[1] "File number: 439"
[1] "Loaded RDS file: ..//output_EXPANSE_a2_dlpfc/libd_chr17-chr17_all-libd_chr17-chr17_all-921513-941512-dynamic-1corestotal-allcorepera-20240509-164539.rds"
[1] "File number: 440"
[1] "Loaded RDS file: ..//output_EXPANSE_a2_dlpfc/libd_chr17-chr17_all-libd_chr17-chr17_all-941513-961512-dynamic-1corestotal-allcorepera-20240509-164640.rds"
[1] "File number: 441"
[1] "Loaded RDS file: ..//output_EXPANSE_a2_dlpfc/libd_chr17-chr17_all-libd_chr17-chr17_all-961513-981512-dynamic-1corestotal-allcorepera-20240509-164741.rds"
[1] "File number: 442"
[1] "Loaded RDS file: ..//output_EXPANSE_a2_dlpfc/libd_chr17-chr17_all-libd_chr17-chr17_all-981513-1001512-dynamic-1corestotal-allcorepera-20240509-164842.rds"
[1] "File number: 443"
[1] "Loaded RDS file: ..//output_EXPANSE_a2_dlpfc/libd_chr17-chr17_all-libd_chr17-chr17_all-1001513-1021512-dynamic-1corestotal-allcorepera-20240509-164943.rds"
[1] "File number: 444"
[1] "Loaded RDS file: ..//output_EXPANSE_a2_dlpfc/libd_chr17-chr17_all-libd_chr17-chr17_all-1021513-1041512-dynamic-1corestotal-allcorepera-20240509-165044.rds"
[1] "File number: 445"
[1] "Loaded RDS file: ..//output_EXPANSE_a2_dlpfc/libd_chr17-chr17_all-libd_chr17-chr17_all-1041513-1061512-dynamic-1corestotal-allcorepera-20240509-165147.rds"
[1] "File number: 446"
[1] "Loaded RDS file: ..//output_EXPANSE_a2_dlpfc/libd_chr17-chr17_all-libd_chr17-chr17_all-1061513-1081512-dynamic-1corestotal-allcorepera-20240509-165248.rds"
[1] "File number: 447"
[1] "Loaded RDS file: ..//output_EXPANSE_a2_dlpfc/libd_chr17-chr17_all-libd_chr17-chr17_all-1081513-1101512-dynamic-1corestotal-allcorepera-20240509-165349.rds"
[1] "File number: 448"
[1] "Loaded RDS file: ..//output_EXPANSE_a2_dlpfc/libd_chr17-chr17_all-libd_chr17-chr17_all-1101513-1119214-dynamic-1corestotal-allcorepera-20240509-165451.rds"
[1] "File number: 449"
[1] "Loaded RDS file: ..//output_EXPANSE_a2_hippo/libd_chr17-chr17_all-libd_chr17-chr17_all-1513-21512-dynamic-1corestotal-allcorepera-20240509-185002.rds"
[1] "File number: 450"
[1] "Loaded RDS file: ..//output_EXPANSE_a2_hippo/libd_chr17-chr17_all-libd_chr17-chr17_all-21513-41512-dynamic-1corestotal-allcorepera-20240509-185104.rds"
[1] "File number: 451"
[1] "Loaded RDS file: ..//output_EXPANSE_a2_hippo/libd_chr17-chr17_all-libd_chr17-chr17_all-41513-61512-dynamic-1corestotal-allcorepera-20240509-185206.rds"
[1] "File number: 452"
[1] "Loaded RDS file: ..//output_EXPANSE_a2_hippo/libd_chr17-chr17_all-libd_chr17-chr17_all-61513-81512-dynamic-1corestotal-allcorepera-20240509-185308.rds"
[1] "File number: 453"
[1] "Loaded RDS file: ..//output_EXPANSE_a2_hippo/libd_chr17-chr17_all-libd_chr17-chr17_all-81513-101512-dynamic-1corestotal-allcorepera-20240509-185409.rds"
[1] "File number: 454"
[1] "Loaded RDS file: ..//output_EXPANSE_a2_hippo/libd_chr17-chr17_all-libd_chr17-chr17_all-101513-121512-dynamic-1corestotal-allcorepera-20240509-185511.rds"
[1] "File number: 455"
[1] "Loaded RDS file: ..//output_EXPANSE_a2_hippo/libd_chr17-chr17_all-libd_chr17-chr17_all-121513-141512-dynamic-1corestotal-allcorepera-20240509-185613.rds"
[1] "File number: 456"
[1] "Loaded RDS file: ..//output_EXPANSE_a2_hippo/libd_chr17-chr17_all-libd_chr17-chr17_all-141513-161512-dynamic-1corestotal-allcorepera-20240509-185715.rds"
[1] "File number: 457"
[1] "Loaded RDS file: ..//output_EXPANSE_a2_hippo/libd_chr17-chr17_all-libd_chr17-chr17_all-161513-181512-dynamic-1corestotal-allcorepera-20240509-185817.rds"
[1] "File number: 458"
[1] "Loaded RDS file: ..//output_EXPANSE_a2_hippo/libd_chr17-chr17_all-libd_chr17-chr17_all-181513-201512-dynamic-1corestotal-allcorepera-20240509-185918.rds"
[1] "File number: 459"
[1] "Loaded RDS file: ..//output_EXPANSE_a2_hippo/libd_chr17-chr17_all-libd_chr17-chr17_all-201513-221512-dynamic-1corestotal-allcorepera-20240509-190020.rds"
[1] "File number: 460"
[1] "Loaded RDS file: ..//output_EXPANSE_a2_hippo/libd_chr17-chr17_all-libd_chr17-chr17_all-221513-241512-dynamic-1corestotal-allcorepera-20240509-190122.rds"
[1] "File number: 461"
[1] "Loaded RDS file: ..//output_EXPANSE_a2_hippo/libd_chr17-chr17_all-libd_chr17-chr17_all-241513-261512-dynamic-1corestotal-allcorepera-20240509-190224.rds"
[1] "File number: 462"
[1] "Loaded RDS file: ..//output_EXPANSE_a2_hippo/libd_chr17-chr17_all-libd_chr17-chr17_all-261513-281512-dynamic-1corestotal-allcorepera-20240509-190326.rds"
[1] "File number: 463"
[1] "Loaded RDS file: ..//output_EXPANSE_a2_hippo/libd_chr17-chr17_all-libd_chr17-chr17_all-281513-301512-dynamic-1corestotal-allcorepera-20240509-190428.rds"
[1] "File number: 464"
[1] "Loaded RDS file: ..//output_EXPANSE_a2_hippo/libd_chr17-chr17_all-libd_chr17-chr17_all-301513-321512-dynamic-1corestotal-allcorepera-20240509-190530.rds"
[1] "File number: 465"
[1] "Loaded RDS file: ..//output_EXPANSE_a2_hippo/libd_chr17-chr17_all-libd_chr17-chr17_all-321513-341512-dynamic-1corestotal-allcorepera-20240509-190632.rds"
[1] "File number: 466"
[1] "Loaded RDS file: ..//output_EXPANSE_a2_hippo/libd_chr17-chr17_all-libd_chr17-chr17_all-341513-361512-dynamic-1corestotal-allcorepera-20240509-190734.rds"
[1] "File number: 467"
[1] "Loaded RDS file: ..//output_EXPANSE_a2_hippo/libd_chr17-chr17_all-libd_chr17-chr17_all-361513-381512-dynamic-1corestotal-allcorepera-20240509-190835.rds"
[1] "File number: 468"
[1] "Loaded RDS file: ..//output_EXPANSE_a2_hippo/libd_chr17-chr17_all-libd_chr17-chr17_all-381513-401512-dynamic-1corestotal-allcorepera-20240509-190936.rds"
[1] "File number: 469"
[1] "Loaded RDS file: ..//output_EXPANSE_a2_hippo/libd_chr17-chr17_all-libd_chr17-chr17_all-401513-421512-dynamic-1corestotal-allcorepera-20240509-191037.rds"
[1] "File number: 470"
[1] "Loaded RDS file: ..//output_EXPANSE_a2_hippo/libd_chr17-chr17_all-libd_chr17-chr17_all-421513-441512-dynamic-1corestotal-allcorepera-20240509-191139.rds"
[1] "File number: 471"
[1] "Loaded RDS file: ..//output_EXPANSE_a2_hippo/libd_chr17-chr17_all-libd_chr17-chr17_all-441513-461512-dynamic-1corestotal-allcorepera-20240509-191241.rds"
[1] "File number: 472"
[1] "Loaded RDS file: ..//output_EXPANSE_a2_hippo/libd_chr17-chr17_all-libd_chr17-chr17_all-461513-481512-dynamic-1corestotal-allcorepera-20240509-191342.rds"
[1] "File number: 473"
[1] "Loaded RDS file: ..//output_EXPANSE_a2_hippo/libd_chr17-chr17_all-libd_chr17-chr17_all-481513-501512-dynamic-1corestotal-allcorepera-20240509-191445.rds"
[1] "File number: 474"
[1] "Loaded RDS file: ..//output_EXPANSE_a2_hippo/libd_chr17-chr17_all-libd_chr17-chr17_all-501513-521512-dynamic-1corestotal-allcorepera-20240509-191546.rds"
[1] "File number: 475"
[1] "Loaded RDS file: ..//output_EXPANSE_a2_hippo/libd_chr17-chr17_all-libd_chr17-chr17_all-521513-541512-dynamic-1corestotal-allcorepera-20240509-191647.rds"
[1] "File number: 476"
[1] "Loaded RDS file: ..//output_EXPANSE_a2_hippo/libd_chr17-chr17_all-libd_chr17-chr17_all-541513-561512-dynamic-1corestotal-allcorepera-20240509-191748.rds"
[1] "File number: 477"
[1] "Loaded RDS file: ..//output_EXPANSE_a2_hippo/libd_chr17-chr17_all-libd_chr17-chr17_all-561513-581512-dynamic-1corestotal-allcorepera-20240509-191850.rds"
[1] "File number: 478"
[1] "Loaded RDS file: ..//output_EXPANSE_a2_hippo/libd_chr17-chr17_all-libd_chr17-chr17_all-581513-601512-dynamic-1corestotal-allcorepera-20240509-191951.rds"
[1] "File number: 479"
[1] "Loaded RDS file: ..//output_EXPANSE_a2_hippo/libd_chr17-chr17_all-libd_chr17-chr17_all-601513-621512-dynamic-1corestotal-allcorepera-20240509-192052.rds"
[1] "File number: 480"
[1] "Loaded RDS file: ..//output_EXPANSE_a2_hippo/libd_chr17-chr17_all-libd_chr17-chr17_all-621513-641512-dynamic-1corestotal-allcorepera-20240509-192153.rds"
[1] "File number: 481"
[1] "Loaded RDS file: ..//output_EXPANSE_a2_hippo/libd_chr17-chr17_all-libd_chr17-chr17_all-641513-661512-dynamic-1corestotal-allcorepera-20240509-192254.rds"
[1] "File number: 482"
[1] "Loaded RDS file: ..//output_EXPANSE_a2_hippo/libd_chr17-chr17_all-libd_chr17-chr17_all-661513-681512-dynamic-1corestotal-allcorepera-20240509-192355.rds"
[1] "File number: 483"
[1] "Loaded RDS file: ..//output_EXPANSE_a2_hippo/libd_chr17-chr17_all-libd_chr17-chr17_all-681513-701512-dynamic-1corestotal-allcorepera-20240509-192456.rds"
[1] "File number: 484"
[1] "Loaded RDS file: ..//output_EXPANSE_a2_hippo/libd_chr17-chr17_all-libd_chr17-chr17_all-701513-721512-dynamic-1corestotal-allcorepera-20240509-192557.rds"
[1] "File number: 485"
[1] "Loaded RDS file: ..//output_EXPANSE_a2_hippo/libd_chr17-chr17_all-libd_chr17-chr17_all-721513-741512-dynamic-1corestotal-allcorepera-20240509-192659.rds"
[1] "File number: 486"
[1] "Loaded RDS file: ..//output_EXPANSE_a2_hippo/libd_chr17-chr17_all-libd_chr17-chr17_all-741513-761512-dynamic-1corestotal-allcorepera-20240509-192800.rds"
[1] "File number: 487"
[1] "Loaded RDS file: ..//output_EXPANSE_a2_hippo/libd_chr17-chr17_all-libd_chr17-chr17_all-761513-781512-dynamic-1corestotal-allcorepera-20240509-192901.rds"
[1] "File number: 488"
[1] "Loaded RDS file: ..//output_EXPANSE_a2_hippo/libd_chr17-chr17_all-libd_chr17-chr17_all-781513-801512-dynamic-1corestotal-allcorepera-20240509-193002.rds"
[1] "File number: 489"
[1] "Loaded RDS file: ..//output_EXPANSE_a2_hippo/libd_chr17-chr17_all-libd_chr17-chr17_all-801513-821512-dynamic-1corestotal-allcorepera-20240509-193103.rds"
[1] "File number: 490"
[1] "Loaded RDS file: ..//output_EXPANSE_a2_hippo/libd_chr17-chr17_all-libd_chr17-chr17_all-821513-841512-dynamic-1corestotal-allcorepera-20240509-193204.rds"
[1] "File number: 491"
[1] "Loaded RDS file: ..//output_EXPANSE_a2_hippo/libd_chr17-chr17_all-libd_chr17-chr17_all-841513-861512-dynamic-1corestotal-allcorepera-20240509-193305.rds"
[1] "File number: 492"
[1] "Loaded RDS file: ..//output_EXPANSE_a2_hippo/libd_chr17-chr17_all-libd_chr17-chr17_all-861513-881512-dynamic-1corestotal-allcorepera-20240509-193407.rds"
[1] "File number: 493"
[1] "Loaded RDS file: ..//output_EXPANSE_a2_hippo/libd_chr17-chr17_all-libd_chr17-chr17_all-881513-901512-dynamic-1corestotal-allcorepera-20240509-193508.rds"
[1] "File number: 494"
[1] "Loaded RDS file: ..//output_EXPANSE_a2_hippo/libd_chr17-chr17_all-libd_chr17-chr17_all-901513-921512-dynamic-1corestotal-allcorepera-20240509-193609.rds"
[1] "File number: 495"
[1] "Loaded RDS file: ..//output_EXPANSE_a2_hippo/libd_chr17-chr17_all-libd_chr17-chr17_all-921513-941512-dynamic-1corestotal-allcorepera-20240509-193710.rds"
[1] "File number: 496"
[1] "Loaded RDS file: ..//output_EXPANSE_a2_hippo/libd_chr17-chr17_all-libd_chr17-chr17_all-941513-961512-dynamic-1corestotal-allcorepera-20240509-193811.rds"
[1] "File number: 497"
[1] "Loaded RDS file: ..//output_EXPANSE_a2_hippo/libd_chr17-chr17_all-libd_chr17-chr17_all-961513-981512-dynamic-1corestotal-allcorepera-20240509-193912.rds"
[1] "File number: 498"
[1] "Loaded RDS file: ..//output_EXPANSE_a2_hippo/libd_chr17-chr17_all-libd_chr17-chr17_all-981513-1001512-dynamic-1corestotal-allcorepera-20240509-194013.rds"
[1] "File number: 499"
[1] "Loaded RDS file: ..//output_EXPANSE_a2_hippo/libd_chr17-chr17_all-libd_chr17-chr17_all-1001513-1021512-dynamic-1corestotal-allcorepera-20240509-194114.rds"
[1] "File number: 500"
[1] "Loaded RDS file: ..//output_EXPANSE_a2_hippo/libd_chr17-chr17_all-libd_chr17-chr17_all-1021513-1041512-dynamic-1corestotal-allcorepera-20240509-194216.rds"
[1] "File number: 501"
[1] "Loaded RDS file: ..//output_EXPANSE_a2_hippo/libd_chr17-chr17_all-libd_chr17-chr17_all-1041513-1061512-dynamic-1corestotal-allcorepera-20240509-194317.rds"
[1] "File number: 502"
[1] "Loaded RDS file: ..//output_EXPANSE_a2_hippo/libd_chr17-chr17_all-libd_chr17-chr17_all-1041513-1061512-dynamic-1corestotal-allcorepera-20240510-121929.rds"
[1] "File number: 503"
[1] "Loaded RDS file: ..//output_EXPANSE_a2_hippo/libd_chr17-chr17_all-libd_chr17-chr17_all-1061513-1081512-dynamic-1corestotal-allcorepera-20240509-194418.rds"
[1] "File number: 504"
[1] "Loaded RDS file: ..//output_EXPANSE_a2_hippo/libd_chr17-chr17_all-libd_chr17-chr17_all-1081513-1101512-dynamic-1corestotal-allcorepera-20240509-194519.rds"
[1] "File number: 505"
[1] "Loaded RDS file: ..//output_EXPANSE_a2_hippo/libd_chr17-chr17_all-libd_chr17-chr17_all-1101513-1119214-dynamic-1corestotal-allcorepera-20240509-194622.rds"
