PLINK v2.00a4.6LM 64-bit Intel (29 Aug 2023)
Options in effect:
  --keep caudate_brnum
  --make-pgen
  --out caudate_gwas
  --pfile /dcs04/lieber/statsgen/shizhong/database/libd/genotype/postmortem/topmed/merge_H650_1M_2.5M_5M/EA_AA/all/plink/all_brnum_all

Hostname: compute-103.cm.cluster
Working directory: /dcs04/lieber/statsgen/shizhong/database/libd/genotype/postmortem/topmed/merge_H650_1M_2.5M_5M/EA_AA/all/pca_wgbs/caudate
Start time: Sat Mar  2 17:48:12 2024

Random number seed: 1709419692
128474 MiB RAM detected, ~107832 available; reserving 64237 MiB for main
workspace.
Using up to 2 compute threads.
2189 samples (0 females, 0 males, 2189 ambiguous; 2189 founders) loaded from
/dcs04/lieber/statsgen/shizhong/database/libd/genotype/postmortem/topmed/merge_H650_1M_2.5M_5M/EA_AA/all/plink/all_brnum_all.psam.
6857627 variants loaded from
/dcs04/lieber/statsgen/shizhong/database/libd/genotype/postmortem/topmed/merge_H650_1M_2.5M_5M/EA_AA/all/plink/all_brnum_all.pvar.
Note: No phenotype data present.
--keep: 308 samples remaining.
308 samples (0 females, 0 males, 308 ambiguous; 308 founders) remaining after
main filters.
Writing caudate_gwas.psam ... done.
Writing caudate_gwas.pvar ... done.
Writing caudate_gwas.pgen ... done.

End time: Sat Mar  2 17:52:11 2024
