PLINK v2.00a4.6LM 64-bit Intel (29 Aug 2023)
Options in effect:
  --extract snps.prune.in
  --king-table-filter 0.05
  --make-king-table
  --out kin
  --pfile caudate_gwas

Hostname: compute-103.cm.cluster
Working directory: /dcs04/lieber/statsgen/shizhong/database/libd/genotype/postmortem/topmed/merge_H650_1M_2.5M_5M/EA_AA/all/pca_wgbs/caudate
Start time: Sat Mar  2 17:56:07 2024

Random number seed: 1709420167
128474 MiB RAM detected, ~112752 available; reserving 64237 MiB for main
workspace.
Using up to 2 compute threads.
308 samples (0 females, 0 males, 308 ambiguous; 308 founders) loaded from
caudate_gwas.psam.
6857627 variants loaded from caudate_gwas.pvar.
Note: No phenotype data present.
--extract: 126021 variants remaining.
126021 variants remaining after main filters.
--make-king-table pass 1/1: Scanning for rare variants... done.
0 variants handled by initial scan (126021 remaining).
--make-king-table: 126021 variants processed.
Results written to kin.kin0 .
--king-table-filter: 0 relationships reported (47278 filtered out).

End time: Sat Mar  2 17:56:11 2024
