PLINK v2.00a4.6LM 64-bit Intel (29 Aug 2023)
Options in effect:
  --extract snps.prune.in
  --out pca
  --pca 20
  --pfile caudate_gwas

Hostname: compute-103.cm.cluster
Working directory: /dcs04/lieber/statsgen/shizhong/database/libd/genotype/postmortem/topmed/merge_H650_1M_2.5M_5M/EA_AA/all/pca_wgbs/caudate
Start time: Sat Mar  2 17:57:01 2024

Random number seed: 1709420221
128474 MiB RAM detected, ~112093 available; reserving 64237 MiB for main
workspace.
Using up to 2 compute threads.
308 samples (0 females, 0 males, 308 ambiguous; 308 founders) loaded from
caudate_gwas.psam.
6857627 variants loaded from caudate_gwas.pvar.
Note: No phenotype data present.
--extract: 126021 variants remaining.
Calculating allele frequencies... done.
126021 variants remaining after main filters.
Constructing GRM: done.
Correcting for missingness... done.
Extracting eigenvalues and eigenvectors... done.
--pca: Eigenvectors written to pca.eigenvec , and eigenvalues written to
pca.eigenval .

End time: Sat Mar  2 17:57:08 2024
