Fail to get yarn configuration. /home/naglemi/miniconda3/envs/mwas/lib/python3.11/site-packages/jupyterlab/staging/yarn.js:4
(()=>{var Qge=Object.create;var AS=Object.defineProperty;var bge=Object.getOwnPropertyDescriptor;var Sge=Object.getOwnPropertyNames;var vge=Object.getPrototypeOf,xge=Object.prototype.hasOwnProperty;var J=(r=>typeof require<"u"?require:typeof Proxy<"u"?new Proxy(r,{get:(e,t)=>(typeof require<"u"?require:e)[t]}):r)(function(r){if(typeof require<"u")return require.apply(this,arguments);throw new Error('Dynamic require of "'+r+'" is not supported')});var Pge=(r,e)=>()=>(r&&(e=r(r=0)),e);var w=(r,e)=>()=>(e||r((e={exports:{}}).exports,e),e.exports),ut=(r,e)=>{for(var t in e)AS(r,t,{get:e[t],enumerable:!0})},Dge=(r,e,t,i)=>{if(e&&typeof e=="object"||typeof e=="function")for(let n of Sge(e))!xge.call(r,n)&&n!==t&&AS(r,n,{get:()=>e[n],enumerable:!(i=bge(e,n))||i.enumerable});return r};var Pe=(r,e,t)=>(t=r!=null?Qge(vge(r)):{},Dge(e||!r||!r.__esModule?AS(t,"default",{value:r,enumerable:!0}):t,r));var QK=w((GXe,BK)=>{BK.expor

SyntaxError: Unexpected token {
    at createScript (vm.js:56:10)
    at Object.runInThisContext (vm.js:97:10)
    at Module._compile (module.js:549:28)
    at Object.Module._extensions..js (module.js:586:10)
    at Module.load (module.js:494:32)
    at tryModuleLoad (module.js:453:12)
    at Function.Module._load (module.js:445:3)
    at Module.runMain (module.js:611:10)
    at run (bootstrap_node.js:387:7)
    at startup (bootstrap_node.js:153:9)

[I 2024-04-29 05:42:17.539 ServerApp] Package jupyterlab took 0.0000s to import
[I 2024-04-29 05:42:17.571 ServerApp] Package jupyter_lsp took 0.0315s to import
[W 2024-04-29 05:42:17.571 ServerApp] A `_jupyter_server_extension_points` function was not found in jupyter_lsp. Instead, a `_jupyter_server_extension_paths` function was found and will be used for now. This function name will be deprecated in future releases of Jupyter Server.
[I 2024-04-29 05:42:17.624 ServerApp] Package jupyter_server_terminals took 0.0528s to import
[I 2024-04-29 05:42:17.624 ServerApp] Package notebook took 0.0000s to import
[I 2024-04-29 05:42:17.626 ServerApp] Package notebook_shim took 0.0000s to import
[W 2024-04-29 05:42:17.626 ServerApp] A `_jupyter_server_extension_points` function was not found in notebook_shim. Instead, a `_jupyter_server_extension_paths` function was found and will be used for now. This function name will be deprecated in future releases of Jupyter Server.
[I 2024-04-29 05:42:17.626 ServerApp] jupyter_lsp | extension was successfully linked.
[I 2024-04-29 05:42:17.632 ServerApp] jupyter_server_terminals | extension was successfully linked.
[I 2024-04-29 05:42:17.637 ServerApp] jupyterlab | extension was successfully linked.
[W 2024-04-29 05:42:17.641 JupyterNotebookApp] 'password' has moved from NotebookApp to ServerApp. This config will be passed to ServerApp. Be sure to update your config before our next release.
[W 2024-04-29 05:42:17.642 ServerApp] ServerApp.password config is deprecated in 2.0. Use PasswordIdentityProvider.hashed_password.
[I 2024-04-29 05:42:17.642 ServerApp] notebook | extension was successfully linked.
[I 2024-04-29 05:42:18.572 ServerApp] notebook_shim | extension was successfully linked.
[I 2024-04-29 05:42:18.617 ServerApp] notebook_shim | extension was successfully loaded.
[I 2024-04-29 05:42:18.618 ServerApp] jupyter_lsp | extension was successfully loaded.
[I 2024-04-29 05:42:18.619 ServerApp] jupyter_server_terminals | extension was successfully loaded.
[I 2024-04-29 05:42:18.693 LabApp] JupyterLab extension loaded from /home/naglemi/miniconda3/envs/mwas/lib/python3.11/site-packages/jupyterlab
[I 2024-04-29 05:42:18.693 LabApp] JupyterLab application directory is /home/naglemi/miniconda3/envs/mwas/share/jupyter/lab
[I 2024-04-29 05:42:18.693 LabApp] Extension Manager is 'pypi'.
[I 2024-04-29 05:42:18.695 ServerApp] jupyterlab | extension was successfully loaded.
[I 2024-04-29 05:42:18.697 ServerApp] notebook | extension was successfully loaded.
[I 2024-04-29 05:42:18.698 ServerApp] Serving notebooks from local directory: /expanse/lustre/projects/jhu152/naglemi/mwas/CpGWAS/scripts
[I 2024-04-29 05:42:18.698 ServerApp] Jupyter Server 2.10.0 is running at:
[I 2024-04-29 05:42:18.698 ServerApp] http://localhost:8888/lab
[I 2024-04-29 05:42:18.698 ServerApp]     http://127.0.0.1:8888/lab
[I 2024-04-29 05:42:18.698 ServerApp] Use Control-C to stop this server and shut down all kernels (twice to skip confirmation).
[?1049h[22;0;0t[1;24r(B[m[4l[?7h[?1h=[39;49m[39;49m[37m[40m[H[2J[37m[40m[J(B[m[39;49m[37m[40m[39;49m[37m[40m[J[39;49m(B[m[22d[93m[44mGetting file://localhost/home/naglemi/.local/share/jupyter/runtime/jpserver-174[K[39;49m(B[m

[24;1H[?1049l[23;0;0t[?1l>[I 2024-04-29 05:42:21.773 ServerApp] Skipped non-installed server(s): bash-language-server, dockerfile-language-server-nodejs, javascript-typescript-langserver, jedi-language-server, julia-language-server, pyright, python-language-server, python-lsp-server, r-languageserver, sql-language-server, texlab, typescript-language-server, unified-language-server, vscode-css-languageserver-bin, vscode-html-languageserver-bin, vscode-json-languageserver-bin, yaml-language-server
[I 2024-04-29 05:44:00.234 ServerApp] 302 GET / (@127.0.0.1) 0.48ms
0.00s - Debugger warning: It seems that frozen modules are being used, which may
0.00s - make the debugger miss breakpoints. Please pass -Xfrozen_modules=off
0.00s - to python to disable frozen modules.
0.00s - Note: Debugging will proceed. Set PYDEVD_DISABLE_FILE_VALIDATION=1 to disable this validation.
[W 2024-04-29 05:44:05.333 LabApp] Could not determine jupyterlab build status without nodejs
[I 2024-04-29 05:44:26.265 ServerApp] Kernel started: ab55fc6e-a5d7-48f9-8e0d-a91bbc661783
[I 2024-04-29 05:44:29.496 ServerApp] Connecting to kernel ab55fc6e-a5d7-48f9-8e0d-a91bbc661783.
[I 2024-04-29 05:44:29.497 ServerApp] Connecting to kernel ab55fc6e-a5d7-48f9-8e0d-a91bbc661783.
[I 2024-04-29 05:44:29.498 ServerApp] Connecting to kernel ab55fc6e-a5d7-48f9-8e0d-a91bbc661783.
[I 2024-04-29 05:46:26.785 ServerApp] Saving file at /10_Deploy_SLURM_EXPANSE_chr7_a2_pre-chunked.ipynb
[I 2024-04-29 05:46:47.474 ServerApp] Kernel restarted: ab55fc6e-a5d7-48f9-8e0d-a91bbc661783
[I 2024-04-29 05:46:47.555 ServerApp] Starting buffering for ab55fc6e-a5d7-48f9-8e0d-a91bbc661783:e176bb24-abbb-454b-acda-cb223907c9ac
[I 2024-04-29 05:46:47.726 ServerApp] Connecting to kernel ab55fc6e-a5d7-48f9-8e0d-a91bbc661783.
[I 2024-04-29 05:46:47.726 ServerApp] Restoring connection for ab55fc6e-a5d7-48f9-8e0d-a91bbc661783:e176bb24-abbb-454b-acda-cb223907c9ac
[I 2024-04-29 05:47:08.645 ServerApp] Kernel interrupted: ab55fc6e-a5d7-48f9-8e0d-a91bbc661783
[I 2024-04-29 05:47:08.962 ServerApp] Kernel interrupted: ab55fc6e-a5d7-48f9-8e0d-a91bbc661783
[I 2024-04-29 05:47:09.113 ServerApp] Kernel interrupted: ab55fc6e-a5d7-48f9-8e0d-a91bbc661783
[I 2024-04-29 05:47:09.137 ServerApp] Kernel interrupted: ab55fc6e-a5d7-48f9-8e0d-a91bbc661783
[I 2024-04-29 05:47:11.004 ServerApp] Kernel restarted: ab55fc6e-a5d7-48f9-8e0d-a91bbc661783
[I 2024-04-29 05:47:11.081 ServerApp] Starting buffering for ab55fc6e-a5d7-48f9-8e0d-a91bbc661783:e176bb24-abbb-454b-acda-cb223907c9ac
[I 2024-04-29 05:47:11.241 ServerApp] Connecting to kernel ab55fc6e-a5d7-48f9-8e0d-a91bbc661783.
[I 2024-04-29 05:47:11.241 ServerApp] Restoring connection for ab55fc6e-a5d7-48f9-8e0d-a91bbc661783:e176bb24-abbb-454b-acda-cb223907c9ac
[I 2024-04-29 05:47:16.613 ServerApp] Kernel restarted: ab55fc6e-a5d7-48f9-8e0d-a91bbc661783
[I 2024-04-29 05:47:16.701 ServerApp] Starting buffering for ab55fc6e-a5d7-48f9-8e0d-a91bbc661783:e176bb24-abbb-454b-acda-cb223907c9ac
[I 2024-04-29 05:47:16.855 ServerApp] Connecting to kernel ab55fc6e-a5d7-48f9-8e0d-a91bbc661783.
[I 2024-04-29 05:47:16.855 ServerApp] Restoring connection for ab55fc6e-a5d7-48f9-8e0d-a91bbc661783:e176bb24-abbb-454b-acda-cb223907c9ac
[I 2024-04-29 05:48:27.603 ServerApp] Saving file at /10_Deploy_SLURM_EXPANSE_chr7_a2_pre-chunked.ipynb
[I 2024-04-29 06:02:08.331 ServerApp] Kernel restarted: ab55fc6e-a5d7-48f9-8e0d-a91bbc661783
[I 2024-04-29 06:02:08.416 ServerApp] Starting buffering for ab55fc6e-a5d7-48f9-8e0d-a91bbc661783:e176bb24-abbb-454b-acda-cb223907c9ac
[I 2024-04-29 06:02:08.567 ServerApp] Connecting to kernel ab55fc6e-a5d7-48f9-8e0d-a91bbc661783.
[I 2024-04-29 06:02:08.567 ServerApp] Restoring connection for ab55fc6e-a5d7-48f9-8e0d-a91bbc661783:e176bb24-abbb-454b-acda-cb223907c9ac
[I 2024-04-29 06:02:28.197 ServerApp] Saving file at /10_Deploy_SLURM_EXPANSE_chr7_a2_pre-chunked.ipynb
[I 2024-04-29 06:02:54.335 ServerApp] Kernel restarted: ab55fc6e-a5d7-48f9-8e0d-a91bbc661783
[I 2024-04-29 06:02:54.429 ServerApp] Starting buffering for ab55fc6e-a5d7-48f9-8e0d-a91bbc661783:e176bb24-abbb-454b-acda-cb223907c9ac
[I 2024-04-29 06:02:54.602 ServerApp] Connecting to kernel ab55fc6e-a5d7-48f9-8e0d-a91bbc661783.
[I 2024-04-29 06:02:54.602 ServerApp] Restoring connection for ab55fc6e-a5d7-48f9-8e0d-a91bbc661783:e176bb24-abbb-454b-acda-cb223907c9ac
[I 2024-04-29 06:04:28.811 ServerApp] Saving file at /10_Deploy_SLURM_EXPANSE_chr7_a2_pre-chunked.ipynb
[I 2024-04-29 06:08:29.206 ServerApp] Saving file at /10_Deploy_SLURM_EXPANSE_chr7_a2_pre-chunked.ipynb
[I 2024-04-29 06:09:06.751 ServerApp] Kernel restarted: ab55fc6e-a5d7-48f9-8e0d-a91bbc661783
[I 2024-04-29 06:09:06.833 ServerApp] Starting buffering for ab55fc6e-a5d7-48f9-8e0d-a91bbc661783:e176bb24-abbb-454b-acda-cb223907c9ac
[I 2024-04-29 06:09:06.999 ServerApp] Connecting to kernel ab55fc6e-a5d7-48f9-8e0d-a91bbc661783.
[I 2024-04-29 06:09:07.000 ServerApp] Restoring connection for ab55fc6e-a5d7-48f9-8e0d-a91bbc661783:e176bb24-abbb-454b-acda-cb223907c9ac
Submitted batch job 30202752
[I 2024-04-29 06:10:29.593 ServerApp] Saving file at /10_Deploy_SLURM_EXPANSE_chr7_a2_pre-chunked.ipynb
Submitted batch job 30202766
[I 2024-04-29 06:12:33.242 ServerApp] Saving file at /10_Deploy_SLURM_EXPANSE_chr7_a2_pre-chunked.ipynb
Submitted batch job 30202776
[I 2024-04-29 06:16:37.648 ServerApp] Saving file at /10_Deploy_SLURM_EXPANSE_chr7_a2_pre-chunked.ipynb
Submitted batch job 30202792
[I 2024-04-29 06:18:41.190 ServerApp] Saving file at /10_Deploy_SLURM_EXPANSE_chr7_a2_pre-chunked.ipynb
Submitted batch job 30202801
[I 2024-04-29 06:22:41.731 ServerApp] Saving file at /10_Deploy_SLURM_EXPANSE_chr7_a2_pre-chunked.ipynb
Submitted batch job 30202816
[I 2024-04-29 06:24:42.250 ServerApp] Saving file at /10_Deploy_SLURM_EXPANSE_chr7_a2_pre-chunked.ipynb
Submitted batch job 30202838
[I 2024-04-29 06:28:42.946 ServerApp] Saving file at /10_Deploy_SLURM_EXPANSE_chr7_a2_pre-chunked.ipynb
Submitted batch job 30202858
[I 2024-04-29 06:30:43.654 ServerApp] Saving file at /10_Deploy_SLURM_EXPANSE_chr7_a2_pre-chunked.ipynb
Submitted batch job 30202877
[I 2024-04-29 06:34:44.311 ServerApp] Saving file at /10_Deploy_SLURM_EXPANSE_chr7_a2_pre-chunked.ipynb
Submitted batch job 30202882
[I 2024-04-29 06:36:44.844 ServerApp] Saving file at /10_Deploy_SLURM_EXPANSE_chr7_a2_pre-chunked.ipynb
Submitted batch job 30202896
[I 2024-04-29 06:39:42.459 ServerApp] Saving file at /10_Deploy_SLURM_EXPANSE_chr7_a2_pre-chunked.ipynb
Submitted batch job 30202915
[I 2024-04-29 06:43:43.204 ServerApp] Saving file at /10_Deploy_SLURM_EXPANSE_chr7_a2_pre-chunked.ipynb
Submitted batch job 30202943
[I 2024-04-29 06:45:43.765 ServerApp] Saving file at /10_Deploy_SLURM_EXPANSE_chr7_a2_pre-chunked.ipynb
Submitted batch job 30202960
[I 2024-04-29 06:49:44.395 ServerApp] Saving file at /10_Deploy_SLURM_EXPANSE_chr7_a2_pre-chunked.ipynb
Submitted batch job 30202970
[I 2024-04-29 06:51:44.972 ServerApp] Saving file at /10_Deploy_SLURM_EXPANSE_chr7_a2_pre-chunked.ipynb
Submitted batch job 30202986
[I 2024-04-29 06:55:45.348 ServerApp] Saving file at /10_Deploy_SLURM_EXPANSE_chr7_a2_pre-chunked.ipynb
Submitted batch job 30203002
[I 2024-04-29 06:57:46.043 ServerApp] Saving file at /10_Deploy_SLURM_EXPANSE_chr7_a2_pre-chunked.ipynb
Submitted batch job 30203025
[I 2024-04-29 07:01:46.760 ServerApp] Saving file at /10_Deploy_SLURM_EXPANSE_chr7_a2_pre-chunked.ipynb
Submitted batch job 30203114
[I 2024-04-29 07:03:48.394 ServerApp] Saving file at /10_Deploy_SLURM_EXPANSE_chr7_a2_pre-chunked.ipynb
Submitted batch job 30203126
[I 2024-04-29 07:07:48.934 ServerApp] Saving file at /10_Deploy_SLURM_EXPANSE_chr7_a2_pre-chunked.ipynb
Submitted batch job 30203144
[I 2024-04-29 07:09:49.466 ServerApp] Saving file at /10_Deploy_SLURM_EXPANSE_chr7_a2_pre-chunked.ipynb
Submitted batch job 30203155
[I 2024-04-29 07:13:50.036 ServerApp] Saving file at /10_Deploy_SLURM_EXPANSE_chr7_a2_pre-chunked.ipynb
Submitted batch job 30203192
[I 2024-04-29 07:15:50.545 ServerApp] Saving file at /10_Deploy_SLURM_EXPANSE_chr7_a2_pre-chunked.ipynb
Submitted batch job 30203214
[I 2024-04-29 07:19:51.103 ServerApp] Saving file at /10_Deploy_SLURM_EXPANSE_chr7_a2_pre-chunked.ipynb
Submitted batch job 30203223
[I 2024-04-29 07:21:51.758 ServerApp] Saving file at /10_Deploy_SLURM_EXPANSE_chr7_a2_pre-chunked.ipynb
Submitted batch job 30203258
[I 2024-04-29 07:25:52.286 ServerApp] Saving file at /10_Deploy_SLURM_EXPANSE_chr7_a2_pre-chunked.ipynb
Submitted batch job 30203269
[I 2024-04-29 07:27:52.815 ServerApp] Saving file at /10_Deploy_SLURM_EXPANSE_chr7_a2_pre-chunked.ipynb
Submitted batch job 30203293
[I 2024-04-29 07:32:12.603 ServerApp] Saving file at /10_Deploy_SLURM_EXPANSE_chr7_a2_pre-chunked.ipynb
Submitted batch job 30203347
[I 2024-04-29 07:34:13.084 ServerApp] Saving file at /10_Deploy_SLURM_EXPANSE_chr7_a2_pre-chunked.ipynb
Submitted batch job 30203350
[I 2024-04-29 07:38:13.657 ServerApp] Saving file at /10_Deploy_SLURM_EXPANSE_chr7_a2_pre-chunked.ipynb
Submitted batch job 30203371
[I 2024-04-29 07:40:14.624 ServerApp] Saving file at /10_Deploy_SLURM_EXPANSE_chr7_a2_pre-chunked.ipynb
Submitted batch job 30203377
[I 2024-04-29 07:44:15.317 ServerApp] Saving file at /10_Deploy_SLURM_EXPANSE_chr7_a2_pre-chunked.ipynb
Submitted batch job 30203401
[I 2024-04-29 07:46:16.042 ServerApp] Saving file at /10_Deploy_SLURM_EXPANSE_chr7_a2_pre-chunked.ipynb
Submitted batch job 30203432
[I 2024-04-29 07:50:16.888 ServerApp] Saving file at /10_Deploy_SLURM_EXPANSE_chr7_a2_pre-chunked.ipynb
Submitted batch job 30203456
[I 2024-04-29 07:52:17.515 ServerApp] Saving file at /10_Deploy_SLURM_EXPANSE_chr7_a2_pre-chunked.ipynb
Submitted batch job 30203487
[I 2024-04-29 07:56:18.578 ServerApp] Saving file at /10_Deploy_SLURM_EXPANSE_chr7_a2_pre-chunked.ipynb
Submitted batch job 30203497
[I 2024-04-29 07:58:19.239 ServerApp] Saving file at /10_Deploy_SLURM_EXPANSE_chr7_a2_pre-chunked.ipynb
Submitted batch job 30203535
[I 2024-04-29 08:02:19.802 ServerApp] Saving file at /10_Deploy_SLURM_EXPANSE_chr7_a2_pre-chunked.ipynb
Submitted batch job 30203550
[I 2024-04-29 08:04:20.393 ServerApp] Saving file at /10_Deploy_SLURM_EXPANSE_chr7_a2_pre-chunked.ipynb
Submitted batch job 30203571
[I 2024-04-29 08:08:29.867 ServerApp] Saving file at /10_Deploy_SLURM_EXPANSE_chr7_a2_pre-chunked.ipynb
Submitted batch job 30203659
[I 2024-04-29 08:10:30.441 ServerApp] Saving file at /10_Deploy_SLURM_EXPANSE_chr7_a2_pre-chunked.ipynb
Submitted batch job 30203675
[I 2024-04-29 08:14:31.101 ServerApp] Saving file at /10_Deploy_SLURM_EXPANSE_chr7_a2_pre-chunked.ipynb
Submitted batch job 30203705
[I 2024-04-29 08:16:31.682 ServerApp] Saving file at /10_Deploy_SLURM_EXPANSE_chr7_a2_pre-chunked.ipynb
Submitted batch job 30203747
[I 2024-04-29 08:20:32.405 ServerApp] Saving file at /10_Deploy_SLURM_EXPANSE_chr7_a2_pre-chunked.ipynb
Submitted batch job 30203764
[I 2024-04-29 08:22:33.419 ServerApp] Saving file at /10_Deploy_SLURM_EXPANSE_chr7_a2_pre-chunked.ipynb
Submitted batch job 30203785
[I 2024-04-29 08:26:34.080 ServerApp] Saving file at /10_Deploy_SLURM_EXPANSE_chr7_a2_pre-chunked.ipynb
Submitted batch job 30203831
[I 2024-04-29 08:28:34.695 ServerApp] Saving file at /10_Deploy_SLURM_EXPANSE_chr7_a2_pre-chunked.ipynb
Submitted batch job 30203852
[I 2024-04-29 08:32:37.945 ServerApp] Saving file at /10_Deploy_SLURM_EXPANSE_chr7_a2_pre-chunked.ipynb
Submitted batch job 30203878
[I 2024-04-29 08:34:40.121 ServerApp] Saving file at /10_Deploy_SLURM_EXPANSE_chr7_a2_pre-chunked.ipynb
Submitted batch job 30203897
[I 2024-04-29 08:38:40.771 ServerApp] Saving file at /10_Deploy_SLURM_EXPANSE_chr7_a2_pre-chunked.ipynb
Submitted batch job 30203909
[I 2024-04-29 08:40:41.393 ServerApp] Saving file at /10_Deploy_SLURM_EXPANSE_chr7_a2_pre-chunked.ipynb
Submitted batch job 30203918
[I 2024-04-29 08:44:42.076 ServerApp] Saving file at /10_Deploy_SLURM_EXPANSE_chr7_a2_pre-chunked.ipynb
Submitted batch job 30203939
[I 2024-04-29 08:46:42.762 ServerApp] Saving file at /10_Deploy_SLURM_EXPANSE_chr7_a2_pre-chunked.ipynb
Submitted batch job 30203952
[I 2024-04-29 08:50:43.414 ServerApp] Saving file at /10_Deploy_SLURM_EXPANSE_chr7_a2_pre-chunked.ipynb
Submitted batch job 30204071
[I 2024-04-29 08:52:44.025 ServerApp] Saving file at /10_Deploy_SLURM_EXPANSE_chr7_a2_pre-chunked.ipynb
Submitted batch job 30204081
[I 2024-04-29 08:56:44.680 ServerApp] Saving file at /10_Deploy_SLURM_EXPANSE_chr7_a2_pre-chunked.ipynb
Submitted batch job 30204104
[I 2024-04-29 08:58:45.379 ServerApp] Saving file at /10_Deploy_SLURM_EXPANSE_chr7_a2_pre-chunked.ipynb
Submitted batch job 30204132
[I 2024-04-29 09:02:46.269 ServerApp] Saving file at /10_Deploy_SLURM_EXPANSE_chr7_a2_pre-chunked.ipynb
Submitted batch job 30204213
[I 2024-04-29 09:04:47.021 ServerApp] Saving file at /10_Deploy_SLURM_EXPANSE_chr7_a2_pre-chunked.ipynb
Submitted batch job 30204229
[I 2024-04-29 09:08:47.690 ServerApp] Saving file at /10_Deploy_SLURM_EXPANSE_chr7_a2_pre-chunked.ipynb
Submitted batch job 30204241
[I 2024-04-29 09:10:52.324 ServerApp] Saving file at /10_Deploy_SLURM_EXPANSE_chr7_a2_pre-chunked.ipynb
Submitted batch job 30204262
[I 2024-04-29 09:14:53.375 ServerApp] Saving file at /10_Deploy_SLURM_EXPANSE_chr7_a2_pre-chunked.ipynb
Submitted batch job 30204277
[I 2024-04-29 09:16:54.189 ServerApp] Saving file at /10_Deploy_SLURM_EXPANSE_chr7_a2_pre-chunked.ipynb
Submitted batch job 30204292
[I 2024-04-29 09:20:55.437 ServerApp] Saving file at /10_Deploy_SLURM_EXPANSE_chr7_a2_pre-chunked.ipynb
Submitted batch job 30204671
[I 2024-04-29 09:22:56.340 ServerApp] Saving file at /10_Deploy_SLURM_EXPANSE_chr7_a2_pre-chunked.ipynb
Submitted batch job 30204876
[I 2024-04-29 09:26:57.101 ServerApp] Saving file at /10_Deploy_SLURM_EXPANSE_chr7_a2_pre-chunked.ipynb
Submitted batch job 30205064
[I 2024-04-29 09:28:57.876 ServerApp] Saving file at /10_Deploy_SLURM_EXPANSE_chr7_a2_pre-chunked.ipynb
Submitted batch job 30205267
[I 2024-04-29 09:32:58.876 ServerApp] Saving file at /10_Deploy_SLURM_EXPANSE_chr7_a2_pre-chunked.ipynb
Submitted batch job 30205471
[I 2024-04-29 09:34:59.670 ServerApp] Saving file at /10_Deploy_SLURM_EXPANSE_chr7_a2_pre-chunked.ipynb
Submitted batch job 30205673
[I 2024-04-29 09:37:59.796 ServerApp] New terminal with automatic name: 1
[I 2024-04-29 09:39:01.059 ServerApp] Saving file at /10_Deploy_SLURM_EXPANSE_chr7_a2_pre-chunked.ipynb
Submitted batch job 30205874
[I 2024-04-29 09:41:01.701 ServerApp] Saving file at /10_Deploy_SLURM_EXPANSE_chr7_a2_pre-chunked.ipynb
[W 2024-04-29 09:41:06.986 ServerApp] /expanse/lustre/projects/jhu152/naglemi/mwas/CpGWAS/scripts/.~10_Deploy_SLURM_EXPANSE_chr7_a2_pre-chunked.ipynb doesn't exist
Submitted batch job 30206075
[I 2024-04-29 09:45:07.420 ServerApp] Saving file at /10_Deploy_SLURM_EXPANSE_chr7_a2_pre-chunked.ipynb
Submitted batch job 30206274
[I 2024-04-29 09:47:10.722 ServerApp] Saving file at /10_Deploy_SLURM_EXPANSE_chr7_a2_pre-chunked.ipynb
Submitted batch job 30206416
[I 2024-04-29 09:51:11.536 ServerApp] Saving file at /10_Deploy_SLURM_EXPANSE_chr7_a2_pre-chunked.ipynb
Submitted batch job 30206498
[I 2024-04-29 09:53:12.493 ServerApp] Saving file at /10_Deploy_SLURM_EXPANSE_chr7_a2_pre-chunked.ipynb
Submitted batch job 30206518
[I 2024-04-29 09:57:18.696 ServerApp] Saving file at /10_Deploy_SLURM_EXPANSE_chr7_a2_pre-chunked.ipynb
Submitted batch job 30206539
[I 2024-04-29 10:00:07.703 ServerApp] Saving file at /10_Deploy_SLURM_EXPANSE_chr7_a2_pre-chunked.ipynb
Submitted batch job 30206561
[I 2024-04-29 10:02:08.610 ServerApp] Saving file at /10_Deploy_SLURM_EXPANSE_chr7_a2_pre-chunked.ipynb
Submitted batch job 30206571
[I 2024-04-29 10:06:09.389 ServerApp] Saving file at /10_Deploy_SLURM_EXPANSE_chr7_a2_pre-chunked.ipynb
Submitted batch job 30206585
[I 2024-04-29 10:08:10.169 ServerApp] Saving file at /10_Deploy_SLURM_EXPANSE_chr7_a2_pre-chunked.ipynb
Submitted batch job 30206855
[I 2024-04-29 10:12:11.514 ServerApp] Saving file at /10_Deploy_SLURM_EXPANSE_chr7_a2_pre-chunked.ipynb
Submitted batch job 30206875
[I 2024-04-29 10:14:12.405 ServerApp] Saving file at /10_Deploy_SLURM_EXPANSE_chr7_a2_pre-chunked.ipynb
Submitted batch job 30207105
[I 2024-04-29 10:18:13.229 ServerApp] Saving file at /10_Deploy_SLURM_EXPANSE_chr7_a2_pre-chunked.ipynb
Submitted batch job 30207114
[I 2024-04-29 10:20:14.071 ServerApp] Saving file at /10_Deploy_SLURM_EXPANSE_chr7_a2_pre-chunked.ipynb
Submitted batch job 30207227
[I 2024-04-29 10:24:14.994 ServerApp] Saving file at /10_Deploy_SLURM_EXPANSE_chr7_a2_pre-chunked.ipynb
Submitted batch job 30207335
[I 2024-04-29 10:26:19.170 ServerApp] Saving file at /10_Deploy_SLURM_EXPANSE_chr7_a2_pre-chunked.ipynb
Submitted batch job 30207366
[I 2024-04-29 10:30:20.171 ServerApp] Saving file at /10_Deploy_SLURM_EXPANSE_chr7_a2_pre-chunked.ipynb
Submitted batch job 30207381
[I 2024-04-29 10:32:21.074 ServerApp] Saving file at /10_Deploy_SLURM_EXPANSE_chr7_a2_pre-chunked.ipynb
Submitted batch job 30207406
[I 2024-04-29 10:36:28.122 ServerApp] Saving file at /10_Deploy_SLURM_EXPANSE_chr7_a2_pre-chunked.ipynb
Submitted batch job 30207444
[I 2024-04-29 10:38:35.663 ServerApp] Saving file at /10_Deploy_SLURM_EXPANSE_chr7_a2_pre-chunked.ipynb
Submitted batch job 30207476
[I 2024-04-29 10:42:36.539 ServerApp] Saving file at /10_Deploy_SLURM_EXPANSE_chr7_a2_pre-chunked.ipynb
Submitted batch job 30207501
[I 2024-04-29 10:44:37.867 ServerApp] Saving file at /10_Deploy_SLURM_EXPANSE_chr7_a2_pre-chunked.ipynb
Submitted batch job 30207516
[I 2024-04-29 10:48:39.032 ServerApp] Saving file at /10_Deploy_SLURM_EXPANSE_chr7_a2_pre-chunked.ipynb
Submitted batch job 30207534
[I 2024-04-29 10:50:40.095 ServerApp] Saving file at /10_Deploy_SLURM_EXPANSE_chr7_a2_pre-chunked.ipynb
Submitted batch job 30207564
[I 2024-04-29 10:54:41.111 ServerApp] Saving file at /10_Deploy_SLURM_EXPANSE_chr7_a2_pre-chunked.ipynb
Submitted batch job 30207585
[I 2024-04-29 10:56:45.111 ServerApp] Saving file at /10_Deploy_SLURM_EXPANSE_chr7_a2_pre-chunked.ipynb
Submitted batch job 30207605
[I 2024-04-29 11:00:46.427 ServerApp] Saving file at /10_Deploy_SLURM_EXPANSE_chr7_a2_pre-chunked.ipynb
Submitted batch job 30207618
Submitted batch job 30207665
[I 2024-04-29 11:06:53.561 ServerApp] Saving file at /10_Deploy_SLURM_EXPANSE_chr7_a2_pre-chunked.ipynb
Submitted batch job 30207680
[I 2024-04-29 11:08:54.674 ServerApp] Saving file at /10_Deploy_SLURM_EXPANSE_chr7_a2_pre-chunked.ipynb
Submitted batch job 30207701
[I 2024-04-29 11:12:55.786 ServerApp] Saving file at /10_Deploy_SLURM_EXPANSE_chr7_a2_pre-chunked.ipynb
Submitted batch job 30207720
[I 2024-04-29 11:14:56.864 ServerApp] Saving file at /10_Deploy_SLURM_EXPANSE_chr7_a2_pre-chunked.ipynb
Submitted batch job 30207771
[I 2024-04-29 11:18:57.978 ServerApp] Saving file at /10_Deploy_SLURM_EXPANSE_chr7_a2_pre-chunked.ipynb
Submitted batch job 30207786
[I 2024-04-29 11:20:59.362 ServerApp] Saving file at /10_Deploy_SLURM_EXPANSE_chr7_a2_pre-chunked.ipynb
Submitted batch job 30207823
[I 2024-04-29 11:25:00.667 ServerApp] Saving file at /10_Deploy_SLURM_EXPANSE_chr7_a2_pre-chunked.ipynb
Submitted batch job 30207839
[I 2024-04-29 11:27:02.276 ServerApp] Saving file at /10_Deploy_SLURM_EXPANSE_chr7_a2_pre-chunked.ipynb
Submitted batch job 30207855
[I 2024-04-29 11:31:03.553 ServerApp] Saving file at /10_Deploy_SLURM_EXPANSE_chr7_a2_pre-chunked.ipynb
Submitted batch job 30207880
[I 2024-04-29 11:33:05.114 ServerApp] Saving file at /10_Deploy_SLURM_EXPANSE_chr7_a2_pre-chunked.ipynb
Submitted batch job 30208164
[I 2024-04-29 11:37:35.700 ServerApp] Saving file at /10_Deploy_SLURM_EXPANSE_chr7_a2_pre-chunked.ipynb
Submitted batch job 30208183
[I 2024-04-29 11:39:36.796 ServerApp] Saving file at /10_Deploy_SLURM_EXPANSE_chr7_a2_pre-chunked.ipynb
Submitted batch job 30208230
[I 2024-04-29 11:41:38.471 ServerApp] Saving file at /10_Deploy_SLURM_EXPANSE_chr7_a2_pre-chunked.ipynb
Submitted batch job 30208245
[I 2024-04-29 11:45:39.587 ServerApp] Saving file at /10_Deploy_SLURM_EXPANSE_chr7_a2_pre-chunked.ipynb
Submitted batch job 30208274
[I 2024-04-29 11:47:40.535 ServerApp] Saving file at /10_Deploy_SLURM_EXPANSE_chr7_a2_pre-chunked.ipynb
Submitted batch job 30208302
[I 2024-04-29 11:52:07.183 ServerApp] Saving file at /10_Deploy_SLURM_EXPANSE_chr7_a2_pre-chunked.ipynb
Submitted batch job 30208326
[I 2024-04-29 11:54:08.190 ServerApp] Saving file at /10_Deploy_SLURM_EXPANSE_chr7_a2_pre-chunked.ipynb
Submitted batch job 30208353
[I 2024-04-29 11:58:09.634 ServerApp] Saving file at /10_Deploy_SLURM_EXPANSE_chr7_a2_pre-chunked.ipynb
Submitted batch job 30208374
[I 2024-04-29 12:00:10.958 ServerApp] Saving file at /10_Deploy_SLURM_EXPANSE_chr7_a2_pre-chunked.ipynb
Submitted batch job 30208389
[I 2024-04-29 12:04:12.001 ServerApp] Saving file at /10_Deploy_SLURM_EXPANSE_chr7_a2_pre-chunked.ipynb
Submitted batch job 30208413
[I 2024-04-29 12:06:12.967 ServerApp] Saving file at /10_Deploy_SLURM_EXPANSE_chr7_a2_pre-chunked.ipynb
Submitted batch job 30208433
[I 2024-04-29 12:10:14.182 ServerApp] Saving file at /10_Deploy_SLURM_EXPANSE_chr7_a2_pre-chunked.ipynb
Submitted batch job 30208449
[I 2024-04-29 12:12:15.455 ServerApp] Saving file at /10_Deploy_SLURM_EXPANSE_chr7_a2_pre-chunked.ipynb
Submitted batch job 30208465
[I 2024-04-29 12:16:16.465 ServerApp] Saving file at /10_Deploy_SLURM_EXPANSE_chr7_a2_pre-chunked.ipynb
Submitted batch job 30208487
[I 2024-04-29 12:18:18.151 ServerApp] Saving file at /10_Deploy_SLURM_EXPANSE_chr7_a2_pre-chunked.ipynb
Submitted batch job 30208502
[I 2024-04-29 12:22:19.183 ServerApp] Saving file at /10_Deploy_SLURM_EXPANSE_chr7_a2_pre-chunked.ipynb
Submitted batch job 30208515
[I 2024-04-29 12:24:20.548 ServerApp] Saving file at /10_Deploy_SLURM_EXPANSE_chr7_a2_pre-chunked.ipynb
Submitted batch job 30209048
[I 2024-04-29 12:27:36.475 ServerApp] Saving file at /10_Deploy_SLURM_EXPANSE_chr7_a2_pre-chunked.ipynb
Submitted batch job 30209066
[I 2024-04-29 12:31:37.503 ServerApp] Saving file at /10_Deploy_SLURM_EXPANSE_chr7_a2_pre-chunked.ipynb
Submitted batch job 30209081
[I 2024-04-29 12:33:38.734 ServerApp] Saving file at /10_Deploy_SLURM_EXPANSE_chr7_a2_pre-chunked.ipynb
Submitted batch job 30209095
[I 2024-04-29 12:37:39.886 ServerApp] Saving file at /10_Deploy_SLURM_EXPANSE_chr7_a2_pre-chunked.ipynb
Submitted batch job 30209111
[I 2024-04-29 12:39:40.942 ServerApp] Saving file at /10_Deploy_SLURM_EXPANSE_chr7_a2_pre-chunked.ipynb
Submitted batch job 30209123
[I 2024-04-29 12:43:42.298 ServerApp] Saving file at /10_Deploy_SLURM_EXPANSE_chr7_a2_pre-chunked.ipynb
Submitted batch job 30209152
[I 2024-04-29 12:45:43.592 ServerApp] Saving file at /10_Deploy_SLURM_EXPANSE_chr7_a2_pre-chunked.ipynb
Submitted batch job 30209202
[I 2024-04-29 12:49:51.237 ServerApp] Saving file at /10_Deploy_SLURM_EXPANSE_chr7_a2_pre-chunked.ipynb
Submitted batch job 30209240
[I 2024-04-29 12:51:52.783 ServerApp] Saving file at /10_Deploy_SLURM_EXPANSE_chr7_a2_pre-chunked.ipynb
Submitted batch job 30209270
[I 2024-04-29 12:55:54.201 ServerApp] Saving file at /10_Deploy_SLURM_EXPANSE_chr7_a2_pre-chunked.ipynb
Submitted batch job 30209314
[I 2024-04-29 12:57:56.128 ServerApp] Saving file at /10_Deploy_SLURM_EXPANSE_chr7_a2_pre-chunked.ipynb
Submitted batch job 30209368
[I 2024-04-29 13:00:47.283 ServerApp] Saving file at /10_Deploy_SLURM_EXPANSE_chr7_a2_pre-chunked.ipynb
Submitted batch job 30209438
[I 2024-04-29 13:04:48.359 ServerApp] Saving file at /10_Deploy_SLURM_EXPANSE_chr7_a2_pre-chunked.ipynb
Submitted batch job 30209461
[I 2024-04-29 13:06:49.947 ServerApp] Saving file at /10_Deploy_SLURM_EXPANSE_chr7_a2_pre-chunked.ipynb
Submitted batch job 30209511
[I 2024-04-29 13:10:51.945 ServerApp] Saving file at /10_Deploy_SLURM_EXPANSE_chr7_a2_pre-chunked.ipynb
Submitted batch job 30209533
[I 2024-04-29 13:12:55.085 ServerApp] Saving file at /10_Deploy_SLURM_EXPANSE_chr7_a2_pre-chunked.ipynb
Submitted batch job 30209549
[I 2024-04-29 13:16:56.312 ServerApp] Saving file at /10_Deploy_SLURM_EXPANSE_chr7_a2_pre-chunked.ipynb
Submitted batch job 30209581
[I 2024-04-29 13:18:59.945 ServerApp] Saving file at /10_Deploy_SLURM_EXPANSE_chr7_a2_pre-chunked.ipynb
Submitted batch job 30209602
[I 2024-04-29 13:23:07.204 ServerApp] Saving file at /10_Deploy_SLURM_EXPANSE_chr7_a2_pre-chunked.ipynb
Submitted batch job 30209637
[I 2024-04-29 13:25:08.581 ServerApp] Saving file at /10_Deploy_SLURM_EXPANSE_chr7_a2_pre-chunked.ipynb
Submitted batch job 30209682
[I 2024-04-29 13:29:10.224 ServerApp] Saving file at /10_Deploy_SLURM_EXPANSE_chr7_a2_pre-chunked.ipynb
Submitted batch job 30209784
[I 2024-04-29 13:31:29.065 ServerApp] Saving file at /10_Deploy_SLURM_EXPANSE_chr7_a2_pre-chunked.ipynb
Submitted batch job 30209813
[I 2024-04-29 13:33:30.421 ServerApp] Saving file at /10_Deploy_SLURM_EXPANSE_chr7_a2_pre-chunked.ipynb
Submitted batch job 30209844
[I 2024-04-29 13:38:09.632 ServerApp] Saving file at /10_Deploy_SLURM_EXPANSE_chr7_a2_pre-chunked.ipynb
Submitted batch job 30209873
[I 2024-04-29 13:40:10.956 ServerApp] Saving file at /10_Deploy_SLURM_EXPANSE_chr7_a2_pre-chunked.ipynb
Submitted batch job 30209901
[I 2024-04-29 13:44:12.200 ServerApp] Saving file at /10_Deploy_SLURM_EXPANSE_chr7_a2_pre-chunked.ipynb
Submitted batch job 30209916
[I 2024-04-29 13:46:13.457 ServerApp] Saving file at /10_Deploy_SLURM_EXPANSE_chr7_a2_pre-chunked.ipynb
Submitted batch job 30209936
[I 2024-04-29 13:50:14.651 ServerApp] Saving file at /10_Deploy_SLURM_EXPANSE_chr7_a2_pre-chunked.ipynb
Submitted batch job 30209973
[I 2024-04-29 13:52:20.646 ServerApp] Saving file at /10_Deploy_SLURM_EXPANSE_chr7_a2_pre-chunked.ipynb
Submitted batch job 30209993
[I 2024-04-29 13:56:21.891 ServerApp] Saving file at /10_Deploy_SLURM_EXPANSE_chr7_a2_pre-chunked.ipynb
Submitted batch job 30210015
[I 2024-04-29 13:58:22.983 ServerApp] Saving file at /10_Deploy_SLURM_EXPANSE_chr7_a2_pre-chunked.ipynb
Submitted batch job 30210050
[I 2024-04-29 14:02:26.753 ServerApp] Saving file at /10_Deploy_SLURM_EXPANSE_chr7_a2_pre-chunked.ipynb
Submitted batch job 30210088
[I 2024-04-29 14:04:28.577 ServerApp] Saving file at /10_Deploy_SLURM_EXPANSE_chr7_a2_pre-chunked.ipynb
Submitted batch job 30210120
[I 2024-04-29 14:08:29.656 ServerApp] Saving file at /10_Deploy_SLURM_EXPANSE_chr7_a2_pre-chunked.ipynb
Submitted batch job 30210156
[I 2024-04-29 14:10:31.119 ServerApp] Saving file at /10_Deploy_SLURM_EXPANSE_chr7_a2_pre-chunked.ipynb
Submitted batch job 30210199
[I 2024-04-29 14:14:32.437 ServerApp] Saving file at /10_Deploy_SLURM_EXPANSE_chr7_a2_pre-chunked.ipynb
Submitted batch job 30210237
[I 2024-04-29 14:16:33.627 ServerApp] Saving file at /10_Deploy_SLURM_EXPANSE_chr7_a2_pre-chunked.ipynb
Submitted batch job 30210264
[I 2024-04-29 14:18:42.222 ServerApp] Saving file at /10_Deploy_SLURM_EXPANSE_chr7_a2_pre-chunked.ipynb
Submitted batch job 30210290
[I 2024-04-29 14:22:43.344 ServerApp] Saving file at /10_Deploy_SLURM_EXPANSE_chr7_a2_pre-chunked.ipynb
Submitted batch job 30210305
[I 2024-04-29 14:24:44.535 ServerApp] Saving file at /10_Deploy_SLURM_EXPANSE_chr7_a2_pre-chunked.ipynb
Submitted batch job 30210337
[I 2024-04-29 14:28:45.733 ServerApp] Saving file at /10_Deploy_SLURM_EXPANSE_chr7_a2_pre-chunked.ipynb
Submitted batch job 30210349
[I 2024-04-29 14:30:47.464 ServerApp] Saving file at /10_Deploy_SLURM_EXPANSE_chr7_a2_pre-chunked.ipynb
Submitted batch job 30210380
[I 2024-04-29 14:34:48.617 ServerApp] Saving file at /10_Deploy_SLURM_EXPANSE_chr7_a2_pre-chunked.ipynb
Submitted batch job 30210390
[I 2024-04-29 14:36:49.740 ServerApp] Saving file at /10_Deploy_SLURM_EXPANSE_chr7_a2_pre-chunked.ipynb
Submitted batch job 30210437
[I 2024-04-29 14:40:51.124 ServerApp] Saving file at /10_Deploy_SLURM_EXPANSE_chr7_a2_pre-chunked.ipynb
Submitted batch job 30210472
[I 2024-04-29 14:42:52.354 ServerApp] Saving file at /10_Deploy_SLURM_EXPANSE_chr7_a2_pre-chunked.ipynb
Submitted batch job 30210496
Submitted batch job 30210534
Submitted batch job 30210546
Submitted batch job 30210648
Submitted batch job 30210665
Submitted batch job 30210705
Submitted batch job 30210727
[I 2024-04-29 15:04:30.410 ServerApp] Saving file at /10_Deploy_SLURM_EXPANSE_chr7_a2_pre-chunked.ipynb
Submitted batch job 30210745
[I 2024-04-29 15:08:32.162 ServerApp] Saving file at /10_Deploy_SLURM_EXPANSE_chr7_a2_pre-chunked.ipynb
Submitted batch job 30210773
[I 2024-04-29 15:10:33.395 ServerApp] Saving file at /10_Deploy_SLURM_EXPANSE_chr7_a2_pre-chunked.ipynb
Submitted batch job 30210785
[I 2024-04-29 15:14:35.270 ServerApp] Saving file at /10_Deploy_SLURM_EXPANSE_chr7_a2_pre-chunked.ipynb
Submitted batch job 30210800
[I 2024-04-29 15:16:36.527 ServerApp] Saving file at /10_Deploy_SLURM_EXPANSE_chr7_a2_pre-chunked.ipynb
Submitted batch job 30210818
[I 2024-04-29 15:20:37.820 ServerApp] Saving file at /10_Deploy_SLURM_EXPANSE_chr7_a2_pre-chunked.ipynb
Submitted batch job 30210843
[I 2024-04-29 15:22:39.700 ServerApp] Saving file at /10_Deploy_SLURM_EXPANSE_chr7_a2_pre-chunked.ipynb
Submitted batch job 30210860
[I 2024-04-29 15:26:41.159 ServerApp] Saving file at /10_Deploy_SLURM_EXPANSE_chr7_a2_pre-chunked.ipynb
Submitted batch job 30210876
[I 2024-04-29 15:28:44.296 ServerApp] Saving file at /10_Deploy_SLURM_EXPANSE_chr7_a2_pre-chunked.ipynb
Submitted batch job 30210900
[I 2024-04-29 15:32:46.333 ServerApp] Saving file at /10_Deploy_SLURM_EXPANSE_chr7_a2_pre-chunked.ipynb
Submitted batch job 30210912
[I 2024-04-29 15:34:47.722 ServerApp] Saving file at /10_Deploy_SLURM_EXPANSE_chr7_a2_pre-chunked.ipynb
Submitted batch job 30210920
[I 2024-04-29 15:38:48.996 ServerApp] Saving file at /10_Deploy_SLURM_EXPANSE_chr7_a2_pre-chunked.ipynb
Submitted batch job 30210945
[I 2024-04-29 15:40:56.064 ServerApp] Saving file at /10_Deploy_SLURM_EXPANSE_chr7_a2_pre-chunked.ipynb
Submitted batch job 30210958
[I 2024-04-29 15:44:57.247 ServerApp] Saving file at /10_Deploy_SLURM_EXPANSE_chr7_a2_pre-chunked.ipynb
Submitted batch job 30210970
[I 2024-04-29 15:46:58.880 ServerApp] Saving file at /10_Deploy_SLURM_EXPANSE_chr7_a2_pre-chunked.ipynb
Submitted batch job 30210986
[I 2024-04-29 15:51:00.428 ServerApp] Saving file at /10_Deploy_SLURM_EXPANSE_chr7_a2_pre-chunked.ipynb
Submitted batch job 30211002
[I 2024-04-29 15:53:09.588 ServerApp] Saving file at /10_Deploy_SLURM_EXPANSE_chr7_a2_pre-chunked.ipynb
Submitted batch job 30211014
[I 2024-04-29 15:57:11.193 ServerApp] Saving file at /10_Deploy_SLURM_EXPANSE_chr7_a2_pre-chunked.ipynb
Submitted batch job 30211029
[I 2024-04-29 15:59:12.411 ServerApp] Saving file at /10_Deploy_SLURM_EXPANSE_chr7_a2_pre-chunked.ipynb
Submitted batch job 30211045
[I 2024-04-29 16:03:14.265 ServerApp] Saving file at /10_Deploy_SLURM_EXPANSE_chr7_a2_pre-chunked.ipynb
Submitted batch job 30211069
[I 2024-04-29 16:05:16.073 ServerApp] Saving file at /10_Deploy_SLURM_EXPANSE_chr7_a2_pre-chunked.ipynb
Submitted batch job 30211077
[I 2024-04-29 16:09:17.475 ServerApp] Saving file at /10_Deploy_SLURM_EXPANSE_chr7_a2_pre-chunked.ipynb
Submitted batch job 30211085
[I 2024-04-29 16:11:18.866 ServerApp] Saving file at /10_Deploy_SLURM_EXPANSE_chr7_a2_pre-chunked.ipynb
Submitted batch job 30211116
[I 2024-04-29 16:15:20.532 ServerApp] Saving file at /10_Deploy_SLURM_EXPANSE_chr7_a2_pre-chunked.ipynb
Submitted batch job 30211132
[I 2024-04-29 16:17:22.090 ServerApp] Saving file at /10_Deploy_SLURM_EXPANSE_chr7_a2_pre-chunked.ipynb
Submitted batch job 30211156
[I 2024-04-29 16:21:24.243 ServerApp] Saving file at /10_Deploy_SLURM_EXPANSE_chr7_a2_pre-chunked.ipynb
Submitted batch job 30211159
[I 2024-04-29 16:23:25.480 ServerApp] Saving file at /10_Deploy_SLURM_EXPANSE_chr7_a2_pre-chunked.ipynb
Submitted batch job 30211174
[I 2024-04-29 16:27:26.784 ServerApp] Saving file at /10_Deploy_SLURM_EXPANSE_chr7_a2_pre-chunked.ipynb
Submitted batch job 30211426
[I 2024-04-29 16:29:28.277 ServerApp] Saving file at /10_Deploy_SLURM_EXPANSE_chr7_a2_pre-chunked.ipynb
Submitted batch job 30211440
[I 2024-04-29 16:31:39.161 ServerApp] Saving file at /10_Deploy_SLURM_EXPANSE_chr7_a2_pre-chunked.ipynb
Submitted batch job 30211490
[I 2024-04-29 16:36:40.550 ServerApp] Saving file at /10_Deploy_SLURM_EXPANSE_chr7_a2_pre-chunked.ipynb
Submitted batch job 30211497
[I 2024-04-29 16:38:42.693 ServerApp] Saving file at /10_Deploy_SLURM_EXPANSE_chr7_a2_pre-chunked.ipynb
Submitted batch job 30211529
[I 2024-04-29 16:40:45.038 ServerApp] Saving file at /10_Deploy_SLURM_EXPANSE_chr7_a2_pre-chunked.ipynb
Submitted batch job 30211542
[I 2024-04-29 16:44:47.073 ServerApp] Saving file at /10_Deploy_SLURM_EXPANSE_chr7_a2_pre-chunked.ipynb
Submitted batch job 30211554
[I 2024-04-29 16:46:48.640 ServerApp] Saving file at /10_Deploy_SLURM_EXPANSE_chr7_a2_pre-chunked.ipynb
Submitted batch job 30211564
[I 2024-04-29 16:50:50.167 ServerApp] Saving file at /10_Deploy_SLURM_EXPANSE_chr7_a2_pre-chunked.ipynb
Submitted batch job 30211584
[I 2024-04-29 16:52:51.911 ServerApp] Saving file at /10_Deploy_SLURM_EXPANSE_chr7_a2_pre-chunked.ipynb
Submitted batch job 30211596
[I 2024-04-29 16:56:54.441 ServerApp] Saving file at /10_Deploy_SLURM_EXPANSE_chr7_a2_pre-chunked.ipynb
Submitted batch job 30211608
[I 2024-04-29 16:58:55.787 ServerApp] Saving file at /10_Deploy_SLURM_EXPANSE_chr7_a2_pre-chunked.ipynb
Submitted batch job 30211613
[I 2024-04-29 17:02:57.433 ServerApp] Saving file at /10_Deploy_SLURM_EXPANSE_chr7_a2_pre-chunked.ipynb
Submitted batch job 30211663
[I 2024-04-29 17:04:59.308 ServerApp] Saving file at /10_Deploy_SLURM_EXPANSE_chr7_a2_pre-chunked.ipynb
Submitted batch job 30211677
[I 2024-04-29 17:09:01.488 ServerApp] Saving file at /10_Deploy_SLURM_EXPANSE_chr7_a2_pre-chunked.ipynb
Submitted batch job 30211685
[I 2024-04-29 17:11:03.570 ServerApp] Saving file at /10_Deploy_SLURM_EXPANSE_chr7_a2_pre-chunked.ipynb
Submitted batch job 30211694
[I 2024-04-29 17:15:06.209 ServerApp] Saving file at /10_Deploy_SLURM_EXPANSE_chr7_a2_pre-chunked.ipynb
Submitted batch job 30211698
[I 2024-04-29 17:17:07.781 ServerApp] Saving file at /10_Deploy_SLURM_EXPANSE_chr7_a2_pre-chunked.ipynb
Submitted batch job 30211712
[I 2024-04-29 17:21:09.275 ServerApp] Saving file at /10_Deploy_SLURM_EXPANSE_chr7_a2_pre-chunked.ipynb
Submitted batch job 30211840
[I 2024-04-29 17:23:11.085 ServerApp] Saving file at /10_Deploy_SLURM_EXPANSE_chr7_a2_pre-chunked.ipynb
Submitted batch job 30211852
[I 2024-04-29 17:27:15.321 ServerApp] Saving file at /10_Deploy_SLURM_EXPANSE_chr7_a2_pre-chunked.ipynb
Submitted batch job 30211864
[I 2024-04-29 17:29:17.602 ServerApp] Saving file at /10_Deploy_SLURM_EXPANSE_chr7_a2_pre-chunked.ipynb
Submitted batch job 30211867
[I 2024-04-29 17:33:19.520 ServerApp] Saving file at /10_Deploy_SLURM_EXPANSE_chr7_a2_pre-chunked.ipynb
Submitted batch job 30211878
[I 2024-04-29 17:35:21.590 ServerApp] Saving file at /10_Deploy_SLURM_EXPANSE_chr7_a2_pre-chunked.ipynb
Submitted batch job 30211882
[I 2024-04-29 17:39:23.466 ServerApp] Saving file at /10_Deploy_SLURM_EXPANSE_chr7_a2_pre-chunked.ipynb
Submitted batch job 30211892
[I 2024-04-29 17:41:26.277 ServerApp] Saving file at /10_Deploy_SLURM_EXPANSE_chr7_a2_pre-chunked.ipynb
Submitted batch job 30211906
[I 2024-04-29 17:45:27.946 ServerApp] Saving file at /10_Deploy_SLURM_EXPANSE_chr7_a2_pre-chunked.ipynb
Submitted batch job 30211921
[I 2024-04-29 17:47:29.317 ServerApp] Saving file at /10_Deploy_SLURM_EXPANSE_chr7_a2_pre-chunked.ipynb
Submitted batch job 30211940
[I 2024-04-29 17:51:30.647 ServerApp] Saving file at /10_Deploy_SLURM_EXPANSE_chr7_a2_pre-chunked.ipynb
Submitted batch job 30211942
[I 2024-04-29 17:53:32.108 ServerApp] Saving file at /10_Deploy_SLURM_EXPANSE_chr7_a2_pre-chunked.ipynb
Submitted batch job 30211947
[I 2024-04-29 17:57:34.449 ServerApp] Saving file at /10_Deploy_SLURM_EXPANSE_chr7_a2_pre-chunked.ipynb
Submitted batch job 30211951
[I 2024-04-29 17:59:35.569 ServerApp] Saving file at /10_Deploy_SLURM_EXPANSE_chr7_a2_pre-chunked.ipynb
Submitted batch job 30211962
[I 2024-04-29 18:03:36.762 ServerApp] Saving file at /10_Deploy_SLURM_EXPANSE_chr7_a2_pre-chunked.ipynb
Submitted batch job 30211982
[I 2024-04-29 18:05:38.137 ServerApp] Saving file at /10_Deploy_SLURM_EXPANSE_chr7_a2_pre-chunked.ipynb
Submitted batch job 30211989
[I 2024-04-29 18:09:39.295 ServerApp] Saving file at /10_Deploy_SLURM_EXPANSE_chr7_a2_pre-chunked.ipynb
Submitted batch job 30212018
[I 2024-04-29 18:11:40.656 ServerApp] Saving file at /10_Deploy_SLURM_EXPANSE_chr7_a2_pre-chunked.ipynb
Submitted batch job 30212020
[I 2024-04-29 18:15:45.875 ServerApp] Saving file at /10_Deploy_SLURM_EXPANSE_chr7_a2_pre-chunked.ipynb
Submitted batch job 30212033
[I 2024-04-29 18:17:47.099 ServerApp] Saving file at /10_Deploy_SLURM_EXPANSE_chr7_a2_pre-chunked.ipynb
Submitted batch job 30212051
[I 2024-04-29 18:21:48.335 ServerApp] Saving file at /10_Deploy_SLURM_EXPANSE_chr7_a2_pre-chunked.ipynb
Submitted batch job 30212059
[I 2024-04-29 18:23:49.680 ServerApp] Saving file at /10_Deploy_SLURM_EXPANSE_chr7_a2_pre-chunked.ipynb
Submitted batch job 30212326
[I 2024-04-29 18:27:55.349 ServerApp] Saving file at /10_Deploy_SLURM_EXPANSE_chr7_a2_pre-chunked.ipynb
Submitted batch job 30212576
[I 2024-04-29 18:29:58.916 ServerApp] Saving file at /10_Deploy_SLURM_EXPANSE_chr7_a2_pre-chunked.ipynb
Submitted batch job 30212588
[I 2024-04-29 18:34:00.157 ServerApp] Saving file at /10_Deploy_SLURM_EXPANSE_chr7_a2_pre-chunked.ipynb
Submitted batch job 30212601
[I 2024-04-29 18:36:01.577 ServerApp] Saving file at /10_Deploy_SLURM_EXPANSE_chr7_a2_pre-chunked.ipynb
Submitted batch job 30212615
[I 2024-04-29 18:40:03.205 ServerApp] Saving file at /10_Deploy_SLURM_EXPANSE_chr7_a2_pre-chunked.ipynb
Submitted batch job 30212631
[I 2024-04-29 18:42:04.429 ServerApp] Saving file at /10_Deploy_SLURM_EXPANSE_chr7_a2_pre-chunked.ipynb
Submitted batch job 30212645
[I 2024-04-29 18:46:06.151 ServerApp] Saving file at /10_Deploy_SLURM_EXPANSE_chr7_a2_pre-chunked.ipynb
Submitted batch job 30212658
[I 2024-04-29 18:48:07.417 ServerApp] Saving file at /10_Deploy_SLURM_EXPANSE_chr7_a2_pre-chunked.ipynb
Submitted batch job 30212668
[I 2024-04-29 18:52:08.730 ServerApp] Saving file at /10_Deploy_SLURM_EXPANSE_chr7_a2_pre-chunked.ipynb
Submitted batch job 30212685
[I 2024-04-29 18:54:09.881 ServerApp] Saving file at /10_Deploy_SLURM_EXPANSE_chr7_a2_pre-chunked.ipynb
Submitted batch job 30212703
[I 2024-04-29 18:58:37.379 ServerApp] Saving file at /10_Deploy_SLURM_EXPANSE_chr7_a2_pre-chunked.ipynb
Submitted batch job 30212708
[I 2024-04-29 19:00:38.584 ServerApp] Saving file at /10_Deploy_SLURM_EXPANSE_chr7_a2_pre-chunked.ipynb
Submitted batch job 30212737
[I 2024-04-29 19:02:40.012 ServerApp] Saving file at /10_Deploy_SLURM_EXPANSE_chr7_a2_pre-chunked.ipynb
Submitted batch job 30212760
[W 2024-04-29 19:08:00.076 TerminalsExtensionApp] WebSocket ping timeout after 119891 ms.
[W 2024-04-29 19:08:07.001 ServerApp] WebSocket ping timeout after 119915 ms.
[I 2024-04-29 19:08:12.005 ServerApp] Starting buffering for ab55fc6e-a5d7-48f9-8e0d-a91bbc661783:e176bb24-abbb-454b-acda-cb223907c9ac
Submitted batch job 30212788
Submitted batch job 30212817
Submitted batch job 30212837
Submitted batch job 30212857
Submitted batch job 30212875
Submitted batch job 30212899
Submitted batch job 30212919
Submitted batch job 30212965
Submitted batch job 30212982
Submitted batch job 30213006
Submitted batch job 30213024
Submitted batch job 30213033
Submitted batch job 30213053
Submitted batch job 30213069
Submitted batch job 30213103
Submitted batch job 30213126
Submitted batch job 30213143
Submitted batch job 30213155
Submitted batch job 30213170
Submitted batch job 30213185
Submitted batch job 30213410
Submitted batch job 30213419
Submitted batch job 30213454
Submitted batch job 30213505
Submitted batch job 30213566
Submitted batch job 30213634
Submitted batch job 30213747
Submitted batch job 30213784
Submitted batch job 30213823
Submitted batch job 30213880
Submitted batch job 30213889
Submitted batch job 30213898
Submitted batch job 30213907
Submitted batch job 30213933
Submitted batch job 30213964
Submitted batch job 30213971
Submitted batch job 30213979
Submitted batch job 30214008
Submitted batch job 30214016
Submitted batch job 30214030
Submitted batch job 30214039
Submitted batch job 30214058
Submitted batch job 30214069
Submitted batch job 30214085
Submitted batch job 30214109
Submitted batch job 30214115
Submitted batch job 30214133
Submitted batch job 30214150
Submitted batch job 30214173
Submitted batch job 30214195
Submitted batch job 30214216
Submitted batch job 30214235
Submitted batch job 30214240
Submitted batch job 30214259
Submitted batch job 30214273
Submitted batch job 30214290
Submitted batch job 30214298
Submitted batch job 30214331
Submitted batch job 30214356
Submitted batch job 30214366
Submitted batch job 30214382
Submitted batch job 30214620
Submitted batch job 30214634
Submitted batch job 30214648
Submitted batch job 30214668
Submitted batch job 30214684
Submitted batch job 30214696
Submitted batch job 30214712
Submitted batch job 30214717
Submitted batch job 30214733
Submitted batch job 30214745
Submitted batch job 30214757
Submitted batch job 30214777
Submitted batch job 30214802
Submitted batch job 30214838
Submitted batch job 30214871
Submitted batch job 30214906
Submitted batch job 30214925
Submitted batch job 30215023
Submitted batch job 30215099
Submitted batch job 30215156
Submitted batch job 30215174
Submitted batch job 30215189
Submitted batch job 30215211
Submitted batch job 30215226
Submitted batch job 30215240
Submitted batch job 30215523
Submitted batch job 30215529
Submitted batch job 30215541
Submitted batch job 30215551
Submitted batch job 30215563
Submitted batch job 30215593
Submitted batch job 30215600
Submitted batch job 30215613
Submitted batch job 30215621
Submitted batch job 30215638
Submitted batch job 30215647
Submitted batch job 30215916
Submitted batch job 30215933
Submitted batch job 30215939
Submitted batch job 30215958
Submitted batch job 30215983
Submitted batch job 30215988
Submitted batch job 30216003
Submitted batch job 30216014
Submitted batch job 30216024
Submitted batch job 30216032
Submitted batch job 30216042
Submitted batch job 30216057
Submitted batch job 30216064
Submitted batch job 30216075
Submitted batch job 30216085
Submitted batch job 30216114
Submitted batch job 30216123
Submitted batch job 30216131
Submitted batch job 30216145
Submitted batch job 30216156
Submitted batch job 30216171
Submitted batch job 30216184
Submitted batch job 30216212
Submitted batch job 30216219
Submitted batch job 30216234
Submitted batch job 30216248
Submitted batch job 30216260
Submitted batch job 30216273
Submitted batch job 30216283
Submitted batch job 30216297
Submitted batch job 30216319
Submitted batch job 30216337
Submitted batch job 30216355
Submitted batch job 30216374
Submitted batch job 30216392
Submitted batch job 30216409
Submitted batch job 30216424
Submitted batch job 30216441
Submitted batch job 30216517
Submitted batch job 30216535
Submitted batch job 30216553
Submitted batch job 30216563
Submitted batch job 30216574
Submitted batch job 30216584
Submitted batch job 30216596
Submitted batch job 30216618
Submitted batch job 30216634
Submitted batch job 30216656
Submitted batch job 30216668
Submitted batch job 30216676
Submitted batch job 30216698
Submitted batch job 30216728
Submitted batch job 30216750
Submitted batch job 30216759
Submitted batch job 30216781
Submitted batch job 30216802
Submitted batch job 30216808
Submitted batch job 30216844
Submitted batch job 30216855
Submitted batch job 30216875
Submitted batch job 30216894
Submitted batch job 30216912
Submitted batch job 30216939
Submitted batch job 30216955
Submitted batch job 30216976
Submitted batch job 30216986
Submitted batch job 30217000
Submitted batch job 30217013
Submitted batch job 30217147
Submitted batch job 30217211
Submitted batch job 30217238
Submitted batch job 30217255
Submitted batch job 30217278
Submitted batch job 30217306
Submitted batch job 30217325
Submitted batch job 30217363
Submitted batch job 30217378
Submitted batch job 30217411
Submitted batch job 30217425
Submitted batch job 30217441
Submitted batch job 30217466
Submitted batch job 30217472
Submitted batch job 30217481
Submitted batch job 30217485
Submitted batch job 30217491
Submitted batch job 30217498
Submitted batch job 30217500
Submitted batch job 30217525
Submitted batch job 30217528
Submitted batch job 30217535
Submitted batch job 30217544
Submitted batch job 30217547
Submitted batch job 30217553
Submitted batch job 30217555
Submitted batch job 30217561
Submitted batch job 30217568
Submitted batch job 30217575
Submitted batch job 30217582
Submitted batch job 30217585
Submitted batch job 30217595
Submitted batch job 30217604
Submitted batch job 30217606
Submitted batch job 30217614
Submitted batch job 30217620
Submitted batch job 30217632
Submitted batch job 30217643
Submitted batch job 30217649
Submitted batch job 30217663
Submitted batch job 30217673
Submitted batch job 30217685
Submitted batch job 30217692
Submitted batch job 30217700
Submitted batch job 30217707
Submitted batch job 30217718
Submitted batch job 30217722
Submitted batch job 30217732
Submitted batch job 30217739
Submitted batch job 30217748
Submitted batch job 30217760
Submitted batch job 30217774
Submitted batch job 30217792
Submitted batch job 30217801
Submitted batch job 30217837
Submitted batch job 30217856
Submitted batch job 30217867
Submitted batch job 30217884
Submitted batch job 30217896
Submitted batch job 30217918
Submitted batch job 30217972
Submitted batch job 30217977
Submitted batch job 30217991
Submitted batch job 30217999
Submitted batch job 30218015
Submitted batch job 30218031
Submitted batch job 30218034
Submitted batch job 30218073
Submitted batch job 30218079
Submitted batch job 30218094
Submitted batch job 30218117
Submitted batch job 30218128
Submitted batch job 30218147
Submitted batch job 30218157
Submitted batch job 30218175
Submitted batch job 30218203
Submitted batch job 30218216
Submitted batch job 30218226
Submitted batch job 30218238
Submitted batch job 30218251
Submitted batch job 30218263
Submitted batch job 30218271
Submitted batch job 30218281
Submitted batch job 30218290
Submitted batch job 30218300
Submitted batch job 30218306
Submitted batch job 30218309
Submitted batch job 30218317
Submitted batch job 30218324
Submitted batch job 30218336
Submitted batch job 30218350
Submitted batch job 30218357
Submitted batch job 30218363
Submitted batch job 30218409
Submitted batch job 30218419
Submitted batch job 30218429
Submitted batch job 30218440
Submitted batch job 30218493
Submitted batch job 30218503
Submitted batch job 30218526
Submitted batch job 30218554
Submitted batch job 30218585
Submitted batch job 30218595
Submitted batch job 30218635
Submitted batch job 30218648
Submitted batch job 30218671
Submitted batch job 30218685
Submitted batch job 30218818
Submitted batch job 30218833
Submitted batch job 30218982
Submitted batch job 30219021
Submitted batch job 30219137
Submitted batch job 30219161
Submitted batch job 30219177
Submitted batch job 30219198
Submitted batch job 30219215
Submitted batch job 30219230
Submitted batch job 30219250
Submitted batch job 30219266
Submitted batch job 30219283
Submitted batch job 30219301
Submitted batch job 30219317
Submitted batch job 30219333
Submitted batch job 30219443
Submitted batch job 30219473
Submitted batch job 30219490
Submitted batch job 30219544
Submitted batch job 30219564
Submitted batch job 30219605
Submitted batch job 30219627
Submitted batch job 30219651
Submitted batch job 30219671
Submitted batch job 30219698
Submitted batch job 30219711
Submitted batch job 30219738
Submitted batch job 30219753
Submitted batch job 30219766
Submitted batch job 30219783
Submitted batch job 30219791
Submitted batch job 30219823
Submitted batch job 30219844
Submitted batch job 30219871
Submitted batch job 30219890
Submitted batch job 30219914
Submitted batch job 30219945
Submitted batch job 30219959
Submitted batch job 30220230
Submitted batch job 30220271
Submitted batch job 30220277
Submitted batch job 30220318
Submitted batch job 30220329
Submitted batch job 30220345
Submitted batch job 30220366
Submitted batch job 30220383
Submitted batch job 30220399
Submitted batch job 30220407
Submitted batch job 30220424
Submitted batch job 30220521
Submitted batch job 30220541
Submitted batch job 30220828
Submitted batch job 30220846
Submitted batch job 30220862
Submitted batch job 30220871
Submitted batch job 30220913
Submitted batch job 30221009
Submitted batch job 30221068
Submitted batch job 30221079
Submitted batch job 30221087
Submitted batch job 30221117
Submitted batch job 30221162
Submitted batch job 30221177
Submitted batch job 30221189
Submitted batch job 30221199
Submitted batch job 30221216
Submitted batch job 30221230
Submitted batch job 30221247
Submitted batch job 30221262
Submitted batch job 30221276
Submitted batch job 30221295
Submitted batch job 30221310
Submitted batch job 30221320
Submitted batch job 30221329
Submitted batch job 30221359
Submitted batch job 30221368
Submitted batch job 30221393
Submitted batch job 30221409
Submitted batch job 30221417
Submitted batch job 30221468
Submitted batch job 30221479
Submitted batch job 30221501
Submitted batch job 30221512
Submitted batch job 30221537
Submitted batch job 30221748
Submitted batch job 30221903
Submitted batch job 30222001
Submitted batch job 30222017
Submitted batch job 30222037
Submitted batch job 30222056
Submitted batch job 30222079
Submitted batch job 30222221
Submitted batch job 30222232
Submitted batch job 30222377
Submitted batch job 30222396
Submitted batch job 30222409
Submitted batch job 30222429
Submitted batch job 30222446
Submitted batch job 30222457
Submitted batch job 30222472
Submitted batch job 30222559
Submitted batch job 30222578
Submitted batch job 30222592
Submitted batch job 30222598
Submitted batch job 30222629
Submitted batch job 30222644
Submitted batch job 30222658
Submitted batch job 30222677
Submitted batch job 30222687
Submitted batch job 30222903
Submitted batch job 30222918
Submitted batch job 30222938
Submitted batch job 30222958
Submitted batch job 30222966
Submitted batch job 30222995
Submitted batch job 30223006
Submitted batch job 30223057
Submitted batch job 30223075
Submitted batch job 30223113
Submitted batch job 30223134
Submitted batch job 30223152
Submitted batch job 30223168
Submitted batch job 30223180
Submitted batch job 30223197
Submitted batch job 30223211
Submitted batch job 30223243
Submitted batch job 30223263
Submitted batch job 30223375
Submitted batch job 30223388
Submitted batch job 30223429
Submitted batch job 30223461
Submitted batch job 30223477
Submitted batch job 30223502
Submitted batch job 30223542
Submitted batch job 30223573
Submitted batch job 30223588
Submitted batch job 30223605
Submitted batch job 30223691
Submitted batch job 30223697
Submitted batch job 30223717
Submitted batch job 30223722
Submitted batch job 30223737
Submitted batch job 30223751
Submitted batch job 30223765
Submitted batch job 30223890
Submitted batch job 30223894
Submitted batch job 30223903
Submitted batch job 30223950
Submitted batch job 30223957
Submitted batch job 30223971
Submitted batch job 30223982
Submitted batch job 30223995
Submitted batch job 30224005
Submitted batch job 30224028
Submitted batch job 30224043
Submitted batch job 30224079
Submitted batch job 30224178
Submitted batch job 30224283
Submitted batch job 30224302
Submitted batch job 30224318
Submitted batch job 30224602
Submitted batch job 30224625
Submitted batch job 30224644
Submitted batch job 30224661
Submitted batch job 30224679
Submitted batch job 30224712
Submitted batch job 30224735
Submitted batch job 30224754
Submitted batch job 30224764
Submitted batch job 30224775
Submitted batch job 30224785
Submitted batch job 30224801
Submitted batch job 30224812
Submitted batch job 30224819
Submitted batch job 30224835
Submitted batch job 30224841
Submitted batch job 30224887
Submitted batch job 30224897
Submitted batch job 30224903
Submitted batch job 30224912
Submitted batch job 30224922
Submitted batch job 30224932
Submitted batch job 30224943
Submitted batch job 30224951
Submitted batch job 30224962
Submitted batch job 30224970
Submitted batch job 30224983
Submitted batch job 30225022
Submitted batch job 30225038
Submitted batch job 30225061
Submitted batch job 30225073
Submitted batch job 30225085
Submitted batch job 30225116
Submitted batch job 30225133
Submitted batch job 30225179
Submitted batch job 30225195
Submitted batch job 30225206
Submitted batch job 30225218
Submitted batch job 30225299
Submitted batch job 30225318
Submitted batch job 30225330
Submitted batch job 30225348
Submitted batch job 30225374
Submitted batch job 30225415
Submitted batch job 30225458
Submitted batch job 30225519
Submitted batch job 30225625
Submitted batch job 30225682
Submitted batch job 30225694
Submitted batch job 30225707
Submitted batch job 30225731
Submitted batch job 30225750
Submitted batch job 30225760
Submitted batch job 30225807
Submitted batch job 30225825
Submitted batch job 30225837
Submitted batch job 30225861
Submitted batch job 30225880
Submitted batch job 30225913
Submitted batch job 30225948
Submitted batch job 30225963
Submitted batch job 30225988
Submitted batch job 30225992
Submitted batch job 30226001
Submitted batch job 30226003
Submitted batch job 30226008
Submitted batch job 30226257
Submitted batch job 30226261
Submitted batch job 30226276
Submitted batch job 30226286
Submitted batch job 30226297
Submitted batch job 30226310
Submitted batch job 30226321
Submitted batch job 30226364
Submitted batch job 30226365
Submitted batch job 30226376
Submitted batch job 30226388
Submitted batch job 30226412
Submitted batch job 30226426
Submitted batch job 30226438
Submitted batch job 30226460
Submitted batch job 30226477
Submitted batch job 30226484
Submitted batch job 30226510
Submitted batch job 30226518
Submitted batch job 30226534
Submitted batch job 30226800
Submitted batch job 30226804
Submitted batch job 30226823
Submitted batch job 30226833
Submitted batch job 30226848
Submitted batch job 30226867
Submitted batch job 30226875
Submitted batch job 30226889
Submitted batch job 30226895
Submitted batch job 30226905
Submitted batch job 30226923
Submitted batch job 30226927
Submitted batch job 30226946
Submitted batch job 30226974
Submitted batch job 30226989
Submitted batch job 30227004
Submitted batch job 30227006
Submitted batch job 30227022
Submitted batch job 30227030
Submitted batch job 30227045
Submitted batch job 30227312
Submitted batch job 30227326
Submitted batch job 30227344
Submitted batch job 30227356
Submitted batch job 30227379
Submitted batch job 30227400
Submitted batch job 30227407
Submitted batch job 30227421
Submitted batch job 30227435
Submitted batch job 30227457
Submitted batch job 30227476
Submitted batch job 30227480
Submitted batch job 30227497
Submitted batch job 30227502
Submitted batch job 30227519
Submitted batch job 30227555
Submitted batch job 30227560
Submitted batch job 30227579
Submitted batch job 30227588
Submitted batch job 30227603
Submitted batch job 30227626
Submitted batch job 30227631
Submitted batch job 30227645
Submitted batch job 30227918
Submitted batch job 30227939
Submitted batch job 30227956
Submitted batch job 30227968
Submitted batch job 30227985
Submitted batch job 30227990
Submitted batch job 30228005
Submitted batch job 30228018
Submitted batch job 30228024
Submitted batch job 30228038
Submitted batch job 30228045
Submitted batch job 30228316
Submitted batch job 30228330
Submitted batch job 30228338
Submitted batch job 30228353
Submitted batch job 30228408
Submitted batch job 30228504
Submitted batch job 30228523
Submitted batch job 30228527
Submitted batch job 30228561
Submitted batch job 30228601
Submitted batch job 30228657
Submitted batch job 30228687
Submitted batch job 30228691
Submitted batch job 30228702
Submitted batch job 30228707
Submitted batch job 30228723
Submitted batch job 30228739
Submitted batch job 30228743
Submitted batch job 30228766
Submitted batch job 30228785
Submitted batch job 30228805
Submitted batch job 30228829
Submitted batch job 30228839
Submitted batch job 30228854
Submitted batch job 30228862
Submitted batch job 30228876
Submitted batch job 30228998
Submitted batch job 30229067
Submitted batch job 30229185
Submitted batch job 30229202
Submitted batch job 30229212
Submitted batch job 30229233
Submitted batch job 30229338
Submitted batch job 30229358
Submitted batch job 30229480
Submitted batch job 30229498
Submitted batch job 30229769
Submitted batch job 30229774
Submitted batch job 30229791
Submitted batch job 30229806
Submitted batch job 30229814
Submitted batch job 30230083
Submitted batch job 30230121
Submitted batch job 30230142
Submitted batch job 30230160
Submitted batch job 30230182
Submitted batch job 30230213
Submitted batch job 30230238
Submitted batch job 30230271
Submitted batch job 30230295
Submitted batch job 30230319
Submitted batch job 30230342
Submitted batch job 30230355
Submitted batch job 30230381
Submitted batch job 30230398
Submitted batch job 30230419
Submitted batch job 30230438
Submitted batch job 30230447
Submitted batch job 30230464
Submitted batch job 30230481
Submitted batch job 30230504
Submitted batch job 30230551
Submitted batch job 30230564
Submitted batch job 30230594
Submitted batch job 30230609
Submitted batch job 30230635
Submitted batch job 30230652
Submitted batch job 30230672
Submitted batch job 30230717
Submitted batch job 30230734
Submitted batch job 30230752
Submitted batch job 30230767
Submitted batch job 30230779
Submitted batch job 30230794
Submitted batch job 30230810
Submitted batch job 30230827
Submitted batch job 30230840
Submitted batch job 30230852
Submitted batch job 30230869
Submitted batch job 30230883
Submitted batch job 30230895
Submitted batch job 30230912
Submitted batch job 30230924
Submitted batch job 30230962
Submitted batch job 30230976
Submitted batch job 30230987
Submitted batch job 30230999
Submitted batch job 30231010
Submitted batch job 30231027
Submitted batch job 30231039
Submitted batch job 30231049
Submitted batch job 30231060
Submitted batch job 30231079
Submitted batch job 30231097
Submitted batch job 30231115
Submitted batch job 30231127
Submitted batch job 30231138
Submitted batch job 30231145
Submitted batch job 30231151
Submitted batch job 30231163
Submitted batch job 30231170
Submitted batch job 30231183
Submitted batch job 30231187
Submitted batch job 30231197
Submitted batch job 30231208
Submitted batch job 30231216
Submitted batch job 30231228
Submitted batch job 30231234
Submitted batch job 30231243
Submitted batch job 30231253
Submitted batch job 30231256
Submitted batch job 30231266
slurmstepd: error: *** JOB 30202640 ON exp-2-51 CANCELLED AT 2024-05-01T05:42:28 DUE TO TIME LIMIT ***
[C 2024-05-01 05:42:28.180 ServerApp] received signal 15, stopping
[I 2024-05-01 05:42:28.235 ServerApp] Shutting down 5 extensions
[I 2024-05-01 05:42:28.235 ServerApp] Shutting down 1 kernel
[I 2024-05-01 05:42:28.236 ServerApp] Discarding 1370 buffered messages for ab55fc6e-a5d7-48f9-8e0d-a91bbc661783:e176bb24-abbb-454b-acda-cb223907c9ac
[I 2024-05-01 05:42:28.237 ServerApp] Kernel shutdown: ab55fc6e-a5d7-48f9-8e0d-a91bbc661783
slurmstepd: error: Detected 3 oom_kill events in StepId=30202640.batch. Some of the step tasks have been OOM Killed.
