Fail to get yarn configuration. /home/naglemi/miniconda3/envs/mwas/lib/python3.11/site-packages/jupyterlab/staging/yarn.js:4
(()=>{var Qge=Object.create;var AS=Object.defineProperty;var bge=Object.getOwnPropertyDescriptor;var Sge=Object.getOwnPropertyNames;var vge=Object.getPrototypeOf,xge=Object.prototype.hasOwnProperty;var J=(r=>typeof require<"u"?require:typeof Proxy<"u"?new Proxy(r,{get:(e,t)=>(typeof require<"u"?require:e)[t]}):r)(function(r){if(typeof require<"u")return require.apply(this,arguments);throw new Error('Dynamic require of "'+r+'" is not supported')});var Pge=(r,e)=>()=>(r&&(e=r(r=0)),e);var w=(r,e)=>()=>(e||r((e={exports:{}}).exports,e),e.exports),ut=(r,e)=>{for(var t in e)AS(r,t,{get:e[t],enumerable:!0})},Dge=(r,e,t,i)=>{if(e&&typeof e=="object"||typeof e=="function")for(let n of Sge(e))!xge.call(r,n)&&n!==t&&AS(r,n,{get:()=>e[n],enumerable:!(i=bge(e,n))||i.enumerable});return r};var Pe=(r,e,t)=>(t=r!=null?Qge(vge(r)):{},Dge(e||!r||!r.__esModule?AS(t,"default",{value:r,enumerable:!0}):t,r));var QK=w((GXe,BK)=>{BK.expor

SyntaxError: Unexpected token {
    at createScript (vm.js:56:10)
    at Object.runInThisContext (vm.js:97:10)
    at Module._compile (module.js:549:28)
    at Object.Module._extensions..js (module.js:586:10)
    at Module.load (module.js:494:32)
    at tryModuleLoad (module.js:453:12)
    at Function.Module._load (module.js:445:3)
    at Module.runMain (module.js:611:10)
    at run (bootstrap_node.js:387:7)
    at startup (bootstrap_node.js:153:9)

[I 2024-02-26 19:59:32.659 ServerApp] Package jupyterlab took 0.0000s to import
[I 2024-02-26 19:59:33.237 ServerApp] Package jupyter_lsp took 0.5780s to import
[W 2024-02-26 19:59:33.237 ServerApp] A `_jupyter_server_extension_points` function was not found in jupyter_lsp. Instead, a `_jupyter_server_extension_paths` function was found and will be used for now. This function name will be deprecated in future releases of Jupyter Server.
[I 2024-02-26 19:59:33.559 ServerApp] Package jupyter_server_terminals took 0.3214s to import
[I 2024-02-26 19:59:33.559 ServerApp] Package notebook took 0.0000s to import
[I 2024-02-26 19:59:33.578 ServerApp] Package notebook_shim took 0.0000s to import
[W 2024-02-26 19:59:33.578 ServerApp] A `_jupyter_server_extension_points` function was not found in notebook_shim. Instead, a `_jupyter_server_extension_paths` function was found and will be used for now. This function name will be deprecated in future releases of Jupyter Server.
[I 2024-02-26 19:59:33.605 ServerApp] jupyter_lsp | extension was successfully linked.
[I 2024-02-26 19:59:33.610 ServerApp] jupyter_server_terminals | extension was successfully linked.
[I 2024-02-26 19:59:33.615 ServerApp] jupyterlab | extension was successfully linked.
[W 2024-02-26 19:59:33.632 JupyterNotebookApp] 'password' has moved from NotebookApp to ServerApp. This config will be passed to ServerApp. Be sure to update your config before our next release.
[W 2024-02-26 19:59:33.634 ServerApp] ServerApp.password config is deprecated in 2.0. Use PasswordIdentityProvider.hashed_password.
[I 2024-02-26 19:59:33.634 ServerApp] notebook | extension was successfully linked.
[I 2024-02-26 19:59:39.825 ServerApp] notebook_shim | extension was successfully linked.
[I 2024-02-26 19:59:40.191 ServerApp] notebook_shim | extension was successfully loaded.
[I 2024-02-26 19:59:40.193 ServerApp] jupyter_lsp | extension was successfully loaded.
[I 2024-02-26 19:59:40.194 ServerApp] jupyter_server_terminals | extension was successfully loaded.
[I 2024-02-26 19:59:40.272 LabApp] JupyterLab extension loaded from /home/naglemi/miniconda3/envs/mwas/lib/python3.11/site-packages/jupyterlab
[I 2024-02-26 19:59:40.273 LabApp] JupyterLab application directory is /home/naglemi/miniconda3/envs/mwas/share/jupyter/lab
[I 2024-02-26 19:59:40.273 LabApp] Extension Manager is 'pypi'.
[I 2024-02-26 19:59:40.275 ServerApp] jupyterlab | extension was successfully loaded.
[I 2024-02-26 19:59:40.278 ServerApp] notebook | extension was successfully loaded.
[I 2024-02-26 19:59:40.278 ServerApp] Serving notebooks from local directory: /expanse/lustre/projects/jhu152/naglemi/mwas/CpGWAS
[I 2024-02-26 19:59:40.278 ServerApp] Jupyter Server 2.10.0 is running at:
[I 2024-02-26 19:59:40.278 ServerApp] http://localhost:8888/lab
[I 2024-02-26 19:59:40.278 ServerApp]     http://127.0.0.1:8888/lab
[I 2024-02-26 19:59:40.278 ServerApp] Use Control-C to stop this server and shut down all kernels (twice to skip confirmation).
[?1049h[22;0;0t[1;24r(B[m[4l[?7h[?1h=[39;49m[39;49m[37m[40m[H[2J[37m[40m[J(B[m[39;49m[37m[40m[39;49m[37m[40m[J[39;49m(B[m[22d[93m[44mGetting file://localhost/home/naglemi/.local/share/jupyter/runtime/jpserver-319[K[39;49m(B[m

[24;1H[?1049l[23;0;0t[?1l>[I 2024-02-26 19:59:47.834 ServerApp] Skipped non-installed server(s): bash-language-server, dockerfile-language-server-nodejs, javascript-typescript-langserver, jedi-language-server, julia-language-server, pyright, python-language-server, python-lsp-server, r-languageserver, sql-language-server, texlab, typescript-language-server, unified-language-server, vscode-css-languageserver-bin, vscode-html-languageserver-bin, vscode-json-languageserver-bin, yaml-language-server
[I 2024-02-26 20:00:18.442 ServerApp] 302 GET / (@127.0.0.1) 0.36ms
[I 2024-02-26 20:00:18.571 LabApp] 302 GET /lab? (@127.0.0.1) 0.58ms
[W 2024-02-26 20:00:20.132 ServerApp] 404 GET /apple-touch-icon-precomposed.png (@127.0.0.1) 30.84ms referer=None
[W 2024-02-26 20:00:20.322 ServerApp] 404 GET /apple-touch-icon.png (@127.0.0.1) 0.70ms referer=None
[W 2024-02-26 20:00:26.790 ServerApp] 401 POST /login?next=%2Flab%3F (@127.0.0.1) 302.31ms referer=http://localhost:8892/login?next=%2Flab%3F
[W 2024-02-26 20:00:30.832 ServerApp] 401 POST /login?next=%2Flab%3F (@127.0.0.1) 61.53ms referer=http://localhost:8892/login?next=%2Flab%3F
[I 2024-02-26 20:00:37.588 ServerApp] User a487ea8cb27342b8b2ef278e57b7c8e5 logged in.
[I 2024-02-26 20:00:37.588 ServerApp] 302 POST /login?next=%2Flab%3F (a487ea8cb27342b8b2ef278e57b7c8e5@127.0.0.1) 61.42ms
0.04s - Debugger warning: It seems that frozen modules are being used, which may
0.00s - make the debugger miss breakpoints. Please pass -Xfrozen_modules=off
0.00s - to python to disable frozen modules.
0.00s - Note: Debugging will proceed. Set PYDEVD_DISABLE_FILE_VALIDATION=1 to disable this validation.
[W 2024-02-26 20:00:47.226 LabApp] Could not determine jupyterlab build status without nodejs
[I 2024-02-26 20:00:53.763 ServerApp] Kernel started: 4b9d33ce-6f98-4b40-a80d-da3381a90231
[I 2024-02-26 20:00:53.764 ServerApp] Kernel started: f8b5c8e0-b9ab-43a9-b403-9156a8e4acfb
[I 2024-02-26 20:00:53.771 ServerApp] Kernel started: dd7d2cb8-9fca-472e-998a-ebc6586e5450
[I 2024-02-26 20:00:56.910 ServerApp] Connecting to kernel dd7d2cb8-9fca-472e-998a-ebc6586e5450.
[I 2024-02-26 20:00:56.915 ServerApp] Connecting to kernel 4b9d33ce-6f98-4b40-a80d-da3381a90231.
[I 2024-02-26 20:00:56.919 ServerApp] Connecting to kernel f8b5c8e0-b9ab-43a9-b403-9156a8e4acfb.
[I 2024-02-26 20:01:04.384 ServerApp] Connecting to kernel dd7d2cb8-9fca-472e-998a-ebc6586e5450.
[I 2024-02-26 20:01:07.401 ServerApp] New terminal with automatic name: 1
[I 2024-02-26 20:04:52.736 ServerApp] Saving file at /scripts/CLI.R
[I 2024-02-26 20:04:57.782 ServerApp] Saving file at /scripts/CLI.R
[I 2024-02-26 20:06:14.349 ServerApp] Kernel restarted: dd7d2cb8-9fca-472e-998a-ebc6586e5450
[I 2024-02-26 20:06:14.466 ServerApp] Starting buffering for dd7d2cb8-9fca-472e-998a-ebc6586e5450:d74869cf-9fe5-4eb3-ae26-44cc258ecc17
[I 2024-02-26 20:06:14.685 ServerApp] Connecting to kernel dd7d2cb8-9fca-472e-998a-ebc6586e5450.
[I 2024-02-26 20:06:14.685 ServerApp] Restoring connection for dd7d2cb8-9fca-472e-998a-ebc6586e5450:d74869cf-9fe5-4eb3-ae26-44cc258ecc17
[I 2024-02-26 20:06:28.844 ServerApp] Kernel restarted: dd7d2cb8-9fca-472e-998a-ebc6586e5450
[I 2024-02-26 20:06:28.960 ServerApp] Starting buffering for dd7d2cb8-9fca-472e-998a-ebc6586e5450:d74869cf-9fe5-4eb3-ae26-44cc258ecc17
[I 2024-02-26 20:06:29.182 ServerApp] Connecting to kernel dd7d2cb8-9fca-472e-998a-ebc6586e5450.
[I 2024-02-26 20:06:29.182 ServerApp] Restoring connection for dd7d2cb8-9fca-472e-998a-ebc6586e5450:d74869cf-9fe5-4eb3-ae26-44cc258ecc17
Submitted batch job 28943869
Submitted batch job 28943870
[I 2024-02-26 20:06:52.823 ServerApp] Saving file at /scripts/07_Deploy_SLURM_a2.ipynb
slurmstepd: error: *** JOB 28943778 ON exp-1-21 CANCELLED AT 2024-02-26T21:59:41 DUE TO TIME LIMIT ***
[C 2024-02-26 21:59:41.889 ServerApp] received signal 15, stopping
[I 2024-02-26 21:59:41.907 ServerApp] Shutting down 5 extensions
[I 2024-02-26 21:59:41.907 ServerApp] Shutting down 3 kernels
[I 2024-02-26 21:59:41.908 ServerApp] Kernel shutdown: 4b9d33ce-6f98-4b40-a80d-da3381a90231
[I 2024-02-26 21:59:41.908 ServerApp] Kernel shutdown: dd7d2cb8-9fca-472e-998a-ebc6586e5450
[I 2024-02-26 21:59:41.908 ServerApp] Kernel shutdown: f8b5c8e0-b9ab-43a9-b403-9156a8e4acfb
