PLINK v2.00a4.6LM 64-bit Intel (29 Aug 2023)
Options in effect:
  --keep hippo_brnum
  --make-pgen
  --out hippo_gwas
  --pfile /dcs04/lieber/statsgen/shizhong/database/libd/genotype/postmortem/topmed/merge_H650_1M_2.5M_5M/EA_AA/all/plink/all_brnum_all

Hostname: compute-103.cm.cluster
Working directory: /dcs04/lieber/statsgen/shizhong/database/libd/genotype/postmortem/topmed/merge_H650_1M_2.5M_5M/EA_AA/all/pca_wgbs/hippo
Start time: Sat Mar  2 18:04:28 2024

Random number seed: 1709420668
128474 MiB RAM detected, ~112423 available; reserving 64237 MiB for main
workspace.
Using up to 2 compute threads.
2189 samples (0 females, 0 males, 2189 ambiguous; 2189 founders) loaded from
/dcs04/lieber/statsgen/shizhong/database/libd/genotype/postmortem/topmed/merge_H650_1M_2.5M_5M/EA_AA/all/plink/all_brnum_all.psam.
6857627 variants loaded from
/dcs04/lieber/statsgen/shizhong/database/libd/genotype/postmortem/topmed/merge_H650_1M_2.5M_5M/EA_AA/all/plink/all_brnum_all.pvar.
Note: No phenotype data present.
--keep: 179 samples remaining.
179 samples (0 females, 0 males, 179 ambiguous; 179 founders) remaining after
main filters.
Writing hippo_gwas.psam ... done.
Writing hippo_gwas.pvar ... done.
Writing hippo_gwas.pgen ... done.

End time: Sat Mar  2 18:07:45 2024
