PLINK v2.00a4.6LM 64-bit Intel (29 Aug 2023)
Options in effect:
  --extract snps.prune.in
  --out pca
  --pca 20
  --pfile hippo_gwas
  --remove related_samples.txt

Hostname: compute-103.cm.cluster
Working directory: /dcs04/lieber/statsgen/shizhong/database/libd/genotype/postmortem/topmed/merge_H650_1M_2.5M_5M/EA_AA/all/pca_wgbs/hippo
Start time: Sat Mar  2 19:51:56 2024

Random number seed: 1709427116
128474 MiB RAM detected, ~116426 available; reserving 64237 MiB for main
workspace.
Using up to 2 compute threads.
179 samples (0 females, 0 males, 179 ambiguous; 179 founders) loaded from
hippo_gwas.psam.
6857627 variants loaded from hippo_gwas.pvar.
Note: No phenotype data present.
--extract: 127932 variants remaining.
--remove: 178 samples remaining.
178 samples (0 females, 0 males, 178 ambiguous; 178 founders) remaining after
main filters.
Calculating allele frequencies... done.
127932 variants remaining after main filters.
Constructing GRM: done.
Correcting for missingness... done.
Extracting eigenvalues and eigenvectors... done.
--pca: Eigenvectors written to pca.eigenvec , and eigenvalues written to
pca.eigenval .

End time: Sat Mar  2 19:52:01 2024
